[0.117s] Invoking command in '/home/niuoruo/workspace/sentry/ws/desicion/build/sentry_bt_executor': AMENT_PREFIX_PATH=/home/niuoruo/workspace/sentry/ws/desicion/install/sentry_behavior_tree:/home/niuoruo/workspace/sentry/ws/desicion/install/sentry_srvs:/home/niuoruo/workspace/sentry/ws/desicion/install/sentry_interfaces:/home/niuoruo/workspace/sentry/ws/desicion/install/rmos_interfaces:${AMENT_PREFIX_PATH} CMAKE_PREFIX_PATH=/home/niuoruo/workspace/sentry/ws/desicion/install/sentry_behavior_tree:/home/niuoruo/workspace/sentry/ws/desicion/install/sentry_srvs:/home/niuoruo/workspace/sentry/ws/desicion/install/sentry_interfaces:/home/niuoruo/workspace/sentry/ws/desicion/install/rmos_interfaces:/opt/ros/foxy LD_LIBRARY_PATH=/home/niuoruo/workspace/sentry/ws/desicion/install/sentry_behavior_tree/lib:/home/niuoruo/workspace/sentry/ws/desicion/install/sentry_srvs/lib:/home/niuoruo/workspace/sentry/ws/desicion/install/sentry_interfaces/lib:/home/niuoruo/workspace/sentry/ws/desicion/install/rmos_interfaces/lib:/opt/ros/foxy/opt/yaml_cpp_vendor/lib:/opt/ros/foxy/opt/rviz_ogre_vendor/lib:/opt/ros/foxy/lib/x86_64-linux-gnu:/opt/ros/foxy/lib:/usr/local/cuda-11.4/lib64:/usr/local/cuda-11.4/extras/CUPTI/lib64:/home/niuoruo/bag/TensorRT/TensorRT-8.2.3.0.Linux.x86_64-gnu.cuda-11.4.cudnn8.2/TensorRT-8.2.3.0/lib PYTHONPATH=/home/niuoruo/workspace/sentry/ws/desicion/install/sentry_srvs/lib/python3.8/site-packages:/home/niuoruo/workspace/sentry/ws/desicion/install/sentry_interfaces/lib/python3.8/site-packages:/home/niuoruo/workspace/sentry/ws/desicion/install/rmos_interfaces/lib/python3.8/site-packages:${PYTHONPATH} /usr/bin/cmake /home/niuoruo/workspace/sentry/ws/desicion/src/sentry_bt_executor -DCMAKE_INSTALL_PREFIX=/home/niuoruo/workspace/sentry/ws/desicion/install/sentry_bt_executor
[0.162s] -- The C compiler identification is GNU 9.4.0
[0.206s] -- The CXX compiler identification is GNU 9.4.0
[0.210s] -- Check for working C compiler: /usr/bin/cc
[0.264s] -- Check for working C compiler: /usr/bin/cc -- works
[0.264s] -- Detecting C compiler ABI info
[0.321s] -- Detecting C compiler ABI info - done
[0.330s] -- Detecting C compile features
[0.330s] -- Detecting C compile features - done
[0.332s] -- Check for working CXX compiler: /usr/bin/c++
[0.393s] -- Check for working CXX compiler: /usr/bin/c++ -- works
[0.394s] -- Detecting CXX compiler ABI info
[0.457s] -- Detecting CXX compiler ABI info - done
[0.467s] -- Detecting CXX compile features
[0.467s] -- Detecting CXX compile features - done
[0.469s] -- Found ament_cmake_auto: 0.9.12 (/opt/ros/foxy/share/ament_cmake_auto/cmake)
[0.491s] -- Found PythonInterp: /usr/bin/python3 (found suitable version "3.8.10", minimum required is "3") 
[0.491s] -- Using PYTHON_EXECUTABLE: /usr/bin/python3
[0.660s] -- Found sentry_interfaces: 0.0.0 (/home/niuoruo/workspace/sentry/ws/desicion/install/sentry_interfaces/share/sentry_interfaces/cmake)
[0.685s] -- Using all available rosidl_typesupport_c: rosidl_typesupport_fastrtps_c;rosidl_typesupport_introspection_c
[0.691s] -- Found rosidl_adapter: 1.3.1 (/opt/ros/foxy/share/rosidl_adapter/cmake)
[0.761s] -- Found OpenSSL: /usr/lib/x86_64-linux-gnu/libcrypto.so (found version "1.1.1f")  
[0.787s] -- Found FastRTPS: /opt/ros/foxy/include  
[0.850s] -- Using all available rosidl_typesupport_cpp: rosidl_typesupport_fastrtps_cpp;rosidl_typesupport_introspection_cpp
[0.976s] -- Found rmos_interfaces: 0.0.0 (/home/niuoruo/workspace/sentry/ws/desicion/install/rmos_interfaces/share/rmos_interfaces/cmake)
[1.110s] -- Found rmw_implementation_cmake: 1.0.4 (/opt/ros/foxy/share/rmw_implementation_cmake/cmake)
[1.111s] -- Using RMW implementation 'rmw_fastrtps_cpp' as default
[1.112s] -- Looking for pthread.h
[1.169s] -- Looking for pthread.h - found
[1.169s] -- Performing Test CMAKE_HAVE_LIBC_PTHREAD
[1.231s] -- Performing Test CMAKE_HAVE_LIBC_PTHREAD - Failed
[1.231s] -- Looking for pthread_create in pthreads
[1.282s] -- Looking for pthread_create in pthreads - not found
[1.282s] -- Looking for pthread_create in pthread
[1.339s] -- Looking for pthread_create in pthread - found
[1.340s] -- Found Threads: TRUE  
[2.074s] -- Found eigen3_cmake_module: 0.1.1 (/opt/ros/foxy/share/eigen3_cmake_module/cmake)
[2.075s] -- Found Eigen3: TRUE (found version "3.3.7") 
[3.249s] -- Found ament_lint_auto: 0.9.8 (/opt/ros/foxy/share/ament_lint_auto/cmake)
[3.264s] -- Added test 'copyright' to check source files copyright and LICENSE
[3.265s] -- Added test 'cppcheck' to perform static code analysis on C / C++ code
[3.265s] -- Configured cppcheck include dirs: /home/niuoruo/workspace/sentry/ws/desicion/src/sentry_bt_executor/include
[3.265s] -- Configured cppcheck exclude dirs and/or files: 
[3.266s] -- Added test 'cpplint' to check C / C++ code against the Google style
[3.266s] -- Configured cpplint exclude dirs and/or files: 
[3.266s] -- Added test 'flake8' to check Python code syntax and style conventions
[3.267s] -- Added test 'lint_cmake' to check CMake code style
[3.267s] -- Added test 'pep257' to check Python code against some of the style conventions in PEP 257
[3.268s] -- Added test 'uncrustify' to check C / C++ code style
[3.268s] -- Configured uncrustify additional arguments: 
[3.268s] -- Added test 'xmllint' to check XML markup files
[3.272s] -- Configuring done
[3.317s] -- Generating done
[3.319s] -- Build files have been written to: /home/niuoruo/workspace/sentry/ws/desicion/build/sentry_bt_executor
[3.327s] Invoked command in '/home/niuoruo/workspace/sentry/ws/desicion/build/sentry_bt_executor' returned '0': AMENT_PREFIX_PATH=/home/niuoruo/workspace/sentry/ws/desicion/install/sentry_behavior_tree:/home/niuoruo/workspace/sentry/ws/desicion/install/sentry_srvs:/home/niuoruo/workspace/sentry/ws/desicion/install/sentry_interfaces:/home/niuoruo/workspace/sentry/ws/desicion/install/rmos_interfaces:${AMENT_PREFIX_PATH} CMAKE_PREFIX_PATH=/home/niuoruo/workspace/sentry/ws/desicion/install/sentry_behavior_tree:/home/niuoruo/workspace/sentry/ws/desicion/install/sentry_srvs:/home/niuoruo/workspace/sentry/ws/desicion/install/sentry_interfaces:/home/niuoruo/workspace/sentry/ws/desicion/install/rmos_interfaces:/opt/ros/foxy LD_LIBRARY_PATH=/home/niuoruo/workspace/sentry/ws/desicion/install/sentry_behavior_tree/lib:/home/niuoruo/workspace/sentry/ws/desicion/install/sentry_srvs/lib:/home/niuoruo/workspace/sentry/ws/desicion/install/sentry_interfaces/lib:/home/niuoruo/workspace/sentry/ws/desicion/install/rmos_interfaces/lib:/opt/ros/foxy/opt/yaml_cpp_vendor/lib:/opt/ros/foxy/opt/rviz_ogre_vendor/lib:/opt/ros/foxy/lib/x86_64-linux-gnu:/opt/ros/foxy/lib:/usr/local/cuda-11.4/lib64:/usr/local/cuda-11.4/extras/CUPTI/lib64:/home/niuoruo/bag/TensorRT/TensorRT-8.2.3.0.Linux.x86_64-gnu.cuda-11.4.cudnn8.2/TensorRT-8.2.3.0/lib PYTHONPATH=/home/niuoruo/workspace/sentry/ws/desicion/install/sentry_srvs/lib/python3.8/site-packages:/home/niuoruo/workspace/sentry/ws/desicion/install/sentry_interfaces/lib/python3.8/site-packages:/home/niuoruo/workspace/sentry/ws/desicion/install/rmos_interfaces/lib/python3.8/site-packages:${PYTHONPATH} /usr/bin/cmake /home/niuoruo/workspace/sentry/ws/desicion/src/sentry_bt_executor -DCMAKE_INSTALL_PREFIX=/home/niuoruo/workspace/sentry/ws/desicion/install/sentry_bt_executor
[3.331s] Invoking command in '/home/niuoruo/workspace/sentry/ws/desicion/build/sentry_bt_executor': AMENT_PREFIX_PATH=/home/niuoruo/workspace/sentry/ws/desicion/install/sentry_behavior_tree:/home/niuoruo/workspace/sentry/ws/desicion/install/sentry_srvs:/home/niuoruo/workspace/sentry/ws/desicion/install/sentry_interfaces:/home/niuoruo/workspace/sentry/ws/desicion/install/rmos_interfaces:${AMENT_PREFIX_PATH} CMAKE_PREFIX_PATH=/home/niuoruo/workspace/sentry/ws/desicion/install/sentry_behavior_tree:/home/niuoruo/workspace/sentry/ws/desicion/install/sentry_srvs:/home/niuoruo/workspace/sentry/ws/desicion/install/sentry_interfaces:/home/niuoruo/workspace/sentry/ws/desicion/install/rmos_interfaces:/opt/ros/foxy LD_LIBRARY_PATH=/home/niuoruo/workspace/sentry/ws/desicion/install/sentry_behavior_tree/lib:/home/niuoruo/workspace/sentry/ws/desicion/install/sentry_srvs/lib:/home/niuoruo/workspace/sentry/ws/desicion/install/sentry_interfaces/lib:/home/niuoruo/workspace/sentry/ws/desicion/install/rmos_interfaces/lib:/opt/ros/foxy/opt/yaml_cpp_vendor/lib:/opt/ros/foxy/opt/rviz_ogre_vendor/lib:/opt/ros/foxy/lib/x86_64-linux-gnu:/opt/ros/foxy/lib:/usr/local/cuda-11.4/lib64:/usr/local/cuda-11.4/extras/CUPTI/lib64:/home/niuoruo/bag/TensorRT/TensorRT-8.2.3.0.Linux.x86_64-gnu.cuda-11.4.cudnn8.2/TensorRT-8.2.3.0/lib PYTHONPATH=/home/niuoruo/workspace/sentry/ws/desicion/install/sentry_srvs/lib/python3.8/site-packages:/home/niuoruo/workspace/sentry/ws/desicion/install/sentry_interfaces/lib/python3.8/site-packages:/home/niuoruo/workspace/sentry/ws/desicion/install/rmos_interfaces/lib/python3.8/site-packages:${PYTHONPATH} /usr/bin/cmake --build /home/niuoruo/workspace/sentry/ws/desicion/build/sentry_bt_executor -- -j16 -l16
[3.382s] [35m[1mScanning dependencies of target sentry_bt_executor[0m
[3.382s] [35m[1mScanning dependencies of target information_processor[0m
[3.382s] [35m[1mScanning dependencies of target bt_executor[0m
[3.410s] [ 33%] [32mBuilding CXX object CMakeFiles/information_processor.dir/rclcpp_components/node_main_information_processor.cpp.o[0m
[3.410s] [ 33%] [32mBuilding CXX object CMakeFiles/bt_executor.dir/rclcpp_components/node_main_bt_executor.cpp.o[0m
[3.422s] [ 50%] [32mBuilding CXX object CMakeFiles/sentry_bt_executor.dir/src/bt_executor.cpp.o[0m
[4.963s] [ 66%] [32m[1mLinking CXX executable information_processor[0m
[4.965s] [01m[K/home/niuoruo/workspace/sentry/ws/desicion/src/sentry_bt_executor/src/bt_executor.cpp:[m[K In member function ‘[01m[Kvoid sentry_bt_executor::BtExecutor::refereeInformationCallback(sentry_interfaces::msg::RefereeInformation_<std::allocator<void> >::SharedPtr)[m[K’:
[4.965s] [01m[K/home/niuoruo/workspace/sentry/ws/desicion/src/sentry_bt_executor/src/bt_executor.cpp:213:105:[m[K [01;35m[Kwarning: [m[Kunused parameter ‘[01m[Kreferee_information[m[K’ [[01;35m[K-Wunused-parameter[m[K]
[4.965s]   213 | void BtExecutor::refereeInformationCallback([01;35m[Kconst sentry_interfaces::msg::RefereeInformation::SharedPtr referee_information[m[K)
[4.965s]       |                                             [01;35m[K~~~~~~~~~~~~~~~~~~~~~~~~~~~~~~~~~~~~~~~~~~~~~~~~~~~~~~~~~~~~^~~~~~~~~~~~~~~~~~~[m[K
[4.967s] [01m[K/home/niuoruo/workspace/sentry/ws/desicion/src/sentry_bt_executor/src/bt_executor.cpp:[m[K In member function ‘[01m[Kvoid sentry_bt_executor::BtExecutor::armorsCallback(rmos_interfaces::msg::Armors_<std::allocator<void> >::SharedPtr)[m[K’:
[4.967s] [01m[K/home/niuoruo/workspace/sentry/ws/desicion/src/sentry_bt_executor/src/bt_executor.cpp:219:79:[m[K [01;35m[Kwarning: [m[Kunused parameter ‘[01m[Karmors[m[K’ [[01;35m[K-Wunused-parameter[m[K]
[4.967s]   219 | void BtExecutor::armorsCallback([01;35m[Kconst rmos_interfaces::msg::Armors::SharedPtr armors[m[K)
[4.967s]       |                                 [01;35m[K~~~~~~~~~~~~~~~~~~~~~~~~~~~~~~~~~~~~~~~~~~~~~~^~~~~~[m[K
[5.002s] [ 83%] [32m[1mLinking CXX executable bt_executor[0m
[5.064s] [ 83%] Built target information_processor
[5.099s] [ 83%] Built target bt_executor
[10.316s] [100%] [32m[1mLinking CXX shared library libsentry_bt_executor.so[0m
[10.767s] [100%] Built target sentry_bt_executor
[10.775s] Invoked command in '/home/niuoruo/workspace/sentry/ws/desicion/build/sentry_bt_executor' returned '0': AMENT_PREFIX_PATH=/home/niuoruo/workspace/sentry/ws/desicion/install/sentry_behavior_tree:/home/niuoruo/workspace/sentry/ws/desicion/install/sentry_srvs:/home/niuoruo/workspace/sentry/ws/desicion/install/sentry_interfaces:/home/niuoruo/workspace/sentry/ws/desicion/install/rmos_interfaces:${AMENT_PREFIX_PATH} CMAKE_PREFIX_PATH=/home/niuoruo/workspace/sentry/ws/desicion/install/sentry_behavior_tree:/home/niuoruo/workspace/sentry/ws/desicion/install/sentry_srvs:/home/niuoruo/workspace/sentry/ws/desicion/install/sentry_interfaces:/home/niuoruo/workspace/sentry/ws/desicion/install/rmos_interfaces:/opt/ros/foxy LD_LIBRARY_PATH=/home/niuoruo/workspace/sentry/ws/desicion/install/sentry_behavior_tree/lib:/home/niuoruo/workspace/sentry/ws/desicion/install/sentry_srvs/lib:/home/niuoruo/workspace/sentry/ws/desicion/install/sentry_interfaces/lib:/home/niuoruo/workspace/sentry/ws/desicion/install/rmos_interfaces/lib:/opt/ros/foxy/opt/yaml_cpp_vendor/lib:/opt/ros/foxy/opt/rviz_ogre_vendor/lib:/opt/ros/foxy/lib/x86_64-linux-gnu:/opt/ros/foxy/lib:/usr/local/cuda-11.4/lib64:/usr/local/cuda-11.4/extras/CUPTI/lib64:/home/niuoruo/bag/TensorRT/TensorRT-8.2.3.0.Linux.x86_64-gnu.cuda-11.4.cudnn8.2/TensorRT-8.2.3.0/lib PYTHONPATH=/home/niuoruo/workspace/sentry/ws/desicion/install/sentry_srvs/lib/python3.8/site-packages:/home/niuoruo/workspace/sentry/ws/desicion/install/sentry_interfaces/lib/python3.8/site-packages:/home/niuoruo/workspace/sentry/ws/desicion/install/rmos_interfaces/lib/python3.8/site-packages:${PYTHONPATH} /usr/bin/cmake --build /home/niuoruo/workspace/sentry/ws/desicion/build/sentry_bt_executor -- -j16 -l16
[10.820s] Invoking command in '/home/niuoruo/workspace/sentry/ws/desicion/build/sentry_bt_executor': AMENT_PREFIX_PATH=/home/niuoruo/workspace/sentry/ws/desicion/install/sentry_behavior_tree:/home/niuoruo/workspace/sentry/ws/desicion/install/sentry_srvs:/home/niuoruo/workspace/sentry/ws/desicion/install/sentry_interfaces:/home/niuoruo/workspace/sentry/ws/desicion/install/rmos_interfaces:${AMENT_PREFIX_PATH} CMAKE_PREFIX_PATH=/home/niuoruo/workspace/sentry/ws/desicion/install/sentry_behavior_tree:/home/niuoruo/workspace/sentry/ws/desicion/install/sentry_srvs:/home/niuoruo/workspace/sentry/ws/desicion/install/sentry_interfaces:/home/niuoruo/workspace/sentry/ws/desicion/install/rmos_interfaces:/opt/ros/foxy LD_LIBRARY_PATH=/home/niuoruo/workspace/sentry/ws/desicion/install/sentry_behavior_tree/lib:/home/niuoruo/workspace/sentry/ws/desicion/install/sentry_srvs/lib:/home/niuoruo/workspace/sentry/ws/desicion/install/sentry_interfaces/lib:/home/niuoruo/workspace/sentry/ws/desicion/install/rmos_interfaces/lib:/opt/ros/foxy/opt/yaml_cpp_vendor/lib:/opt/ros/foxy/opt/rviz_ogre_vendor/lib:/opt/ros/foxy/lib/x86_64-linux-gnu:/opt/ros/foxy/lib:/usr/local/cuda-11.4/lib64:/usr/local/cuda-11.4/extras/CUPTI/lib64:/home/niuoruo/bag/TensorRT/TensorRT-8.2.3.0.Linux.x86_64-gnu.cuda-11.4.cudnn8.2/TensorRT-8.2.3.0/lib PYTHONPATH=/home/niuoruo/workspace/sentry/ws/desicion/install/sentry_srvs/lib/python3.8/site-packages:/home/niuoruo/workspace/sentry/ws/desicion/install/sentry_interfaces/lib/python3.8/site-packages:/home/niuoruo/workspace/sentry/ws/desicion/install/rmos_interfaces/lib/python3.8/site-packages:${PYTHONPATH} /usr/bin/cmake --install /home/niuoruo/workspace/sentry/ws/desicion/build/sentry_bt_executor
[10.831s] -- Install configuration: ""
[10.832s] -- Installing: /home/niuoruo/workspace/sentry/ws/desicion/install/sentry_bt_executor/lib/sentry_bt_executor/information_processor
[10.832s] -- Set runtime path of "/home/niuoruo/workspace/sentry/ws/desicion/install/sentry_bt_executor/lib/sentry_bt_executor/information_processor" to ""
[10.833s] -- Installing: /home/niuoruo/workspace/sentry/ws/desicion/install/sentry_bt_executor/lib/sentry_bt_executor/bt_executor
[10.833s] -- Set runtime path of "/home/niuoruo/workspace/sentry/ws/desicion/install/sentry_bt_executor/lib/sentry_bt_executor/bt_executor" to ""
[10.833s] -- Installing: /home/niuoruo/workspace/sentry/ws/desicion/install/sentry_bt_executor/include
[10.833s] -- Installing: /home/niuoruo/workspace/sentry/ws/desicion/install/sentry_bt_executor/include/sentry_bt_executor
[10.833s] -- Installing: /home/niuoruo/workspace/sentry/ws/desicion/install/sentry_bt_executor/include/sentry_bt_executor/bt_executor.hpp
[10.833s] -- Installing: /home/niuoruo/workspace/sentry/ws/desicion/install/sentry_bt_executor/share/sentry_bt_executor/environment/library_path.sh
[10.833s] -- Installing: /home/niuoruo/workspace/sentry/ws/desicion/install/sentry_bt_executor/share/sentry_bt_executor/environment/library_path.dsv
[10.833s] -- Installing: /home/niuoruo/workspace/sentry/ws/desicion/install/sentry_bt_executor/lib/libsentry_bt_executor.so
[10.838s] -- Set runtime path of "/home/niuoruo/workspace/sentry/ws/desicion/install/sentry_bt_executor/lib/libsentry_bt_executor.so" to ""
[10.838s] -- Installing: /home/niuoruo/workspace/sentry/ws/desicion/install/sentry_bt_executor/share/ament_index/resource_index/package_run_dependencies/sentry_bt_executor
[10.838s] -- Installing: /home/niuoruo/workspace/sentry/ws/desicion/install/sentry_bt_executor/share/ament_index/resource_index/parent_prefix_path/sentry_bt_executor
[10.838s] -- Installing: /home/niuoruo/workspace/sentry/ws/desicion/install/sentry_bt_executor/share/sentry_bt_executor/environment/ament_prefix_path.sh
[10.838s] -- Installing: /home/niuoruo/workspace/sentry/ws/desicion/install/sentry_bt_executor/share/sentry_bt_executor/environment/ament_prefix_path.dsv
[10.838s] -- Installing: /home/niuoruo/workspace/sentry/ws/desicion/install/sentry_bt_executor/share/sentry_bt_executor/environment/path.sh
[10.838s] -- Installing: /home/niuoruo/workspace/sentry/ws/desicion/install/sentry_bt_executor/share/sentry_bt_executor/environment/path.dsv
[10.838s] -- Installing: /home/niuoruo/workspace/sentry/ws/desicion/install/sentry_bt_executor/share/sentry_bt_executor/local_setup.bash
[10.838s] -- Installing: /home/niuoruo/workspace/sentry/ws/desicion/install/sentry_bt_executor/share/sentry_bt_executor/local_setup.sh
[10.838s] -- Installing: /home/niuoruo/workspace/sentry/ws/desicion/install/sentry_bt_executor/share/sentry_bt_executor/local_setup.zsh
[10.838s] -- Installing: /home/niuoruo/workspace/sentry/ws/desicion/install/sentry_bt_executor/share/sentry_bt_executor/local_setup.dsv
[10.839s] -- Installing: /home/niuoruo/workspace/sentry/ws/desicion/install/sentry_bt_executor/share/sentry_bt_executor/package.dsv
[10.839s] -- Installing: /home/niuoruo/workspace/sentry/ws/desicion/install/sentry_bt_executor/share/ament_index/resource_index/packages/sentry_bt_executor
[10.839s] -- Installing: /home/niuoruo/workspace/sentry/ws/desicion/install/sentry_bt_executor/share/ament_index/resource_index/rclcpp_components/sentry_bt_executor
[10.839s] -- Installing: /home/niuoruo/workspace/sentry/ws/desicion/install/sentry_bt_executor/share/sentry_bt_executor/cmake/ament_cmake_export_dependencies-extras.cmake
[10.839s] -- Installing: /home/niuoruo/workspace/sentry/ws/desicion/install/sentry_bt_executor/share/sentry_bt_executor/cmake/ament_cmake_export_include_directories-extras.cmake
[10.839s] -- Installing: /home/niuoruo/workspace/sentry/ws/desicion/install/sentry_bt_executor/share/sentry_bt_executor/cmake/ament_cmake_export_libraries-extras.cmake
[10.839s] -- Installing: /home/niuoruo/workspace/sentry/ws/desicion/install/sentry_bt_executor/share/sentry_bt_executor/cmake/sentry_bt_executorConfig.cmake
[10.839s] -- Installing: /home/niuoruo/workspace/sentry/ws/desicion/install/sentry_bt_executor/share/sentry_bt_executor/cmake/sentry_bt_executorConfig-version.cmake
[10.839s] -- Installing: /home/niuoruo/workspace/sentry/ws/desicion/install/sentry_bt_executor/share/sentry_bt_executor/package.xml
[10.839s] -- Installing: /home/niuoruo/workspace/sentry/ws/desicion/install/sentry_bt_executor/share/sentry_bt_executor/launch
[10.839s] -- Installing: /home/niuoruo/workspace/sentry/ws/desicion/install/sentry_bt_executor/share/sentry_bt_executor/launch/bt_executor.launch.py
[10.840s] -- Installing: /home/niuoruo/workspace/sentry/ws/desicion/install/sentry_bt_executor/share/sentry_bt_executor/behavior_trees
[10.840s] -- Installing: /home/niuoruo/workspace/sentry/ws/desicion/install/sentry_bt_executor/share/sentry_bt_executor/behavior_trees/README.md
[10.840s] -- Installing: /home/niuoruo/workspace/sentry/ws/desicion/install/sentry_bt_executor/share/sentry_bt_executor/behavior_trees/test_rmul.xml
[10.841s] Invoked command in '/home/niuoruo/workspace/sentry/ws/desicion/build/sentry_bt_executor' returned '0': AMENT_PREFIX_PATH=/home/niuoruo/workspace/sentry/ws/desicion/install/sentry_behavior_tree:/home/niuoruo/workspace/sentry/ws/desicion/install/sentry_srvs:/home/niuoruo/workspace/sentry/ws/desicion/install/sentry_interfaces:/home/niuoruo/workspace/sentry/ws/desicion/install/rmos_interfaces:${AMENT_PREFIX_PATH} CMAKE_PREFIX_PATH=/home/niuoruo/workspace/sentry/ws/desicion/install/sentry_behavior_tree:/home/niuoruo/workspace/sentry/ws/desicion/install/sentry_srvs:/home/niuoruo/workspace/sentry/ws/desicion/install/sentry_interfaces:/home/niuoruo/workspace/sentry/ws/desicion/install/rmos_interfaces:/opt/ros/foxy LD_LIBRARY_PATH=/home/niuoruo/workspace/sentry/ws/desicion/install/sentry_behavior_tree/lib:/home/niuoruo/workspace/sentry/ws/desicion/install/sentry_srvs/lib:/home/niuoruo/workspace/sentry/ws/desicion/install/sentry_interfaces/lib:/home/niuoruo/workspace/sentry/ws/desicion/install/rmos_interfaces/lib:/opt/ros/foxy/opt/yaml_cpp_vendor/lib:/opt/ros/foxy/opt/rviz_ogre_vendor/lib:/opt/ros/foxy/lib/x86_64-linux-gnu:/opt/ros/foxy/lib:/usr/local/cuda-11.4/lib64:/usr/local/cuda-11.4/extras/CUPTI/lib64:/home/niuoruo/bag/TensorRT/TensorRT-8.2.3.0.Linux.x86_64-gnu.cuda-11.4.cudnn8.2/TensorRT-8.2.3.0/lib PYTHONPATH=/home/niuoruo/workspace/sentry/ws/desicion/install/sentry_srvs/lib/python3.8/site-packages:/home/niuoruo/workspace/sentry/ws/desicion/install/sentry_interfaces/lib/python3.8/site-packages:/home/niuoruo/workspace/sentry/ws/desicion/install/rmos_interfaces/lib/python3.8/site-packages:${PYTHONPATH} /usr/bin/cmake --install /home/niuoruo/workspace/sentry/ws/desicion/build/sentry_bt_executor
