[0.460s] Invoking command in '/home/niuoruo/workspace/sentry/ws/sentry_desicion/build/sentry_behavior_tree': AMENT_PREFIX_PATH=/home/niuoruo/workspace/sentry/ws/sentry_desicion/install/sentry_srvs:/home/niuoruo/workspace/sentry/ws/sentry_desicion/install/sentry_interfaces:${AMENT_PREFIX_PATH} CMAKE_PREFIX_PATH=/home/niuoruo/workspace/sentry/ws/sentry_desicion/install/sentry_srvs:/home/niuoruo/workspace/sentry/ws/sentry_desicion/install/sentry_interfaces:/opt/ros/foxy LD_LIBRARY_PATH=/home/niuoruo/workspace/sentry/ws/sentry_desicion/install/sentry_srvs/lib:/home/niuoruo/workspace/sentry/ws/sentry_desicion/install/sentry_interfaces/lib:/opt/ros/foxy/opt/yaml_cpp_vendor/lib:/opt/ros/foxy/opt/rviz_ogre_vendor/lib:/opt/ros/foxy/lib/x86_64-linux-gnu:/opt/ros/foxy/lib:/usr/local/cuda-11.4/lib64:/usr/local/cuda-11.4/extras/CUPTI/lib64:/home/niuoruo/bag/TensorRT/TensorRT-8.2.3.0.Linux.x86_64-gnu.cuda-11.4.cudnn8.2/TensorRT-8.2.3.0/lib PYTHONPATH=/home/niuoruo/workspace/sentry/ws/sentry_desicion/install/sentry_srvs/lib/python3.8/site-packages:/home/niuoruo/workspace/sentry/ws/sentry_desicion/install/sentry_interfaces/lib/python3.8/site-packages:${PYTHONPATH} /usr/bin/cmake --build /home/niuoruo/workspace/sentry/ws/sentry_desicion/build/sentry_behavior_tree -- -j16 -l16
[0.504s] [35m[1mScanning dependencies of target set_target_bt_node[0m
[0.514s] [ 11%] Built target base_unfolds_condition_bt_node
[0.516s] [ 22%] Built target game_start_condition_bt_node
[0.516s] [ 33%] Built target low_hp_condition_bt_node
[0.517s] [ 44%] Built target air_force_condition_bt_node
[0.518s] [ 55%] Built target go_back_bt_node
[0.518s] [ 66%] Built target outpost_survives_condition_bt_node
[0.521s] [ 77%] Built target rmul_patrol_bt_node
[0.522s] [ 88%] Built target rmul_go_supply_bt_node
[0.535s] [ 94%] [32mBuilding CXX object CMakeFiles/set_target_bt_node.dir/plugins/service/set_target_service.cpp.o[0m
[1.611s] [01m[K/home/niuoruo/workspace/sentry/ws/sentry_desicion/src/sentry_behavior_tree/plugins/service/set_target_service.cpp:[m[K In member function ‘[01m[Kvirtual BT::NodeStatus sentry_behavior_tree::SetTargetService::check_future(std::shared_future<std::shared_ptr<sentry_srvs::srv::NavTarget_Response_<std::allocator<void> > > >)[m[K’:
[1.611s] [01m[K/home/niuoruo/workspace/sentry/ws/sentry_desicion/src/sentry_behavior_tree/plugins/service/set_target_service.cpp:26:43:[m[K [01;31m[Kerror: [m[Kexpected ‘[01m[K;[m[K’ before ‘[01m[Kelse[m[K’
[1.611s]    26 |             return BT::NodeStatus::SUCCESS
[1.611s]       |                                           [01;31m[K^[m[K
[1.611s]       |                                           [32m[K;[m[K
[1.611s]    27 |         [32m[Kelse[m[K if (rc == rclcpp::FutureReturnCode::TIMEOUT)
[1.612s]       |         [32m[K~~~~[m[K                               
[2.463s] make[2]: *** [CMakeFiles/set_target_bt_node.dir/build.make:63: CMakeFiles/set_target_bt_node.dir/plugins/service/set_target_service.cpp.o] Error 1
[2.463s] make[1]: *** [CMakeFiles/Makefile2:202: CMakeFiles/set_target_bt_node.dir/all] Error 2
[2.463s] make: *** [Makefile:141: all] Error 2
[2.470s] Invoked command in '/home/niuoruo/workspace/sentry/ws/sentry_desicion/build/sentry_behavior_tree' returned '2': AMENT_PREFIX_PATH=/home/niuoruo/workspace/sentry/ws/sentry_desicion/install/sentry_srvs:/home/niuoruo/workspace/sentry/ws/sentry_desicion/install/sentry_interfaces:${AMENT_PREFIX_PATH} CMAKE_PREFIX_PATH=/home/niuoruo/workspace/sentry/ws/sentry_desicion/install/sentry_srvs:/home/niuoruo/workspace/sentry/ws/sentry_desicion/install/sentry_interfaces:/opt/ros/foxy LD_LIBRARY_PATH=/home/niuoruo/workspace/sentry/ws/sentry_desicion/install/sentry_srvs/lib:/home/niuoruo/workspace/sentry/ws/sentry_desicion/install/sentry_interfaces/lib:/opt/ros/foxy/opt/yaml_cpp_vendor/lib:/opt/ros/foxy/opt/rviz_ogre_vendor/lib:/opt/ros/foxy/lib/x86_64-linux-gnu:/opt/ros/foxy/lib:/usr/local/cuda-11.4/lib64:/usr/local/cuda-11.4/extras/CUPTI/lib64:/home/niuoruo/bag/TensorRT/TensorRT-8.2.3.0.Linux.x86_64-gnu.cuda-11.4.cudnn8.2/TensorRT-8.2.3.0/lib PYTHONPATH=/home/niuoruo/workspace/sentry/ws/sentry_desicion/install/sentry_srvs/lib/python3.8/site-packages:/home/niuoruo/workspace/sentry/ws/sentry_desicion/install/sentry_interfaces/lib/python3.8/site-packages:${PYTHONPATH} /usr/bin/cmake --build /home/niuoruo/workspace/sentry/ws/sentry_desicion/build/sentry_behavior_tree -- -j16 -l16
