[0.321s] Invoking command in '/home/niuoruo/workspace/sentry/ws/sentry_desicion/build/sentry_srvs': CMAKE_PREFIX_PATH=${CMAKE_PREFIX_PATH}:/opt/ros/foxy /usr/bin/cmake --build /home/niuoruo/workspace/sentry/ws/sentry_desicion/build/sentry_srvs -- -j16 -l16
[0.365s] [ 10%] Built target sentry_srvs__rosidl_generator_c
[0.366s] [ 12%] Built target sentry_srvs__cpp
[0.393s] [ 34%] Built target sentry_srvs__rosidl_typesupport_c
[0.394s] [ 34%] Built target sentry_srvs__rosidl_typesupport_introspection_c
[0.394s] [ 44%] Built target sentry_srvs__rosidl_typesupport_cpp
[0.398s] [ 55%] Built target sentry_srvs__rosidl_typesupport_introspection_cpp
[0.401s] [ 65%] Built target sentry_srvs__rosidl_typesupport_fastrtps_cpp
[0.428s] [ 76%] Built target sentry_srvs__rosidl_typesupport_fastrtps_c
[0.441s] [ 76%] Built target sentry_srvs
[0.459s] [ 78%] Built target sentry_srvs__py
[0.482s] [ 87%] Built target sentry_srvs__python
[0.507s] [ 97%] Built target sentry_srvs__rosidl_typesupport_introspection_c__pyext
[0.507s] [ 97%] Built target sentry_srvs__rosidl_typesupport_fastrtps_c__pyext
[0.507s] [100%] Built target sentry_srvs__rosidl_typesupport_c__pyext
[0.552s] Invoked command in '/home/niuoruo/workspace/sentry/ws/sentry_desicion/build/sentry_srvs' returned '0': CMAKE_PREFIX_PATH=${CMAKE_PREFIX_PATH}:/opt/ros/foxy /usr/bin/cmake --build /home/niuoruo/workspace/sentry/ws/sentry_desicion/build/sentry_srvs -- -j16 -l16
[0.738s] Invoking command in '/home/niuoruo/workspace/sentry/ws/sentry_desicion/build/sentry_srvs': CMAKE_PREFIX_PATH=${CMAKE_PREFIX_PATH}:/opt/ros/foxy /usr/bin/cmake --install /home/niuoruo/workspace/sentry/ws/sentry_desicion/build/sentry_srvs
[0.748s] -- Install configuration: ""
[0.748s] -- Up-to-date: /home/niuoruo/workspace/sentry/ws/sentry_desicion/install/sentry_srvs/share/ament_index/resource_index/rosidl_interfaces/sentry_srvs
[0.748s] -- Up-to-date: /home/niuoruo/workspace/sentry/ws/sentry_desicion/install/sentry_srvs/include/sentry_srvs
[0.748s] -- Up-to-date: /home/niuoruo/workspace/sentry/ws/sentry_desicion/install/sentry_srvs/include/sentry_srvs/msg
[0.748s] -- Up-to-date: /home/niuoruo/workspace/sentry/ws/sentry_desicion/install/sentry_srvs/include/sentry_srvs/msg/rosidl_generator_c__visibility_control.h
[0.748s] -- Up-to-date: /home/niuoruo/workspace/sentry/ws/sentry_desicion/install/sentry_srvs/include/sentry_srvs/srv
[0.748s] -- Up-to-date: /home/niuoruo/workspace/sentry/ws/sentry_desicion/install/sentry_srvs/include/sentry_srvs/srv/nav_target.h
[0.749s] -- Up-to-date: /home/niuoruo/workspace/sentry/ws/sentry_desicion/install/sentry_srvs/include/sentry_srvs/srv/set_target.h
[0.749s] -- Up-to-date: /home/niuoruo/workspace/sentry/ws/sentry_desicion/install/sentry_srvs/include/sentry_srvs/srv/nav_goal.h
[0.749s] -- Up-to-date: /home/niuoruo/workspace/sentry/ws/sentry_desicion/install/sentry_srvs/include/sentry_srvs/srv/detail
[0.749s] -- Up-to-date: /home/niuoruo/workspace/sentry/ws/sentry_desicion/install/sentry_srvs/include/sentry_srvs/srv/detail/nav_target__type_support.h
[0.750s] -- Up-to-date: /home/niuoruo/workspace/sentry/ws/sentry_desicion/install/sentry_srvs/include/sentry_srvs/srv/detail/set_target__type_support.h
[0.750s] -- Up-to-date: /home/niuoruo/workspace/sentry/ws/sentry_desicion/install/sentry_srvs/include/sentry_srvs/srv/detail/nav_goal__type_support.h
[0.750s] -- Up-to-date: /home/niuoruo/workspace/sentry/ws/sentry_desicion/install/sentry_srvs/include/sentry_srvs/srv/detail/set_target__functions.c
[0.750s] -- Up-to-date: /home/niuoruo/workspace/sentry/ws/sentry_desicion/install/sentry_srvs/include/sentry_srvs/srv/detail/set_target__functions.h
[0.750s] -- Up-to-date: /home/niuoruo/workspace/sentry/ws/sentry_desicion/install/sentry_srvs/include/sentry_srvs/srv/detail/nav_target__functions.c
[0.750s] -- Up-to-date: /home/niuoruo/workspace/sentry/ws/sentry_desicion/install/sentry_srvs/include/sentry_srvs/srv/detail/nav_goal__functions.c
[0.750s] -- Up-to-date: /home/niuoruo/workspace/sentry/ws/sentry_desicion/install/sentry_srvs/include/sentry_srvs/srv/detail/nav_target__functions.h
[0.750s] -- Up-to-date: /home/niuoruo/workspace/sentry/ws/sentry_desicion/install/sentry_srvs/include/sentry_srvs/srv/detail/set_target__struct.h
[0.750s] -- Up-to-date: /home/niuoruo/workspace/sentry/ws/sentry_desicion/install/sentry_srvs/include/sentry_srvs/srv/detail/nav_goal__functions.h
[0.750s] -- Up-to-date: /home/niuoruo/workspace/sentry/ws/sentry_desicion/install/sentry_srvs/include/sentry_srvs/srv/detail/nav_goal__struct.h
[0.750s] -- Up-to-date: /home/niuoruo/workspace/sentry/ws/sentry_desicion/install/sentry_srvs/include/sentry_srvs/srv/detail/nav_target__struct.h
[0.750s] -- Up-to-date: /home/niuoruo/workspace/sentry/ws/sentry_desicion/install/sentry_srvs/share/sentry_srvs/environment/library_path.sh
[0.750s] -- Up-to-date: /home/niuoruo/workspace/sentry/ws/sentry_desicion/install/sentry_srvs/share/sentry_srvs/environment/library_path.dsv
[0.751s] -- Up-to-date: /home/niuoruo/workspace/sentry/ws/sentry_desicion/install/sentry_srvs/lib/libsentry_srvs__rosidl_generator_c.so
[0.751s] -- Up-to-date: /home/niuoruo/workspace/sentry/ws/sentry_desicion/install/sentry_srvs/include/sentry_srvs
[0.751s] -- Up-to-date: /home/niuoruo/workspace/sentry/ws/sentry_desicion/install/sentry_srvs/include/sentry_srvs/msg
[0.751s] -- Up-to-date: /home/niuoruo/workspace/sentry/ws/sentry_desicion/install/sentry_srvs/include/sentry_srvs/msg/rosidl_typesupport_fastrtps_c__visibility_control.h
[0.751s] -- Up-to-date: /home/niuoruo/workspace/sentry/ws/sentry_desicion/install/sentry_srvs/include/sentry_srvs/srv
[0.751s] -- Up-to-date: /home/niuoruo/workspace/sentry/ws/sentry_desicion/install/sentry_srvs/include/sentry_srvs/srv/detail
[0.753s] -- Up-to-date: /home/niuoruo/workspace/sentry/ws/sentry_desicion/install/sentry_srvs/include/sentry_srvs/srv/detail/nav_target__rosidl_typesupport_fastrtps_c.h
[0.753s] -- Up-to-date: /home/niuoruo/workspace/sentry/ws/sentry_desicion/install/sentry_srvs/include/sentry_srvs/srv/detail/set_target__rosidl_typesupport_fastrtps_c.h
[0.753s] -- Up-to-date: /home/niuoruo/workspace/sentry/ws/sentry_desicion/install/sentry_srvs/include/sentry_srvs/srv/detail/nav_goal__rosidl_typesupport_fastrtps_c.h
[0.753s] -- Up-to-date: /home/niuoruo/workspace/sentry/ws/sentry_desicion/install/sentry_srvs/lib/libsentry_srvs__rosidl_typesupport_fastrtps_c.so
[0.753s] -- Up-to-date: /home/niuoruo/workspace/sentry/ws/sentry_desicion/install/sentry_srvs/include/sentry_srvs
[0.753s] -- Up-to-date: /home/niuoruo/workspace/sentry/ws/sentry_desicion/install/sentry_srvs/include/sentry_srvs/msg
[0.753s] -- Up-to-date: /home/niuoruo/workspace/sentry/ws/sentry_desicion/install/sentry_srvs/include/sentry_srvs/msg/rosidl_typesupport_fastrtps_cpp__visibility_control.h
[0.753s] -- Up-to-date: /home/niuoruo/workspace/sentry/ws/sentry_desicion/install/sentry_srvs/include/sentry_srvs/srv
[0.753s] -- Up-to-date: /home/niuoruo/workspace/sentry/ws/sentry_desicion/install/sentry_srvs/include/sentry_srvs/srv/detail
[0.753s] -- Up-to-date: /home/niuoruo/workspace/sentry/ws/sentry_desicion/install/sentry_srvs/include/sentry_srvs/srv/detail/set_target__rosidl_typesupport_fastrtps_cpp.hpp
[0.753s] -- Up-to-date: /home/niuoruo/workspace/sentry/ws/sentry_desicion/install/sentry_srvs/include/sentry_srvs/srv/detail/dds_fastrtps
[0.753s] -- Up-to-date: /home/niuoruo/workspace/sentry/ws/sentry_desicion/install/sentry_srvs/include/sentry_srvs/srv/detail/nav_goal__rosidl_typesupport_fastrtps_cpp.hpp
[0.753s] -- Up-to-date: /home/niuoruo/workspace/sentry/ws/sentry_desicion/install/sentry_srvs/include/sentry_srvs/srv/detail/nav_target__rosidl_typesupport_fastrtps_cpp.hpp
[0.755s] -- Up-to-date: /home/niuoruo/workspace/sentry/ws/sentry_desicion/install/sentry_srvs/lib/libsentry_srvs__rosidl_typesupport_fastrtps_cpp.so
[0.755s] -- Up-to-date: /home/niuoruo/workspace/sentry/ws/sentry_desicion/install/sentry_srvs/include/sentry_srvs
[0.755s] -- Up-to-date: /home/niuoruo/workspace/sentry/ws/sentry_desicion/install/sentry_srvs/include/sentry_srvs/msg
[0.755s] -- Up-to-date: /home/niuoruo/workspace/sentry/ws/sentry_desicion/install/sentry_srvs/include/sentry_srvs/msg/rosidl_typesupport_introspection_c__visibility_control.h
[0.755s] -- Up-to-date: /home/niuoruo/workspace/sentry/ws/sentry_desicion/install/sentry_srvs/include/sentry_srvs/srv
[0.756s] -- Up-to-date: /home/niuoruo/workspace/sentry/ws/sentry_desicion/install/sentry_srvs/include/sentry_srvs/srv/detail
[0.756s] -- Up-to-date: /home/niuoruo/workspace/sentry/ws/sentry_desicion/install/sentry_srvs/include/sentry_srvs/srv/detail/nav_target__type_support.c
[0.756s] -- Up-to-date: /home/niuoruo/workspace/sentry/ws/sentry_desicion/install/sentry_srvs/include/sentry_srvs/srv/detail/nav_goal__rosidl_typesupport_introspection_c.h
[0.756s] -- Up-to-date: /home/niuoruo/workspace/sentry/ws/sentry_desicion/install/sentry_srvs/include/sentry_srvs/srv/detail/nav_goal__type_support.c
[0.761s] -- Up-to-date: /home/niuoruo/workspace/sentry/ws/sentry_desicion/install/sentry_srvs/include/sentry_srvs/srv/detail/nav_target__rosidl_typesupport_introspection_c.h
[0.762s] -- Up-to-date: /home/niuoruo/workspace/sentry/ws/sentry_desicion/install/sentry_srvs/include/sentry_srvs/srv/detail/set_target__type_support.c
[0.762s] -- Up-to-date: /home/niuoruo/workspace/sentry/ws/sentry_desicion/install/sentry_srvs/include/sentry_srvs/srv/detail/set_target__rosidl_typesupport_introspection_c.h
[0.762s] -- Up-to-date: /home/niuoruo/workspace/sentry/ws/sentry_desicion/install/sentry_srvs/lib/libsentry_srvs__rosidl_typesupport_introspection_c.so
[0.762s] -- Up-to-date: /home/niuoruo/workspace/sentry/ws/sentry_desicion/install/sentry_srvs/lib/libsentry_srvs__rosidl_typesupport_c.so
[0.762s] -- Up-to-date: /home/niuoruo/workspace/sentry/ws/sentry_desicion/install/sentry_srvs/include/sentry_srvs
[0.762s] -- Up-to-date: /home/niuoruo/workspace/sentry/ws/sentry_desicion/install/sentry_srvs/include/sentry_srvs/msg
[0.762s] -- Up-to-date: /home/niuoruo/workspace/sentry/ws/sentry_desicion/install/sentry_srvs/include/sentry_srvs/msg/rosidl_generator_cpp__visibility_control.hpp
[0.762s] -- Up-to-date: /home/niuoruo/workspace/sentry/ws/sentry_desicion/install/sentry_srvs/include/sentry_srvs/srv
[0.762s] -- Up-to-date: /home/niuoruo/workspace/sentry/ws/sentry_desicion/install/sentry_srvs/include/sentry_srvs/srv/nav_target.hpp
[0.762s] -- Up-to-date: /home/niuoruo/workspace/sentry/ws/sentry_desicion/install/sentry_srvs/include/sentry_srvs/srv/detail
[0.762s] -- Up-to-date: /home/niuoruo/workspace/sentry/ws/sentry_desicion/install/sentry_srvs/include/sentry_srvs/srv/detail/nav_goal__type_support.hpp
[0.762s] -- Up-to-date: /home/niuoruo/workspace/sentry/ws/sentry_desicion/install/sentry_srvs/include/sentry_srvs/srv/detail/nav_goal__builder.hpp
[0.762s] -- Up-to-date: /home/niuoruo/workspace/sentry/ws/sentry_desicion/install/sentry_srvs/include/sentry_srvs/srv/detail/set_target__type_support.hpp
[0.762s] -- Up-to-date: /home/niuoruo/workspace/sentry/ws/sentry_desicion/install/sentry_srvs/include/sentry_srvs/srv/detail/set_target__builder.hpp
[0.762s] -- Up-to-date: /home/niuoruo/workspace/sentry/ws/sentry_desicion/install/sentry_srvs/include/sentry_srvs/srv/detail/nav_target__traits.hpp
[0.762s] -- Up-to-date: /home/niuoruo/workspace/sentry/ws/sentry_desicion/install/sentry_srvs/include/sentry_srvs/srv/detail/set_target__struct.hpp
[0.762s] -- Up-to-date: /home/niuoruo/workspace/sentry/ws/sentry_desicion/install/sentry_srvs/include/sentry_srvs/srv/detail/nav_goal__traits.hpp
[0.762s] -- Up-to-date: /home/niuoruo/workspace/sentry/ws/sentry_desicion/install/sentry_srvs/include/sentry_srvs/srv/detail/set_target__traits.hpp
[0.762s] -- Up-to-date: /home/niuoruo/workspace/sentry/ws/sentry_desicion/install/sentry_srvs/include/sentry_srvs/srv/detail/nav_target__struct.hpp
[0.762s] -- Up-to-date: /home/niuoruo/workspace/sentry/ws/sentry_desicion/install/sentry_srvs/include/sentry_srvs/srv/detail/nav_target__type_support.hpp
[0.762s] -- Up-to-date: /home/niuoruo/workspace/sentry/ws/sentry_desicion/install/sentry_srvs/include/sentry_srvs/srv/detail/nav_target__builder.hpp
[0.763s] -- Up-to-date: /home/niuoruo/workspace/sentry/ws/sentry_desicion/install/sentry_srvs/include/sentry_srvs/srv/detail/nav_goal__struct.hpp
[0.763s] -- Up-to-date: /home/niuoruo/workspace/sentry/ws/sentry_desicion/install/sentry_srvs/include/sentry_srvs/srv/set_target.hpp
[0.763s] -- Up-to-date: /home/niuoruo/workspace/sentry/ws/sentry_desicion/install/sentry_srvs/include/sentry_srvs/srv/nav_goal.hpp
[0.763s] -- Up-to-date: /home/niuoruo/workspace/sentry/ws/sentry_desicion/install/sentry_srvs/include/sentry_srvs
[0.763s] -- Up-to-date: /home/niuoruo/workspace/sentry/ws/sentry_desicion/install/sentry_srvs/include/sentry_srvs/srv
[0.763s] -- Up-to-date: /home/niuoruo/workspace/sentry/ws/sentry_desicion/install/sentry_srvs/include/sentry_srvs/srv/detail
[0.763s] -- Up-to-date: /home/niuoruo/workspace/sentry/ws/sentry_desicion/install/sentry_srvs/include/sentry_srvs/srv/detail/set_target__type_support.cpp
[0.763s] -- Up-to-date: /home/niuoruo/workspace/sentry/ws/sentry_desicion/install/sentry_srvs/include/sentry_srvs/srv/detail/nav_target__type_support.cpp
[0.763s] -- Up-to-date: /home/niuoruo/workspace/sentry/ws/sentry_desicion/install/sentry_srvs/include/sentry_srvs/srv/detail/nav_target__rosidl_typesupport_introspection_cpp.hpp
[0.763s] -- Up-to-date: /home/niuoruo/workspace/sentry/ws/sentry_desicion/install/sentry_srvs/include/sentry_srvs/srv/detail/set_target__rosidl_typesupport_introspection_cpp.hpp
[0.763s] -- Up-to-date: /home/niuoruo/workspace/sentry/ws/sentry_desicion/install/sentry_srvs/include/sentry_srvs/srv/detail/nav_goal__rosidl_typesupport_introspection_cpp.hpp
[0.763s] -- Up-to-date: /home/niuoruo/workspace/sentry/ws/sentry_desicion/install/sentry_srvs/include/sentry_srvs/srv/detail/nav_goal__type_support.cpp
[0.763s] -- Up-to-date: /home/niuoruo/workspace/sentry/ws/sentry_desicion/install/sentry_srvs/lib/libsentry_srvs__rosidl_typesupport_introspection_cpp.so
[0.763s] -- Up-to-date: /home/niuoruo/workspace/sentry/ws/sentry_desicion/install/sentry_srvs/lib/libsentry_srvs__rosidl_typesupport_cpp.so
[0.763s] -- Up-to-date: /home/niuoruo/workspace/sentry/ws/sentry_desicion/install/sentry_srvs/share/sentry_srvs/environment/pythonpath.sh
[0.763s] -- Up-to-date: /home/niuoruo/workspace/sentry/ws/sentry_desicion/install/sentry_srvs/share/sentry_srvs/environment/pythonpath.dsv
[0.763s] -- Up-to-date: /home/niuoruo/workspace/sentry/ws/sentry_desicion/install/sentry_srvs/lib/python3.8/site-packages/sentry_srvs/__init__.py
[0.776s] -- Up-to-date: /home/niuoruo/workspace/sentry/ws/sentry_desicion/install/sentry_srvs/lib/python3.8/site-packages/sentry_srvs/srv
[0.776s] -- Up-to-date: /home/niuoruo/workspace/sentry/ws/sentry_desicion/install/sentry_srvs/lib/python3.8/site-packages/sentry_srvs/srv/__init__.py
[0.776s] -- Up-to-date: /home/niuoruo/workspace/sentry/ws/sentry_desicion/install/sentry_srvs/lib/python3.8/site-packages/sentry_srvs/srv/_nav_goal_s.c
[0.776s] -- Up-to-date: /home/niuoruo/workspace/sentry/ws/sentry_desicion/install/sentry_srvs/lib/python3.8/site-packages/sentry_srvs/srv/_set_target_s.c
[0.776s] -- Up-to-date: /home/niuoruo/workspace/sentry/ws/sentry_desicion/install/sentry_srvs/lib/python3.8/site-packages/sentry_srvs/srv/_nav_goal.py
[0.776s] -- Up-to-date: /home/niuoruo/workspace/sentry/ws/sentry_desicion/install/sentry_srvs/lib/python3.8/site-packages/sentry_srvs/srv/_nav_target_s.c
[0.776s] -- Up-to-date: /home/niuoruo/workspace/sentry/ws/sentry_desicion/install/sentry_srvs/lib/python3.8/site-packages/sentry_srvs/srv/_set_target.py
[0.776s] -- Up-to-date: /home/niuoruo/workspace/sentry/ws/sentry_desicion/install/sentry_srvs/lib/python3.8/site-packages/sentry_srvs/srv/_nav_target.py
[0.776s] -- Up-to-date: /home/niuoruo/workspace/sentry/ws/sentry_desicion/install/sentry_srvs/lib/python3.8/site-packages/sentry_srvs/sentry_srvs_s__rosidl_typesupport_fastrtps_c.cpython-38-x86_64-linux-gnu.so
[0.777s] -- Up-to-date: /home/niuoruo/workspace/sentry/ws/sentry_desicion/install/sentry_srvs/lib/python3.8/site-packages/sentry_srvs/sentry_srvs_s__rosidl_typesupport_introspection_c.cpython-38-x86_64-linux-gnu.so
[0.777s] -- Up-to-date: /home/niuoruo/workspace/sentry/ws/sentry_desicion/install/sentry_srvs/lib/python3.8/site-packages/sentry_srvs/sentry_srvs_s__rosidl_typesupport_c.cpython-38-x86_64-linux-gnu.so
[0.777s] -- Up-to-date: /home/niuoruo/workspace/sentry/ws/sentry_desicion/install/sentry_srvs/lib/libsentry_srvs__python.so
[0.778s] -- Up-to-date: /home/niuoruo/workspace/sentry/ws/sentry_desicion/install/sentry_srvs/share/sentry_srvs/srv/NavGoal.idl
[0.778s] -- Up-to-date: /home/niuoruo/workspace/sentry/ws/sentry_desicion/install/sentry_srvs/share/sentry_srvs/srv/NavTarget.idl
[0.778s] -- Up-to-date: /home/niuoruo/workspace/sentry/ws/sentry_desicion/install/sentry_srvs/share/sentry_srvs/srv/SetTarget.idl
[0.778s] -- Up-to-date: /home/niuoruo/workspace/sentry/ws/sentry_desicion/install/sentry_srvs/share/sentry_srvs/srv/NavGoal.srv
[0.778s] -- Up-to-date: /home/niuoruo/workspace/sentry/ws/sentry_desicion/install/sentry_srvs/share/sentry_srvs/srv/NavGoal_Request.msg
[0.778s] -- Up-to-date: /home/niuoruo/workspace/sentry/ws/sentry_desicion/install/sentry_srvs/share/sentry_srvs/srv/NavGoal_Response.msg
[0.778s] -- Up-to-date: /home/niuoruo/workspace/sentry/ws/sentry_desicion/install/sentry_srvs/share/sentry_srvs/srv/NavTarget.srv
[0.778s] -- Up-to-date: /home/niuoruo/workspace/sentry/ws/sentry_desicion/install/sentry_srvs/share/sentry_srvs/srv/NavTarget_Request.msg
[0.778s] -- Up-to-date: /home/niuoruo/workspace/sentry/ws/sentry_desicion/install/sentry_srvs/share/sentry_srvs/srv/NavTarget_Response.msg
[0.778s] -- Up-to-date: /home/niuoruo/workspace/sentry/ws/sentry_desicion/install/sentry_srvs/share/sentry_srvs/srv/SetTarget.srv
[0.778s] -- Up-to-date: /home/niuoruo/workspace/sentry/ws/sentry_desicion/install/sentry_srvs/share/sentry_srvs/srv/SetTarget_Request.msg
[0.778s] -- Up-to-date: /home/niuoruo/workspace/sentry/ws/sentry_desicion/install/sentry_srvs/share/sentry_srvs/srv/SetTarget_Response.msg
[0.779s] -- Up-to-date: /home/niuoruo/workspace/sentry/ws/sentry_desicion/install/sentry_srvs/share/ament_index/resource_index/package_run_dependencies/sentry_srvs
[0.779s] -- Up-to-date: /home/niuoruo/workspace/sentry/ws/sentry_desicion/install/sentry_srvs/share/ament_index/resource_index/parent_prefix_path/sentry_srvs
[0.779s] -- Up-to-date: /home/niuoruo/workspace/sentry/ws/sentry_desicion/install/sentry_srvs/share/sentry_srvs/environment/ament_prefix_path.sh
[0.779s] -- Up-to-date: /home/niuoruo/workspace/sentry/ws/sentry_desicion/install/sentry_srvs/share/sentry_srvs/environment/ament_prefix_path.dsv
[0.779s] -- Up-to-date: /home/niuoruo/workspace/sentry/ws/sentry_desicion/install/sentry_srvs/share/sentry_srvs/environment/path.sh
[0.779s] -- Up-to-date: /home/niuoruo/workspace/sentry/ws/sentry_desicion/install/sentry_srvs/share/sentry_srvs/environment/path.dsv
[0.779s] -- Up-to-date: /home/niuoruo/workspace/sentry/ws/sentry_desicion/install/sentry_srvs/share/sentry_srvs/local_setup.bash
[0.779s] -- Up-to-date: /home/niuoruo/workspace/sentry/ws/sentry_desicion/install/sentry_srvs/share/sentry_srvs/local_setup.sh
[0.781s] -- Up-to-date: /home/niuoruo/workspace/sentry/ws/sentry_desicion/install/sentry_srvs/share/sentry_srvs/local_setup.zsh
[0.781s] -- Up-to-date: /home/niuoruo/workspace/sentry/ws/sentry_desicion/install/sentry_srvs/share/sentry_srvs/local_setup.dsv
[0.784s] -- Installing: /home/niuoruo/workspace/sentry/ws/sentry_desicion/install/sentry_srvs/share/sentry_srvs/package.dsv
[0.784s] -- Up-to-date: /home/niuoruo/workspace/sentry/ws/sentry_desicion/install/sentry_srvs/share/ament_index/resource_index/packages/sentry_srvs
[0.784s] -- Up-to-date: /home/niuoruo/workspace/sentry/ws/sentry_desicion/install/sentry_srvs/share/sentry_srvs/cmake/sentry_srvs__rosidl_generator_cExport.cmake
[0.784s] -- Up-to-date: /home/niuoruo/workspace/sentry/ws/sentry_desicion/install/sentry_srvs/share/sentry_srvs/cmake/sentry_srvs__rosidl_generator_cExport-noconfig.cmake
[0.784s] -- Up-to-date: /home/niuoruo/workspace/sentry/ws/sentry_desicion/install/sentry_srvs/share/sentry_srvs/cmake/sentry_srvs__rosidl_typesupport_introspection_cExport.cmake
[0.785s] -- Up-to-date: /home/niuoruo/workspace/sentry/ws/sentry_desicion/install/sentry_srvs/share/sentry_srvs/cmake/sentry_srvs__rosidl_typesupport_introspection_cExport-noconfig.cmake
[0.785s] -- Up-to-date: /home/niuoruo/workspace/sentry/ws/sentry_desicion/install/sentry_srvs/share/sentry_srvs/cmake/sentry_srvs__rosidl_typesupport_cExport.cmake
[0.785s] -- Up-to-date: /home/niuoruo/workspace/sentry/ws/sentry_desicion/install/sentry_srvs/share/sentry_srvs/cmake/sentry_srvs__rosidl_typesupport_cExport-noconfig.cmake
[0.785s] -- Up-to-date: /home/niuoruo/workspace/sentry/ws/sentry_desicion/install/sentry_srvs/share/sentry_srvs/cmake/sentry_srvs__rosidl_generator_cppExport.cmake
[0.785s] -- Up-to-date: /home/niuoruo/workspace/sentry/ws/sentry_desicion/install/sentry_srvs/share/sentry_srvs/cmake/sentry_srvs__rosidl_typesupport_introspection_cppExport.cmake
[0.785s] -- Up-to-date: /home/niuoruo/workspace/sentry/ws/sentry_desicion/install/sentry_srvs/share/sentry_srvs/cmake/sentry_srvs__rosidl_typesupport_introspection_cppExport-noconfig.cmake
[0.785s] -- Up-to-date: /home/niuoruo/workspace/sentry/ws/sentry_desicion/install/sentry_srvs/share/sentry_srvs/cmake/sentry_srvs__rosidl_typesupport_cppExport.cmake
[0.785s] -- Up-to-date: /home/niuoruo/workspace/sentry/ws/sentry_desicion/install/sentry_srvs/share/sentry_srvs/cmake/sentry_srvs__rosidl_typesupport_cppExport-noconfig.cmake
[0.785s] -- Up-to-date: /home/niuoruo/workspace/sentry/ws/sentry_desicion/install/sentry_srvs/share/sentry_srvs/cmake/rosidl_cmake-extras.cmake
[0.785s] -- Up-to-date: /home/niuoruo/workspace/sentry/ws/sentry_desicion/install/sentry_srvs/share/sentry_srvs/cmake/ament_cmake_export_dependencies-extras.cmake
[0.785s] -- Up-to-date: /home/niuoruo/workspace/sentry/ws/sentry_desicion/install/sentry_srvs/share/sentry_srvs/cmake/ament_cmake_export_libraries-extras.cmake
[0.786s] -- Up-to-date: /home/niuoruo/workspace/sentry/ws/sentry_desicion/install/sentry_srvs/share/sentry_srvs/cmake/ament_cmake_export_targets-extras.cmake
[0.786s] -- Up-to-date: /home/niuoruo/workspace/sentry/ws/sentry_desicion/install/sentry_srvs/share/sentry_srvs/cmake/ament_cmake_export_include_directories-extras.cmake
[0.786s] -- Up-to-date: /home/niuoruo/workspace/sentry/ws/sentry_desicion/install/sentry_srvs/share/sentry_srvs/cmake/rosidl_cmake_export_typesupport_libraries-extras.cmake
[0.786s] -- Up-to-date: /home/niuoruo/workspace/sentry/ws/sentry_desicion/install/sentry_srvs/share/sentry_srvs/cmake/rosidl_cmake_export_typesupport_targets-extras.cmake
[0.786s] -- Up-to-date: /home/niuoruo/workspace/sentry/ws/sentry_desicion/install/sentry_srvs/share/sentry_srvs/cmake/sentry_srvsConfig.cmake
[0.786s] -- Up-to-date: /home/niuoruo/workspace/sentry/ws/sentry_desicion/install/sentry_srvs/share/sentry_srvs/cmake/sentry_srvsConfig-version.cmake
[0.787s] -- Up-to-date: /home/niuoruo/workspace/sentry/ws/sentry_desicion/install/sentry_srvs/share/sentry_srvs/package.xml
[0.977s] Invoked command in '/home/niuoruo/workspace/sentry/ws/sentry_desicion/build/sentry_srvs' returned '0': CMAKE_PREFIX_PATH=${CMAKE_PREFIX_PATH}:/opt/ros/foxy /usr/bin/cmake --install /home/niuoruo/workspace/sentry/ws/sentry_desicion/build/sentry_srvs
