[0.229s] Invoking command in '/home/niuoruo/workspace/sentry/ws/desicion/build/sentry_srvs': CMAKE_PREFIX_PATH=/opt/ros/foxy /usr/bin/cmake /home/niuoruo/workspace/sentry/ws/desicion/src/sentry_srvs -DCMAKE_INSTALL_PREFIX=/home/niuoruo/workspace/sentry/ws/desicion/install/sentry_srvs
[0.266s] -- The C compiler identification is GNU 9.4.0
[0.304s] -- The CXX compiler identification is GNU 9.4.0
[0.307s] -- Check for working C compiler: /usr/bin/cc
[0.361s] -- Check for working C compiler: /usr/bin/cc -- works
[0.362s] -- Detecting C compiler ABI info
[0.416s] -- Detecting C compiler ABI info - done
[0.430s] -- Detecting C compile features
[0.430s] -- Detecting C compile features - done
[0.432s] -- Check for working CXX compiler: /usr/bin/c++
[0.495s] -- Check for working CXX compiler: /usr/bin/c++ -- works
[0.496s] -- Detecting CXX compiler ABI info
[0.564s] -- Detecting CXX compiler ABI info - done
[0.576s] -- Detecting CXX compile features
[0.577s] -- Detecting CXX compile features - done
[0.578s] -- Found ament_cmake: 0.9.12 (/opt/ros/foxy/share/ament_cmake/cmake)
[0.598s] -- Found PythonInterp: /usr/bin/python3 (found suitable version "3.8.10", minimum required is "3") 
[0.598s] -- Using PYTHON_EXECUTABLE: /usr/bin/python3
[0.765s] -- Found rosidl_default_generators: 1.0.1 (/opt/ros/foxy/share/rosidl_default_generators/cmake)
[0.768s] -- Using all available rosidl_typesupport_c: rosidl_typesupport_fastrtps_c;rosidl_typesupport_introspection_c
[0.772s] -- Found rosidl_adapter: 1.3.1 (/opt/ros/foxy/share/rosidl_adapter/cmake)
[0.853s] -- Found OpenSSL: /usr/lib/x86_64-linux-gnu/libcrypto.so (found version "1.1.1f")  
[0.879s] -- Found FastRTPS: /opt/ros/foxy/include  
[0.944s] -- Using all available rosidl_typesupport_cpp: rosidl_typesupport_fastrtps_cpp;rosidl_typesupport_introspection_cpp
[0.964s] -- Found geometry_msgs: 2.0.5 (/opt/ros/foxy/share/geometry_msgs/cmake)
[1.041s] -- Found PythonInterp: /usr/bin/python3 (found version "3.8.10") 
[1.202s] -- Found ament_cmake_ros: 0.9.2 (/opt/ros/foxy/share/ament_cmake_ros/cmake)
[1.392s] -- Using all available rosidl_typesupport_c: rosidl_typesupport_fastrtps_c;rosidl_typesupport_introspection_c
[1.481s] -- Using all available rosidl_typesupport_cpp: rosidl_typesupport_fastrtps_cpp;rosidl_typesupport_introspection_cpp
[1.504s] -- Found PythonInterp: /usr/bin/python3 (found suitable version "3.8.10", minimum required is "3.5") 
[1.504s] -- Found python_cmake_module: 0.8.1 (/opt/ros/foxy/share/python_cmake_module/cmake)
[1.527s] -- Found PythonLibs: /usr/lib/x86_64-linux-gnu/libpython3.8.so (found suitable version "3.8.10", minimum required is "3.5") 
[1.529s] -- Using PYTHON_EXECUTABLE: /usr/bin/python3
[1.529s] -- Using PYTHON_INCLUDE_DIRS: /usr/include/python3.8
[1.529s] -- Using PYTHON_LIBRARIES: /usr/lib/x86_64-linux-gnu/libpython3.8.so
[1.545s] -- Found PythonExtra: .so  
[1.609s] -- Found ament_lint_auto: 0.9.8 (/opt/ros/foxy/share/ament_lint_auto/cmake)
[1.623s] -- Added test 'copyright' to check source files copyright and LICENSE
[1.624s] -- Added test 'lint_cmake' to check CMake code style
[1.624s] -- Added test 'xmllint' to check XML markup files
[1.628s] -- Configuring done
[1.666s] -- Generating done
[1.667s] -- Build files have been written to: /home/niuoruo/workspace/sentry/ws/desicion/build/sentry_srvs
[1.676s] Invoked command in '/home/niuoruo/workspace/sentry/ws/desicion/build/sentry_srvs' returned '0': CMAKE_PREFIX_PATH=/opt/ros/foxy /usr/bin/cmake /home/niuoruo/workspace/sentry/ws/desicion/src/sentry_srvs -DCMAKE_INSTALL_PREFIX=/home/niuoruo/workspace/sentry/ws/desicion/install/sentry_srvs
[1.679s] Invoking command in '/home/niuoruo/workspace/sentry/ws/desicion/build/sentry_srvs': CMAKE_PREFIX_PATH=/opt/ros/foxy /usr/bin/cmake --build /home/niuoruo/workspace/sentry/ws/desicion/build/sentry_srvs -- -j16 -l16
[1.717s] [  2%] [34m[1mGenerating C code for ROS interfaces[0m
[1.717s] [35m[1mScanning dependencies of target sentry_srvs__cpp[0m
[1.726s] [  4%] [34m[1mGenerating C++ code for ROS interfaces[0m
[2.038s] [  4%] Built target sentry_srvs__cpp
[2.043s] [35m[1mScanning dependencies of target sentry_srvs__rosidl_generator_c[0m
[2.047s] [  6%] [34m[1mGenerating C++ type support dispatch for ROS interfaces[0m
[2.047s] [  8%] [34m[1mGenerating C++ introspection for ROS interfaces[0m
[2.047s] [ 10%] [34m[1mGenerating C++ type support for eProsima Fast-RTPS[0m
[2.060s] [ 12%] [32mBuilding C object CMakeFiles/sentry_srvs__rosidl_generator_c.dir/rosidl_generator_c/sentry_srvs/srv/detail/set_target__functions.c.o[0m
[2.060s] [ 14%] [32mBuilding C object CMakeFiles/sentry_srvs__rosidl_generator_c.dir/rosidl_generator_c/sentry_srvs/srv/detail/nav_goal__functions.c.o[0m
[2.061s] [ 17%] [32mBuilding C object CMakeFiles/sentry_srvs__rosidl_generator_c.dir/rosidl_generator_c/sentry_srvs/srv/detail/nav_target__functions.c.o[0m
[2.126s] [ 19%] [32m[1mLinking C shared library libsentry_srvs__rosidl_generator_c.so[0m
[2.160s] [ 19%] Built target sentry_srvs__rosidl_generator_c
[2.169s] [ 21%] [34m[1mGenerating C type support dispatch for ROS interfaces[0m
[2.170s] [ 23%] [34m[1mGenerating C introspection for ROS interfaces[0m
[2.273s] [35m[1mScanning dependencies of target sentry_srvs__rosidl_typesupport_cpp[0m
[2.300s] [ 29%] [32mBuilding CXX object CMakeFiles/sentry_srvs__rosidl_typesupport_cpp.dir/rosidl_typesupport_cpp/sentry_srvs/srv/nav_goal__type_support.cpp.o[0m
[2.300s] [ 29%] [32mBuilding CXX object CMakeFiles/sentry_srvs__rosidl_typesupport_cpp.dir/rosidl_typesupport_cpp/sentry_srvs/srv/set_target__type_support.cpp.o[0m
[2.300s] [ 29%] [32mBuilding CXX object CMakeFiles/sentry_srvs__rosidl_typesupport_cpp.dir/rosidl_typesupport_cpp/sentry_srvs/srv/nav_target__type_support.cpp.o[0m
[2.300s] [35m[1mScanning dependencies of target sentry_srvs__rosidl_typesupport_introspection_cpp[0m
[2.320s] [ 34%] [32mBuilding CXX object CMakeFiles/sentry_srvs__rosidl_typesupport_introspection_cpp.dir/rosidl_typesupport_introspection_cpp/sentry_srvs/srv/detail/set_target__type_support.cpp.o[0m
[2.321s] [ 34%] [32mBuilding CXX object CMakeFiles/sentry_srvs__rosidl_typesupport_introspection_cpp.dir/rosidl_typesupport_introspection_cpp/sentry_srvs/srv/detail/nav_target__type_support.cpp.o[0m
[2.337s] [ 36%] [32mBuilding CXX object CMakeFiles/sentry_srvs__rosidl_typesupport_introspection_cpp.dir/rosidl_typesupport_introspection_cpp/sentry_srvs/srv/detail/nav_goal__type_support.cpp.o[0m
[2.400s] [35m[1mScanning dependencies of target sentry_srvs__rosidl_typesupport_fastrtps_cpp[0m
[2.426s] [ 38%] [32mBuilding CXX object CMakeFiles/sentry_srvs__rosidl_typesupport_fastrtps_cpp.dir/rosidl_typesupport_fastrtps_cpp/sentry_srvs/srv/detail/dds_fastrtps/nav_goal__type_support.cpp.o[0m
[2.439s] [ 40%] [32mBuilding CXX object CMakeFiles/sentry_srvs__rosidl_typesupport_fastrtps_cpp.dir/rosidl_typesupport_fastrtps_cpp/sentry_srvs/srv/detail/dds_fastrtps/nav_target__type_support.cpp.o[0m
[2.469s] [ 42%] [32mBuilding CXX object CMakeFiles/sentry_srvs__rosidl_typesupport_fastrtps_cpp.dir/rosidl_typesupport_fastrtps_cpp/sentry_srvs/srv/detail/dds_fastrtps/set_target__type_support.cpp.o[0m
[2.532s] [35m[1mScanning dependencies of target sentry_srvs__rosidl_typesupport_c[0m
[2.586s] [ 44%] [32mBuilding CXX object CMakeFiles/sentry_srvs__rosidl_typesupport_c.dir/rosidl_typesupport_c/sentry_srvs/srv/set_target__type_support.cpp.o[0m
[2.601s] [ 46%] [32mBuilding CXX object CMakeFiles/sentry_srvs__rosidl_typesupport_c.dir/rosidl_typesupport_c/sentry_srvs/srv/nav_goal__type_support.cpp.o[0m
[2.601s] [35m[1mScanning dependencies of target sentry_srvs__rosidl_typesupport_introspection_c[0m
[2.607s] [ 48%] [32mBuilding CXX object CMakeFiles/sentry_srvs__rosidl_typesupport_c.dir/rosidl_typesupport_c/sentry_srvs/srv/nav_target__type_support.cpp.o[0m
[2.645s] [ 51%] [32mBuilding C object CMakeFiles/sentry_srvs__rosidl_typesupport_introspection_c.dir/rosidl_typesupport_introspection_c/sentry_srvs/srv/detail/nav_goal__type_support.c.o[0m
[2.677s] [ 53%] [32mBuilding C object CMakeFiles/sentry_srvs__rosidl_typesupport_introspection_c.dir/rosidl_typesupport_introspection_c/sentry_srvs/srv/detail/nav_target__type_support.c.o[0m
[2.693s] [ 55%] [32mBuilding C object CMakeFiles/sentry_srvs__rosidl_typesupport_introspection_c.dir/rosidl_typesupport_introspection_c/sentry_srvs/srv/detail/set_target__type_support.c.o[0m
[2.710s] [ 57%] [32m[1mLinking CXX shared library libsentry_srvs__rosidl_typesupport_c.so[0m
[2.735s] [ 59%] [32m[1mLinking CXX shared library libsentry_srvs__rosidl_typesupport_cpp.so[0m
[2.748s] [ 61%] [32m[1mLinking C shared library libsentry_srvs__rosidl_typesupport_introspection_c.so[0m
[2.798s] [ 61%] Built target sentry_srvs__rosidl_typesupport_c
[2.828s] [ 63%] [32m[1mLinking CXX shared library libsentry_srvs__rosidl_typesupport_introspection_cpp.so[0m
[2.859s] [ 63%] Built target sentry_srvs__rosidl_typesupport_cpp
[2.859s] [ 63%] Built target sentry_srvs__rosidl_typesupport_introspection_c
[2.925s] [ 63%] Built target sentry_srvs__rosidl_typesupport_introspection_cpp
[3.109s] [ 65%] [32m[1mLinking CXX shared library libsentry_srvs__rosidl_typesupport_fastrtps_cpp.so[0m
[3.240s] [ 65%] Built target sentry_srvs__rosidl_typesupport_fastrtps_cpp
[3.254s] [ 68%] [34m[1mGenerating C type support for eProsima Fast-RTPS[0m
[3.803s] [35m[1mScanning dependencies of target sentry_srvs__rosidl_typesupport_fastrtps_c[0m
[3.835s] [ 70%] [32mBuilding CXX object CMakeFiles/sentry_srvs__rosidl_typesupport_fastrtps_c.dir/rosidl_typesupport_fastrtps_c/sentry_srvs/srv/detail/nav_target__type_support_c.cpp.o[0m
[3.847s] [ 72%] [32mBuilding CXX object CMakeFiles/sentry_srvs__rosidl_typesupport_fastrtps_c.dir/rosidl_typesupport_fastrtps_c/sentry_srvs/srv/detail/set_target__type_support_c.cpp.o[0m
[3.854s] [ 74%] [32mBuilding CXX object CMakeFiles/sentry_srvs__rosidl_typesupport_fastrtps_c.dir/rosidl_typesupport_fastrtps_c/sentry_srvs/srv/detail/nav_goal__type_support_c.cpp.o[0m
[4.286s] [ 76%] [32m[1mLinking CXX shared library libsentry_srvs__rosidl_typesupport_fastrtps_c.so[0m
[4.362s] [ 76%] Built target sentry_srvs__rosidl_typesupport_fastrtps_c
[4.371s] [35m[1mScanning dependencies of target sentry_srvs[0m
[4.381s] [ 76%] Built target sentry_srvs
[4.389s] [35m[1mScanning dependencies of target sentry_srvs__py[0m
[4.398s] [ 78%] [34m[1mGenerating Python code for ROS interfaces[0m
[5.052s] [ 78%] Built target sentry_srvs__py
[5.060s] [35m[1mScanning dependencies of target sentry_srvs__python[0m
[5.081s] [ 80%] [32mBuilding C object CMakeFiles/sentry_srvs__python.dir/rosidl_generator_py/sentry_srvs/srv/_nav_goal_s.c.o[0m
[5.081s] [ 85%] [32mBuilding C object CMakeFiles/sentry_srvs__python.dir/rosidl_generator_py/sentry_srvs/srv/_set_target_s.c.o[0m
[5.082s] [ 85%] [32mBuilding C object CMakeFiles/sentry_srvs__python.dir/rosidl_generator_py/sentry_srvs/srv/_nav_target_s.c.o[0m
[5.184s] [ 87%] [32m[1mLinking C shared library rosidl_generator_py/sentry_srvs/libsentry_srvs__python.so[0m
[5.223s] [ 87%] Built target sentry_srvs__python
[5.231s] [35m[1mScanning dependencies of target sentry_srvs__rosidl_typesupport_c__pyext[0m
[5.231s] [35m[1mScanning dependencies of target sentry_srvs__rosidl_typesupport_introspection_c__pyext[0m
[5.231s] [35m[1mScanning dependencies of target sentry_srvs__rosidl_typesupport_fastrtps_c__pyext[0m
[5.248s] [ 89%] [32mBuilding C object CMakeFiles/sentry_srvs__rosidl_typesupport_c__pyext.dir/rosidl_generator_py/sentry_srvs/_sentry_srvs_s.ep.rosidl_typesupport_c.c.o[0m
[5.249s] [ 91%] [32mBuilding C object CMakeFiles/sentry_srvs__rosidl_typesupport_fastrtps_c__pyext.dir/rosidl_generator_py/sentry_srvs/_sentry_srvs_s.ep.rosidl_typesupport_fastrtps_c.c.o[0m
[5.250s] [ 93%] [32mBuilding C object CMakeFiles/sentry_srvs__rosidl_typesupport_introspection_c__pyext.dir/rosidl_generator_py/sentry_srvs/_sentry_srvs_s.ep.rosidl_typesupport_introspection_c.c.o[0m
[5.323s] [ 97%] [32m[1mLinking C shared library rosidl_generator_py/sentry_srvs/sentry_srvs_s__rosidl_typesupport_introspection_c.cpython-38-x86_64-linux-gnu.so[0m
[5.323s] [ 97%] [32m[1mLinking C shared library rosidl_generator_py/sentry_srvs/sentry_srvs_s__rosidl_typesupport_c.cpython-38-x86_64-linux-gnu.so[0m
[5.324s] [100%] [32m[1mLinking CXX shared library rosidl_generator_py/sentry_srvs/sentry_srvs_s__rosidl_typesupport_fastrtps_c.cpython-38-x86_64-linux-gnu.so[0m
[5.355s] [100%] Built target sentry_srvs__rosidl_typesupport_c__pyext
[5.355s] [100%] Built target sentry_srvs__rosidl_typesupport_introspection_c__pyext
[5.382s] [100%] Built target sentry_srvs__rosidl_typesupport_fastrtps_c__pyext
[5.406s] Invoked command in '/home/niuoruo/workspace/sentry/ws/desicion/build/sentry_srvs' returned '0': CMAKE_PREFIX_PATH=/opt/ros/foxy /usr/bin/cmake --build /home/niuoruo/workspace/sentry/ws/desicion/build/sentry_srvs -- -j16 -l16
[5.666s] Invoking command in '/home/niuoruo/workspace/sentry/ws/desicion/build/sentry_srvs': CMAKE_PREFIX_PATH=/opt/ros/foxy /usr/bin/cmake --install /home/niuoruo/workspace/sentry/ws/desicion/build/sentry_srvs
[5.674s] -- Install configuration: ""
[5.674s] -- Installing: /home/niuoruo/workspace/sentry/ws/desicion/install/sentry_srvs/share/ament_index/resource_index/rosidl_interfaces/sentry_srvs
[5.674s] -- Installing: /home/niuoruo/workspace/sentry/ws/desicion/install/sentry_srvs/include/sentry_srvs
[5.674s] -- Installing: /home/niuoruo/workspace/sentry/ws/desicion/install/sentry_srvs/include/sentry_srvs/msg
[5.674s] -- Installing: /home/niuoruo/workspace/sentry/ws/desicion/install/sentry_srvs/include/sentry_srvs/msg/rosidl_generator_c__visibility_control.h
[5.675s] -- Installing: /home/niuoruo/workspace/sentry/ws/desicion/install/sentry_srvs/include/sentry_srvs/srv
[5.675s] -- Installing: /home/niuoruo/workspace/sentry/ws/desicion/install/sentry_srvs/include/sentry_srvs/srv/nav_target.h
[5.675s] -- Installing: /home/niuoruo/workspace/sentry/ws/desicion/install/sentry_srvs/include/sentry_srvs/srv/set_target.h
[5.675s] -- Installing: /home/niuoruo/workspace/sentry/ws/desicion/install/sentry_srvs/include/sentry_srvs/srv/nav_goal.h
[5.675s] -- Installing: /home/niuoruo/workspace/sentry/ws/desicion/install/sentry_srvs/include/sentry_srvs/srv/detail
[5.675s] -- Installing: /home/niuoruo/workspace/sentry/ws/desicion/install/sentry_srvs/include/sentry_srvs/srv/detail/nav_target__type_support.h
[5.675s] -- Installing: /home/niuoruo/workspace/sentry/ws/desicion/install/sentry_srvs/include/sentry_srvs/srv/detail/set_target__type_support.h
[5.675s] -- Installing: /home/niuoruo/workspace/sentry/ws/desicion/install/sentry_srvs/include/sentry_srvs/srv/detail/nav_goal__type_support.h
[5.675s] -- Installing: /home/niuoruo/workspace/sentry/ws/desicion/install/sentry_srvs/include/sentry_srvs/srv/detail/set_target__functions.c
[5.675s] -- Installing: /home/niuoruo/workspace/sentry/ws/desicion/install/sentry_srvs/include/sentry_srvs/srv/detail/set_target__functions.h
[5.676s] -- Installing: /home/niuoruo/workspace/sentry/ws/desicion/install/sentry_srvs/include/sentry_srvs/srv/detail/nav_target__functions.c
[5.676s] -- Installing: /home/niuoruo/workspace/sentry/ws/desicion/install/sentry_srvs/include/sentry_srvs/srv/detail/nav_goal__functions.c
[5.676s] -- Installing: /home/niuoruo/workspace/sentry/ws/desicion/install/sentry_srvs/include/sentry_srvs/srv/detail/nav_target__functions.h
[5.676s] -- Installing: /home/niuoruo/workspace/sentry/ws/desicion/install/sentry_srvs/include/sentry_srvs/srv/detail/set_target__struct.h
[5.676s] -- Installing: /home/niuoruo/workspace/sentry/ws/desicion/install/sentry_srvs/include/sentry_srvs/srv/detail/nav_goal__functions.h
[5.676s] -- Installing: /home/niuoruo/workspace/sentry/ws/desicion/install/sentry_srvs/include/sentry_srvs/srv/detail/nav_goal__struct.h
[5.676s] -- Installing: /home/niuoruo/workspace/sentry/ws/desicion/install/sentry_srvs/include/sentry_srvs/srv/detail/nav_target__struct.h
[5.676s] -- Installing: /home/niuoruo/workspace/sentry/ws/desicion/install/sentry_srvs/share/sentry_srvs/environment/library_path.sh
[5.676s] -- Installing: /home/niuoruo/workspace/sentry/ws/desicion/install/sentry_srvs/share/sentry_srvs/environment/library_path.dsv
[5.677s] -- Installing: /home/niuoruo/workspace/sentry/ws/desicion/install/sentry_srvs/lib/libsentry_srvs__rosidl_generator_c.so
[5.677s] -- Set runtime path of "/home/niuoruo/workspace/sentry/ws/desicion/install/sentry_srvs/lib/libsentry_srvs__rosidl_generator_c.so" to ""
[5.677s] -- Up-to-date: /home/niuoruo/workspace/sentry/ws/desicion/install/sentry_srvs/include/sentry_srvs
[5.677s] -- Up-to-date: /home/niuoruo/workspace/sentry/ws/desicion/install/sentry_srvs/include/sentry_srvs/msg
[5.677s] -- Installing: /home/niuoruo/workspace/sentry/ws/desicion/install/sentry_srvs/include/sentry_srvs/msg/rosidl_typesupport_fastrtps_c__visibility_control.h
[5.677s] -- Up-to-date: /home/niuoruo/workspace/sentry/ws/desicion/install/sentry_srvs/include/sentry_srvs/srv
[5.677s] -- Up-to-date: /home/niuoruo/workspace/sentry/ws/desicion/install/sentry_srvs/include/sentry_srvs/srv/detail
[5.677s] -- Installing: /home/niuoruo/workspace/sentry/ws/desicion/install/sentry_srvs/include/sentry_srvs/srv/detail/nav_target__rosidl_typesupport_fastrtps_c.h
[5.678s] -- Installing: /home/niuoruo/workspace/sentry/ws/desicion/install/sentry_srvs/include/sentry_srvs/srv/detail/set_target__rosidl_typesupport_fastrtps_c.h
[5.678s] -- Installing: /home/niuoruo/workspace/sentry/ws/desicion/install/sentry_srvs/include/sentry_srvs/srv/detail/nav_goal__rosidl_typesupport_fastrtps_c.h
[5.678s] -- Installing: /home/niuoruo/workspace/sentry/ws/desicion/install/sentry_srvs/lib/libsentry_srvs__rosidl_typesupport_fastrtps_c.so
[5.678s] -- Set runtime path of "/home/niuoruo/workspace/sentry/ws/desicion/install/sentry_srvs/lib/libsentry_srvs__rosidl_typesupport_fastrtps_c.so" to ""
[5.678s] -- Up-to-date: /home/niuoruo/workspace/sentry/ws/desicion/install/sentry_srvs/include/sentry_srvs
[5.678s] -- Up-to-date: /home/niuoruo/workspace/sentry/ws/desicion/install/sentry_srvs/include/sentry_srvs/msg
[5.678s] -- Installing: /home/niuoruo/workspace/sentry/ws/desicion/install/sentry_srvs/include/sentry_srvs/msg/rosidl_typesupport_fastrtps_cpp__visibility_control.h
[5.678s] -- Up-to-date: /home/niuoruo/workspace/sentry/ws/desicion/install/sentry_srvs/include/sentry_srvs/srv
[5.678s] -- Up-to-date: /home/niuoruo/workspace/sentry/ws/desicion/install/sentry_srvs/include/sentry_srvs/srv/detail
[5.679s] -- Installing: /home/niuoruo/workspace/sentry/ws/desicion/install/sentry_srvs/include/sentry_srvs/srv/detail/set_target__rosidl_typesupport_fastrtps_cpp.hpp
[5.679s] -- Installing: /home/niuoruo/workspace/sentry/ws/desicion/install/sentry_srvs/include/sentry_srvs/srv/detail/dds_fastrtps
[5.679s] -- Installing: /home/niuoruo/workspace/sentry/ws/desicion/install/sentry_srvs/include/sentry_srvs/srv/detail/nav_goal__rosidl_typesupport_fastrtps_cpp.hpp
[5.679s] -- Installing: /home/niuoruo/workspace/sentry/ws/desicion/install/sentry_srvs/include/sentry_srvs/srv/detail/nav_target__rosidl_typesupport_fastrtps_cpp.hpp
[5.679s] -- Installing: /home/niuoruo/workspace/sentry/ws/desicion/install/sentry_srvs/lib/libsentry_srvs__rosidl_typesupport_fastrtps_cpp.so
[5.679s] -- Set runtime path of "/home/niuoruo/workspace/sentry/ws/desicion/install/sentry_srvs/lib/libsentry_srvs__rosidl_typesupport_fastrtps_cpp.so" to ""
[5.679s] -- Up-to-date: /home/niuoruo/workspace/sentry/ws/desicion/install/sentry_srvs/include/sentry_srvs
[5.679s] -- Up-to-date: /home/niuoruo/workspace/sentry/ws/desicion/install/sentry_srvs/include/sentry_srvs/msg
[5.679s] -- Installing: /home/niuoruo/workspace/sentry/ws/desicion/install/sentry_srvs/include/sentry_srvs/msg/rosidl_typesupport_introspection_c__visibility_control.h
[5.680s] -- Up-to-date: /home/niuoruo/workspace/sentry/ws/desicion/install/sentry_srvs/include/sentry_srvs/srv
[5.680s] -- Up-to-date: /home/niuoruo/workspace/sentry/ws/desicion/install/sentry_srvs/include/sentry_srvs/srv/detail
[5.680s] -- Installing: /home/niuoruo/workspace/sentry/ws/desicion/install/sentry_srvs/include/sentry_srvs/srv/detail/nav_target__type_support.c
[5.680s] -- Installing: /home/niuoruo/workspace/sentry/ws/desicion/install/sentry_srvs/include/sentry_srvs/srv/detail/nav_goal__rosidl_typesupport_introspection_c.h
[5.680s] -- Installing: /home/niuoruo/workspace/sentry/ws/desicion/install/sentry_srvs/include/sentry_srvs/srv/detail/nav_goal__type_support.c
[5.680s] -- Installing: /home/niuoruo/workspace/sentry/ws/desicion/install/sentry_srvs/include/sentry_srvs/srv/detail/nav_target__rosidl_typesupport_introspection_c.h
[5.680s] -- Installing: /home/niuoruo/workspace/sentry/ws/desicion/install/sentry_srvs/include/sentry_srvs/srv/detail/set_target__type_support.c
[5.680s] -- Installing: /home/niuoruo/workspace/sentry/ws/desicion/install/sentry_srvs/include/sentry_srvs/srv/detail/set_target__rosidl_typesupport_introspection_c.h
[5.680s] -- Installing: /home/niuoruo/workspace/sentry/ws/desicion/install/sentry_srvs/lib/libsentry_srvs__rosidl_typesupport_introspection_c.so
[5.681s] -- Set runtime path of "/home/niuoruo/workspace/sentry/ws/desicion/install/sentry_srvs/lib/libsentry_srvs__rosidl_typesupport_introspection_c.so" to ""
[5.681s] -- Installing: /home/niuoruo/workspace/sentry/ws/desicion/install/sentry_srvs/lib/libsentry_srvs__rosidl_typesupport_c.so
[5.681s] -- Set runtime path of "/home/niuoruo/workspace/sentry/ws/desicion/install/sentry_srvs/lib/libsentry_srvs__rosidl_typesupport_c.so" to ""
[5.681s] -- Up-to-date: /home/niuoruo/workspace/sentry/ws/desicion/install/sentry_srvs/include/sentry_srvs
[5.681s] -- Up-to-date: /home/niuoruo/workspace/sentry/ws/desicion/install/sentry_srvs/include/sentry_srvs/msg
[5.681s] -- Installing: /home/niuoruo/workspace/sentry/ws/desicion/install/sentry_srvs/include/sentry_srvs/msg/rosidl_generator_cpp__visibility_control.hpp
[5.681s] -- Up-to-date: /home/niuoruo/workspace/sentry/ws/desicion/install/sentry_srvs/include/sentry_srvs/srv
[5.681s] -- Installing: /home/niuoruo/workspace/sentry/ws/desicion/install/sentry_srvs/include/sentry_srvs/srv/nav_target.hpp
[5.682s] -- Up-to-date: /home/niuoruo/workspace/sentry/ws/desicion/install/sentry_srvs/include/sentry_srvs/srv/detail
[5.682s] -- Installing: /home/niuoruo/workspace/sentry/ws/desicion/install/sentry_srvs/include/sentry_srvs/srv/detail/nav_goal__type_support.hpp
[5.682s] -- Installing: /home/niuoruo/workspace/sentry/ws/desicion/install/sentry_srvs/include/sentry_srvs/srv/detail/nav_goal__builder.hpp
[5.682s] -- Installing: /home/niuoruo/workspace/sentry/ws/desicion/install/sentry_srvs/include/sentry_srvs/srv/detail/set_target__type_support.hpp
[5.682s] -- Installing: /home/niuoruo/workspace/sentry/ws/desicion/install/sentry_srvs/include/sentry_srvs/srv/detail/set_target__builder.hpp
[5.682s] -- Installing: /home/niuoruo/workspace/sentry/ws/desicion/install/sentry_srvs/include/sentry_srvs/srv/detail/nav_target__traits.hpp
[5.682s] -- Installing: /home/niuoruo/workspace/sentry/ws/desicion/install/sentry_srvs/include/sentry_srvs/srv/detail/set_target__struct.hpp
[5.682s] -- Installing: /home/niuoruo/workspace/sentry/ws/desicion/install/sentry_srvs/include/sentry_srvs/srv/detail/nav_goal__traits.hpp
[5.682s] -- Installing: /home/niuoruo/workspace/sentry/ws/desicion/install/sentry_srvs/include/sentry_srvs/srv/detail/set_target__traits.hpp
[5.682s] -- Installing: /home/niuoruo/workspace/sentry/ws/desicion/install/sentry_srvs/include/sentry_srvs/srv/detail/nav_target__struct.hpp
[5.682s] -- Installing: /home/niuoruo/workspace/sentry/ws/desicion/install/sentry_srvs/include/sentry_srvs/srv/detail/nav_target__type_support.hpp
[5.682s] -- Installing: /home/niuoruo/workspace/sentry/ws/desicion/install/sentry_srvs/include/sentry_srvs/srv/detail/nav_target__builder.hpp
[5.683s] -- Installing: /home/niuoruo/workspace/sentry/ws/desicion/install/sentry_srvs/include/sentry_srvs/srv/detail/nav_goal__struct.hpp
[5.683s] -- Installing: /home/niuoruo/workspace/sentry/ws/desicion/install/sentry_srvs/include/sentry_srvs/srv/set_target.hpp
[5.683s] -- Installing: /home/niuoruo/workspace/sentry/ws/desicion/install/sentry_srvs/include/sentry_srvs/srv/nav_goal.hpp
[5.683s] -- Up-to-date: /home/niuoruo/workspace/sentry/ws/desicion/install/sentry_srvs/include/sentry_srvs
[5.683s] -- Up-to-date: /home/niuoruo/workspace/sentry/ws/desicion/install/sentry_srvs/include/sentry_srvs/srv
[5.683s] -- Up-to-date: /home/niuoruo/workspace/sentry/ws/desicion/install/sentry_srvs/include/sentry_srvs/srv/detail
[5.683s] -- Installing: /home/niuoruo/workspace/sentry/ws/desicion/install/sentry_srvs/include/sentry_srvs/srv/detail/set_target__type_support.cpp
[5.683s] -- Installing: /home/niuoruo/workspace/sentry/ws/desicion/install/sentry_srvs/include/sentry_srvs/srv/detail/nav_target__type_support.cpp
[5.683s] -- Installing: /home/niuoruo/workspace/sentry/ws/desicion/install/sentry_srvs/include/sentry_srvs/srv/detail/nav_target__rosidl_typesupport_introspection_cpp.hpp
[5.683s] -- Installing: /home/niuoruo/workspace/sentry/ws/desicion/install/sentry_srvs/include/sentry_srvs/srv/detail/set_target__rosidl_typesupport_introspection_cpp.hpp
[5.683s] -- Installing: /home/niuoruo/workspace/sentry/ws/desicion/install/sentry_srvs/include/sentry_srvs/srv/detail/nav_goal__rosidl_typesupport_introspection_cpp.hpp
[5.683s] -- Installing: /home/niuoruo/workspace/sentry/ws/desicion/install/sentry_srvs/include/sentry_srvs/srv/detail/nav_goal__type_support.cpp
[5.684s] -- Installing: /home/niuoruo/workspace/sentry/ws/desicion/install/sentry_srvs/lib/libsentry_srvs__rosidl_typesupport_introspection_cpp.so
[5.684s] -- Set runtime path of "/home/niuoruo/workspace/sentry/ws/desicion/install/sentry_srvs/lib/libsentry_srvs__rosidl_typesupport_introspection_cpp.so" to ""
[5.684s] -- Installing: /home/niuoruo/workspace/sentry/ws/desicion/install/sentry_srvs/lib/libsentry_srvs__rosidl_typesupport_cpp.so
[5.684s] -- Set runtime path of "/home/niuoruo/workspace/sentry/ws/desicion/install/sentry_srvs/lib/libsentry_srvs__rosidl_typesupport_cpp.so" to ""
[5.685s] -- Installing: /home/niuoruo/workspace/sentry/ws/desicion/install/sentry_srvs/share/sentry_srvs/environment/pythonpath.sh
[5.685s] -- Installing: /home/niuoruo/workspace/sentry/ws/desicion/install/sentry_srvs/share/sentry_srvs/environment/pythonpath.dsv
[5.685s] -- Installing: /home/niuoruo/workspace/sentry/ws/desicion/install/sentry_srvs/lib/python3.8/site-packages/sentry_srvs/__init__.py
[5.708s] Compiling '/home/niuoruo/workspace/sentry/ws/desicion/install/sentry_srvs/lib/python3.8/site-packages/sentry_srvs/__init__.py'...
[5.712s] -- Installing: /home/niuoruo/workspace/sentry/ws/desicion/install/sentry_srvs/lib/python3.8/site-packages/sentry_srvs/srv
[5.712s] -- Installing: /home/niuoruo/workspace/sentry/ws/desicion/install/sentry_srvs/lib/python3.8/site-packages/sentry_srvs/srv/__init__.py
[5.712s] -- Installing: /home/niuoruo/workspace/sentry/ws/desicion/install/sentry_srvs/lib/python3.8/site-packages/sentry_srvs/srv/_nav_goal_s.c
[5.712s] -- Installing: /home/niuoruo/workspace/sentry/ws/desicion/install/sentry_srvs/lib/python3.8/site-packages/sentry_srvs/srv/_set_target_s.c
[5.712s] -- Installing: /home/niuoruo/workspace/sentry/ws/desicion/install/sentry_srvs/lib/python3.8/site-packages/sentry_srvs/srv/_nav_goal.py
[5.712s] -- Installing: /home/niuoruo/workspace/sentry/ws/desicion/install/sentry_srvs/lib/python3.8/site-packages/sentry_srvs/srv/_nav_target_s.c
[5.712s] -- Installing: /home/niuoruo/workspace/sentry/ws/desicion/install/sentry_srvs/lib/python3.8/site-packages/sentry_srvs/srv/_set_target.py
[5.713s] -- Installing: /home/niuoruo/workspace/sentry/ws/desicion/install/sentry_srvs/lib/python3.8/site-packages/sentry_srvs/srv/_nav_target.py
[5.713s] -- Installing: /home/niuoruo/workspace/sentry/ws/desicion/install/sentry_srvs/lib/python3.8/site-packages/sentry_srvs/sentry_srvs_s__rosidl_typesupport_fastrtps_c.cpython-38-x86_64-linux-gnu.so
[5.713s] -- Set runtime path of "/home/niuoruo/workspace/sentry/ws/desicion/install/sentry_srvs/lib/python3.8/site-packages/sentry_srvs/sentry_srvs_s__rosidl_typesupport_fastrtps_c.cpython-38-x86_64-linux-gnu.so" to ""
[5.713s] -- Installing: /home/niuoruo/workspace/sentry/ws/desicion/install/sentry_srvs/lib/python3.8/site-packages/sentry_srvs/sentry_srvs_s__rosidl_typesupport_introspection_c.cpython-38-x86_64-linux-gnu.so
[5.713s] -- Set runtime path of "/home/niuoruo/workspace/sentry/ws/desicion/install/sentry_srvs/lib/python3.8/site-packages/sentry_srvs/sentry_srvs_s__rosidl_typesupport_introspection_c.cpython-38-x86_64-linux-gnu.so" to ""
[5.713s] -- Installing: /home/niuoruo/workspace/sentry/ws/desicion/install/sentry_srvs/lib/python3.8/site-packages/sentry_srvs/sentry_srvs_s__rosidl_typesupport_c.cpython-38-x86_64-linux-gnu.so
[5.713s] -- Set runtime path of "/home/niuoruo/workspace/sentry/ws/desicion/install/sentry_srvs/lib/python3.8/site-packages/sentry_srvs/sentry_srvs_s__rosidl_typesupport_c.cpython-38-x86_64-linux-gnu.so" to ""
[5.714s] -- Installing: /home/niuoruo/workspace/sentry/ws/desicion/install/sentry_srvs/lib/libsentry_srvs__python.so
[5.714s] -- Set runtime path of "/home/niuoruo/workspace/sentry/ws/desicion/install/sentry_srvs/lib/libsentry_srvs__python.so" to ""
[5.714s] -- Installing: /home/niuoruo/workspace/sentry/ws/desicion/install/sentry_srvs/share/sentry_srvs/srv/NavGoal.idl
[5.714s] -- Installing: /home/niuoruo/workspace/sentry/ws/desicion/install/sentry_srvs/share/sentry_srvs/srv/NavTarget.idl
[5.714s] -- Installing: /home/niuoruo/workspace/sentry/ws/desicion/install/sentry_srvs/share/sentry_srvs/srv/SetTarget.idl
[5.714s] -- Installing: /home/niuoruo/workspace/sentry/ws/desicion/install/sentry_srvs/share/sentry_srvs/srv/NavGoal.srv
[5.715s] -- Installing: /home/niuoruo/workspace/sentry/ws/desicion/install/sentry_srvs/share/sentry_srvs/srv/NavGoal_Request.msg
[5.715s] -- Installing: /home/niuoruo/workspace/sentry/ws/desicion/install/sentry_srvs/share/sentry_srvs/srv/NavGoal_Response.msg
[5.715s] -- Installing: /home/niuoruo/workspace/sentry/ws/desicion/install/sentry_srvs/share/sentry_srvs/srv/NavTarget.srv
[5.715s] -- Installing: /home/niuoruo/workspace/sentry/ws/desicion/install/sentry_srvs/share/sentry_srvs/srv/NavTarget_Request.msg
[5.715s] -- Installing: /home/niuoruo/workspace/sentry/ws/desicion/install/sentry_srvs/share/sentry_srvs/srv/NavTarget_Response.msg
[5.715s] -- Installing: /home/niuoruo/workspace/sentry/ws/desicion/install/sentry_srvs/share/sentry_srvs/srv/SetTarget.srv
[5.715s] -- Installing: /home/niuoruo/workspace/sentry/ws/desicion/install/sentry_srvs/share/sentry_srvs/srv/SetTarget_Request.msg
[5.715s] -- Installing: /home/niuoruo/workspace/sentry/ws/desicion/install/sentry_srvs/share/sentry_srvs/srv/SetTarget_Response.msg
[5.716s] -- Installing: /home/niuoruo/workspace/sentry/ws/desicion/install/sentry_srvs/share/ament_index/resource_index/package_run_dependencies/sentry_srvs
[5.716s] -- Installing: /home/niuoruo/workspace/sentry/ws/desicion/install/sentry_srvs/share/ament_index/resource_index/parent_prefix_path/sentry_srvs
[5.716s] -- Installing: /home/niuoruo/workspace/sentry/ws/desicion/install/sentry_srvs/share/sentry_srvs/environment/ament_prefix_path.sh
[5.716s] -- Installing: /home/niuoruo/workspace/sentry/ws/desicion/install/sentry_srvs/share/sentry_srvs/environment/ament_prefix_path.dsv
[5.716s] -- Installing: /home/niuoruo/workspace/sentry/ws/desicion/install/sentry_srvs/share/sentry_srvs/environment/path.sh
[5.716s] -- Installing: /home/niuoruo/workspace/sentry/ws/desicion/install/sentry_srvs/share/sentry_srvs/environment/path.dsv
[5.716s] -- Installing: /home/niuoruo/workspace/sentry/ws/desicion/install/sentry_srvs/share/sentry_srvs/local_setup.bash
[5.716s] -- Installing: /home/niuoruo/workspace/sentry/ws/desicion/install/sentry_srvs/share/sentry_srvs/local_setup.sh
[5.717s] -- Installing: /home/niuoruo/workspace/sentry/ws/desicion/install/sentry_srvs/share/sentry_srvs/local_setup.zsh
[5.717s] -- Installing: /home/niuoruo/workspace/sentry/ws/desicion/install/sentry_srvs/share/sentry_srvs/local_setup.dsv
[5.717s] -- Installing: /home/niuoruo/workspace/sentry/ws/desicion/install/sentry_srvs/share/sentry_srvs/package.dsv
[5.717s] -- Installing: /home/niuoruo/workspace/sentry/ws/desicion/install/sentry_srvs/share/ament_index/resource_index/packages/sentry_srvs
[5.717s] -- Installing: /home/niuoruo/workspace/sentry/ws/desicion/install/sentry_srvs/share/sentry_srvs/cmake/sentry_srvs__rosidl_generator_cExport.cmake
[5.717s] -- Installing: /home/niuoruo/workspace/sentry/ws/desicion/install/sentry_srvs/share/sentry_srvs/cmake/sentry_srvs__rosidl_generator_cExport-noconfig.cmake
[5.717s] -- Installing: /home/niuoruo/workspace/sentry/ws/desicion/install/sentry_srvs/share/sentry_srvs/cmake/sentry_srvs__rosidl_typesupport_introspection_cExport.cmake
[5.717s] -- Installing: /home/niuoruo/workspace/sentry/ws/desicion/install/sentry_srvs/share/sentry_srvs/cmake/sentry_srvs__rosidl_typesupport_introspection_cExport-noconfig.cmake
[5.718s] -- Installing: /home/niuoruo/workspace/sentry/ws/desicion/install/sentry_srvs/share/sentry_srvs/cmake/sentry_srvs__rosidl_typesupport_cExport.cmake
[5.718s] -- Installing: /home/niuoruo/workspace/sentry/ws/desicion/install/sentry_srvs/share/sentry_srvs/cmake/sentry_srvs__rosidl_typesupport_cExport-noconfig.cmake
[5.718s] -- Installing: /home/niuoruo/workspace/sentry/ws/desicion/install/sentry_srvs/share/sentry_srvs/cmake/sentry_srvs__rosidl_generator_cppExport.cmake
[5.718s] -- Installing: /home/niuoruo/workspace/sentry/ws/desicion/install/sentry_srvs/share/sentry_srvs/cmake/sentry_srvs__rosidl_typesupport_introspection_cppExport.cmake
[5.718s] -- Installing: /home/niuoruo/workspace/sentry/ws/desicion/install/sentry_srvs/share/sentry_srvs/cmake/sentry_srvs__rosidl_typesupport_introspection_cppExport-noconfig.cmake
[5.718s] -- Installing: /home/niuoruo/workspace/sentry/ws/desicion/install/sentry_srvs/share/sentry_srvs/cmake/sentry_srvs__rosidl_typesupport_cppExport.cmake
[5.718s] -- Installing: /home/niuoruo/workspace/sentry/ws/desicion/install/sentry_srvs/share/sentry_srvs/cmake/sentry_srvs__rosidl_typesupport_cppExport-noconfig.cmake
[5.718s] -- Installing: /home/niuoruo/workspace/sentry/ws/desicion/install/sentry_srvs/share/sentry_srvs/cmake/rosidl_cmake-extras.cmake
[5.719s] -- Installing: /home/niuoruo/workspace/sentry/ws/desicion/install/sentry_srvs/share/sentry_srvs/cmake/ament_cmake_export_dependencies-extras.cmake
[5.719s] -- Installing: /home/niuoruo/workspace/sentry/ws/desicion/install/sentry_srvs/share/sentry_srvs/cmake/ament_cmake_export_libraries-extras.cmake
[5.719s] -- Installing: /home/niuoruo/workspace/sentry/ws/desicion/install/sentry_srvs/share/sentry_srvs/cmake/ament_cmake_export_targets-extras.cmake
[5.719s] -- Installing: /home/niuoruo/workspace/sentry/ws/desicion/install/sentry_srvs/share/sentry_srvs/cmake/ament_cmake_export_include_directories-extras.cmake
[5.719s] -- Installing: /home/niuoruo/workspace/sentry/ws/desicion/install/sentry_srvs/share/sentry_srvs/cmake/rosidl_cmake_export_typesupport_libraries-extras.cmake
[5.719s] -- Installing: /home/niuoruo/workspace/sentry/ws/desicion/install/sentry_srvs/share/sentry_srvs/cmake/rosidl_cmake_export_typesupport_targets-extras.cmake
[5.719s] -- Installing: /home/niuoruo/workspace/sentry/ws/desicion/install/sentry_srvs/share/sentry_srvs/cmake/sentry_srvsConfig.cmake
[5.719s] -- Installing: /home/niuoruo/workspace/sentry/ws/desicion/install/sentry_srvs/share/sentry_srvs/cmake/sentry_srvsConfig-version.cmake
[5.719s] -- Installing: /home/niuoruo/workspace/sentry/ws/desicion/install/sentry_srvs/share/sentry_srvs/package.xml
[5.720s] Invoked command in '/home/niuoruo/workspace/sentry/ws/desicion/build/sentry_srvs' returned '0': CMAKE_PREFIX_PATH=/opt/ros/foxy /usr/bin/cmake --install /home/niuoruo/workspace/sentry/ws/desicion/build/sentry_srvs
