[0.443s] Invoking command in '/home/niuoruo/workspace/sentry/ws/sentry_desicion/build/sentry_interfaces': CMAKE_PREFIX_PATH=/opt/ros/foxy /usr/bin/cmake /home/niuoruo/workspace/sentry/ws/sentry_desicion/src/sentry_interfaces -DCMAKE_INSTALL_PREFIX=/home/niuoruo/workspace/sentry/ws/sentry_desicion/install/sentry_interfaces
[0.485s] -- The C compiler identification is GNU 9.4.0
[0.527s] -- The CXX compiler identification is GNU 9.4.0
[0.532s] -- Check for working C compiler: /usr/bin/cc
[0.582s] -- Check for working C compiler: /usr/bin/cc -- works
[0.583s] -- Detecting C compiler ABI info
[0.635s] -- Detecting C compiler ABI info - done
[0.644s] -- Detecting C compile features
[0.644s] -- Detecting C compile features - done
[0.646s] -- Check for working CXX compiler: /usr/bin/c++
[0.704s] -- Check for working CXX compiler: /usr/bin/c++ -- works
[0.705s] -- Detecting CXX compiler ABI info
[0.764s] -- Detecting CXX compiler ABI info - done
[0.773s] -- Detecting CXX compile features
[0.774s] -- Detecting CXX compile features - done
[0.775s] -- Found ament_cmake: 0.9.12 (/opt/ros/foxy/share/ament_cmake/cmake)
[0.794s] -- Found PythonInterp: /usr/bin/python3 (found suitable version "3.8.10", minimum required is "3") 
[0.794s] -- Using PYTHON_EXECUTABLE: /usr/bin/python3
[0.957s] -- Found rosidl_default_generators: 1.0.1 (/opt/ros/foxy/share/rosidl_default_generators/cmake)
[0.959s] -- Using all available rosidl_typesupport_c: rosidl_typesupport_fastrtps_c;rosidl_typesupport_introspection_c
[0.965s] -- Found rosidl_adapter: 1.3.1 (/opt/ros/foxy/share/rosidl_adapter/cmake)
[1.048s] -- Found OpenSSL: /usr/lib/x86_64-linux-gnu/libcrypto.so (found version "1.1.1f")  
[1.073s] -- Found FastRTPS: /opt/ros/foxy/include  
[1.135s] -- Using all available rosidl_typesupport_cpp: rosidl_typesupport_fastrtps_cpp;rosidl_typesupport_introspection_cpp
[1.156s] -- Found geometry_msgs: 2.0.5 (/opt/ros/foxy/share/geometry_msgs/cmake)
[1.227s] -- Found PythonInterp: /usr/bin/python3 (found version "3.8.10") 
[1.373s] -- Found ament_cmake_ros: 0.9.2 (/opt/ros/foxy/share/ament_cmake_ros/cmake)
[1.560s] -- Using all available rosidl_typesupport_c: rosidl_typesupport_fastrtps_c;rosidl_typesupport_introspection_c
[1.638s] -- Using all available rosidl_typesupport_cpp: rosidl_typesupport_fastrtps_cpp;rosidl_typesupport_introspection_cpp
[1.662s] -- Found PythonInterp: /usr/bin/python3 (found suitable version "3.8.10", minimum required is "3.5") 
[1.663s] -- Found python_cmake_module: 0.8.1 (/opt/ros/foxy/share/python_cmake_module/cmake)
[1.689s] -- Found PythonLibs: /usr/lib/x86_64-linux-gnu/libpython3.8.so (found suitable version "3.8.10", minimum required is "3.5") 
[1.689s] -- Using PYTHON_EXECUTABLE: /usr/bin/python3
[1.689s] -- Using PYTHON_INCLUDE_DIRS: /usr/include/python3.8
[1.689s] -- Using PYTHON_LIBRARIES: /usr/lib/x86_64-linux-gnu/libpython3.8.so
[1.706s] -- Found PythonExtra: .so  
[1.776s] -- Found ament_lint_auto: 0.9.8 (/opt/ros/foxy/share/ament_lint_auto/cmake)
[1.791s] -- Added test 'copyright' to check source files copyright and LICENSE
[1.792s] -- Added test 'lint_cmake' to check CMake code style
[1.793s] -- Added test 'xmllint' to check XML markup files
[1.796s] -- Configuring done
[1.835s] -- Generating done
[1.836s] -- Build files have been written to: /home/niuoruo/workspace/sentry/ws/sentry_desicion/build/sentry_interfaces
[1.880s] Invoked command in '/home/niuoruo/workspace/sentry/ws/sentry_desicion/build/sentry_interfaces' returned '0': CMAKE_PREFIX_PATH=/opt/ros/foxy /usr/bin/cmake /home/niuoruo/workspace/sentry/ws/sentry_desicion/src/sentry_interfaces -DCMAKE_INSTALL_PREFIX=/home/niuoruo/workspace/sentry/ws/sentry_desicion/install/sentry_interfaces
[1.883s] Invoking command in '/home/niuoruo/workspace/sentry/ws/sentry_desicion/build/sentry_interfaces': CMAKE_PREFIX_PATH=/opt/ros/foxy /usr/bin/cmake --build /home/niuoruo/workspace/sentry/ws/sentry_desicion/build/sentry_interfaces -- -j16 -l16
[1.916s] [  3%] [34m[1mGenerating C code for ROS interfaces[0m
[1.916s] [35m[1mScanning dependencies of target sentry_interfaces__cpp[0m
[1.923s] [  6%] [34m[1mGenerating C++ code for ROS interfaces[0m
[2.144s] [35m[1mScanning dependencies of target sentry_interfaces__rosidl_generator_c[0m
[2.152s] [  6%] Built target sentry_interfaces__cpp
[2.154s] [  9%] [32mBuilding C object CMakeFiles/sentry_interfaces__rosidl_generator_c.dir/rosidl_generator_c/sentry_interfaces/msg/detail/referee_information__functions.c.o[0m
[2.161s] [ 16%] [34m[1mGenerating C++ introspection for ROS interfaces[0m
[2.161s] [ 16%] [34m[1mGenerating C++ type support for eProsima Fast-RTPS[0m
[2.162s] [ 19%] [34m[1mGenerating C++ type support dispatch for ROS interfaces[0m
[2.195s] [ 22%] [32m[1mLinking C shared library libsentry_interfaces__rosidl_generator_c.so[0m
[2.233s] [ 22%] Built target sentry_interfaces__rosidl_generator_c
[2.242s] [ 29%] [34m[1mGenerating C introspection for ROS interfaces[0m
[2.243s] [ 29%] [34m[1mGenerating C type support dispatch for ROS interfaces[0m
[2.483s] [35m[1mScanning dependencies of target sentry_interfaces__rosidl_typesupport_fastrtps_cpp[0m
[2.504s] [ 32%] [32mBuilding CXX object CMakeFiles/sentry_interfaces__rosidl_typesupport_fastrtps_cpp.dir/rosidl_typesupport_fastrtps_cpp/sentry_interfaces/msg/detail/dds_fastrtps/referee_information__type_support.cpp.o[0m
[2.514s] [35m[1mScanning dependencies of target sentry_interfaces__rosidl_typesupport_cpp[0m
[2.529s] [ 35%] [32mBuilding CXX object CMakeFiles/sentry_interfaces__rosidl_typesupport_cpp.dir/rosidl_typesupport_cpp/sentry_interfaces/msg/referee_information__type_support.cpp.o[0m
[2.546s] [35m[1mScanning dependencies of target sentry_interfaces__rosidl_typesupport_introspection_c[0m
[2.548s] [35m[1mScanning dependencies of target sentry_interfaces__rosidl_typesupport_introspection_cpp[0m
[2.579s] [ 38%] [32mBuilding CXX object CMakeFiles/sentry_interfaces__rosidl_typesupport_introspection_cpp.dir/rosidl_typesupport_introspection_cpp/sentry_interfaces/msg/detail/referee_information__type_support.cpp.o[0m
[2.581s] [35m[1mScanning dependencies of target sentry_interfaces__rosidl_typesupport_c[0m
[2.588s] [ 41%] [32mBuilding C object CMakeFiles/sentry_interfaces__rosidl_typesupport_introspection_c.dir/rosidl_typesupport_introspection_c/sentry_interfaces/msg/detail/referee_information__type_support.c.o[0m
[2.598s] [ 45%] [32mBuilding CXX object CMakeFiles/sentry_interfaces__rosidl_typesupport_c.dir/rosidl_typesupport_c/sentry_interfaces/msg/referee_information__type_support.cpp.o[0m
[2.667s] [ 48%] [32m[1mLinking CXX shared library libsentry_interfaces__rosidl_typesupport_c.so[0m
[2.687s] [ 51%] [32m[1mLinking C shared library libsentry_interfaces__rosidl_typesupport_introspection_c.so[0m
[2.728s] [ 51%] Built target sentry_interfaces__rosidl_typesupport_c
[2.785s] [ 51%] Built target sentry_interfaces__rosidl_typesupport_introspection_c
[2.966s] [ 54%] [32m[1mLinking CXX shared library libsentry_interfaces__rosidl_typesupport_cpp.so[0m
[3.064s] [ 54%] Built target sentry_interfaces__rosidl_typesupport_cpp
[3.091s] [ 58%] [32m[1mLinking CXX shared library libsentry_interfaces__rosidl_typesupport_introspection_cpp.so[0m
[3.145s] [ 61%] [32m[1mLinking CXX shared library libsentry_interfaces__rosidl_typesupport_fastrtps_cpp.so[0m
[3.199s] [ 61%] Built target sentry_interfaces__rosidl_typesupport_introspection_cpp
[3.388s] [ 61%] Built target sentry_interfaces__rosidl_typesupport_fastrtps_cpp
[3.404s] [ 64%] [34m[1mGenerating C type support for eProsima Fast-RTPS[0m
[3.868s] [35m[1mScanning dependencies of target sentry_interfaces__rosidl_typesupport_fastrtps_c[0m
[3.902s] [ 67%] [32mBuilding CXX object CMakeFiles/sentry_interfaces__rosidl_typesupport_fastrtps_c.dir/rosidl_typesupport_fastrtps_c/sentry_interfaces/msg/detail/referee_information__type_support_c.cpp.o[0m
[4.280s] [ 70%] [32m[1mLinking CXX shared library libsentry_interfaces__rosidl_typesupport_fastrtps_c.so[0m
[4.360s] [ 70%] Built target sentry_interfaces__rosidl_typesupport_fastrtps_c
[4.370s] [35m[1mScanning dependencies of target sentry_interfaces[0m
[4.380s] [ 70%] Built target sentry_interfaces
[4.391s] [35m[1mScanning dependencies of target sentry_interfaces__py[0m
[4.403s] [ 74%] [34m[1mGenerating Python code for ROS interfaces[0m
[4.825s] [ 74%] Built target sentry_interfaces__py
[4.833s] [35m[1mScanning dependencies of target sentry_interfaces__python[0m
[4.848s] [ 77%] [32mBuilding C object CMakeFiles/sentry_interfaces__python.dir/rosidl_generator_py/sentry_interfaces/msg/_referee_information_s.c.o[0m
[4.923s] [ 80%] [32m[1mLinking C shared library rosidl_generator_py/sentry_interfaces/libsentry_interfaces__python.so[0m
[4.967s] [ 80%] Built target sentry_interfaces__python
[4.977s] [35m[1mScanning dependencies of target sentry_interfaces__rosidl_typesupport_introspection_c__pyext[0m
[4.980s] [35m[1mScanning dependencies of target sentry_interfaces__rosidl_typesupport_c__pyext[0m
[4.980s] [35m[1mScanning dependencies of target sentry_interfaces__rosidl_typesupport_fastrtps_c__pyext[0m
[4.996s] [ 83%] [32mBuilding C object CMakeFiles/sentry_interfaces__rosidl_typesupport_introspection_c__pyext.dir/rosidl_generator_py/sentry_interfaces/_sentry_interfaces_s.ep.rosidl_typesupport_introspection_c.c.o[0m
[5.004s] [ 87%] [32mBuilding C object CMakeFiles/sentry_interfaces__rosidl_typesupport_c__pyext.dir/rosidl_generator_py/sentry_interfaces/_sentry_interfaces_s.ep.rosidl_typesupport_c.c.o[0m
[5.022s] [ 90%] [32mBuilding C object CMakeFiles/sentry_interfaces__rosidl_typesupport_fastrtps_c__pyext.dir/rosidl_generator_py/sentry_interfaces/_sentry_interfaces_s.ep.rosidl_typesupport_fastrtps_c.c.o[0m
[5.078s] [ 93%] [32m[1mLinking C shared library rosidl_generator_py/sentry_interfaces/sentry_interfaces_s__rosidl_typesupport_c.cpython-38-x86_64-linux-gnu.so[0m
[5.101s] [ 96%] [32m[1mLinking C shared library rosidl_generator_py/sentry_interfaces/sentry_interfaces_s__rosidl_typesupport_introspection_c.cpython-38-x86_64-linux-gnu.so[0m
[5.128s] [ 96%] Built target sentry_interfaces__rosidl_typesupport_c__pyext
[5.148s] [100%] [32m[1mLinking CXX shared library rosidl_generator_py/sentry_interfaces/sentry_interfaces_s__rosidl_typesupport_fastrtps_c.cpython-38-x86_64-linux-gnu.so[0m
[5.154s] [100%] Built target sentry_interfaces__rosidl_typesupport_introspection_c__pyext
[5.240s] [100%] Built target sentry_interfaces__rosidl_typesupport_fastrtps_c__pyext
[5.257s] Invoked command in '/home/niuoruo/workspace/sentry/ws/sentry_desicion/build/sentry_interfaces' returned '0': CMAKE_PREFIX_PATH=/opt/ros/foxy /usr/bin/cmake --build /home/niuoruo/workspace/sentry/ws/sentry_desicion/build/sentry_interfaces -- -j16 -l16
[5.302s] Invoking command in '/home/niuoruo/workspace/sentry/ws/sentry_desicion/build/sentry_interfaces': CMAKE_PREFIX_PATH=/opt/ros/foxy /usr/bin/cmake --install /home/niuoruo/workspace/sentry/ws/sentry_desicion/build/sentry_interfaces
[5.308s] -- Install configuration: ""
[5.309s] -- Installing: /home/niuoruo/workspace/sentry/ws/sentry_desicion/install/sentry_interfaces/share/ament_index/resource_index/rosidl_interfaces/sentry_interfaces
[5.309s] -- Installing: /home/niuoruo/workspace/sentry/ws/sentry_desicion/install/sentry_interfaces/include/sentry_interfaces
[5.309s] -- Installing: /home/niuoruo/workspace/sentry/ws/sentry_desicion/install/sentry_interfaces/include/sentry_interfaces/msg
[5.309s] -- Installing: /home/niuoruo/workspace/sentry/ws/sentry_desicion/install/sentry_interfaces/include/sentry_interfaces/msg/referee_information.h
[5.309s] -- Installing: /home/niuoruo/workspace/sentry/ws/sentry_desicion/install/sentry_interfaces/include/sentry_interfaces/msg/detail
[5.309s] -- Installing: /home/niuoruo/workspace/sentry/ws/sentry_desicion/install/sentry_interfaces/include/sentry_interfaces/msg/detail/referee_information__struct.h
[5.309s] -- Installing: /home/niuoruo/workspace/sentry/ws/sentry_desicion/install/sentry_interfaces/include/sentry_interfaces/msg/detail/referee_information__functions.c
[5.309s] -- Installing: /home/niuoruo/workspace/sentry/ws/sentry_desicion/install/sentry_interfaces/include/sentry_interfaces/msg/detail/referee_information__type_support.h
[5.309s] -- Installing: /home/niuoruo/workspace/sentry/ws/sentry_desicion/install/sentry_interfaces/include/sentry_interfaces/msg/detail/referee_information__functions.h
[5.309s] -- Installing: /home/niuoruo/workspace/sentry/ws/sentry_desicion/install/sentry_interfaces/include/sentry_interfaces/msg/rosidl_generator_c__visibility_control.h
[5.309s] -- Installing: /home/niuoruo/workspace/sentry/ws/sentry_desicion/install/sentry_interfaces/share/sentry_interfaces/environment/library_path.sh
[5.310s] -- Installing: /home/niuoruo/workspace/sentry/ws/sentry_desicion/install/sentry_interfaces/share/sentry_interfaces/environment/library_path.dsv
[5.310s] -- Installing: /home/niuoruo/workspace/sentry/ws/sentry_desicion/install/sentry_interfaces/lib/libsentry_interfaces__rosidl_generator_c.so
[5.310s] -- Set runtime path of "/home/niuoruo/workspace/sentry/ws/sentry_desicion/install/sentry_interfaces/lib/libsentry_interfaces__rosidl_generator_c.so" to ""
[5.310s] -- Up-to-date: /home/niuoruo/workspace/sentry/ws/sentry_desicion/install/sentry_interfaces/include/sentry_interfaces
[5.311s] -- Up-to-date: /home/niuoruo/workspace/sentry/ws/sentry_desicion/install/sentry_interfaces/include/sentry_interfaces/msg
[5.311s] -- Up-to-date: /home/niuoruo/workspace/sentry/ws/sentry_desicion/install/sentry_interfaces/include/sentry_interfaces/msg/detail
[5.311s] -- Installing: /home/niuoruo/workspace/sentry/ws/sentry_desicion/install/sentry_interfaces/include/sentry_interfaces/msg/detail/referee_information__rosidl_typesupport_fastrtps_c.h
[5.311s] -- Installing: /home/niuoruo/workspace/sentry/ws/sentry_desicion/install/sentry_interfaces/include/sentry_interfaces/msg/rosidl_typesupport_fastrtps_c__visibility_control.h
[5.311s] -- Installing: /home/niuoruo/workspace/sentry/ws/sentry_desicion/install/sentry_interfaces/lib/libsentry_interfaces__rosidl_typesupport_fastrtps_c.so
[5.311s] -- Set runtime path of "/home/niuoruo/workspace/sentry/ws/sentry_desicion/install/sentry_interfaces/lib/libsentry_interfaces__rosidl_typesupport_fastrtps_c.so" to ""
[5.311s] -- Up-to-date: /home/niuoruo/workspace/sentry/ws/sentry_desicion/install/sentry_interfaces/include/sentry_interfaces
[5.311s] -- Up-to-date: /home/niuoruo/workspace/sentry/ws/sentry_desicion/install/sentry_interfaces/include/sentry_interfaces/msg
[5.311s] -- Installing: /home/niuoruo/workspace/sentry/ws/sentry_desicion/install/sentry_interfaces/include/sentry_interfaces/msg/rosidl_typesupport_fastrtps_cpp__visibility_control.h
[5.311s] -- Up-to-date: /home/niuoruo/workspace/sentry/ws/sentry_desicion/install/sentry_interfaces/include/sentry_interfaces/msg/detail
[5.311s] -- Installing: /home/niuoruo/workspace/sentry/ws/sentry_desicion/install/sentry_interfaces/include/sentry_interfaces/msg/detail/referee_information__rosidl_typesupport_fastrtps_cpp.hpp
[5.312s] -- Installing: /home/niuoruo/workspace/sentry/ws/sentry_desicion/install/sentry_interfaces/include/sentry_interfaces/msg/detail/dds_fastrtps
[5.312s] -- Installing: /home/niuoruo/workspace/sentry/ws/sentry_desicion/install/sentry_interfaces/lib/libsentry_interfaces__rosidl_typesupport_fastrtps_cpp.so
[5.312s] -- Set runtime path of "/home/niuoruo/workspace/sentry/ws/sentry_desicion/install/sentry_interfaces/lib/libsentry_interfaces__rosidl_typesupport_fastrtps_cpp.so" to ""
[5.312s] -- Up-to-date: /home/niuoruo/workspace/sentry/ws/sentry_desicion/install/sentry_interfaces/include/sentry_interfaces
[5.312s] -- Up-to-date: /home/niuoruo/workspace/sentry/ws/sentry_desicion/install/sentry_interfaces/include/sentry_interfaces/msg
[5.312s] -- Installing: /home/niuoruo/workspace/sentry/ws/sentry_desicion/install/sentry_interfaces/include/sentry_interfaces/msg/rosidl_typesupport_introspection_c__visibility_control.h
[5.312s] -- Up-to-date: /home/niuoruo/workspace/sentry/ws/sentry_desicion/install/sentry_interfaces/include/sentry_interfaces/msg/detail
[5.312s] -- Installing: /home/niuoruo/workspace/sentry/ws/sentry_desicion/install/sentry_interfaces/include/sentry_interfaces/msg/detail/referee_information__type_support.c
[5.312s] -- Installing: /home/niuoruo/workspace/sentry/ws/sentry_desicion/install/sentry_interfaces/include/sentry_interfaces/msg/detail/referee_information__rosidl_typesupport_introspection_c.h
[5.312s] -- Installing: /home/niuoruo/workspace/sentry/ws/sentry_desicion/install/sentry_interfaces/lib/libsentry_interfaces__rosidl_typesupport_introspection_c.so
[5.312s] -- Set runtime path of "/home/niuoruo/workspace/sentry/ws/sentry_desicion/install/sentry_interfaces/lib/libsentry_interfaces__rosidl_typesupport_introspection_c.so" to ""
[5.312s] -- Installing: /home/niuoruo/workspace/sentry/ws/sentry_desicion/install/sentry_interfaces/lib/libsentry_interfaces__rosidl_typesupport_c.so
[5.313s] -- Set runtime path of "/home/niuoruo/workspace/sentry/ws/sentry_desicion/install/sentry_interfaces/lib/libsentry_interfaces__rosidl_typesupport_c.so" to ""
[5.313s] -- Up-to-date: /home/niuoruo/workspace/sentry/ws/sentry_desicion/install/sentry_interfaces/include/sentry_interfaces
[5.313s] -- Up-to-date: /home/niuoruo/workspace/sentry/ws/sentry_desicion/install/sentry_interfaces/include/sentry_interfaces/msg
[5.313s] -- Installing: /home/niuoruo/workspace/sentry/ws/sentry_desicion/install/sentry_interfaces/include/sentry_interfaces/msg/rosidl_generator_cpp__visibility_control.hpp
[5.313s] -- Installing: /home/niuoruo/workspace/sentry/ws/sentry_desicion/install/sentry_interfaces/include/sentry_interfaces/msg/referee_information.hpp
[5.313s] -- Up-to-date: /home/niuoruo/workspace/sentry/ws/sentry_desicion/install/sentry_interfaces/include/sentry_interfaces/msg/detail
[5.313s] -- Installing: /home/niuoruo/workspace/sentry/ws/sentry_desicion/install/sentry_interfaces/include/sentry_interfaces/msg/detail/referee_information__traits.hpp
[5.313s] -- Installing: /home/niuoruo/workspace/sentry/ws/sentry_desicion/install/sentry_interfaces/include/sentry_interfaces/msg/detail/referee_information__struct.hpp
[5.313s] -- Installing: /home/niuoruo/workspace/sentry/ws/sentry_desicion/install/sentry_interfaces/include/sentry_interfaces/msg/detail/referee_information__type_support.hpp
[5.313s] -- Installing: /home/niuoruo/workspace/sentry/ws/sentry_desicion/install/sentry_interfaces/include/sentry_interfaces/msg/detail/referee_information__builder.hpp
[5.313s] -- Up-to-date: /home/niuoruo/workspace/sentry/ws/sentry_desicion/install/sentry_interfaces/include/sentry_interfaces
[5.314s] -- Up-to-date: /home/niuoruo/workspace/sentry/ws/sentry_desicion/install/sentry_interfaces/include/sentry_interfaces/msg
[5.314s] -- Up-to-date: /home/niuoruo/workspace/sentry/ws/sentry_desicion/install/sentry_interfaces/include/sentry_interfaces/msg/detail
[5.314s] -- Installing: /home/niuoruo/workspace/sentry/ws/sentry_desicion/install/sentry_interfaces/include/sentry_interfaces/msg/detail/referee_information__type_support.cpp
[5.314s] -- Installing: /home/niuoruo/workspace/sentry/ws/sentry_desicion/install/sentry_interfaces/include/sentry_interfaces/msg/detail/referee_information__rosidl_typesupport_introspection_cpp.hpp
[5.314s] -- Installing: /home/niuoruo/workspace/sentry/ws/sentry_desicion/install/sentry_interfaces/lib/libsentry_interfaces__rosidl_typesupport_introspection_cpp.so
[5.314s] -- Set runtime path of "/home/niuoruo/workspace/sentry/ws/sentry_desicion/install/sentry_interfaces/lib/libsentry_interfaces__rosidl_typesupport_introspection_cpp.so" to ""
[5.314s] -- Installing: /home/niuoruo/workspace/sentry/ws/sentry_desicion/install/sentry_interfaces/lib/libsentry_interfaces__rosidl_typesupport_cpp.so
[5.314s] -- Set runtime path of "/home/niuoruo/workspace/sentry/ws/sentry_desicion/install/sentry_interfaces/lib/libsentry_interfaces__rosidl_typesupport_cpp.so" to ""
[5.314s] -- Installing: /home/niuoruo/workspace/sentry/ws/sentry_desicion/install/sentry_interfaces/share/sentry_interfaces/environment/pythonpath.sh
[5.314s] -- Installing: /home/niuoruo/workspace/sentry/ws/sentry_desicion/install/sentry_interfaces/share/sentry_interfaces/environment/pythonpath.dsv
[5.315s] -- Installing: /home/niuoruo/workspace/sentry/ws/sentry_desicion/install/sentry_interfaces/lib/python3.8/site-packages/sentry_interfaces/__init__.py
[5.341s] Compiling '/home/niuoruo/workspace/sentry/ws/sentry_desicion/install/sentry_interfaces/lib/python3.8/site-packages/sentry_interfaces/__init__.py'...
[5.345s] -- Installing: /home/niuoruo/workspace/sentry/ws/sentry_desicion/install/sentry_interfaces/lib/python3.8/site-packages/sentry_interfaces/msg
[5.345s] -- Installing: /home/niuoruo/workspace/sentry/ws/sentry_desicion/install/sentry_interfaces/lib/python3.8/site-packages/sentry_interfaces/msg/__init__.py
[5.346s] -- Installing: /home/niuoruo/workspace/sentry/ws/sentry_desicion/install/sentry_interfaces/lib/python3.8/site-packages/sentry_interfaces/msg/_referee_information.py
[5.346s] -- Installing: /home/niuoruo/workspace/sentry/ws/sentry_desicion/install/sentry_interfaces/lib/python3.8/site-packages/sentry_interfaces/msg/_referee_information_s.c
[5.346s] -- Installing: /home/niuoruo/workspace/sentry/ws/sentry_desicion/install/sentry_interfaces/lib/python3.8/site-packages/sentry_interfaces/sentry_interfaces_s__rosidl_typesupport_fastrtps_c.cpython-38-x86_64-linux-gnu.so
[5.346s] -- Set runtime path of "/home/niuoruo/workspace/sentry/ws/sentry_desicion/install/sentry_interfaces/lib/python3.8/site-packages/sentry_interfaces/sentry_interfaces_s__rosidl_typesupport_fastrtps_c.cpython-38-x86_64-linux-gnu.so" to ""
[5.347s] -- Installing: /home/niuoruo/workspace/sentry/ws/sentry_desicion/install/sentry_interfaces/lib/python3.8/site-packages/sentry_interfaces/sentry_interfaces_s__rosidl_typesupport_introspection_c.cpython-38-x86_64-linux-gnu.so
[5.347s] -- Set runtime path of "/home/niuoruo/workspace/sentry/ws/sentry_desicion/install/sentry_interfaces/lib/python3.8/site-packages/sentry_interfaces/sentry_interfaces_s__rosidl_typesupport_introspection_c.cpython-38-x86_64-linux-gnu.so" to ""
[5.347s] -- Installing: /home/niuoruo/workspace/sentry/ws/sentry_desicion/install/sentry_interfaces/lib/python3.8/site-packages/sentry_interfaces/sentry_interfaces_s__rosidl_typesupport_c.cpython-38-x86_64-linux-gnu.so
[5.348s] -- Set runtime path of "/home/niuoruo/workspace/sentry/ws/sentry_desicion/install/sentry_interfaces/lib/python3.8/site-packages/sentry_interfaces/sentry_interfaces_s__rosidl_typesupport_c.cpython-38-x86_64-linux-gnu.so" to ""
[5.348s] -- Installing: /home/niuoruo/workspace/sentry/ws/sentry_desicion/install/sentry_interfaces/lib/libsentry_interfaces__python.so
[5.348s] -- Set runtime path of "/home/niuoruo/workspace/sentry/ws/sentry_desicion/install/sentry_interfaces/lib/libsentry_interfaces__python.so" to ""
[5.348s] -- Installing: /home/niuoruo/workspace/sentry/ws/sentry_desicion/install/sentry_interfaces/share/sentry_interfaces/msg/RefereeInformation.idl
[5.348s] -- Installing: /home/niuoruo/workspace/sentry/ws/sentry_desicion/install/sentry_interfaces/share/sentry_interfaces/msg/RefereeInformation.msg
[5.349s] -- Installing: /home/niuoruo/workspace/sentry/ws/sentry_desicion/install/sentry_interfaces/share/ament_index/resource_index/package_run_dependencies/sentry_interfaces
[5.349s] -- Installing: /home/niuoruo/workspace/sentry/ws/sentry_desicion/install/sentry_interfaces/share/ament_index/resource_index/parent_prefix_path/sentry_interfaces
[5.349s] -- Installing: /home/niuoruo/workspace/sentry/ws/sentry_desicion/install/sentry_interfaces/share/sentry_interfaces/environment/ament_prefix_path.sh
[5.349s] -- Installing: /home/niuoruo/workspace/sentry/ws/sentry_desicion/install/sentry_interfaces/share/sentry_interfaces/environment/ament_prefix_path.dsv
[5.349s] -- Installing: /home/niuoruo/workspace/sentry/ws/sentry_desicion/install/sentry_interfaces/share/sentry_interfaces/environment/path.sh
[5.349s] -- Installing: /home/niuoruo/workspace/sentry/ws/sentry_desicion/install/sentry_interfaces/share/sentry_interfaces/environment/path.dsv
[5.350s] -- Installing: /home/niuoruo/workspace/sentry/ws/sentry_desicion/install/sentry_interfaces/share/sentry_interfaces/local_setup.bash
[5.350s] -- Installing: /home/niuoruo/workspace/sentry/ws/sentry_desicion/install/sentry_interfaces/share/sentry_interfaces/local_setup.sh
[5.350s] -- Installing: /home/niuoruo/workspace/sentry/ws/sentry_desicion/install/sentry_interfaces/share/sentry_interfaces/local_setup.zsh
[5.350s] -- Installing: /home/niuoruo/workspace/sentry/ws/sentry_desicion/install/sentry_interfaces/share/sentry_interfaces/local_setup.dsv
[5.350s] -- Installing: /home/niuoruo/workspace/sentry/ws/sentry_desicion/install/sentry_interfaces/share/sentry_interfaces/package.dsv
[5.350s] -- Installing: /home/niuoruo/workspace/sentry/ws/sentry_desicion/install/sentry_interfaces/share/ament_index/resource_index/packages/sentry_interfaces
[5.351s] -- Installing: /home/niuoruo/workspace/sentry/ws/sentry_desicion/install/sentry_interfaces/share/sentry_interfaces/cmake/sentry_interfaces__rosidl_generator_cExport.cmake
[5.351s] -- Installing: /home/niuoruo/workspace/sentry/ws/sentry_desicion/install/sentry_interfaces/share/sentry_interfaces/cmake/sentry_interfaces__rosidl_generator_cExport-noconfig.cmake
[5.351s] -- Installing: /home/niuoruo/workspace/sentry/ws/sentry_desicion/install/sentry_interfaces/share/sentry_interfaces/cmake/sentry_interfaces__rosidl_typesupport_introspection_cExport.cmake
[5.351s] -- Installing: /home/niuoruo/workspace/sentry/ws/sentry_desicion/install/sentry_interfaces/share/sentry_interfaces/cmake/sentry_interfaces__rosidl_typesupport_introspection_cExport-noconfig.cmake
[5.351s] -- Installing: /home/niuoruo/workspace/sentry/ws/sentry_desicion/install/sentry_interfaces/share/sentry_interfaces/cmake/sentry_interfaces__rosidl_typesupport_cExport.cmake
[5.351s] -- Installing: /home/niuoruo/workspace/sentry/ws/sentry_desicion/install/sentry_interfaces/share/sentry_interfaces/cmake/sentry_interfaces__rosidl_typesupport_cExport-noconfig.cmake
[5.352s] -- Installing: /home/niuoruo/workspace/sentry/ws/sentry_desicion/install/sentry_interfaces/share/sentry_interfaces/cmake/sentry_interfaces__rosidl_generator_cppExport.cmake
[5.352s] -- Installing: /home/niuoruo/workspace/sentry/ws/sentry_desicion/install/sentry_interfaces/share/sentry_interfaces/cmake/sentry_interfaces__rosidl_typesupport_introspection_cppExport.cmake
[5.352s] -- Installing: /home/niuoruo/workspace/sentry/ws/sentry_desicion/install/sentry_interfaces/share/sentry_interfaces/cmake/sentry_interfaces__rosidl_typesupport_introspection_cppExport-noconfig.cmake
[5.352s] -- Installing: /home/niuoruo/workspace/sentry/ws/sentry_desicion/install/sentry_interfaces/share/sentry_interfaces/cmake/sentry_interfaces__rosidl_typesupport_cppExport.cmake
[5.352s] -- Installing: /home/niuoruo/workspace/sentry/ws/sentry_desicion/install/sentry_interfaces/share/sentry_interfaces/cmake/sentry_interfaces__rosidl_typesupport_cppExport-noconfig.cmake
[5.352s] -- Installing: /home/niuoruo/workspace/sentry/ws/sentry_desicion/install/sentry_interfaces/share/sentry_interfaces/cmake/rosidl_cmake-extras.cmake
[5.353s] -- Installing: /home/niuoruo/workspace/sentry/ws/sentry_desicion/install/sentry_interfaces/share/sentry_interfaces/cmake/ament_cmake_export_dependencies-extras.cmake
[5.353s] -- Installing: /home/niuoruo/workspace/sentry/ws/sentry_desicion/install/sentry_interfaces/share/sentry_interfaces/cmake/ament_cmake_export_libraries-extras.cmake
[5.353s] -- Installing: /home/niuoruo/workspace/sentry/ws/sentry_desicion/install/sentry_interfaces/share/sentry_interfaces/cmake/ament_cmake_export_targets-extras.cmake
[5.353s] -- Installing: /home/niuoruo/workspace/sentry/ws/sentry_desicion/install/sentry_interfaces/share/sentry_interfaces/cmake/ament_cmake_export_include_directories-extras.cmake
[5.353s] -- Installing: /home/niuoruo/workspace/sentry/ws/sentry_desicion/install/sentry_interfaces/share/sentry_interfaces/cmake/rosidl_cmake_export_typesupport_libraries-extras.cmake
[5.353s] -- Installing: /home/niuoruo/workspace/sentry/ws/sentry_desicion/install/sentry_interfaces/share/sentry_interfaces/cmake/rosidl_cmake_export_typesupport_targets-extras.cmake
[5.354s] -- Installing: /home/niuoruo/workspace/sentry/ws/sentry_desicion/install/sentry_interfaces/share/sentry_interfaces/cmake/sentry_interfacesConfig.cmake
[5.354s] -- Installing: /home/niuoruo/workspace/sentry/ws/sentry_desicion/install/sentry_interfaces/share/sentry_interfaces/cmake/sentry_interfacesConfig-version.cmake
[5.354s] -- Installing: /home/niuoruo/workspace/sentry/ws/sentry_desicion/install/sentry_interfaces/share/sentry_interfaces/package.xml
[5.356s] Invoked command in '/home/niuoruo/workspace/sentry/ws/sentry_desicion/build/sentry_interfaces' returned '0': CMAKE_PREFIX_PATH=/opt/ros/foxy /usr/bin/cmake --install /home/niuoruo/workspace/sentry/ws/sentry_desicion/build/sentry_interfaces
