[0.167s] Invoking command in '/home/niuoruo/workspace/sentry/ws/sentry_desicion/build/bringup': CMAKE_PREFIX_PATH=${CMAKE_PREFIX_PATH}:/opt/ros/foxy /usr/bin/cmake --build /home/niuoruo/workspace/sentry/ws/sentry_desicion/build/bringup -- -j16 -l16
[0.199s] Invoked command in '/home/niuoruo/workspace/sentry/ws/sentry_desicion/build/bringup' returned '0': CMAKE_PREFIX_PATH=${CMAKE_PREFIX_PATH}:/opt/ros/foxy /usr/bin/cmake --build /home/niuoruo/workspace/sentry/ws/sentry_desicion/build/bringup -- -j16 -l16
[0.237s] Invoking command in '/home/niuoruo/workspace/sentry/ws/sentry_desicion/build/bringup': CMAKE_PREFIX_PATH=${CMAKE_PREFIX_PATH}:/opt/ros/foxy /usr/bin/cmake --install /home/niuoruo/workspace/sentry/ws/sentry_desicion/build/bringup
[0.243s] -- Install configuration: ""
[0.243s] -- Up-to-date: /home/niuoruo/workspace/sentry/ws/sentry_desicion/install/bringup/share/bringup/launch
[0.244s] -- Up-to-date: /home/niuoruo/workspace/sentry/ws/sentry_desicion/install/bringup/share/bringup/launch/start.launch1.py
[0.244s] -- Up-to-date: /home/niuoruo/workspace/sentry/ws/sentry_desicion/install/bringup/share/bringup/launch/start.launch.py
[0.244s] -- Up-to-date: /home/niuoruo/workspace/sentry/ws/sentry_desicion/install/bringup/share/bringup/launch/mapping.launch.py
[0.244s] -- Up-to-date: /home/niuoruo/workspace/sentry/ws/sentry_desicion/install/bringup/share/ament_index/resource_index/package_run_dependencies/bringup
[0.244s] -- Up-to-date: /home/niuoruo/workspace/sentry/ws/sentry_desicion/install/bringup/share/ament_index/resource_index/parent_prefix_path/bringup
[0.244s] -- Up-to-date: /home/niuoruo/workspace/sentry/ws/sentry_desicion/install/bringup/share/bringup/environment/ament_prefix_path.sh
[0.244s] -- Up-to-date: /home/niuoruo/workspace/sentry/ws/sentry_desicion/install/bringup/share/bringup/environment/ament_prefix_path.dsv
[0.244s] -- Up-to-date: /home/niuoruo/workspace/sentry/ws/sentry_desicion/install/bringup/share/bringup/environment/path.sh
[0.244s] -- Up-to-date: /home/niuoruo/workspace/sentry/ws/sentry_desicion/install/bringup/share/bringup/environment/path.dsv
[0.244s] -- Up-to-date: /home/niuoruo/workspace/sentry/ws/sentry_desicion/install/bringup/share/bringup/local_setup.bash
[0.244s] -- Up-to-date: /home/niuoruo/workspace/sentry/ws/sentry_desicion/install/bringup/share/bringup/local_setup.sh
[0.244s] -- Up-to-date: /home/niuoruo/workspace/sentry/ws/sentry_desicion/install/bringup/share/bringup/local_setup.zsh
[0.244s] -- Up-to-date: /home/niuoruo/workspace/sentry/ws/sentry_desicion/install/bringup/share/bringup/local_setup.dsv
[0.245s] -- Installing: /home/niuoruo/workspace/sentry/ws/sentry_desicion/install/bringup/share/bringup/package.dsv
[0.245s] -- Up-to-date: /home/niuoruo/workspace/sentry/ws/sentry_desicion/install/bringup/share/ament_index/resource_index/packages/bringup
[0.245s] -- Up-to-date: /home/niuoruo/workspace/sentry/ws/sentry_desicion/install/bringup/share/bringup/cmake/bringupConfig.cmake
[0.245s] -- Up-to-date: /home/niuoruo/workspace/sentry/ws/sentry_desicion/install/bringup/share/bringup/cmake/bringupConfig-version.cmake
[0.245s] -- Up-to-date: /home/niuoruo/workspace/sentry/ws/sentry_desicion/install/bringup/share/bringup/package.xml
[0.245s] Invoked command in '/home/niuoruo/workspace/sentry/ws/sentry_desicion/build/bringup' returned '0': CMAKE_PREFIX_PATH=${CMAKE_PREFIX_PATH}:/opt/ros/foxy /usr/bin/cmake --install /home/niuoruo/workspace/sentry/ws/sentry_desicion/build/bringup
