-- The C compiler identification is GNU 9.4.0
-- The CXX compiler identification is GNU 9.4.0
-- Check for working C compiler: /usr/bin/cc
-- Check for working C compiler: /usr/bin/cc -- works
-- Detecting C compiler ABI info
-- Detecting C compiler ABI info - done
-- Detecting C compile features
-- Detecting C compile features - done
-- Check for working CXX compiler: /usr/bin/c++
-- Check for working CXX compiler: /usr/bin/c++ -- works
-- Detecting CXX compiler ABI info
-- Detecting CXX compiler ABI info - done
-- Detecting CXX compile features
-- Detecting CXX compile features - done
-- Found ament_cmake: 0.9.12 (/opt/ros/foxy/share/ament_cmake/cmake)
-- Found PythonInterp: /usr/bin/python3 (found suitable version "3.8.10", minimum required is "3") 
-- Using PYTHON_EXECUTABLE: /usr/bin/python3
-- Found rosidl_default_generators: 1.0.1 (/opt/ros/foxy/share/rosidl_default_generators/cmake)
-- Using all available rosidl_typesupport_c: rosidl_typesupport_fastrtps_c;rosidl_typesupport_introspection_c
-- Found rosidl_adapter: 1.3.1 (/opt/ros/foxy/share/rosidl_adapter/cmake)
-- Found OpenSSL: /usr/lib/x86_64-linux-gnu/libcrypto.so (found version "1.1.1f")  
-- Found FastRTPS: /opt/ros/foxy/include  
-- Using all available rosidl_typesupport_cpp: rosidl_typesupport_fastrtps_cpp;rosidl_typesupport_introspection_cpp
-- Found geometry_msgs: 2.0.5 (/opt/ros/foxy/share/geometry_msgs/cmake)
-- Found ament_lint_auto: 0.9.8 (/opt/ros/foxy/share/ament_lint_auto/cmake)
-- Found PythonInterp: /usr/bin/python3 (found version "3.8.10") 
-- Found ament_cmake_ros: 0.9.2 (/opt/ros/foxy/share/ament_cmake_ros/cmake)
-- Using all available rosidl_typesupport_c: rosidl_typesupport_fastrtps_c;rosidl_typesupport_introspection_c
-- Using all available rosidl_typesupport_cpp: rosidl_typesupport_fastrtps_cpp;rosidl_typesupport_introspection_cpp
-- Found PythonInterp: /usr/bin/python3 (found suitable version "3.8.10", minimum required is "3.5") 
-- Found python_cmake_module: 0.8.1 (/opt/ros/foxy/share/python_cmake_module/cmake)
-- Found PythonLibs: /usr/lib/x86_64-linux-gnu/libpython3.8.so (found suitable version "3.8.10", minimum required is "3.5") 
-- Using PYTHON_EXECUTABLE: /usr/bin/python3
-- Using PYTHON_INCLUDE_DIRS: /usr/include/python3.8
-- Using PYTHON_LIBRARIES: /usr/lib/x86_64-linux-gnu/libpython3.8.so
-- Found PythonExtra: .so  
-- Added test 'copyright' to check source files copyright and LICENSE
-- Added test 'lint_cmake' to check CMake code style
-- Added test 'xmllint' to check XML markup files
-- Configuring done
-- Generating done
-- Build files have been written to: /home/niuoruo/workspace/sentry/ws/sentry_desicion/build/rmos_interfaces
[35m[1mScanning dependencies of target rmos_interfaces__cpp[0m
[  1%] [34m[1mGenerating C code for ROS interfaces[0m
[  2%] [34m[1mGenerating C++ code for ROS interfaces[0m
[  2%] Built target rmos_interfaces__cpp
[  3%] [34m[1mGenerating C++ type support dispatch for ROS interfaces[0m
[  4%] [34m[1mGenerating C++ type support for eProsima Fast-RTPS[0m
[  5%] [34m[1mGenerating C++ introspection for ROS interfaces[0m
[35m[1mScanning dependencies of target rmos_interfaces__rosidl_generator_c[0m
[  9%] [32mBuilding C object CMakeFiles/rmos_interfaces__rosidl_generator_c.dir/rosidl_generator_c/rmos_interfaces/msg/detail/quaternion_time__functions.c.o[0m
[  9%] [32mBuilding C object CMakeFiles/rmos_interfaces__rosidl_generator_c.dir/rosidl_generator_c/rmos_interfaces/msg/detail/armor__functions.c.o[0m
[  9%] [32mBuilding C object CMakeFiles/rmos_interfaces__rosidl_generator_c.dir/rosidl_generator_c/rmos_interfaces/msg/detail/color__functions.c.o[0m
[ 10%] [32mBuilding C object CMakeFiles/rmos_interfaces__rosidl_generator_c.dir/rosidl_generator_c/rmos_interfaces/msg/detail/armors__functions.c.o[0m
[ 11%] [32mBuilding C object CMakeFiles/rmos_interfaces__rosidl_generator_c.dir/rosidl_generator_c/rmos_interfaces/msg/detail/target__functions.c.o[0m
[ 12%] [32mBuilding C object CMakeFiles/rmos_interfaces__rosidl_generator_c.dir/rosidl_generator_c/rmos_interfaces/msg/detail/autoaim_state__functions.c.o[0m
[ 13%] [32mBuilding C object CMakeFiles/rmos_interfaces__rosidl_generator_c.dir/rosidl_generator_c/rmos_interfaces/msg/detail/bullet_speed__functions.c.o[0m
[ 14%] [32mBuilding C object CMakeFiles/rmos_interfaces__rosidl_generator_c.dir/rosidl_generator_c/rmos_interfaces/msg/detail/mode__functions.c.o[0m
[ 16%] [32m[1mLinking C shared library librmos_interfaces__rosidl_generator_c.so[0m
[ 16%] Built target rmos_interfaces__rosidl_generator_c
[ 17%] [34m[1mGenerating C introspection for ROS interfaces[0m
[ 18%] [34m[1mGenerating C type support dispatch for ROS interfaces[0m
[35m[1mScanning dependencies of target rmos_interfaces__rosidl_typesupport_cpp[0m
[ 20%] [32mBuilding CXX object CMakeFiles/rmos_interfaces__rosidl_typesupport_cpp.dir/rosidl_typesupport_cpp/rmos_interfaces/msg/armor__type_support.cpp.o[0m
[ 20%] [32mBuilding CXX object CMakeFiles/rmos_interfaces__rosidl_typesupport_cpp.dir/rosidl_typesupport_cpp/rmos_interfaces/msg/armors__type_support.cpp.o[0m
[ 22%] [32mBuilding CXX object CMakeFiles/rmos_interfaces__rosidl_typesupport_cpp.dir/rosidl_typesupport_cpp/rmos_interfaces/msg/color__type_support.cpp.o[0m
[ 21%] [32mBuilding CXX object CMakeFiles/rmos_interfaces__rosidl_typesupport_cpp.dir/rosidl_typesupport_cpp/rmos_interfaces/msg/quaternion_time__type_support.cpp.o[0m
[ 24%] [32mBuilding CXX object CMakeFiles/rmos_interfaces__rosidl_typesupport_cpp.dir/rosidl_typesupport_cpp/rmos_interfaces/msg/autoaim_state__type_support.cpp.o[0m
[ 25%] [32mBuilding CXX object CMakeFiles/rmos_interfaces__rosidl_typesupport_cpp.dir/rosidl_typesupport_cpp/rmos_interfaces/msg/mode__type_support.cpp.o[0m
[ 26%] [32mBuilding CXX object CMakeFiles/rmos_interfaces__rosidl_typesupport_cpp.dir/rosidl_typesupport_cpp/rmos_interfaces/msg/bullet_speed__type_support.cpp.o[0m
[ 27%] [32mBuilding CXX object CMakeFiles/rmos_interfaces__rosidl_typesupport_cpp.dir/rosidl_typesupport_cpp/rmos_interfaces/msg/target__type_support.cpp.o[0m
[35m[1mScanning dependencies of target rmos_interfaces__rosidl_typesupport_introspection_cpp[0m
[ 28%] [32mBuilding CXX object CMakeFiles/rmos_interfaces__rosidl_typesupport_introspection_cpp.dir/rosidl_typesupport_introspection_cpp/rmos_interfaces/msg/detail/armor__type_support.cpp.o[0m
[ 29%] [32mBuilding CXX object CMakeFiles/rmos_interfaces__rosidl_typesupport_introspection_cpp.dir/rosidl_typesupport_introspection_cpp/rmos_interfaces/msg/detail/armors__type_support.cpp.o[0m
[ 31%] [32mBuilding CXX object CMakeFiles/rmos_interfaces__rosidl_typesupport_introspection_cpp.dir/rosidl_typesupport_introspection_cpp/rmos_interfaces/msg/detail/quaternion_time__type_support.cpp.o[0m
[ 32%] [32mBuilding CXX object CMakeFiles/rmos_interfaces__rosidl_typesupport_introspection_cpp.dir/rosidl_typesupport_introspection_cpp/rmos_interfaces/msg/detail/bullet_speed__type_support.cpp.o[0m
[35m[1mScanning dependencies of target rmos_interfaces__rosidl_typesupport_c[0m
[ 33%] [32mBuilding CXX object CMakeFiles/rmos_interfaces__rosidl_typesupport_introspection_cpp.dir/rosidl_typesupport_introspection_cpp/rmos_interfaces/msg/detail/color__type_support.cpp.o[0m
[35m[1mScanning dependencies of target rmos_interfaces__rosidl_typesupport_fastrtps_cpp[0m
[ 34%] [32mBuilding CXX object CMakeFiles/rmos_interfaces__rosidl_typesupport_c.dir/rosidl_typesupport_c/rmos_interfaces/msg/armor__type_support.cpp.o[0m
[ 35%] [32mBuilding CXX object CMakeFiles/rmos_interfaces__rosidl_typesupport_fastrtps_cpp.dir/rosidl_typesupport_fastrtps_cpp/rmos_interfaces/msg/detail/dds_fastrtps/armor__type_support.cpp.o[0m
[ 36%] [32mBuilding CXX object CMakeFiles/rmos_interfaces__rosidl_typesupport_c.dir/rosidl_typesupport_c/rmos_interfaces/msg/armors__type_support.cpp.o[0m
[ 37%] [32mBuilding CXX object CMakeFiles/rmos_interfaces__rosidl_typesupport_introspection_cpp.dir/rosidl_typesupport_introspection_cpp/rmos_interfaces/msg/detail/mode__type_support.cpp.o[0m
[ 39%] [32mBuilding CXX object CMakeFiles/rmos_interfaces__rosidl_typesupport_introspection_cpp.dir/rosidl_typesupport_introspection_cpp/rmos_interfaces/msg/detail/autoaim_state__type_support.cpp.o[0m
[ 41%] [32mBuilding CXX object CMakeFiles/rmos_interfaces__rosidl_typesupport_c.dir/rosidl_typesupport_c/rmos_interfaces/msg/quaternion_time__type_support.cpp.o[0m
[ 41%] [32mBuilding CXX object CMakeFiles/rmos_interfaces__rosidl_typesupport_introspection_cpp.dir/rosidl_typesupport_introspection_cpp/rmos_interfaces/msg/detail/target__type_support.cpp.o[0m
[ 42%] [32mBuilding CXX object CMakeFiles/rmos_interfaces__rosidl_typesupport_fastrtps_cpp.dir/rosidl_typesupport_fastrtps_cpp/rmos_interfaces/msg/detail/dds_fastrtps/armors__type_support.cpp.o[0m
[ 43%] [32mBuilding CXX object CMakeFiles/rmos_interfaces__rosidl_typesupport_c.dir/rosidl_typesupport_c/rmos_interfaces/msg/color__type_support.cpp.o[0m
[ 44%] [32mBuilding CXX object CMakeFiles/rmos_interfaces__rosidl_typesupport_fastrtps_cpp.dir/rosidl_typesupport_fastrtps_cpp/rmos_interfaces/msg/detail/dds_fastrtps/quaternion_time__type_support.cpp.o[0m
[ 45%] [32mBuilding CXX object CMakeFiles/rmos_interfaces__rosidl_typesupport_c.dir/rosidl_typesupport_c/rmos_interfaces/msg/bullet_speed__type_support.cpp.o[0m
[ 47%] [32mBuilding CXX object CMakeFiles/rmos_interfaces__rosidl_typesupport_c.dir/rosidl_typesupport_c/rmos_interfaces/msg/mode__type_support.cpp.o[0m
[ 48%] [32m[1mLinking CXX shared library librmos_interfaces__rosidl_typesupport_cpp.so[0m
[ 49%] [32mBuilding CXX object CMakeFiles/rmos_interfaces__rosidl_typesupport_fastrtps_cpp.dir/rosidl_typesupport_fastrtps_cpp/rmos_interfaces/msg/detail/dds_fastrtps/color__type_support.cpp.o[0m
[ 50%] [32mBuilding CXX object CMakeFiles/rmos_interfaces__rosidl_typesupport_c.dir/rosidl_typesupport_c/rmos_interfaces/msg/autoaim_state__type_support.cpp.o[0m
[ 51%] [32mBuilding CXX object CMakeFiles/rmos_interfaces__rosidl_typesupport_c.dir/rosidl_typesupport_c/rmos_interfaces/msg/target__type_support.cpp.o[0m
[ 51%] Built target rmos_interfaces__rosidl_typesupport_cpp
[ 52%] [32mBuilding CXX object CMakeFiles/rmos_interfaces__rosidl_typesupport_fastrtps_cpp.dir/rosidl_typesupport_fastrtps_cpp/rmos_interfaces/msg/detail/dds_fastrtps/bullet_speed__type_support.cpp.o[0m
[ 54%] [32mBuilding CXX object CMakeFiles/rmos_interfaces__rosidl_typesupport_fastrtps_cpp.dir/rosidl_typesupport_fastrtps_cpp/rmos_interfaces/msg/detail/dds_fastrtps/mode__type_support.cpp.o[0m
[ 55%] [32mBuilding CXX object CMakeFiles/rmos_interfaces__rosidl_typesupport_fastrtps_cpp.dir/rosidl_typesupport_fastrtps_cpp/rmos_interfaces/msg/detail/dds_fastrtps/autoaim_state__type_support.cpp.o[0m
[ 56%] [32m[1mLinking CXX shared library librmos_interfaces__rosidl_typesupport_c.so[0m
[35m[1mScanning dependencies of target rmos_interfaces__rosidl_typesupport_introspection_c[0m
[ 57%] [32mBuilding CXX object CMakeFiles/rmos_interfaces__rosidl_typesupport_fastrtps_cpp.dir/rosidl_typesupport_fastrtps_cpp/rmos_interfaces/msg/detail/dds_fastrtps/target__type_support.cpp.o[0m
[ 58%] [32mBuilding C object CMakeFiles/rmos_interfaces__rosidl_typesupport_introspection_c.dir/rosidl_typesupport_introspection_c/rmos_interfaces/msg/detail/armors__type_support.c.o[0m
[ 59%] [32mBuilding C object CMakeFiles/rmos_interfaces__rosidl_typesupport_introspection_c.dir/rosidl_typesupport_introspection_c/rmos_interfaces/msg/detail/armor__type_support.c.o[0m
[ 60%] [32mBuilding C object CMakeFiles/rmos_interfaces__rosidl_typesupport_introspection_c.dir/rosidl_typesupport_introspection_c/rmos_interfaces/msg/detail/quaternion_time__type_support.c.o[0m
[ 62%] [32mBuilding C object CMakeFiles/rmos_interfaces__rosidl_typesupport_introspection_c.dir/rosidl_typesupport_introspection_c/rmos_interfaces/msg/detail/color__type_support.c.o[0m
[ 62%] Built target rmos_interfaces__rosidl_typesupport_c
[ 63%] [32mBuilding C object CMakeFiles/rmos_interfaces__rosidl_typesupport_introspection_c.dir/rosidl_typesupport_introspection_c/rmos_interfaces/msg/detail/mode__type_support.c.o[0m
[ 64%] [32mBuilding C object CMakeFiles/rmos_interfaces__rosidl_typesupport_introspection_c.dir/rosidl_typesupport_introspection_c/rmos_interfaces/msg/detail/bullet_speed__type_support.c.o[0m
[ 65%] [32mBuilding C object CMakeFiles/rmos_interfaces__rosidl_typesupport_introspection_c.dir/rosidl_typesupport_introspection_c/rmos_interfaces/msg/detail/target__type_support.c.o[0m
[ 66%] [32mBuilding C object CMakeFiles/rmos_interfaces__rosidl_typesupport_introspection_c.dir/rosidl_typesupport_introspection_c/rmos_interfaces/msg/detail/autoaim_state__type_support.c.o[0m
[ 68%] [32m[1mLinking CXX shared library librmos_interfaces__rosidl_typesupport_introspection_cpp.so[0m
[ 68%] [32m[1mLinking C shared library librmos_interfaces__rosidl_typesupport_introspection_c.so[0m
[ 68%] Built target rmos_interfaces__rosidl_typesupport_introspection_c
[ 68%] Built target rmos_interfaces__rosidl_typesupport_introspection_cpp
[ 70%] [32m[1mLinking CXX shared library librmos_interfaces__rosidl_typesupport_fastrtps_cpp.so[0m
[ 70%] Built target rmos_interfaces__rosidl_typesupport_fastrtps_cpp
[ 71%] [34m[1mGenerating C type support for eProsima Fast-RTPS[0m
[35m[1mScanning dependencies of target rmos_interfaces__rosidl_typesupport_fastrtps_c[0m
[ 74%] [32mBuilding CXX object CMakeFiles/rmos_interfaces__rosidl_typesupport_fastrtps_c.dir/rosidl_typesupport_fastrtps_c/rmos_interfaces/msg/detail/quaternion_time__type_support_c.cpp.o[0m
[ 74%] [32mBuilding CXX object CMakeFiles/rmos_interfaces__rosidl_typesupport_fastrtps_c.dir/rosidl_typesupport_fastrtps_c/rmos_interfaces/msg/detail/armor__type_support_c.cpp.o[0m
[ 74%] [32mBuilding CXX object CMakeFiles/rmos_interfaces__rosidl_typesupport_fastrtps_c.dir/rosidl_typesupport_fastrtps_c/rmos_interfaces/msg/detail/mode__type_support_c.cpp.o[0m
[ 75%] [32mBuilding CXX object CMakeFiles/rmos_interfaces__rosidl_typesupport_fastrtps_c.dir/rosidl_typesupport_fastrtps_c/rmos_interfaces/msg/detail/target__type_support_c.cpp.o[0m
[ 77%] [32mBuilding CXX object CMakeFiles/rmos_interfaces__rosidl_typesupport_fastrtps_c.dir/rosidl_typesupport_fastrtps_c/rmos_interfaces/msg/detail/color__type_support_c.cpp.o[0m
[ 78%] [32mBuilding CXX object CMakeFiles/rmos_interfaces__rosidl_typesupport_fastrtps_c.dir/rosidl_typesupport_fastrtps_c/rmos_interfaces/msg/detail/autoaim_state__type_support_c.cpp.o[0m
[ 79%] [32mBuilding CXX object CMakeFiles/rmos_interfaces__rosidl_typesupport_fastrtps_c.dir/rosidl_typesupport_fastrtps_c/rmos_interfaces/msg/detail/armors__type_support_c.cpp.o[0m
[ 80%] [32mBuilding CXX object CMakeFiles/rmos_interfaces__rosidl_typesupport_fastrtps_c.dir/rosidl_typesupport_fastrtps_c/rmos_interfaces/msg/detail/bullet_speed__type_support_c.cpp.o[0m
[ 81%] [32m[1mLinking CXX shared library librmos_interfaces__rosidl_typesupport_fastrtps_c.so[0m
[ 81%] Built target rmos_interfaces__rosidl_typesupport_fastrtps_c
[35m[1mScanning dependencies of target rmos_interfaces[0m
[ 81%] Built target rmos_interfaces
[35m[1mScanning dependencies of target rmos_interfaces__py[0m
[ 82%] [34m[1mGenerating Python code for ROS interfaces[0m
[ 82%] Built target rmos_interfaces__py
[35m[1mScanning dependencies of target rmos_interfaces__python[0m
[ 86%] [32mBuilding C object CMakeFiles/rmos_interfaces__python.dir/rosidl_generator_py/rmos_interfaces/msg/_armor_s.c.o[0m
[ 86%] [32mBuilding C object CMakeFiles/rmos_interfaces__python.dir/rosidl_generator_py/rmos_interfaces/msg/_color_s.c.o[0m
[ 86%] [32mBuilding C object CMakeFiles/rmos_interfaces__python.dir/rosidl_generator_py/rmos_interfaces/msg/_armors_s.c.o[0m
[ 87%] [32mBuilding C object CMakeFiles/rmos_interfaces__python.dir/rosidl_generator_py/rmos_interfaces/msg/_quaternion_time_s.c.o[0m
[ 88%] [32mBuilding C object CMakeFiles/rmos_interfaces__python.dir/rosidl_generator_py/rmos_interfaces/msg/_mode_s.c.o[0m
[ 89%] [32mBuilding C object CMakeFiles/rmos_interfaces__python.dir/rosidl_generator_py/rmos_interfaces/msg/_bullet_speed_s.c.o[0m
[ 90%] [32mBuilding C object CMakeFiles/rmos_interfaces__python.dir/rosidl_generator_py/rmos_interfaces/msg/_target_s.c.o[0m
[ 91%] [32mBuilding C object CMakeFiles/rmos_interfaces__python.dir/rosidl_generator_py/rmos_interfaces/msg/_autoaim_state_s.c.o[0m
[ 93%] [32m[1mLinking C shared library rosidl_generator_py/rmos_interfaces/librmos_interfaces__python.so[0m
[ 93%] Built target rmos_interfaces__python
[35m[1mScanning dependencies of target rmos_interfaces__rosidl_typesupport_introspection_c__pyext[0m
[35m[1mScanning dependencies of target rmos_interfaces__rosidl_typesupport_fastrtps_c__pyext[0m
[35m[1mScanning dependencies of target rmos_interfaces__rosidl_typesupport_c__pyext[0m
[ 95%] [32mBuilding C object CMakeFiles/rmos_interfaces__rosidl_typesupport_introspection_c__pyext.dir/rosidl_generator_py/rmos_interfaces/_rmos_interfaces_s.ep.rosidl_typesupport_introspection_c.c.o[0m
[ 95%] [32mBuilding C object CMakeFiles/rmos_interfaces__rosidl_typesupport_c__pyext.dir/rosidl_generator_py/rmos_interfaces/_rmos_interfaces_s.ep.rosidl_typesupport_c.c.o[0m
[ 96%] [32mBuilding C object CMakeFiles/rmos_interfaces__rosidl_typesupport_fastrtps_c__pyext.dir/rosidl_generator_py/rmos_interfaces/_rmos_interfaces_s.ep.rosidl_typesupport_fastrtps_c.c.o[0m
[ 97%] [32m[1mLinking C shared library rosidl_generator_py/rmos_interfaces/rmos_interfaces_s__rosidl_typesupport_c.cpython-38-x86_64-linux-gnu.so[0m
[ 98%] [32m[1mLinking CXX shared library rosidl_generator_py/rmos_interfaces/rmos_interfaces_s__rosidl_typesupport_fastrtps_c.cpython-38-x86_64-linux-gnu.so[0m
[100%] [32m[1mLinking C shared library rosidl_generator_py/rmos_interfaces/rmos_interfaces_s__rosidl_typesupport_introspection_c.cpython-38-x86_64-linux-gnu.so[0m
[100%] Built target rmos_interfaces__rosidl_typesupport_c__pyext
[100%] Built target rmos_interfaces__rosidl_typesupport_introspection_c__pyext
[100%] Built target rmos_interfaces__rosidl_typesupport_fastrtps_c__pyext
-- Install configuration: ""
-- Installing: /home/niuoruo/workspace/sentry/ws/sentry_desicion/install/rmos_interfaces/share/ament_index/resource_index/rosidl_interfaces/rmos_interfaces
-- Installing: /home/niuoruo/workspace/sentry/ws/sentry_desicion/install/rmos_interfaces/include/rmos_interfaces
-- Installing: /home/niuoruo/workspace/sentry/ws/sentry_desicion/install/rmos_interfaces/include/rmos_interfaces/msg
-- Installing: /home/niuoruo/workspace/sentry/ws/sentry_desicion/install/rmos_interfaces/include/rmos_interfaces/msg/target.h
-- Installing: /home/niuoruo/workspace/sentry/ws/sentry_desicion/install/rmos_interfaces/include/rmos_interfaces/msg/color.h
-- Installing: /home/niuoruo/workspace/sentry/ws/sentry_desicion/install/rmos_interfaces/include/rmos_interfaces/msg/mode.h
-- Installing: /home/niuoruo/workspace/sentry/ws/sentry_desicion/install/rmos_interfaces/include/rmos_interfaces/msg/armors.h
-- Installing: /home/niuoruo/workspace/sentry/ws/sentry_desicion/install/rmos_interfaces/include/rmos_interfaces/msg/armor.h
-- Installing: /home/niuoruo/workspace/sentry/ws/sentry_desicion/install/rmos_interfaces/include/rmos_interfaces/msg/quaternion_time.h
-- Installing: /home/niuoruo/workspace/sentry/ws/sentry_desicion/install/rmos_interfaces/include/rmos_interfaces/msg/autoaim_state.h
-- Installing: /home/niuoruo/workspace/sentry/ws/sentry_desicion/install/rmos_interfaces/include/rmos_interfaces/msg/bullet_speed.h
-- Installing: /home/niuoruo/workspace/sentry/ws/sentry_desicion/install/rmos_interfaces/include/rmos_interfaces/msg/detail
-- Installing: /home/niuoruo/workspace/sentry/ws/sentry_desicion/install/rmos_interfaces/include/rmos_interfaces/msg/detail/target__struct.h
-- Installing: /home/niuoruo/workspace/sentry/ws/sentry_desicion/install/rmos_interfaces/include/rmos_interfaces/msg/detail/mode__functions.c
-- Installing: /home/niuoruo/workspace/sentry/ws/sentry_desicion/install/rmos_interfaces/include/rmos_interfaces/msg/detail/armor__functions.c
-- Installing: /home/niuoruo/workspace/sentry/ws/sentry_desicion/install/rmos_interfaces/include/rmos_interfaces/msg/detail/target__functions.h
-- Installing: /home/niuoruo/workspace/sentry/ws/sentry_desicion/install/rmos_interfaces/include/rmos_interfaces/msg/detail/quaternion_time__functions.c
-- Installing: /home/niuoruo/workspace/sentry/ws/sentry_desicion/install/rmos_interfaces/include/rmos_interfaces/msg/detail/armor__type_support.h
-- Installing: /home/niuoruo/workspace/sentry/ws/sentry_desicion/install/rmos_interfaces/include/rmos_interfaces/msg/detail/mode__type_support.h
-- Installing: /home/niuoruo/workspace/sentry/ws/sentry_desicion/install/rmos_interfaces/include/rmos_interfaces/msg/detail/armors__functions.c
-- Installing: /home/niuoruo/workspace/sentry/ws/sentry_desicion/install/rmos_interfaces/include/rmos_interfaces/msg/detail/bullet_speed__struct.h
-- Installing: /home/niuoruo/workspace/sentry/ws/sentry_desicion/install/rmos_interfaces/include/rmos_interfaces/msg/detail/color__struct.h
-- Installing: /home/niuoruo/workspace/sentry/ws/sentry_desicion/install/rmos_interfaces/include/rmos_interfaces/msg/detail/bullet_speed__type_support.h
-- Installing: /home/niuoruo/workspace/sentry/ws/sentry_desicion/install/rmos_interfaces/include/rmos_interfaces/msg/detail/bullet_speed__functions.h
-- Installing: /home/niuoruo/workspace/sentry/ws/sentry_desicion/install/rmos_interfaces/include/rmos_interfaces/msg/detail/autoaim_state__functions.c
-- Installing: /home/niuoruo/workspace/sentry/ws/sentry_desicion/install/rmos_interfaces/include/rmos_interfaces/msg/detail/armors__type_support.h
-- Installing: /home/niuoruo/workspace/sentry/ws/sentry_desicion/install/rmos_interfaces/include/rmos_interfaces/msg/detail/autoaim_state__functions.h
-- Installing: /home/niuoruo/workspace/sentry/ws/sentry_desicion/install/rmos_interfaces/include/rmos_interfaces/msg/detail/armor__struct.h
-- Installing: /home/niuoruo/workspace/sentry/ws/sentry_desicion/install/rmos_interfaces/include/rmos_interfaces/msg/detail/color__functions.c
-- Installing: /home/niuoruo/workspace/sentry/ws/sentry_desicion/install/rmos_interfaces/include/rmos_interfaces/msg/detail/quaternion_time__type_support.h
-- Installing: /home/niuoruo/workspace/sentry/ws/sentry_desicion/install/rmos_interfaces/include/rmos_interfaces/msg/detail/armors__struct.h
-- Installing: /home/niuoruo/workspace/sentry/ws/sentry_desicion/install/rmos_interfaces/include/rmos_interfaces/msg/detail/quaternion_time__struct.h
-- Installing: /home/niuoruo/workspace/sentry/ws/sentry_desicion/install/rmos_interfaces/include/rmos_interfaces/msg/detail/mode__functions.h
-- Installing: /home/niuoruo/workspace/sentry/ws/sentry_desicion/install/rmos_interfaces/include/rmos_interfaces/msg/detail/color__type_support.h
-- Installing: /home/niuoruo/workspace/sentry/ws/sentry_desicion/install/rmos_interfaces/include/rmos_interfaces/msg/detail/mode__struct.h
-- Installing: /home/niuoruo/workspace/sentry/ws/sentry_desicion/install/rmos_interfaces/include/rmos_interfaces/msg/detail/armor__functions.h
-- Installing: /home/niuoruo/workspace/sentry/ws/sentry_desicion/install/rmos_interfaces/include/rmos_interfaces/msg/detail/target__functions.c
-- Installing: /home/niuoruo/workspace/sentry/ws/sentry_desicion/install/rmos_interfaces/include/rmos_interfaces/msg/detail/autoaim_state__struct.h
-- Installing: /home/niuoruo/workspace/sentry/ws/sentry_desicion/install/rmos_interfaces/include/rmos_interfaces/msg/detail/armors__functions.h
-- Installing: /home/niuoruo/workspace/sentry/ws/sentry_desicion/install/rmos_interfaces/include/rmos_interfaces/msg/detail/quaternion_time__functions.h
-- Installing: /home/niuoruo/workspace/sentry/ws/sentry_desicion/install/rmos_interfaces/include/rmos_interfaces/msg/detail/bullet_speed__functions.c
-- Installing: /home/niuoruo/workspace/sentry/ws/sentry_desicion/install/rmos_interfaces/include/rmos_interfaces/msg/detail/target__type_support.h
-- Installing: /home/niuoruo/workspace/sentry/ws/sentry_desicion/install/rmos_interfaces/include/rmos_interfaces/msg/detail/color__functions.h
-- Installing: /home/niuoruo/workspace/sentry/ws/sentry_desicion/install/rmos_interfaces/include/rmos_interfaces/msg/detail/autoaim_state__type_support.h
-- Installing: /home/niuoruo/workspace/sentry/ws/sentry_desicion/install/rmos_interfaces/include/rmos_interfaces/msg/rosidl_generator_c__visibility_control.h
-- Installing: /home/niuoruo/workspace/sentry/ws/sentry_desicion/install/rmos_interfaces/share/rmos_interfaces/environment/library_path.sh
-- Installing: /home/niuoruo/workspace/sentry/ws/sentry_desicion/install/rmos_interfaces/share/rmos_interfaces/environment/library_path.dsv
-- Installing: /home/niuoruo/workspace/sentry/ws/sentry_desicion/install/rmos_interfaces/lib/librmos_interfaces__rosidl_generator_c.so
-- Set runtime path of "/home/niuoruo/workspace/sentry/ws/sentry_desicion/install/rmos_interfaces/lib/librmos_interfaces__rosidl_generator_c.so" to ""
-- Up-to-date: /home/niuoruo/workspace/sentry/ws/sentry_desicion/install/rmos_interfaces/include/rmos_interfaces
-- Up-to-date: /home/niuoruo/workspace/sentry/ws/sentry_desicion/install/rmos_interfaces/include/rmos_interfaces/msg
-- Up-to-date: /home/niuoruo/workspace/sentry/ws/sentry_desicion/install/rmos_interfaces/include/rmos_interfaces/msg/detail
-- Installing: /home/niuoruo/workspace/sentry/ws/sentry_desicion/install/rmos_interfaces/include/rmos_interfaces/msg/detail/target__rosidl_typesupport_fastrtps_c.h
-- Installing: /home/niuoruo/workspace/sentry/ws/sentry_desicion/install/rmos_interfaces/include/rmos_interfaces/msg/detail/autoaim_state__rosidl_typesupport_fastrtps_c.h
-- Installing: /home/niuoruo/workspace/sentry/ws/sentry_desicion/install/rmos_interfaces/include/rmos_interfaces/msg/detail/quaternion_time__rosidl_typesupport_fastrtps_c.h
-- Installing: /home/niuoruo/workspace/sentry/ws/sentry_desicion/install/rmos_interfaces/include/rmos_interfaces/msg/detail/mode__rosidl_typesupport_fastrtps_c.h
-- Installing: /home/niuoruo/workspace/sentry/ws/sentry_desicion/install/rmos_interfaces/include/rmos_interfaces/msg/detail/armor__rosidl_typesupport_fastrtps_c.h
-- Installing: /home/niuoruo/workspace/sentry/ws/sentry_desicion/install/rmos_interfaces/include/rmos_interfaces/msg/detail/bullet_speed__rosidl_typesupport_fastrtps_c.h
-- Installing: /home/niuoruo/workspace/sentry/ws/sentry_desicion/install/rmos_interfaces/include/rmos_interfaces/msg/detail/armors__rosidl_typesupport_fastrtps_c.h
-- Installing: /home/niuoruo/workspace/sentry/ws/sentry_desicion/install/rmos_interfaces/include/rmos_interfaces/msg/detail/color__rosidl_typesupport_fastrtps_c.h
-- Installing: /home/niuoruo/workspace/sentry/ws/sentry_desicion/install/rmos_interfaces/include/rmos_interfaces/msg/rosidl_typesupport_fastrtps_c__visibility_control.h
-- Installing: /home/niuoruo/workspace/sentry/ws/sentry_desicion/install/rmos_interfaces/lib/librmos_interfaces__rosidl_typesupport_fastrtps_c.so
-- Set runtime path of "/home/niuoruo/workspace/sentry/ws/sentry_desicion/install/rmos_interfaces/lib/librmos_interfaces__rosidl_typesupport_fastrtps_c.so" to ""
-- Up-to-date: /home/niuoruo/workspace/sentry/ws/sentry_desicion/install/rmos_interfaces/include/rmos_interfaces
-- Up-to-date: /home/niuoruo/workspace/sentry/ws/sentry_desicion/install/rmos_interfaces/include/rmos_interfaces/msg
-- Installing: /home/niuoruo/workspace/sentry/ws/sentry_desicion/install/rmos_interfaces/include/rmos_interfaces/msg/rosidl_typesupport_fastrtps_cpp__visibility_control.h
-- Up-to-date: /home/niuoruo/workspace/sentry/ws/sentry_desicion/install/rmos_interfaces/include/rmos_interfaces/msg/detail
-- Installing: /home/niuoruo/workspace/sentry/ws/sentry_desicion/install/rmos_interfaces/include/rmos_interfaces/msg/detail/armor__rosidl_typesupport_fastrtps_cpp.hpp
-- Installing: /home/niuoruo/workspace/sentry/ws/sentry_desicion/install/rmos_interfaces/include/rmos_interfaces/msg/detail/autoaim_state__rosidl_typesupport_fastrtps_cpp.hpp
-- Installing: /home/niuoruo/workspace/sentry/ws/sentry_desicion/install/rmos_interfaces/include/rmos_interfaces/msg/detail/mode__rosidl_typesupport_fastrtps_cpp.hpp
-- Installing: /home/niuoruo/workspace/sentry/ws/sentry_desicion/install/rmos_interfaces/include/rmos_interfaces/msg/detail/color__rosidl_typesupport_fastrtps_cpp.hpp
-- Installing: /home/niuoruo/workspace/sentry/ws/sentry_desicion/install/rmos_interfaces/include/rmos_interfaces/msg/detail/quaternion_time__rosidl_typesupport_fastrtps_cpp.hpp
-- Installing: /home/niuoruo/workspace/sentry/ws/sentry_desicion/install/rmos_interfaces/include/rmos_interfaces/msg/detail/target__rosidl_typesupport_fastrtps_cpp.hpp
-- Installing: /home/niuoruo/workspace/sentry/ws/sentry_desicion/install/rmos_interfaces/include/rmos_interfaces/msg/detail/dds_fastrtps
-- Installing: /home/niuoruo/workspace/sentry/ws/sentry_desicion/install/rmos_interfaces/include/rmos_interfaces/msg/detail/armors__rosidl_typesupport_fastrtps_cpp.hpp
-- Installing: /home/niuoruo/workspace/sentry/ws/sentry_desicion/install/rmos_interfaces/include/rmos_interfaces/msg/detail/bullet_speed__rosidl_typesupport_fastrtps_cpp.hpp
-- Installing: /home/niuoruo/workspace/sentry/ws/sentry_desicion/install/rmos_interfaces/lib/librmos_interfaces__rosidl_typesupport_fastrtps_cpp.so
-- Set runtime path of "/home/niuoruo/workspace/sentry/ws/sentry_desicion/install/rmos_interfaces/lib/librmos_interfaces__rosidl_typesupport_fastrtps_cpp.so" to ""
-- Up-to-date: /home/niuoruo/workspace/sentry/ws/sentry_desicion/install/rmos_interfaces/include/rmos_interfaces
-- Up-to-date: /home/niuoruo/workspace/sentry/ws/sentry_desicion/install/rmos_interfaces/include/rmos_interfaces/msg
-- Installing: /home/niuoruo/workspace/sentry/ws/sentry_desicion/install/rmos_interfaces/include/rmos_interfaces/msg/rosidl_typesupport_introspection_c__visibility_control.h
-- Up-to-date: /home/niuoruo/workspace/sentry/ws/sentry_desicion/install/rmos_interfaces/include/rmos_interfaces/msg/detail
-- Installing: /home/niuoruo/workspace/sentry/ws/sentry_desicion/install/rmos_interfaces/include/rmos_interfaces/msg/detail/quaternion_time__type_support.c
-- Installing: /home/niuoruo/workspace/sentry/ws/sentry_desicion/install/rmos_interfaces/include/rmos_interfaces/msg/detail/bullet_speed__rosidl_typesupport_introspection_c.h
-- Installing: /home/niuoruo/workspace/sentry/ws/sentry_desicion/install/rmos_interfaces/include/rmos_interfaces/msg/detail/armor__rosidl_typesupport_introspection_c.h
-- Installing: /home/niuoruo/workspace/sentry/ws/sentry_desicion/install/rmos_interfaces/include/rmos_interfaces/msg/detail/target__rosidl_typesupport_introspection_c.h
-- Installing: /home/niuoruo/workspace/sentry/ws/sentry_desicion/install/rmos_interfaces/include/rmos_interfaces/msg/detail/color__rosidl_typesupport_introspection_c.h
-- Installing: /home/niuoruo/workspace/sentry/ws/sentry_desicion/install/rmos_interfaces/include/rmos_interfaces/msg/detail/quaternion_time__rosidl_typesupport_introspection_c.h
-- Installing: /home/niuoruo/workspace/sentry/ws/sentry_desicion/install/rmos_interfaces/include/rmos_interfaces/msg/detail/armor__type_support.c
-- Installing: /home/niuoruo/workspace/sentry/ws/sentry_desicion/install/rmos_interfaces/include/rmos_interfaces/msg/detail/autoaim_state__type_support.c
-- Installing: /home/niuoruo/workspace/sentry/ws/sentry_desicion/install/rmos_interfaces/include/rmos_interfaces/msg/detail/armors__rosidl_typesupport_introspection_c.h
-- Installing: /home/niuoruo/workspace/sentry/ws/sentry_desicion/install/rmos_interfaces/include/rmos_interfaces/msg/detail/autoaim_state__rosidl_typesupport_introspection_c.h
-- Installing: /home/niuoruo/workspace/sentry/ws/sentry_desicion/install/rmos_interfaces/include/rmos_interfaces/msg/detail/mode__type_support.c
-- Installing: /home/niuoruo/workspace/sentry/ws/sentry_desicion/install/rmos_interfaces/include/rmos_interfaces/msg/detail/color__type_support.c
-- Installing: /home/niuoruo/workspace/sentry/ws/sentry_desicion/install/rmos_interfaces/include/rmos_interfaces/msg/detail/armors__type_support.c
-- Installing: /home/niuoruo/workspace/sentry/ws/sentry_desicion/install/rmos_interfaces/include/rmos_interfaces/msg/detail/bullet_speed__type_support.c
-- Installing: /home/niuoruo/workspace/sentry/ws/sentry_desicion/install/rmos_interfaces/include/rmos_interfaces/msg/detail/mode__rosidl_typesupport_introspection_c.h
-- Installing: /home/niuoruo/workspace/sentry/ws/sentry_desicion/install/rmos_interfaces/include/rmos_interfaces/msg/detail/target__type_support.c
-- Installing: /home/niuoruo/workspace/sentry/ws/sentry_desicion/install/rmos_interfaces/lib/librmos_interfaces__rosidl_typesupport_introspection_c.so
-- Set runtime path of "/home/niuoruo/workspace/sentry/ws/sentry_desicion/install/rmos_interfaces/lib/librmos_interfaces__rosidl_typesupport_introspection_c.so" to ""
-- Installing: /home/niuoruo/workspace/sentry/ws/sentry_desicion/install/rmos_interfaces/lib/librmos_interfaces__rosidl_typesupport_c.so
-- Set runtime path of "/home/niuoruo/workspace/sentry/ws/sentry_desicion/install/rmos_interfaces/lib/librmos_interfaces__rosidl_typesupport_c.so" to ""
-- Up-to-date: /home/niuoruo/workspace/sentry/ws/sentry_desicion/install/rmos_interfaces/include/rmos_interfaces
-- Up-to-date: /home/niuoruo/workspace/sentry/ws/sentry_desicion/install/rmos_interfaces/include/rmos_interfaces/msg
-- Installing: /home/niuoruo/workspace/sentry/ws/sentry_desicion/install/rmos_interfaces/include/rmos_interfaces/msg/bullet_speed.hpp
-- Installing: /home/niuoruo/workspace/sentry/ws/sentry_desicion/install/rmos_interfaces/include/rmos_interfaces/msg/armors.hpp
-- Installing: /home/niuoruo/workspace/sentry/ws/sentry_desicion/install/rmos_interfaces/include/rmos_interfaces/msg/color.hpp
-- Installing: /home/niuoruo/workspace/sentry/ws/sentry_desicion/install/rmos_interfaces/include/rmos_interfaces/msg/armor.hpp
-- Installing: /home/niuoruo/workspace/sentry/ws/sentry_desicion/install/rmos_interfaces/include/rmos_interfaces/msg/rosidl_generator_cpp__visibility_control.hpp
-- Installing: /home/niuoruo/workspace/sentry/ws/sentry_desicion/install/rmos_interfaces/include/rmos_interfaces/msg/quaternion_time.hpp
-- Installing: /home/niuoruo/workspace/sentry/ws/sentry_desicion/install/rmos_interfaces/include/rmos_interfaces/msg/autoaim_state.hpp
-- Installing: /home/niuoruo/workspace/sentry/ws/sentry_desicion/install/rmos_interfaces/include/rmos_interfaces/msg/target.hpp
-- Up-to-date: /home/niuoruo/workspace/sentry/ws/sentry_desicion/install/rmos_interfaces/include/rmos_interfaces/msg/detail
-- Installing: /home/niuoruo/workspace/sentry/ws/sentry_desicion/install/rmos_interfaces/include/rmos_interfaces/msg/detail/color__struct.hpp
-- Installing: /home/niuoruo/workspace/sentry/ws/sentry_desicion/install/rmos_interfaces/include/rmos_interfaces/msg/detail/mode__traits.hpp
-- Installing: /home/niuoruo/workspace/sentry/ws/sentry_desicion/install/rmos_interfaces/include/rmos_interfaces/msg/detail/bullet_speed__type_support.hpp
-- Installing: /home/niuoruo/workspace/sentry/ws/sentry_desicion/install/rmos_interfaces/include/rmos_interfaces/msg/detail/armors__builder.hpp
-- Installing: /home/niuoruo/workspace/sentry/ws/sentry_desicion/install/rmos_interfaces/include/rmos_interfaces/msg/detail/mode__type_support.hpp
-- Installing: /home/niuoruo/workspace/sentry/ws/sentry_desicion/install/rmos_interfaces/include/rmos_interfaces/msg/detail/armor__type_support.hpp
-- Installing: /home/niuoruo/workspace/sentry/ws/sentry_desicion/install/rmos_interfaces/include/rmos_interfaces/msg/detail/autoaim_state__type_support.hpp
-- Installing: /home/niuoruo/workspace/sentry/ws/sentry_desicion/install/rmos_interfaces/include/rmos_interfaces/msg/detail/armors__type_support.hpp
-- Installing: /home/niuoruo/workspace/sentry/ws/sentry_desicion/install/rmos_interfaces/include/rmos_interfaces/msg/detail/color__builder.hpp
-- Installing: /home/niuoruo/workspace/sentry/ws/sentry_desicion/install/rmos_interfaces/include/rmos_interfaces/msg/detail/mode__builder.hpp
-- Installing: /home/niuoruo/workspace/sentry/ws/sentry_desicion/install/rmos_interfaces/include/rmos_interfaces/msg/detail/autoaim_state__builder.hpp
-- Installing: /home/niuoruo/workspace/sentry/ws/sentry_desicion/install/rmos_interfaces/include/rmos_interfaces/msg/detail/color__type_support.hpp
-- Installing: /home/niuoruo/workspace/sentry/ws/sentry_desicion/install/rmos_interfaces/include/rmos_interfaces/msg/detail/bullet_speed__traits.hpp
-- Installing: /home/niuoruo/workspace/sentry/ws/sentry_desicion/install/rmos_interfaces/include/rmos_interfaces/msg/detail/armors__struct.hpp
-- Installing: /home/niuoruo/workspace/sentry/ws/sentry_desicion/install/rmos_interfaces/include/rmos_interfaces/msg/detail/color__traits.hpp
-- Installing: /home/niuoruo/workspace/sentry/ws/sentry_desicion/install/rmos_interfaces/include/rmos_interfaces/msg/detail/target__struct.hpp
-- Installing: /home/niuoruo/workspace/sentry/ws/sentry_desicion/install/rmos_interfaces/include/rmos_interfaces/msg/detail/autoaim_state__traits.hpp
-- Installing: /home/niuoruo/workspace/sentry/ws/sentry_desicion/install/rmos_interfaces/include/rmos_interfaces/msg/detail/target__builder.hpp
-- Installing: /home/niuoruo/workspace/sentry/ws/sentry_desicion/install/rmos_interfaces/include/rmos_interfaces/msg/detail/target__traits.hpp
-- Installing: /home/niuoruo/workspace/sentry/ws/sentry_desicion/install/rmos_interfaces/include/rmos_interfaces/msg/detail/bullet_speed__struct.hpp
-- Installing: /home/niuoruo/workspace/sentry/ws/sentry_desicion/install/rmos_interfaces/include/rmos_interfaces/msg/detail/autoaim_state__struct.hpp
-- Installing: /home/niuoruo/workspace/sentry/ws/sentry_desicion/install/rmos_interfaces/include/rmos_interfaces/msg/detail/armor__traits.hpp
-- Installing: /home/niuoruo/workspace/sentry/ws/sentry_desicion/install/rmos_interfaces/include/rmos_interfaces/msg/detail/armors__traits.hpp
-- Installing: /home/niuoruo/workspace/sentry/ws/sentry_desicion/install/rmos_interfaces/include/rmos_interfaces/msg/detail/quaternion_time__struct.hpp
-- Installing: /home/niuoruo/workspace/sentry/ws/sentry_desicion/install/rmos_interfaces/include/rmos_interfaces/msg/detail/armor__builder.hpp
-- Installing: /home/niuoruo/workspace/sentry/ws/sentry_desicion/install/rmos_interfaces/include/rmos_interfaces/msg/detail/quaternion_time__builder.hpp
-- Installing: /home/niuoruo/workspace/sentry/ws/sentry_desicion/install/rmos_interfaces/include/rmos_interfaces/msg/detail/quaternion_time__type_support.hpp
-- Installing: /home/niuoruo/workspace/sentry/ws/sentry_desicion/install/rmos_interfaces/include/rmos_interfaces/msg/detail/quaternion_time__traits.hpp
-- Installing: /home/niuoruo/workspace/sentry/ws/sentry_desicion/install/rmos_interfaces/include/rmos_interfaces/msg/detail/bullet_speed__builder.hpp
-- Installing: /home/niuoruo/workspace/sentry/ws/sentry_desicion/install/rmos_interfaces/include/rmos_interfaces/msg/detail/mode__struct.hpp
-- Installing: /home/niuoruo/workspace/sentry/ws/sentry_desicion/install/rmos_interfaces/include/rmos_interfaces/msg/detail/target__type_support.hpp
-- Installing: /home/niuoruo/workspace/sentry/ws/sentry_desicion/install/rmos_interfaces/include/rmos_interfaces/msg/detail/armor__struct.hpp
-- Installing: /home/niuoruo/workspace/sentry/ws/sentry_desicion/install/rmos_interfaces/include/rmos_interfaces/msg/mode.hpp
-- Up-to-date: /home/niuoruo/workspace/sentry/ws/sentry_desicion/install/rmos_interfaces/include/rmos_interfaces
-- Up-to-date: /home/niuoruo/workspace/sentry/ws/sentry_desicion/install/rmos_interfaces/include/rmos_interfaces/msg
-- Up-to-date: /home/niuoruo/workspace/sentry/ws/sentry_desicion/install/rmos_interfaces/include/rmos_interfaces/msg/detail
-- Installing: /home/niuoruo/workspace/sentry/ws/sentry_desicion/install/rmos_interfaces/include/rmos_interfaces/msg/detail/quaternion_time__type_support.cpp
-- Installing: /home/niuoruo/workspace/sentry/ws/sentry_desicion/install/rmos_interfaces/include/rmos_interfaces/msg/detail/armor__rosidl_typesupport_introspection_cpp.hpp
-- Installing: /home/niuoruo/workspace/sentry/ws/sentry_desicion/install/rmos_interfaces/include/rmos_interfaces/msg/detail/armors__type_support.cpp
-- Installing: /home/niuoruo/workspace/sentry/ws/sentry_desicion/install/rmos_interfaces/include/rmos_interfaces/msg/detail/armor__type_support.cpp
-- Installing: /home/niuoruo/workspace/sentry/ws/sentry_desicion/install/rmos_interfaces/include/rmos_interfaces/msg/detail/bullet_speed__type_support.cpp
-- Installing: /home/niuoruo/workspace/sentry/ws/sentry_desicion/install/rmos_interfaces/include/rmos_interfaces/msg/detail/armors__rosidl_typesupport_introspection_cpp.hpp
-- Installing: /home/niuoruo/workspace/sentry/ws/sentry_desicion/install/rmos_interfaces/include/rmos_interfaces/msg/detail/mode__type_support.cpp
-- Installing: /home/niuoruo/workspace/sentry/ws/sentry_desicion/install/rmos_interfaces/include/rmos_interfaces/msg/detail/quaternion_time__rosidl_typesupport_introspection_cpp.hpp
-- Installing: /home/niuoruo/workspace/sentry/ws/sentry_desicion/install/rmos_interfaces/include/rmos_interfaces/msg/detail/color__type_support.cpp
-- Installing: /home/niuoruo/workspace/sentry/ws/sentry_desicion/install/rmos_interfaces/include/rmos_interfaces/msg/detail/target__type_support.cpp
-- Installing: /home/niuoruo/workspace/sentry/ws/sentry_desicion/install/rmos_interfaces/include/rmos_interfaces/msg/detail/autoaim_state__type_support.cpp
-- Installing: /home/niuoruo/workspace/sentry/ws/sentry_desicion/install/rmos_interfaces/include/rmos_interfaces/msg/detail/mode__rosidl_typesupport_introspection_cpp.hpp
-- Installing: /home/niuoruo/workspace/sentry/ws/sentry_desicion/install/rmos_interfaces/include/rmos_interfaces/msg/detail/autoaim_state__rosidl_typesupport_introspection_cpp.hpp
-- Installing: /home/niuoruo/workspace/sentry/ws/sentry_desicion/install/rmos_interfaces/include/rmos_interfaces/msg/detail/bullet_speed__rosidl_typesupport_introspection_cpp.hpp
-- Installing: /home/niuoruo/workspace/sentry/ws/sentry_desicion/install/rmos_interfaces/include/rmos_interfaces/msg/detail/color__rosidl_typesupport_introspection_cpp.hpp
-- Installing: /home/niuoruo/workspace/sentry/ws/sentry_desicion/install/rmos_interfaces/include/rmos_interfaces/msg/detail/target__rosidl_typesupport_introspection_cpp.hpp
-- Installing: /home/niuoruo/workspace/sentry/ws/sentry_desicion/install/rmos_interfaces/lib/librmos_interfaces__rosidl_typesupport_introspection_cpp.so
-- Set runtime path of "/home/niuoruo/workspace/sentry/ws/sentry_desicion/install/rmos_interfaces/lib/librmos_interfaces__rosidl_typesupport_introspection_cpp.so" to ""
-- Installing: /home/niuoruo/workspace/sentry/ws/sentry_desicion/install/rmos_interfaces/lib/librmos_interfaces__rosidl_typesupport_cpp.so
-- Set runtime path of "/home/niuoruo/workspace/sentry/ws/sentry_desicion/install/rmos_interfaces/lib/librmos_interfaces__rosidl_typesupport_cpp.so" to ""
-- Installing: /home/niuoruo/workspace/sentry/ws/sentry_desicion/install/rmos_interfaces/share/rmos_interfaces/environment/pythonpath.sh
-- Installing: /home/niuoruo/workspace/sentry/ws/sentry_desicion/install/rmos_interfaces/share/rmos_interfaces/environment/pythonpath.dsv
-- Installing: /home/niuoruo/workspace/sentry/ws/sentry_desicion/install/rmos_interfaces/lib/python3.8/site-packages/rmos_interfaces/__init__.py
Compiling '/home/niuoruo/workspace/sentry/ws/sentry_desicion/install/rmos_interfaces/lib/python3.8/site-packages/rmos_interfaces/__init__.py'...
-- Installing: /home/niuoruo/workspace/sentry/ws/sentry_desicion/install/rmos_interfaces/lib/python3.8/site-packages/rmos_interfaces/msg
-- Installing: /home/niuoruo/workspace/sentry/ws/sentry_desicion/install/rmos_interfaces/lib/python3.8/site-packages/rmos_interfaces/msg/_bullet_speed_s.c
-- Installing: /home/niuoruo/workspace/sentry/ws/sentry_desicion/install/rmos_interfaces/lib/python3.8/site-packages/rmos_interfaces/msg/_autoaim_state_s.c
-- Installing: /home/niuoruo/workspace/sentry/ws/sentry_desicion/install/rmos_interfaces/lib/python3.8/site-packages/rmos_interfaces/msg/_bullet_speed.py
-- Installing: /home/niuoruo/workspace/sentry/ws/sentry_desicion/install/rmos_interfaces/lib/python3.8/site-packages/rmos_interfaces/msg/__init__.py
-- Installing: /home/niuoruo/workspace/sentry/ws/sentry_desicion/install/rmos_interfaces/lib/python3.8/site-packages/rmos_interfaces/msg/_target_s.c
-- Installing: /home/niuoruo/workspace/sentry/ws/sentry_desicion/install/rmos_interfaces/lib/python3.8/site-packages/rmos_interfaces/msg/_mode_s.c
-- Installing: /home/niuoruo/workspace/sentry/ws/sentry_desicion/install/rmos_interfaces/lib/python3.8/site-packages/rmos_interfaces/msg/_armors.py
-- Installing: /home/niuoruo/workspace/sentry/ws/sentry_desicion/install/rmos_interfaces/lib/python3.8/site-packages/rmos_interfaces/msg/_color.py
-- Installing: /home/niuoruo/workspace/sentry/ws/sentry_desicion/install/rmos_interfaces/lib/python3.8/site-packages/rmos_interfaces/msg/_armor.py
-- Installing: /home/niuoruo/workspace/sentry/ws/sentry_desicion/install/rmos_interfaces/lib/python3.8/site-packages/rmos_interfaces/msg/_quaternion_time_s.c
-- Installing: /home/niuoruo/workspace/sentry/ws/sentry_desicion/install/rmos_interfaces/lib/python3.8/site-packages/rmos_interfaces/msg/_armors_s.c
-- Installing: /home/niuoruo/workspace/sentry/ws/sentry_desicion/install/rmos_interfaces/lib/python3.8/site-packages/rmos_interfaces/msg/_mode.py
-- Installing: /home/niuoruo/workspace/sentry/ws/sentry_desicion/install/rmos_interfaces/lib/python3.8/site-packages/rmos_interfaces/msg/_target.py
-- Installing: /home/niuoruo/workspace/sentry/ws/sentry_desicion/install/rmos_interfaces/lib/python3.8/site-packages/rmos_interfaces/msg/_quaternion_time.py
-- Installing: /home/niuoruo/workspace/sentry/ws/sentry_desicion/install/rmos_interfaces/lib/python3.8/site-packages/rmos_interfaces/msg/_armor_s.c
-- Installing: /home/niuoruo/workspace/sentry/ws/sentry_desicion/install/rmos_interfaces/lib/python3.8/site-packages/rmos_interfaces/msg/_autoaim_state.py
-- Installing: /home/niuoruo/workspace/sentry/ws/sentry_desicion/install/rmos_interfaces/lib/python3.8/site-packages/rmos_interfaces/msg/_color_s.c
-- Installing: /home/niuoruo/workspace/sentry/ws/sentry_desicion/install/rmos_interfaces/lib/python3.8/site-packages/rmos_interfaces/rmos_interfaces_s__rosidl_typesupport_fastrtps_c.cpython-38-x86_64-linux-gnu.so
-- Set runtime path of "/home/niuoruo/workspace/sentry/ws/sentry_desicion/install/rmos_interfaces/lib/python3.8/site-packages/rmos_interfaces/rmos_interfaces_s__rosidl_typesupport_fastrtps_c.cpython-38-x86_64-linux-gnu.so" to ""
-- Installing: /home/niuoruo/workspace/sentry/ws/sentry_desicion/install/rmos_interfaces/lib/python3.8/site-packages/rmos_interfaces/rmos_interfaces_s__rosidl_typesupport_introspection_c.cpython-38-x86_64-linux-gnu.so
-- Set runtime path of "/home/niuoruo/workspace/sentry/ws/sentry_desicion/install/rmos_interfaces/lib/python3.8/site-packages/rmos_interfaces/rmos_interfaces_s__rosidl_typesupport_introspection_c.cpython-38-x86_64-linux-gnu.so" to ""
-- Installing: /home/niuoruo/workspace/sentry/ws/sentry_desicion/install/rmos_interfaces/lib/python3.8/site-packages/rmos_interfaces/rmos_interfaces_s__rosidl_typesupport_c.cpython-38-x86_64-linux-gnu.so
-- Set runtime path of "/home/niuoruo/workspace/sentry/ws/sentry_desicion/install/rmos_interfaces/lib/python3.8/site-packages/rmos_interfaces/rmos_interfaces_s__rosidl_typesupport_c.cpython-38-x86_64-linux-gnu.so" to ""
-- Installing: /home/niuoruo/workspace/sentry/ws/sentry_desicion/install/rmos_interfaces/lib/librmos_interfaces__python.so
-- Set runtime path of "/home/niuoruo/workspace/sentry/ws/sentry_desicion/install/rmos_interfaces/lib/librmos_interfaces__python.so" to ""
-- Installing: /home/niuoruo/workspace/sentry/ws/sentry_desicion/install/rmos_interfaces/share/rmos_interfaces/msg/Armor.idl
-- Installing: /home/niuoruo/workspace/sentry/ws/sentry_desicion/install/rmos_interfaces/share/rmos_interfaces/msg/Armors.idl
-- Installing: /home/niuoruo/workspace/sentry/ws/sentry_desicion/install/rmos_interfaces/share/rmos_interfaces/msg/QuaternionTime.idl
-- Installing: /home/niuoruo/workspace/sentry/ws/sentry_desicion/install/rmos_interfaces/share/rmos_interfaces/msg/Color.idl
-- Installing: /home/niuoruo/workspace/sentry/ws/sentry_desicion/install/rmos_interfaces/share/rmos_interfaces/msg/BulletSpeed.idl
-- Installing: /home/niuoruo/workspace/sentry/ws/sentry_desicion/install/rmos_interfaces/share/rmos_interfaces/msg/Mode.idl
-- Installing: /home/niuoruo/workspace/sentry/ws/sentry_desicion/install/rmos_interfaces/share/rmos_interfaces/msg/AutoaimState.idl
-- Installing: /home/niuoruo/workspace/sentry/ws/sentry_desicion/install/rmos_interfaces/share/rmos_interfaces/msg/Target.idl
-- Installing: /home/niuoruo/workspace/sentry/ws/sentry_desicion/install/rmos_interfaces/share/rmos_interfaces/msg/Armor.msg
-- Installing: /home/niuoruo/workspace/sentry/ws/sentry_desicion/install/rmos_interfaces/share/rmos_interfaces/msg/Armors.msg
-- Installing: /home/niuoruo/workspace/sentry/ws/sentry_desicion/install/rmos_interfaces/share/rmos_interfaces/msg/QuaternionTime.msg
-- Installing: /home/niuoruo/workspace/sentry/ws/sentry_desicion/install/rmos_interfaces/share/rmos_interfaces/msg/Color.msg
-- Installing: /home/niuoruo/workspace/sentry/ws/sentry_desicion/install/rmos_interfaces/share/rmos_interfaces/msg/BulletSpeed.msg
-- Installing: /home/niuoruo/workspace/sentry/ws/sentry_desicion/install/rmos_interfaces/share/rmos_interfaces/msg/Mode.msg
-- Installing: /home/niuoruo/workspace/sentry/ws/sentry_desicion/install/rmos_interfaces/share/rmos_interfaces/msg/AutoaimState.msg
-- Installing: /home/niuoruo/workspace/sentry/ws/sentry_desicion/install/rmos_interfaces/share/rmos_interfaces/msg/Target.msg
-- Installing: /home/niuoruo/workspace/sentry/ws/sentry_desicion/install/rmos_interfaces/share/ament_index/resource_index/package_run_dependencies/rmos_interfaces
-- Installing: /home/niuoruo/workspace/sentry/ws/sentry_desicion/install/rmos_interfaces/share/ament_index/resource_index/parent_prefix_path/rmos_interfaces
-- Installing: /home/niuoruo/workspace/sentry/ws/sentry_desicion/install/rmos_interfaces/share/rmos_interfaces/environment/ament_prefix_path.sh
-- Installing: /home/niuoruo/workspace/sentry/ws/sentry_desicion/install/rmos_interfaces/share/rmos_interfaces/environment/ament_prefix_path.dsv
-- Installing: /home/niuoruo/workspace/sentry/ws/sentry_desicion/install/rmos_interfaces/share/rmos_interfaces/environment/path.sh
-- Installing: /home/niuoruo/workspace/sentry/ws/sentry_desicion/install/rmos_interfaces/share/rmos_interfaces/environment/path.dsv
-- Installing: /home/niuoruo/workspace/sentry/ws/sentry_desicion/install/rmos_interfaces/share/rmos_interfaces/local_setup.bash
-- Installing: /home/niuoruo/workspace/sentry/ws/sentry_desicion/install/rmos_interfaces/share/rmos_interfaces/local_setup.sh
-- Installing: /home/niuoruo/workspace/sentry/ws/sentry_desicion/install/rmos_interfaces/share/rmos_interfaces/local_setup.zsh
-- Installing: /home/niuoruo/workspace/sentry/ws/sentry_desicion/install/rmos_interfaces/share/rmos_interfaces/local_setup.dsv
-- Installing: /home/niuoruo/workspace/sentry/ws/sentry_desicion/install/rmos_interfaces/share/rmos_interfaces/package.dsv
-- Installing: /home/niuoruo/workspace/sentry/ws/sentry_desicion/install/rmos_interfaces/share/ament_index/resource_index/packages/rmos_interfaces
-- Installing: /home/niuoruo/workspace/sentry/ws/sentry_desicion/install/rmos_interfaces/share/rmos_interfaces/cmake/rmos_interfaces__rosidl_generator_cExport.cmake
-- Installing: /home/niuoruo/workspace/sentry/ws/sentry_desicion/install/rmos_interfaces/share/rmos_interfaces/cmake/rmos_interfaces__rosidl_generator_cExport-noconfig.cmake
-- Installing: /home/niuoruo/workspace/sentry/ws/sentry_desicion/install/rmos_interfaces/share/rmos_interfaces/cmake/rmos_interfaces__rosidl_typesupport_introspection_cExport.cmake
-- Installing: /home/niuoruo/workspace/sentry/ws/sentry_desicion/install/rmos_interfaces/share/rmos_interfaces/cmake/rmos_interfaces__rosidl_typesupport_introspection_cExport-noconfig.cmake
-- Installing: /home/niuoruo/workspace/sentry/ws/sentry_desicion/install/rmos_interfaces/share/rmos_interfaces/cmake/rmos_interfaces__rosidl_typesupport_cExport.cmake
-- Installing: /home/niuoruo/workspace/sentry/ws/sentry_desicion/install/rmos_interfaces/share/rmos_interfaces/cmake/rmos_interfaces__rosidl_typesupport_cExport-noconfig.cmake
-- Installing: /home/niuoruo/workspace/sentry/ws/sentry_desicion/install/rmos_interfaces/share/rmos_interfaces/cmake/rmos_interfaces__rosidl_generator_cppExport.cmake
-- Installing: /home/niuoruo/workspace/sentry/ws/sentry_desicion/install/rmos_interfaces/share/rmos_interfaces/cmake/rmos_interfaces__rosidl_typesupport_introspection_cppExport.cmake
-- Installing: /home/niuoruo/workspace/sentry/ws/sentry_desicion/install/rmos_interfaces/share/rmos_interfaces/cmake/rmos_interfaces__rosidl_typesupport_introspection_cppExport-noconfig.cmake
-- Installing: /home/niuoruo/workspace/sentry/ws/sentry_desicion/install/rmos_interfaces/share/rmos_interfaces/cmake/rmos_interfaces__rosidl_typesupport_cppExport.cmake
-- Installing: /home/niuoruo/workspace/sentry/ws/sentry_desicion/install/rmos_interfaces/share/rmos_interfaces/cmake/rmos_interfaces__rosidl_typesupport_cppExport-noconfig.cmake
-- Installing: /home/niuoruo/workspace/sentry/ws/sentry_desicion/install/rmos_interfaces/share/rmos_interfaces/cmake/rosidl_cmake-extras.cmake
-- Installing: /home/niuoruo/workspace/sentry/ws/sentry_desicion/install/rmos_interfaces/share/rmos_interfaces/cmake/ament_cmake_export_dependencies-extras.cmake
-- Installing: /home/niuoruo/workspace/sentry/ws/sentry_desicion/install/rmos_interfaces/share/rmos_interfaces/cmake/ament_cmake_export_libraries-extras.cmake
-- Installing: /home/niuoruo/workspace/sentry/ws/sentry_desicion/install/rmos_interfaces/share/rmos_interfaces/cmake/ament_cmake_export_targets-extras.cmake
-- Installing: /home/niuoruo/workspace/sentry/ws/sentry_desicion/install/rmos_interfaces/share/rmos_interfaces/cmake/ament_cmake_export_include_directories-extras.cmake
-- Installing: /home/niuoruo/workspace/sentry/ws/sentry_desicion/install/rmos_interfaces/share/rmos_interfaces/cmake/rosidl_cmake_export_typesupport_libraries-extras.cmake
-- Installing: /home/niuoruo/workspace/sentry/ws/sentry_desicion/install/rmos_interfaces/share/rmos_interfaces/cmake/rosidl_cmake_export_typesupport_targets-extras.cmake
-- Installing: /home/niuoruo/workspace/sentry/ws/sentry_desicion/install/rmos_interfaces/share/rmos_interfaces/cmake/rmos_interfacesConfig.cmake
-- Installing: /home/niuoruo/workspace/sentry/ws/sentry_desicion/install/rmos_interfaces/share/rmos_interfaces/cmake/rmos_interfacesConfig-version.cmake
-- Installing: /home/niuoruo/workspace/sentry/ws/sentry_desicion/install/rmos_interfaces/share/rmos_interfaces/package.xml
