[0.338s] Invoking command in '/home/niuoruo/workspace/sentry/ws/sentry_desicion/build/rmos_interfaces': CMAKE_PREFIX_PATH=/opt/ros/foxy /usr/bin/cmake /home/niuoruo/workspace/sentry/ws/sentry_desicion/src/rmos_interfaces -DCMAKE_INSTALL_PREFIX=/home/niuoruo/workspace/sentry/ws/sentry_desicion/install/rmos_interfaces
[0.376s] -- The C compiler identification is GNU 9.4.0
[0.415s] -- The CXX compiler identification is GNU 9.4.0
[0.419s] -- Check for working C compiler: /usr/bin/cc
[0.472s] -- Check for working C compiler: /usr/bin/cc -- works
[0.473s] -- Detecting C compiler ABI info
[0.525s] -- Detecting C compiler ABI info - done
[0.535s] -- Detecting C compile features
[0.535s] -- Detecting C compile features - done
[0.536s] -- Check for working CXX compiler: /usr/bin/c++
[0.601s] -- Check for working CXX compiler: /usr/bin/c++ -- works
[0.602s] -- Detecting CXX compiler ABI info
[0.658s] -- Detecting CXX compiler ABI info - done
[0.666s] -- Detecting CXX compile features
[0.667s] -- Detecting CXX compile features - done
[0.668s] -- Found ament_cmake: 0.9.12 (/opt/ros/foxy/share/ament_cmake/cmake)
[0.685s] -- Found PythonInterp: /usr/bin/python3 (found suitable version "3.8.10", minimum required is "3") 
[0.685s] -- Using PYTHON_EXECUTABLE: /usr/bin/python3
[0.846s] -- Found rosidl_default_generators: 1.0.1 (/opt/ros/foxy/share/rosidl_default_generators/cmake)
[0.848s] -- Using all available rosidl_typesupport_c: rosidl_typesupport_fastrtps_c;rosidl_typesupport_introspection_c
[0.853s] -- Found rosidl_adapter: 1.3.1 (/opt/ros/foxy/share/rosidl_adapter/cmake)
[0.937s] -- Found OpenSSL: /usr/lib/x86_64-linux-gnu/libcrypto.so (found version "1.1.1f")  
[0.963s] -- Found FastRTPS: /opt/ros/foxy/include  
[1.026s] -- Using all available rosidl_typesupport_cpp: rosidl_typesupport_fastrtps_cpp;rosidl_typesupport_introspection_cpp
[1.046s] -- Found geometry_msgs: 2.0.5 (/opt/ros/foxy/share/geometry_msgs/cmake)
[1.102s] -- Found ament_lint_auto: 0.9.8 (/opt/ros/foxy/share/ament_lint_auto/cmake)
[1.176s] -- Found PythonInterp: /usr/bin/python3 (found version "3.8.10") 
[1.293s] -- Found ament_cmake_ros: 0.9.2 (/opt/ros/foxy/share/ament_cmake_ros/cmake)
[1.481s] -- Using all available rosidl_typesupport_c: rosidl_typesupport_fastrtps_c;rosidl_typesupport_introspection_c
[1.571s] -- Using all available rosidl_typesupport_cpp: rosidl_typesupport_fastrtps_cpp;rosidl_typesupport_introspection_cpp
[1.591s] -- Found PythonInterp: /usr/bin/python3 (found suitable version "3.8.10", minimum required is "3.5") 
[1.593s] -- Found python_cmake_module: 0.8.1 (/opt/ros/foxy/share/python_cmake_module/cmake)
[1.616s] -- Found PythonLibs: /usr/lib/x86_64-linux-gnu/libpython3.8.so (found suitable version "3.8.10", minimum required is "3.5") 
[1.616s] -- Using PYTHON_EXECUTABLE: /usr/bin/python3
[1.616s] -- Using PYTHON_INCLUDE_DIRS: /usr/include/python3.8
[1.616s] -- Using PYTHON_LIBRARIES: /usr/lib/x86_64-linux-gnu/libpython3.8.so
[1.634s] -- Found PythonExtra: .so  
[1.714s] -- Added test 'copyright' to check source files copyright and LICENSE
[1.717s] -- Added test 'lint_cmake' to check CMake code style
[1.718s] -- Added test 'xmllint' to check XML markup files
[1.722s] -- Configuring done
[1.768s] -- Generating done
[1.770s] -- Build files have been written to: /home/niuoruo/workspace/sentry/ws/sentry_desicion/build/rmos_interfaces
[1.781s] Invoked command in '/home/niuoruo/workspace/sentry/ws/sentry_desicion/build/rmos_interfaces' returned '0': CMAKE_PREFIX_PATH=/opt/ros/foxy /usr/bin/cmake /home/niuoruo/workspace/sentry/ws/sentry_desicion/src/rmos_interfaces -DCMAKE_INSTALL_PREFIX=/home/niuoruo/workspace/sentry/ws/sentry_desicion/install/rmos_interfaces
[1.784s] Invoking command in '/home/niuoruo/workspace/sentry/ws/sentry_desicion/build/rmos_interfaces': CMAKE_PREFIX_PATH=/opt/ros/foxy /usr/bin/cmake --build /home/niuoruo/workspace/sentry/ws/sentry_desicion/build/rmos_interfaces -- -j16 -l16
[1.816s] [35m[1mScanning dependencies of target rmos_interfaces__cpp[0m
[1.816s] [  1%] [34m[1mGenerating C code for ROS interfaces[0m
[1.824s] [  2%] [34m[1mGenerating C++ code for ROS interfaces[0m
[2.390s] [  2%] Built target rmos_interfaces__cpp
[2.406s] [  3%] [34m[1mGenerating C++ type support dispatch for ROS interfaces[0m
[2.406s] [  4%] [34m[1mGenerating C++ type support for eProsima Fast-RTPS[0m
[2.429s] [  5%] [34m[1mGenerating C++ introspection for ROS interfaces[0m
[2.450s] [35m[1mScanning dependencies of target rmos_interfaces__rosidl_generator_c[0m
[2.463s] [  9%] [32mBuilding C object CMakeFiles/rmos_interfaces__rosidl_generator_c.dir/rosidl_generator_c/rmos_interfaces/msg/detail/quaternion_time__functions.c.o[0m
[2.463s] [  9%] [32mBuilding C object CMakeFiles/rmos_interfaces__rosidl_generator_c.dir/rosidl_generator_c/rmos_interfaces/msg/detail/armor__functions.c.o[0m
[2.463s] [  9%] [32mBuilding C object CMakeFiles/rmos_interfaces__rosidl_generator_c.dir/rosidl_generator_c/rmos_interfaces/msg/detail/color__functions.c.o[0m
[2.472s] [ 10%] [32mBuilding C object CMakeFiles/rmos_interfaces__rosidl_generator_c.dir/rosidl_generator_c/rmos_interfaces/msg/detail/armors__functions.c.o[0m
[2.473s] [ 11%] [32mBuilding C object CMakeFiles/rmos_interfaces__rosidl_generator_c.dir/rosidl_generator_c/rmos_interfaces/msg/detail/target__functions.c.o[0m
[2.481s] [ 12%] [32mBuilding C object CMakeFiles/rmos_interfaces__rosidl_generator_c.dir/rosidl_generator_c/rmos_interfaces/msg/detail/autoaim_state__functions.c.o[0m
[2.482s] [ 13%] [32mBuilding C object CMakeFiles/rmos_interfaces__rosidl_generator_c.dir/rosidl_generator_c/rmos_interfaces/msg/detail/bullet_speed__functions.c.o[0m
[2.482s] [ 14%] [32mBuilding C object CMakeFiles/rmos_interfaces__rosidl_generator_c.dir/rosidl_generator_c/rmos_interfaces/msg/detail/mode__functions.c.o[0m
[2.598s] [ 16%] [32m[1mLinking C shared library librmos_interfaces__rosidl_generator_c.so[0m
[2.699s] [ 16%] Built target rmos_interfaces__rosidl_generator_c
[2.735s] [ 17%] [34m[1mGenerating C introspection for ROS interfaces[0m
[2.744s] [ 18%] [34m[1mGenerating C type support dispatch for ROS interfaces[0m
[3.005s] [35m[1mScanning dependencies of target rmos_interfaces__rosidl_typesupport_cpp[0m
[3.028s] [ 20%] [32mBuilding CXX object CMakeFiles/rmos_interfaces__rosidl_typesupport_cpp.dir/rosidl_typesupport_cpp/rmos_interfaces/msg/armor__type_support.cpp.o[0m
[3.028s] [ 20%] [32mBuilding CXX object CMakeFiles/rmos_interfaces__rosidl_typesupport_cpp.dir/rosidl_typesupport_cpp/rmos_interfaces/msg/armors__type_support.cpp.o[0m
[3.049s] [ 22%] [32mBuilding CXX object CMakeFiles/rmos_interfaces__rosidl_typesupport_cpp.dir/rosidl_typesupport_cpp/rmos_interfaces/msg/color__type_support.cpp.o[0m
[3.050s] [ 21%] [32mBuilding CXX object CMakeFiles/rmos_interfaces__rosidl_typesupport_cpp.dir/rosidl_typesupport_cpp/rmos_interfaces/msg/quaternion_time__type_support.cpp.o[0m
[3.075s] [ 24%] [32mBuilding CXX object CMakeFiles/rmos_interfaces__rosidl_typesupport_cpp.dir/rosidl_typesupport_cpp/rmos_interfaces/msg/autoaim_state__type_support.cpp.o[0m
[3.078s] [ 25%] [32mBuilding CXX object CMakeFiles/rmos_interfaces__rosidl_typesupport_cpp.dir/rosidl_typesupport_cpp/rmos_interfaces/msg/mode__type_support.cpp.o[0m
[3.079s] [ 26%] [32mBuilding CXX object CMakeFiles/rmos_interfaces__rosidl_typesupport_cpp.dir/rosidl_typesupport_cpp/rmos_interfaces/msg/bullet_speed__type_support.cpp.o[0m
[3.083s] [ 27%] [32mBuilding CXX object CMakeFiles/rmos_interfaces__rosidl_typesupport_cpp.dir/rosidl_typesupport_cpp/rmos_interfaces/msg/target__type_support.cpp.o[0m
[3.193s] [35m[1mScanning dependencies of target rmos_interfaces__rosidl_typesupport_introspection_cpp[0m
[3.256s] [ 28%] [32mBuilding CXX object CMakeFiles/rmos_interfaces__rosidl_typesupport_introspection_cpp.dir/rosidl_typesupport_introspection_cpp/rmos_interfaces/msg/detail/armor__type_support.cpp.o[0m
[3.280s] [ 29%] [32mBuilding CXX object CMakeFiles/rmos_interfaces__rosidl_typesupport_introspection_cpp.dir/rosidl_typesupport_introspection_cpp/rmos_interfaces/msg/detail/armors__type_support.cpp.o[0m
[3.281s] [ 31%] [32mBuilding CXX object CMakeFiles/rmos_interfaces__rosidl_typesupport_introspection_cpp.dir/rosidl_typesupport_introspection_cpp/rmos_interfaces/msg/detail/quaternion_time__type_support.cpp.o[0m
[3.294s] [ 32%] [32mBuilding CXX object CMakeFiles/rmos_interfaces__rosidl_typesupport_introspection_cpp.dir/rosidl_typesupport_introspection_cpp/rmos_interfaces/msg/detail/bullet_speed__type_support.cpp.o[0m
[3.296s] [35m[1mScanning dependencies of target rmos_interfaces__rosidl_typesupport_c[0m
[3.314s] [ 33%] [32mBuilding CXX object CMakeFiles/rmos_interfaces__rosidl_typesupport_introspection_cpp.dir/rosidl_typesupport_introspection_cpp/rmos_interfaces/msg/detail/color__type_support.cpp.o[0m
[3.334s] [35m[1mScanning dependencies of target rmos_interfaces__rosidl_typesupport_fastrtps_cpp[0m
[3.378s] [ 34%] [32mBuilding CXX object CMakeFiles/rmos_interfaces__rosidl_typesupport_c.dir/rosidl_typesupport_c/rmos_interfaces/msg/armor__type_support.cpp.o[0m
[3.427s] [ 35%] [32mBuilding CXX object CMakeFiles/rmos_interfaces__rosidl_typesupport_fastrtps_cpp.dir/rosidl_typesupport_fastrtps_cpp/rmos_interfaces/msg/detail/dds_fastrtps/armor__type_support.cpp.o[0m
[3.437s] [ 36%] [32mBuilding CXX object CMakeFiles/rmos_interfaces__rosidl_typesupport_c.dir/rosidl_typesupport_c/rmos_interfaces/msg/armors__type_support.cpp.o[0m
[3.478s] [ 37%] [32mBuilding CXX object CMakeFiles/rmos_interfaces__rosidl_typesupport_introspection_cpp.dir/rosidl_typesupport_introspection_cpp/rmos_interfaces/msg/detail/mode__type_support.cpp.o[0m
[3.506s] [ 39%] [32mBuilding CXX object CMakeFiles/rmos_interfaces__rosidl_typesupport_introspection_cpp.dir/rosidl_typesupport_introspection_cpp/rmos_interfaces/msg/detail/autoaim_state__type_support.cpp.o[0m
[3.522s] [ 41%] [32mBuilding CXX object CMakeFiles/rmos_interfaces__rosidl_typesupport_c.dir/rosidl_typesupport_c/rmos_interfaces/msg/quaternion_time__type_support.cpp.o[0m
[3.522s] [ 41%] [32mBuilding CXX object CMakeFiles/rmos_interfaces__rosidl_typesupport_introspection_cpp.dir/rosidl_typesupport_introspection_cpp/rmos_interfaces/msg/detail/target__type_support.cpp.o[0m
[3.530s] [ 42%] [32mBuilding CXX object CMakeFiles/rmos_interfaces__rosidl_typesupport_fastrtps_cpp.dir/rosidl_typesupport_fastrtps_cpp/rmos_interfaces/msg/detail/dds_fastrtps/armors__type_support.cpp.o[0m
[3.531s] [ 43%] [32mBuilding CXX object CMakeFiles/rmos_interfaces__rosidl_typesupport_c.dir/rosidl_typesupport_c/rmos_interfaces/msg/color__type_support.cpp.o[0m
[3.559s] [ 44%] [32mBuilding CXX object CMakeFiles/rmos_interfaces__rosidl_typesupport_fastrtps_cpp.dir/rosidl_typesupport_fastrtps_cpp/rmos_interfaces/msg/detail/dds_fastrtps/quaternion_time__type_support.cpp.o[0m
[3.576s] [ 45%] [32mBuilding CXX object CMakeFiles/rmos_interfaces__rosidl_typesupport_c.dir/rosidl_typesupport_c/rmos_interfaces/msg/bullet_speed__type_support.cpp.o[0m
[3.590s] [ 47%] [32mBuilding CXX object CMakeFiles/rmos_interfaces__rosidl_typesupport_c.dir/rosidl_typesupport_c/rmos_interfaces/msg/mode__type_support.cpp.o[0m
[3.596s] [ 48%] [32m[1mLinking CXX shared library librmos_interfaces__rosidl_typesupport_cpp.so[0m
[3.620s] [ 49%] [32mBuilding CXX object CMakeFiles/rmos_interfaces__rosidl_typesupport_fastrtps_cpp.dir/rosidl_typesupport_fastrtps_cpp/rmos_interfaces/msg/detail/dds_fastrtps/color__type_support.cpp.o[0m
[3.630s] [ 50%] [32mBuilding CXX object CMakeFiles/rmos_interfaces__rosidl_typesupport_c.dir/rosidl_typesupport_c/rmos_interfaces/msg/autoaim_state__type_support.cpp.o[0m
[3.645s] [ 51%] [32mBuilding CXX object CMakeFiles/rmos_interfaces__rosidl_typesupport_c.dir/rosidl_typesupport_c/rmos_interfaces/msg/target__type_support.cpp.o[0m
[3.698s] [ 51%] Built target rmos_interfaces__rosidl_typesupport_cpp
[3.718s] [ 52%] [32mBuilding CXX object CMakeFiles/rmos_interfaces__rosidl_typesupport_fastrtps_cpp.dir/rosidl_typesupport_fastrtps_cpp/rmos_interfaces/msg/detail/dds_fastrtps/bullet_speed__type_support.cpp.o[0m
[3.729s] [ 54%] [32mBuilding CXX object CMakeFiles/rmos_interfaces__rosidl_typesupport_fastrtps_cpp.dir/rosidl_typesupport_fastrtps_cpp/rmos_interfaces/msg/detail/dds_fastrtps/mode__type_support.cpp.o[0m
[3.745s] [ 55%] [32mBuilding CXX object CMakeFiles/rmos_interfaces__rosidl_typesupport_fastrtps_cpp.dir/rosidl_typesupport_fastrtps_cpp/rmos_interfaces/msg/detail/dds_fastrtps/autoaim_state__type_support.cpp.o[0m
[3.757s] [ 56%] [32m[1mLinking CXX shared library librmos_interfaces__rosidl_typesupport_c.so[0m
[3.781s] [35m[1mScanning dependencies of target rmos_interfaces__rosidl_typesupport_introspection_c[0m
[3.808s] [ 57%] [32mBuilding CXX object CMakeFiles/rmos_interfaces__rosidl_typesupport_fastrtps_cpp.dir/rosidl_typesupport_fastrtps_cpp/rmos_interfaces/msg/detail/dds_fastrtps/target__type_support.cpp.o[0m
[3.811s] [ 58%] [32mBuilding C object CMakeFiles/rmos_interfaces__rosidl_typesupport_introspection_c.dir/rosidl_typesupport_introspection_c/rmos_interfaces/msg/detail/armors__type_support.c.o[0m
[3.815s] [ 59%] [32mBuilding C object CMakeFiles/rmos_interfaces__rosidl_typesupport_introspection_c.dir/rosidl_typesupport_introspection_c/rmos_interfaces/msg/detail/armor__type_support.c.o[0m
[3.823s] [ 60%] [32mBuilding C object CMakeFiles/rmos_interfaces__rosidl_typesupport_introspection_c.dir/rosidl_typesupport_introspection_c/rmos_interfaces/msg/detail/quaternion_time__type_support.c.o[0m
[3.836s] [ 62%] [32mBuilding C object CMakeFiles/rmos_interfaces__rosidl_typesupport_introspection_c.dir/rosidl_typesupport_introspection_c/rmos_interfaces/msg/detail/color__type_support.c.o[0m
[3.857s] [ 62%] Built target rmos_interfaces__rosidl_typesupport_c
[3.886s] [ 63%] [32mBuilding C object CMakeFiles/rmos_interfaces__rosidl_typesupport_introspection_c.dir/rosidl_typesupport_introspection_c/rmos_interfaces/msg/detail/mode__type_support.c.o[0m
[3.898s] [ 64%] [32mBuilding C object CMakeFiles/rmos_interfaces__rosidl_typesupport_introspection_c.dir/rosidl_typesupport_introspection_c/rmos_interfaces/msg/detail/bullet_speed__type_support.c.o[0m
[3.903s] [ 65%] [32mBuilding C object CMakeFiles/rmos_interfaces__rosidl_typesupport_introspection_c.dir/rosidl_typesupport_introspection_c/rmos_interfaces/msg/detail/target__type_support.c.o[0m
[3.912s] [ 66%] [32mBuilding C object CMakeFiles/rmos_interfaces__rosidl_typesupport_introspection_c.dir/rosidl_typesupport_introspection_c/rmos_interfaces/msg/detail/autoaim_state__type_support.c.o[0m
[3.958s] [ 68%] [32m[1mLinking CXX shared library librmos_interfaces__rosidl_typesupport_introspection_cpp.so[0m
[3.958s] [ 68%] [32m[1mLinking C shared library librmos_interfaces__rosidl_typesupport_introspection_c.so[0m
[4.002s] [ 68%] Built target rmos_interfaces__rosidl_typesupport_introspection_c
[4.033s] [ 68%] Built target rmos_interfaces__rosidl_typesupport_introspection_cpp
[4.327s] [ 70%] [32m[1mLinking CXX shared library librmos_interfaces__rosidl_typesupport_fastrtps_cpp.so[0m
[4.423s] [ 70%] Built target rmos_interfaces__rosidl_typesupport_fastrtps_cpp
[4.435s] [ 71%] [34m[1mGenerating C type support for eProsima Fast-RTPS[0m
[4.793s] [35m[1mScanning dependencies of target rmos_interfaces__rosidl_typesupport_fastrtps_c[0m
[4.814s] [ 74%] [32mBuilding CXX object CMakeFiles/rmos_interfaces__rosidl_typesupport_fastrtps_c.dir/rosidl_typesupport_fastrtps_c/rmos_interfaces/msg/detail/quaternion_time__type_support_c.cpp.o[0m
[4.814s] [ 74%] [32mBuilding CXX object CMakeFiles/rmos_interfaces__rosidl_typesupport_fastrtps_c.dir/rosidl_typesupport_fastrtps_c/rmos_interfaces/msg/detail/armor__type_support_c.cpp.o[0m
[4.814s] [ 74%] [32mBuilding CXX object CMakeFiles/rmos_interfaces__rosidl_typesupport_fastrtps_c.dir/rosidl_typesupport_fastrtps_c/rmos_interfaces/msg/detail/mode__type_support_c.cpp.o[0m
[4.814s] [ 75%] [32mBuilding CXX object CMakeFiles/rmos_interfaces__rosidl_typesupport_fastrtps_c.dir/rosidl_typesupport_fastrtps_c/rmos_interfaces/msg/detail/target__type_support_c.cpp.o[0m
[4.814s] [ 77%] [32mBuilding CXX object CMakeFiles/rmos_interfaces__rosidl_typesupport_fastrtps_c.dir/rosidl_typesupport_fastrtps_c/rmos_interfaces/msg/detail/color__type_support_c.cpp.o[0m
[4.815s] [ 78%] [32mBuilding CXX object CMakeFiles/rmos_interfaces__rosidl_typesupport_fastrtps_c.dir/rosidl_typesupport_fastrtps_c/rmos_interfaces/msg/detail/autoaim_state__type_support_c.cpp.o[0m
[4.815s] [ 79%] [32mBuilding CXX object CMakeFiles/rmos_interfaces__rosidl_typesupport_fastrtps_c.dir/rosidl_typesupport_fastrtps_c/rmos_interfaces/msg/detail/armors__type_support_c.cpp.o[0m
[4.815s] [ 80%] [32mBuilding CXX object CMakeFiles/rmos_interfaces__rosidl_typesupport_fastrtps_c.dir/rosidl_typesupport_fastrtps_c/rmos_interfaces/msg/detail/bullet_speed__type_support_c.cpp.o[0m
[5.229s] [ 81%] [32m[1mLinking CXX shared library librmos_interfaces__rosidl_typesupport_fastrtps_c.so[0m
[5.303s] [ 81%] Built target rmos_interfaces__rosidl_typesupport_fastrtps_c
[5.311s] [35m[1mScanning dependencies of target rmos_interfaces[0m
[5.321s] [ 81%] Built target rmos_interfaces
[5.331s] [35m[1mScanning dependencies of target rmos_interfaces__py[0m
[5.343s] [ 82%] [34m[1mGenerating Python code for ROS interfaces[0m
[6.052s] [ 82%] Built target rmos_interfaces__py
[6.053s] [35m[1mScanning dependencies of target rmos_interfaces__python[0m
[6.075s] [ 86%] [32mBuilding C object CMakeFiles/rmos_interfaces__python.dir/rosidl_generator_py/rmos_interfaces/msg/_armor_s.c.o[0m
[6.075s] [ 86%] [32mBuilding C object CMakeFiles/rmos_interfaces__python.dir/rosidl_generator_py/rmos_interfaces/msg/_color_s.c.o[0m
[6.076s] [ 86%] [32mBuilding C object CMakeFiles/rmos_interfaces__python.dir/rosidl_generator_py/rmos_interfaces/msg/_armors_s.c.o[0m
[6.076s] [ 87%] [32mBuilding C object CMakeFiles/rmos_interfaces__python.dir/rosidl_generator_py/rmos_interfaces/msg/_quaternion_time_s.c.o[0m
[6.076s] [ 88%] [32mBuilding C object CMakeFiles/rmos_interfaces__python.dir/rosidl_generator_py/rmos_interfaces/msg/_mode_s.c.o[0m
[6.076s] [ 89%] [32mBuilding C object CMakeFiles/rmos_interfaces__python.dir/rosidl_generator_py/rmos_interfaces/msg/_bullet_speed_s.c.o[0m
[6.076s] [ 90%] [32mBuilding C object CMakeFiles/rmos_interfaces__python.dir/rosidl_generator_py/rmos_interfaces/msg/_target_s.c.o[0m
[6.077s] [ 91%] [32mBuilding C object CMakeFiles/rmos_interfaces__python.dir/rosidl_generator_py/rmos_interfaces/msg/_autoaim_state_s.c.o[0m
[6.176s] [ 93%] [32m[1mLinking C shared library rosidl_generator_py/rmos_interfaces/librmos_interfaces__python.so[0m
[6.215s] [ 93%] Built target rmos_interfaces__python
[6.224s] [35m[1mScanning dependencies of target rmos_interfaces__rosidl_typesupport_introspection_c__pyext[0m
[6.224s] [35m[1mScanning dependencies of target rmos_interfaces__rosidl_typesupport_fastrtps_c__pyext[0m
[6.224s] [35m[1mScanning dependencies of target rmos_interfaces__rosidl_typesupport_c__pyext[0m
[6.239s] [ 95%] [32mBuilding C object CMakeFiles/rmos_interfaces__rosidl_typesupport_introspection_c__pyext.dir/rosidl_generator_py/rmos_interfaces/_rmos_interfaces_s.ep.rosidl_typesupport_introspection_c.c.o[0m
[6.239s] [ 95%] [32mBuilding C object CMakeFiles/rmos_interfaces__rosidl_typesupport_c__pyext.dir/rosidl_generator_py/rmos_interfaces/_rmos_interfaces_s.ep.rosidl_typesupport_c.c.o[0m
[6.239s] [ 96%] [32mBuilding C object CMakeFiles/rmos_interfaces__rosidl_typesupport_fastrtps_c__pyext.dir/rosidl_generator_py/rmos_interfaces/_rmos_interfaces_s.ep.rosidl_typesupport_fastrtps_c.c.o[0m
[6.316s] [ 97%] [32m[1mLinking C shared library rosidl_generator_py/rmos_interfaces/rmos_interfaces_s__rosidl_typesupport_c.cpython-38-x86_64-linux-gnu.so[0m
[6.316s] [ 98%] [32m[1mLinking CXX shared library rosidl_generator_py/rmos_interfaces/rmos_interfaces_s__rosidl_typesupport_fastrtps_c.cpython-38-x86_64-linux-gnu.so[0m
[6.316s] [100%] [32m[1mLinking C shared library rosidl_generator_py/rmos_interfaces/rmos_interfaces_s__rosidl_typesupport_introspection_c.cpython-38-x86_64-linux-gnu.so[0m
[6.349s] [100%] Built target rmos_interfaces__rosidl_typesupport_c__pyext
[6.351s] [100%] Built target rmos_interfaces__rosidl_typesupport_introspection_c__pyext
[6.376s] [100%] Built target rmos_interfaces__rosidl_typesupport_fastrtps_c__pyext
[6.488s] Invoked command in '/home/niuoruo/workspace/sentry/ws/sentry_desicion/build/rmos_interfaces' returned '0': CMAKE_PREFIX_PATH=/opt/ros/foxy /usr/bin/cmake --build /home/niuoruo/workspace/sentry/ws/sentry_desicion/build/rmos_interfaces -- -j16 -l16
[6.598s] Invoking command in '/home/niuoruo/workspace/sentry/ws/sentry_desicion/build/rmos_interfaces': CMAKE_PREFIX_PATH=/opt/ros/foxy /usr/bin/cmake --install /home/niuoruo/workspace/sentry/ws/sentry_desicion/build/rmos_interfaces
[6.607s] -- Install configuration: ""
[6.607s] -- Installing: /home/niuoruo/workspace/sentry/ws/sentry_desicion/install/rmos_interfaces/share/ament_index/resource_index/rosidl_interfaces/rmos_interfaces
[6.607s] -- Installing: /home/niuoruo/workspace/sentry/ws/sentry_desicion/install/rmos_interfaces/include/rmos_interfaces
[6.607s] -- Installing: /home/niuoruo/workspace/sentry/ws/sentry_desicion/install/rmos_interfaces/include/rmos_interfaces/msg
[6.607s] -- Installing: /home/niuoruo/workspace/sentry/ws/sentry_desicion/install/rmos_interfaces/include/rmos_interfaces/msg/target.h
[6.607s] -- Installing: /home/niuoruo/workspace/sentry/ws/sentry_desicion/install/rmos_interfaces/include/rmos_interfaces/msg/color.h
[6.607s] -- Installing: /home/niuoruo/workspace/sentry/ws/sentry_desicion/install/rmos_interfaces/include/rmos_interfaces/msg/mode.h
[6.608s] -- Installing: /home/niuoruo/workspace/sentry/ws/sentry_desicion/install/rmos_interfaces/include/rmos_interfaces/msg/armors.h
[6.608s] -- Installing: /home/niuoruo/workspace/sentry/ws/sentry_desicion/install/rmos_interfaces/include/rmos_interfaces/msg/armor.h
[6.608s] -- Installing: /home/niuoruo/workspace/sentry/ws/sentry_desicion/install/rmos_interfaces/include/rmos_interfaces/msg/quaternion_time.h
[6.608s] -- Installing: /home/niuoruo/workspace/sentry/ws/sentry_desicion/install/rmos_interfaces/include/rmos_interfaces/msg/autoaim_state.h
[6.608s] -- Installing: /home/niuoruo/workspace/sentry/ws/sentry_desicion/install/rmos_interfaces/include/rmos_interfaces/msg/bullet_speed.h
[6.608s] -- Installing: /home/niuoruo/workspace/sentry/ws/sentry_desicion/install/rmos_interfaces/include/rmos_interfaces/msg/detail
[6.608s] -- Installing: /home/niuoruo/workspace/sentry/ws/sentry_desicion/install/rmos_interfaces/include/rmos_interfaces/msg/detail/target__struct.h
[6.608s] -- Installing: /home/niuoruo/workspace/sentry/ws/sentry_desicion/install/rmos_interfaces/include/rmos_interfaces/msg/detail/mode__functions.c
[6.608s] -- Installing: /home/niuoruo/workspace/sentry/ws/sentry_desicion/install/rmos_interfaces/include/rmos_interfaces/msg/detail/armor__functions.c
[6.608s] -- Installing: /home/niuoruo/workspace/sentry/ws/sentry_desicion/install/rmos_interfaces/include/rmos_interfaces/msg/detail/target__functions.h
[6.608s] -- Installing: /home/niuoruo/workspace/sentry/ws/sentry_desicion/install/rmos_interfaces/include/rmos_interfaces/msg/detail/quaternion_time__functions.c
[6.608s] -- Installing: /home/niuoruo/workspace/sentry/ws/sentry_desicion/install/rmos_interfaces/include/rmos_interfaces/msg/detail/armor__type_support.h
[6.609s] -- Installing: /home/niuoruo/workspace/sentry/ws/sentry_desicion/install/rmos_interfaces/include/rmos_interfaces/msg/detail/mode__type_support.h
[6.609s] -- Installing: /home/niuoruo/workspace/sentry/ws/sentry_desicion/install/rmos_interfaces/include/rmos_interfaces/msg/detail/armors__functions.c
[6.609s] -- Installing: /home/niuoruo/workspace/sentry/ws/sentry_desicion/install/rmos_interfaces/include/rmos_interfaces/msg/detail/bullet_speed__struct.h
[6.609s] -- Installing: /home/niuoruo/workspace/sentry/ws/sentry_desicion/install/rmos_interfaces/include/rmos_interfaces/msg/detail/color__struct.h
[6.609s] -- Installing: /home/niuoruo/workspace/sentry/ws/sentry_desicion/install/rmos_interfaces/include/rmos_interfaces/msg/detail/bullet_speed__type_support.h
[6.609s] -- Installing: /home/niuoruo/workspace/sentry/ws/sentry_desicion/install/rmos_interfaces/include/rmos_interfaces/msg/detail/bullet_speed__functions.h
[6.609s] -- Installing: /home/niuoruo/workspace/sentry/ws/sentry_desicion/install/rmos_interfaces/include/rmos_interfaces/msg/detail/autoaim_state__functions.c
[6.609s] -- Installing: /home/niuoruo/workspace/sentry/ws/sentry_desicion/install/rmos_interfaces/include/rmos_interfaces/msg/detail/armors__type_support.h
[6.610s] -- Installing: /home/niuoruo/workspace/sentry/ws/sentry_desicion/install/rmos_interfaces/include/rmos_interfaces/msg/detail/autoaim_state__functions.h
[6.610s] -- Installing: /home/niuoruo/workspace/sentry/ws/sentry_desicion/install/rmos_interfaces/include/rmos_interfaces/msg/detail/armor__struct.h
[6.610s] -- Installing: /home/niuoruo/workspace/sentry/ws/sentry_desicion/install/rmos_interfaces/include/rmos_interfaces/msg/detail/color__functions.c
[6.610s] -- Installing: /home/niuoruo/workspace/sentry/ws/sentry_desicion/install/rmos_interfaces/include/rmos_interfaces/msg/detail/quaternion_time__type_support.h
[6.610s] -- Installing: /home/niuoruo/workspace/sentry/ws/sentry_desicion/install/rmos_interfaces/include/rmos_interfaces/msg/detail/armors__struct.h
[6.610s] -- Installing: /home/niuoruo/workspace/sentry/ws/sentry_desicion/install/rmos_interfaces/include/rmos_interfaces/msg/detail/quaternion_time__struct.h
[6.610s] -- Installing: /home/niuoruo/workspace/sentry/ws/sentry_desicion/install/rmos_interfaces/include/rmos_interfaces/msg/detail/mode__functions.h
[6.610s] -- Installing: /home/niuoruo/workspace/sentry/ws/sentry_desicion/install/rmos_interfaces/include/rmos_interfaces/msg/detail/color__type_support.h
[6.610s] -- Installing: /home/niuoruo/workspace/sentry/ws/sentry_desicion/install/rmos_interfaces/include/rmos_interfaces/msg/detail/mode__struct.h
[6.610s] -- Installing: /home/niuoruo/workspace/sentry/ws/sentry_desicion/install/rmos_interfaces/include/rmos_interfaces/msg/detail/armor__functions.h
[6.610s] -- Installing: /home/niuoruo/workspace/sentry/ws/sentry_desicion/install/rmos_interfaces/include/rmos_interfaces/msg/detail/target__functions.c
[6.611s] -- Installing: /home/niuoruo/workspace/sentry/ws/sentry_desicion/install/rmos_interfaces/include/rmos_interfaces/msg/detail/autoaim_state__struct.h
[6.611s] -- Installing: /home/niuoruo/workspace/sentry/ws/sentry_desicion/install/rmos_interfaces/include/rmos_interfaces/msg/detail/armors__functions.h
[6.611s] -- Installing: /home/niuoruo/workspace/sentry/ws/sentry_desicion/install/rmos_interfaces/include/rmos_interfaces/msg/detail/quaternion_time__functions.h
[6.611s] -- Installing: /home/niuoruo/workspace/sentry/ws/sentry_desicion/install/rmos_interfaces/include/rmos_interfaces/msg/detail/bullet_speed__functions.c
[6.611s] -- Installing: /home/niuoruo/workspace/sentry/ws/sentry_desicion/install/rmos_interfaces/include/rmos_interfaces/msg/detail/target__type_support.h
[6.611s] -- Installing: /home/niuoruo/workspace/sentry/ws/sentry_desicion/install/rmos_interfaces/include/rmos_interfaces/msg/detail/color__functions.h
[6.611s] -- Installing: /home/niuoruo/workspace/sentry/ws/sentry_desicion/install/rmos_interfaces/include/rmos_interfaces/msg/detail/autoaim_state__type_support.h
[6.611s] -- Installing: /home/niuoruo/workspace/sentry/ws/sentry_desicion/install/rmos_interfaces/include/rmos_interfaces/msg/rosidl_generator_c__visibility_control.h
[6.612s] -- Installing: /home/niuoruo/workspace/sentry/ws/sentry_desicion/install/rmos_interfaces/share/rmos_interfaces/environment/library_path.sh
[6.612s] -- Installing: /home/niuoruo/workspace/sentry/ws/sentry_desicion/install/rmos_interfaces/share/rmos_interfaces/environment/library_path.dsv
[6.612s] -- Installing: /home/niuoruo/workspace/sentry/ws/sentry_desicion/install/rmos_interfaces/lib/librmos_interfaces__rosidl_generator_c.so
[6.612s] -- Set runtime path of "/home/niuoruo/workspace/sentry/ws/sentry_desicion/install/rmos_interfaces/lib/librmos_interfaces__rosidl_generator_c.so" to ""
[6.613s] -- Up-to-date: /home/niuoruo/workspace/sentry/ws/sentry_desicion/install/rmos_interfaces/include/rmos_interfaces
[6.613s] -- Up-to-date: /home/niuoruo/workspace/sentry/ws/sentry_desicion/install/rmos_interfaces/include/rmos_interfaces/msg
[6.613s] -- Up-to-date: /home/niuoruo/workspace/sentry/ws/sentry_desicion/install/rmos_interfaces/include/rmos_interfaces/msg/detail
[6.613s] -- Installing: /home/niuoruo/workspace/sentry/ws/sentry_desicion/install/rmos_interfaces/include/rmos_interfaces/msg/detail/target__rosidl_typesupport_fastrtps_c.h
[6.613s] -- Installing: /home/niuoruo/workspace/sentry/ws/sentry_desicion/install/rmos_interfaces/include/rmos_interfaces/msg/detail/autoaim_state__rosidl_typesupport_fastrtps_c.h
[6.613s] -- Installing: /home/niuoruo/workspace/sentry/ws/sentry_desicion/install/rmos_interfaces/include/rmos_interfaces/msg/detail/quaternion_time__rosidl_typesupport_fastrtps_c.h
[6.613s] -- Installing: /home/niuoruo/workspace/sentry/ws/sentry_desicion/install/rmos_interfaces/include/rmos_interfaces/msg/detail/mode__rosidl_typesupport_fastrtps_c.h
[6.613s] -- Installing: /home/niuoruo/workspace/sentry/ws/sentry_desicion/install/rmos_interfaces/include/rmos_interfaces/msg/detail/armor__rosidl_typesupport_fastrtps_c.h
[6.613s] -- Installing: /home/niuoruo/workspace/sentry/ws/sentry_desicion/install/rmos_interfaces/include/rmos_interfaces/msg/detail/bullet_speed__rosidl_typesupport_fastrtps_c.h
[6.613s] -- Installing: /home/niuoruo/workspace/sentry/ws/sentry_desicion/install/rmos_interfaces/include/rmos_interfaces/msg/detail/armors__rosidl_typesupport_fastrtps_c.h
[6.613s] -- Installing: /home/niuoruo/workspace/sentry/ws/sentry_desicion/install/rmos_interfaces/include/rmos_interfaces/msg/detail/color__rosidl_typesupport_fastrtps_c.h
[6.613s] -- Installing: /home/niuoruo/workspace/sentry/ws/sentry_desicion/install/rmos_interfaces/include/rmos_interfaces/msg/rosidl_typesupport_fastrtps_c__visibility_control.h
[6.614s] -- Installing: /home/niuoruo/workspace/sentry/ws/sentry_desicion/install/rmos_interfaces/lib/librmos_interfaces__rosidl_typesupport_fastrtps_c.so
[6.614s] -- Set runtime path of "/home/niuoruo/workspace/sentry/ws/sentry_desicion/install/rmos_interfaces/lib/librmos_interfaces__rosidl_typesupport_fastrtps_c.so" to ""
[6.614s] -- Up-to-date: /home/niuoruo/workspace/sentry/ws/sentry_desicion/install/rmos_interfaces/include/rmos_interfaces
[6.614s] -- Up-to-date: /home/niuoruo/workspace/sentry/ws/sentry_desicion/install/rmos_interfaces/include/rmos_interfaces/msg
[6.614s] -- Installing: /home/niuoruo/workspace/sentry/ws/sentry_desicion/install/rmos_interfaces/include/rmos_interfaces/msg/rosidl_typesupport_fastrtps_cpp__visibility_control.h
[6.614s] -- Up-to-date: /home/niuoruo/workspace/sentry/ws/sentry_desicion/install/rmos_interfaces/include/rmos_interfaces/msg/detail
[6.614s] -- Installing: /home/niuoruo/workspace/sentry/ws/sentry_desicion/install/rmos_interfaces/include/rmos_interfaces/msg/detail/armor__rosidl_typesupport_fastrtps_cpp.hpp
[6.614s] -- Installing: /home/niuoruo/workspace/sentry/ws/sentry_desicion/install/rmos_interfaces/include/rmos_interfaces/msg/detail/autoaim_state__rosidl_typesupport_fastrtps_cpp.hpp
[6.614s] -- Installing: /home/niuoruo/workspace/sentry/ws/sentry_desicion/install/rmos_interfaces/include/rmos_interfaces/msg/detail/mode__rosidl_typesupport_fastrtps_cpp.hpp
[6.614s] -- Installing: /home/niuoruo/workspace/sentry/ws/sentry_desicion/install/rmos_interfaces/include/rmos_interfaces/msg/detail/color__rosidl_typesupport_fastrtps_cpp.hpp
[6.614s] -- Installing: /home/niuoruo/workspace/sentry/ws/sentry_desicion/install/rmos_interfaces/include/rmos_interfaces/msg/detail/quaternion_time__rosidl_typesupport_fastrtps_cpp.hpp
[6.614s] -- Installing: /home/niuoruo/workspace/sentry/ws/sentry_desicion/install/rmos_interfaces/include/rmos_interfaces/msg/detail/target__rosidl_typesupport_fastrtps_cpp.hpp
[6.614s] -- Installing: /home/niuoruo/workspace/sentry/ws/sentry_desicion/install/rmos_interfaces/include/rmos_interfaces/msg/detail/dds_fastrtps
[6.614s] -- Installing: /home/niuoruo/workspace/sentry/ws/sentry_desicion/install/rmos_interfaces/include/rmos_interfaces/msg/detail/armors__rosidl_typesupport_fastrtps_cpp.hpp
[6.614s] -- Installing: /home/niuoruo/workspace/sentry/ws/sentry_desicion/install/rmos_interfaces/include/rmos_interfaces/msg/detail/bullet_speed__rosidl_typesupport_fastrtps_cpp.hpp
[6.614s] -- Installing: /home/niuoruo/workspace/sentry/ws/sentry_desicion/install/rmos_interfaces/lib/librmos_interfaces__rosidl_typesupport_fastrtps_cpp.so
[6.615s] -- Set runtime path of "/home/niuoruo/workspace/sentry/ws/sentry_desicion/install/rmos_interfaces/lib/librmos_interfaces__rosidl_typesupport_fastrtps_cpp.so" to ""
[6.615s] -- Up-to-date: /home/niuoruo/workspace/sentry/ws/sentry_desicion/install/rmos_interfaces/include/rmos_interfaces
[6.615s] -- Up-to-date: /home/niuoruo/workspace/sentry/ws/sentry_desicion/install/rmos_interfaces/include/rmos_interfaces/msg
[6.615s] -- Installing: /home/niuoruo/workspace/sentry/ws/sentry_desicion/install/rmos_interfaces/include/rmos_interfaces/msg/rosidl_typesupport_introspection_c__visibility_control.h
[6.615s] -- Up-to-date: /home/niuoruo/workspace/sentry/ws/sentry_desicion/install/rmos_interfaces/include/rmos_interfaces/msg/detail
[6.615s] -- Installing: /home/niuoruo/workspace/sentry/ws/sentry_desicion/install/rmos_interfaces/include/rmos_interfaces/msg/detail/quaternion_time__type_support.c
[6.615s] -- Installing: /home/niuoruo/workspace/sentry/ws/sentry_desicion/install/rmos_interfaces/include/rmos_interfaces/msg/detail/bullet_speed__rosidl_typesupport_introspection_c.h
[6.615s] -- Installing: /home/niuoruo/workspace/sentry/ws/sentry_desicion/install/rmos_interfaces/include/rmos_interfaces/msg/detail/armor__rosidl_typesupport_introspection_c.h
[6.615s] -- Installing: /home/niuoruo/workspace/sentry/ws/sentry_desicion/install/rmos_interfaces/include/rmos_interfaces/msg/detail/target__rosidl_typesupport_introspection_c.h
[6.615s] -- Installing: /home/niuoruo/workspace/sentry/ws/sentry_desicion/install/rmos_interfaces/include/rmos_interfaces/msg/detail/color__rosidl_typesupport_introspection_c.h
[6.615s] -- Installing: /home/niuoruo/workspace/sentry/ws/sentry_desicion/install/rmos_interfaces/include/rmos_interfaces/msg/detail/quaternion_time__rosidl_typesupport_introspection_c.h
[6.616s] -- Installing: /home/niuoruo/workspace/sentry/ws/sentry_desicion/install/rmos_interfaces/include/rmos_interfaces/msg/detail/armor__type_support.c
[6.616s] -- Installing: /home/niuoruo/workspace/sentry/ws/sentry_desicion/install/rmos_interfaces/include/rmos_interfaces/msg/detail/autoaim_state__type_support.c
[6.616s] -- Installing: /home/niuoruo/workspace/sentry/ws/sentry_desicion/install/rmos_interfaces/include/rmos_interfaces/msg/detail/armors__rosidl_typesupport_introspection_c.h
[6.616s] -- Installing: /home/niuoruo/workspace/sentry/ws/sentry_desicion/install/rmos_interfaces/include/rmos_interfaces/msg/detail/autoaim_state__rosidl_typesupport_introspection_c.h
[6.616s] -- Installing: /home/niuoruo/workspace/sentry/ws/sentry_desicion/install/rmos_interfaces/include/rmos_interfaces/msg/detail/mode__type_support.c
[6.616s] -- Installing: /home/niuoruo/workspace/sentry/ws/sentry_desicion/install/rmos_interfaces/include/rmos_interfaces/msg/detail/color__type_support.c
[6.616s] -- Installing: /home/niuoruo/workspace/sentry/ws/sentry_desicion/install/rmos_interfaces/include/rmos_interfaces/msg/detail/armors__type_support.c
[6.616s] -- Installing: /home/niuoruo/workspace/sentry/ws/sentry_desicion/install/rmos_interfaces/include/rmos_interfaces/msg/detail/bullet_speed__type_support.c
[6.616s] -- Installing: /home/niuoruo/workspace/sentry/ws/sentry_desicion/install/rmos_interfaces/include/rmos_interfaces/msg/detail/mode__rosidl_typesupport_introspection_c.h
[6.616s] -- Installing: /home/niuoruo/workspace/sentry/ws/sentry_desicion/install/rmos_interfaces/include/rmos_interfaces/msg/detail/target__type_support.c
[6.616s] -- Installing: /home/niuoruo/workspace/sentry/ws/sentry_desicion/install/rmos_interfaces/lib/librmos_interfaces__rosidl_typesupport_introspection_c.so
[6.616s] -- Set runtime path of "/home/niuoruo/workspace/sentry/ws/sentry_desicion/install/rmos_interfaces/lib/librmos_interfaces__rosidl_typesupport_introspection_c.so" to ""
[6.616s] -- Installing: /home/niuoruo/workspace/sentry/ws/sentry_desicion/install/rmos_interfaces/lib/librmos_interfaces__rosidl_typesupport_c.so
[6.616s] -- Set runtime path of "/home/niuoruo/workspace/sentry/ws/sentry_desicion/install/rmos_interfaces/lib/librmos_interfaces__rosidl_typesupport_c.so" to ""
[6.616s] -- Up-to-date: /home/niuoruo/workspace/sentry/ws/sentry_desicion/install/rmos_interfaces/include/rmos_interfaces
[6.617s] -- Up-to-date: /home/niuoruo/workspace/sentry/ws/sentry_desicion/install/rmos_interfaces/include/rmos_interfaces/msg
[6.617s] -- Installing: /home/niuoruo/workspace/sentry/ws/sentry_desicion/install/rmos_interfaces/include/rmos_interfaces/msg/bullet_speed.hpp
[6.617s] -- Installing: /home/niuoruo/workspace/sentry/ws/sentry_desicion/install/rmos_interfaces/include/rmos_interfaces/msg/armors.hpp
[6.617s] -- Installing: /home/niuoruo/workspace/sentry/ws/sentry_desicion/install/rmos_interfaces/include/rmos_interfaces/msg/color.hpp
[6.617s] -- Installing: /home/niuoruo/workspace/sentry/ws/sentry_desicion/install/rmos_interfaces/include/rmos_interfaces/msg/armor.hpp
[6.617s] -- Installing: /home/niuoruo/workspace/sentry/ws/sentry_desicion/install/rmos_interfaces/include/rmos_interfaces/msg/rosidl_generator_cpp__visibility_control.hpp
[6.617s] -- Installing: /home/niuoruo/workspace/sentry/ws/sentry_desicion/install/rmos_interfaces/include/rmos_interfaces/msg/quaternion_time.hpp
[6.617s] -- Installing: /home/niuoruo/workspace/sentry/ws/sentry_desicion/install/rmos_interfaces/include/rmos_interfaces/msg/autoaim_state.hpp
[6.617s] -- Installing: /home/niuoruo/workspace/sentry/ws/sentry_desicion/install/rmos_interfaces/include/rmos_interfaces/msg/target.hpp
[6.617s] -- Up-to-date: /home/niuoruo/workspace/sentry/ws/sentry_desicion/install/rmos_interfaces/include/rmos_interfaces/msg/detail
[6.617s] -- Installing: /home/niuoruo/workspace/sentry/ws/sentry_desicion/install/rmos_interfaces/include/rmos_interfaces/msg/detail/color__struct.hpp
[6.617s] -- Installing: /home/niuoruo/workspace/sentry/ws/sentry_desicion/install/rmos_interfaces/include/rmos_interfaces/msg/detail/mode__traits.hpp
[6.617s] -- Installing: /home/niuoruo/workspace/sentry/ws/sentry_desicion/install/rmos_interfaces/include/rmos_interfaces/msg/detail/bullet_speed__type_support.hpp
[6.617s] -- Installing: /home/niuoruo/workspace/sentry/ws/sentry_desicion/install/rmos_interfaces/include/rmos_interfaces/msg/detail/armors__builder.hpp
[6.617s] -- Installing: /home/niuoruo/workspace/sentry/ws/sentry_desicion/install/rmos_interfaces/include/rmos_interfaces/msg/detail/mode__type_support.hpp
[6.617s] -- Installing: /home/niuoruo/workspace/sentry/ws/sentry_desicion/install/rmos_interfaces/include/rmos_interfaces/msg/detail/armor__type_support.hpp
[6.618s] -- Installing: /home/niuoruo/workspace/sentry/ws/sentry_desicion/install/rmos_interfaces/include/rmos_interfaces/msg/detail/autoaim_state__type_support.hpp
[6.618s] -- Installing: /home/niuoruo/workspace/sentry/ws/sentry_desicion/install/rmos_interfaces/include/rmos_interfaces/msg/detail/armors__type_support.hpp
[6.618s] -- Installing: /home/niuoruo/workspace/sentry/ws/sentry_desicion/install/rmos_interfaces/include/rmos_interfaces/msg/detail/color__builder.hpp
[6.618s] -- Installing: /home/niuoruo/workspace/sentry/ws/sentry_desicion/install/rmos_interfaces/include/rmos_interfaces/msg/detail/mode__builder.hpp
[6.618s] -- Installing: /home/niuoruo/workspace/sentry/ws/sentry_desicion/install/rmos_interfaces/include/rmos_interfaces/msg/detail/autoaim_state__builder.hpp
[6.618s] -- Installing: /home/niuoruo/workspace/sentry/ws/sentry_desicion/install/rmos_interfaces/include/rmos_interfaces/msg/detail/color__type_support.hpp
[6.618s] -- Installing: /home/niuoruo/workspace/sentry/ws/sentry_desicion/install/rmos_interfaces/include/rmos_interfaces/msg/detail/bullet_speed__traits.hpp
[6.618s] -- Installing: /home/niuoruo/workspace/sentry/ws/sentry_desicion/install/rmos_interfaces/include/rmos_interfaces/msg/detail/armors__struct.hpp
[6.618s] -- Installing: /home/niuoruo/workspace/sentry/ws/sentry_desicion/install/rmos_interfaces/include/rmos_interfaces/msg/detail/color__traits.hpp
[6.618s] -- Installing: /home/niuoruo/workspace/sentry/ws/sentry_desicion/install/rmos_interfaces/include/rmos_interfaces/msg/detail/target__struct.hpp
[6.618s] -- Installing: /home/niuoruo/workspace/sentry/ws/sentry_desicion/install/rmos_interfaces/include/rmos_interfaces/msg/detail/autoaim_state__traits.hpp
[6.618s] -- Installing: /home/niuoruo/workspace/sentry/ws/sentry_desicion/install/rmos_interfaces/include/rmos_interfaces/msg/detail/target__builder.hpp
[6.618s] -- Installing: /home/niuoruo/workspace/sentry/ws/sentry_desicion/install/rmos_interfaces/include/rmos_interfaces/msg/detail/target__traits.hpp
[6.618s] -- Installing: /home/niuoruo/workspace/sentry/ws/sentry_desicion/install/rmos_interfaces/include/rmos_interfaces/msg/detail/bullet_speed__struct.hpp
[6.618s] -- Installing: /home/niuoruo/workspace/sentry/ws/sentry_desicion/install/rmos_interfaces/include/rmos_interfaces/msg/detail/autoaim_state__struct.hpp
[6.618s] -- Installing: /home/niuoruo/workspace/sentry/ws/sentry_desicion/install/rmos_interfaces/include/rmos_interfaces/msg/detail/armor__traits.hpp
[6.618s] -- Installing: /home/niuoruo/workspace/sentry/ws/sentry_desicion/install/rmos_interfaces/include/rmos_interfaces/msg/detail/armors__traits.hpp
[6.619s] -- Installing: /home/niuoruo/workspace/sentry/ws/sentry_desicion/install/rmos_interfaces/include/rmos_interfaces/msg/detail/quaternion_time__struct.hpp
[6.619s] -- Installing: /home/niuoruo/workspace/sentry/ws/sentry_desicion/install/rmos_interfaces/include/rmos_interfaces/msg/detail/armor__builder.hpp
[6.619s] -- Installing: /home/niuoruo/workspace/sentry/ws/sentry_desicion/install/rmos_interfaces/include/rmos_interfaces/msg/detail/quaternion_time__builder.hpp
[6.619s] -- Installing: /home/niuoruo/workspace/sentry/ws/sentry_desicion/install/rmos_interfaces/include/rmos_interfaces/msg/detail/quaternion_time__type_support.hpp
[6.619s] -- Installing: /home/niuoruo/workspace/sentry/ws/sentry_desicion/install/rmos_interfaces/include/rmos_interfaces/msg/detail/quaternion_time__traits.hpp
[6.619s] -- Installing: /home/niuoruo/workspace/sentry/ws/sentry_desicion/install/rmos_interfaces/include/rmos_interfaces/msg/detail/bullet_speed__builder.hpp
[6.619s] -- Installing: /home/niuoruo/workspace/sentry/ws/sentry_desicion/install/rmos_interfaces/include/rmos_interfaces/msg/detail/mode__struct.hpp
[6.619s] -- Installing: /home/niuoruo/workspace/sentry/ws/sentry_desicion/install/rmos_interfaces/include/rmos_interfaces/msg/detail/target__type_support.hpp
[6.619s] -- Installing: /home/niuoruo/workspace/sentry/ws/sentry_desicion/install/rmos_interfaces/include/rmos_interfaces/msg/detail/armor__struct.hpp
[6.619s] -- Installing: /home/niuoruo/workspace/sentry/ws/sentry_desicion/install/rmos_interfaces/include/rmos_interfaces/msg/mode.hpp
[6.619s] -- Up-to-date: /home/niuoruo/workspace/sentry/ws/sentry_desicion/install/rmos_interfaces/include/rmos_interfaces
[6.619s] -- Up-to-date: /home/niuoruo/workspace/sentry/ws/sentry_desicion/install/rmos_interfaces/include/rmos_interfaces/msg
[6.619s] -- Up-to-date: /home/niuoruo/workspace/sentry/ws/sentry_desicion/install/rmos_interfaces/include/rmos_interfaces/msg/detail
[6.619s] -- Installing: /home/niuoruo/workspace/sentry/ws/sentry_desicion/install/rmos_interfaces/include/rmos_interfaces/msg/detail/quaternion_time__type_support.cpp
[6.619s] -- Installing: /home/niuoruo/workspace/sentry/ws/sentry_desicion/install/rmos_interfaces/include/rmos_interfaces/msg/detail/armor__rosidl_typesupport_introspection_cpp.hpp
[6.619s] -- Installing: /home/niuoruo/workspace/sentry/ws/sentry_desicion/install/rmos_interfaces/include/rmos_interfaces/msg/detail/armors__type_support.cpp
[6.619s] -- Installing: /home/niuoruo/workspace/sentry/ws/sentry_desicion/install/rmos_interfaces/include/rmos_interfaces/msg/detail/armor__type_support.cpp
[6.620s] -- Installing: /home/niuoruo/workspace/sentry/ws/sentry_desicion/install/rmos_interfaces/include/rmos_interfaces/msg/detail/bullet_speed__type_support.cpp
[6.620s] -- Installing: /home/niuoruo/workspace/sentry/ws/sentry_desicion/install/rmos_interfaces/include/rmos_interfaces/msg/detail/armors__rosidl_typesupport_introspection_cpp.hpp
[6.620s] -- Installing: /home/niuoruo/workspace/sentry/ws/sentry_desicion/install/rmos_interfaces/include/rmos_interfaces/msg/detail/mode__type_support.cpp
[6.620s] -- Installing: /home/niuoruo/workspace/sentry/ws/sentry_desicion/install/rmos_interfaces/include/rmos_interfaces/msg/detail/quaternion_time__rosidl_typesupport_introspection_cpp.hpp
[6.620s] -- Installing: /home/niuoruo/workspace/sentry/ws/sentry_desicion/install/rmos_interfaces/include/rmos_interfaces/msg/detail/color__type_support.cpp
[6.620s] -- Installing: /home/niuoruo/workspace/sentry/ws/sentry_desicion/install/rmos_interfaces/include/rmos_interfaces/msg/detail/target__type_support.cpp
[6.620s] -- Installing: /home/niuoruo/workspace/sentry/ws/sentry_desicion/install/rmos_interfaces/include/rmos_interfaces/msg/detail/autoaim_state__type_support.cpp
[6.620s] -- Installing: /home/niuoruo/workspace/sentry/ws/sentry_desicion/install/rmos_interfaces/include/rmos_interfaces/msg/detail/mode__rosidl_typesupport_introspection_cpp.hpp
[6.620s] -- Installing: /home/niuoruo/workspace/sentry/ws/sentry_desicion/install/rmos_interfaces/include/rmos_interfaces/msg/detail/autoaim_state__rosidl_typesupport_introspection_cpp.hpp
[6.620s] -- Installing: /home/niuoruo/workspace/sentry/ws/sentry_desicion/install/rmos_interfaces/include/rmos_interfaces/msg/detail/bullet_speed__rosidl_typesupport_introspection_cpp.hpp
[6.620s] -- Installing: /home/niuoruo/workspace/sentry/ws/sentry_desicion/install/rmos_interfaces/include/rmos_interfaces/msg/detail/color__rosidl_typesupport_introspection_cpp.hpp
[6.620s] -- Installing: /home/niuoruo/workspace/sentry/ws/sentry_desicion/install/rmos_interfaces/include/rmos_interfaces/msg/detail/target__rosidl_typesupport_introspection_cpp.hpp
[6.620s] -- Installing: /home/niuoruo/workspace/sentry/ws/sentry_desicion/install/rmos_interfaces/lib/librmos_interfaces__rosidl_typesupport_introspection_cpp.so
[6.620s] -- Set runtime path of "/home/niuoruo/workspace/sentry/ws/sentry_desicion/install/rmos_interfaces/lib/librmos_interfaces__rosidl_typesupport_introspection_cpp.so" to ""
[6.621s] -- Installing: /home/niuoruo/workspace/sentry/ws/sentry_desicion/install/rmos_interfaces/lib/librmos_interfaces__rosidl_typesupport_cpp.so
[6.621s] -- Set runtime path of "/home/niuoruo/workspace/sentry/ws/sentry_desicion/install/rmos_interfaces/lib/librmos_interfaces__rosidl_typesupport_cpp.so" to ""
[6.621s] -- Installing: /home/niuoruo/workspace/sentry/ws/sentry_desicion/install/rmos_interfaces/share/rmos_interfaces/environment/pythonpath.sh
[6.621s] -- Installing: /home/niuoruo/workspace/sentry/ws/sentry_desicion/install/rmos_interfaces/share/rmos_interfaces/environment/pythonpath.dsv
[6.621s] -- Installing: /home/niuoruo/workspace/sentry/ws/sentry_desicion/install/rmos_interfaces/lib/python3.8/site-packages/rmos_interfaces/__init__.py
[6.643s] Compiling '/home/niuoruo/workspace/sentry/ws/sentry_desicion/install/rmos_interfaces/lib/python3.8/site-packages/rmos_interfaces/__init__.py'...
[6.646s] -- Installing: /home/niuoruo/workspace/sentry/ws/sentry_desicion/install/rmos_interfaces/lib/python3.8/site-packages/rmos_interfaces/msg
[6.646s] -- Installing: /home/niuoruo/workspace/sentry/ws/sentry_desicion/install/rmos_interfaces/lib/python3.8/site-packages/rmos_interfaces/msg/_bullet_speed_s.c
[6.646s] -- Installing: /home/niuoruo/workspace/sentry/ws/sentry_desicion/install/rmos_interfaces/lib/python3.8/site-packages/rmos_interfaces/msg/_autoaim_state_s.c
[6.646s] -- Installing: /home/niuoruo/workspace/sentry/ws/sentry_desicion/install/rmos_interfaces/lib/python3.8/site-packages/rmos_interfaces/msg/_bullet_speed.py
[6.646s] -- Installing: /home/niuoruo/workspace/sentry/ws/sentry_desicion/install/rmos_interfaces/lib/python3.8/site-packages/rmos_interfaces/msg/__init__.py
[6.646s] -- Installing: /home/niuoruo/workspace/sentry/ws/sentry_desicion/install/rmos_interfaces/lib/python3.8/site-packages/rmos_interfaces/msg/_target_s.c
[6.647s] -- Installing: /home/niuoruo/workspace/sentry/ws/sentry_desicion/install/rmos_interfaces/lib/python3.8/site-packages/rmos_interfaces/msg/_mode_s.c
[6.647s] -- Installing: /home/niuoruo/workspace/sentry/ws/sentry_desicion/install/rmos_interfaces/lib/python3.8/site-packages/rmos_interfaces/msg/_armors.py
[6.647s] -- Installing: /home/niuoruo/workspace/sentry/ws/sentry_desicion/install/rmos_interfaces/lib/python3.8/site-packages/rmos_interfaces/msg/_color.py
[6.647s] -- Installing: /home/niuoruo/workspace/sentry/ws/sentry_desicion/install/rmos_interfaces/lib/python3.8/site-packages/rmos_interfaces/msg/_armor.py
[6.647s] -- Installing: /home/niuoruo/workspace/sentry/ws/sentry_desicion/install/rmos_interfaces/lib/python3.8/site-packages/rmos_interfaces/msg/_quaternion_time_s.c
[6.647s] -- Installing: /home/niuoruo/workspace/sentry/ws/sentry_desicion/install/rmos_interfaces/lib/python3.8/site-packages/rmos_interfaces/msg/_armors_s.c
[6.647s] -- Installing: /home/niuoruo/workspace/sentry/ws/sentry_desicion/install/rmos_interfaces/lib/python3.8/site-packages/rmos_interfaces/msg/_mode.py
[6.647s] -- Installing: /home/niuoruo/workspace/sentry/ws/sentry_desicion/install/rmos_interfaces/lib/python3.8/site-packages/rmos_interfaces/msg/_target.py
[6.647s] -- Installing: /home/niuoruo/workspace/sentry/ws/sentry_desicion/install/rmos_interfaces/lib/python3.8/site-packages/rmos_interfaces/msg/_quaternion_time.py
[6.647s] -- Installing: /home/niuoruo/workspace/sentry/ws/sentry_desicion/install/rmos_interfaces/lib/python3.8/site-packages/rmos_interfaces/msg/_armor_s.c
[6.647s] -- Installing: /home/niuoruo/workspace/sentry/ws/sentry_desicion/install/rmos_interfaces/lib/python3.8/site-packages/rmos_interfaces/msg/_autoaim_state.py
[6.648s] -- Installing: /home/niuoruo/workspace/sentry/ws/sentry_desicion/install/rmos_interfaces/lib/python3.8/site-packages/rmos_interfaces/msg/_color_s.c
[6.648s] -- Installing: /home/niuoruo/workspace/sentry/ws/sentry_desicion/install/rmos_interfaces/lib/python3.8/site-packages/rmos_interfaces/rmos_interfaces_s__rosidl_typesupport_fastrtps_c.cpython-38-x86_64-linux-gnu.so
[6.648s] -- Set runtime path of "/home/niuoruo/workspace/sentry/ws/sentry_desicion/install/rmos_interfaces/lib/python3.8/site-packages/rmos_interfaces/rmos_interfaces_s__rosidl_typesupport_fastrtps_c.cpython-38-x86_64-linux-gnu.so" to ""
[6.649s] -- Installing: /home/niuoruo/workspace/sentry/ws/sentry_desicion/install/rmos_interfaces/lib/python3.8/site-packages/rmos_interfaces/rmos_interfaces_s__rosidl_typesupport_introspection_c.cpython-38-x86_64-linux-gnu.so
[6.649s] -- Set runtime path of "/home/niuoruo/workspace/sentry/ws/sentry_desicion/install/rmos_interfaces/lib/python3.8/site-packages/rmos_interfaces/rmos_interfaces_s__rosidl_typesupport_introspection_c.cpython-38-x86_64-linux-gnu.so" to ""
[6.649s] -- Installing: /home/niuoruo/workspace/sentry/ws/sentry_desicion/install/rmos_interfaces/lib/python3.8/site-packages/rmos_interfaces/rmos_interfaces_s__rosidl_typesupport_c.cpython-38-x86_64-linux-gnu.so
[6.650s] -- Set runtime path of "/home/niuoruo/workspace/sentry/ws/sentry_desicion/install/rmos_interfaces/lib/python3.8/site-packages/rmos_interfaces/rmos_interfaces_s__rosidl_typesupport_c.cpython-38-x86_64-linux-gnu.so" to ""
[6.650s] -- Installing: /home/niuoruo/workspace/sentry/ws/sentry_desicion/install/rmos_interfaces/lib/librmos_interfaces__python.so
[6.650s] -- Set runtime path of "/home/niuoruo/workspace/sentry/ws/sentry_desicion/install/rmos_interfaces/lib/librmos_interfaces__python.so" to ""
[6.650s] -- Installing: /home/niuoruo/workspace/sentry/ws/sentry_desicion/install/rmos_interfaces/share/rmos_interfaces/msg/Armor.idl
[6.650s] -- Installing: /home/niuoruo/workspace/sentry/ws/sentry_desicion/install/rmos_interfaces/share/rmos_interfaces/msg/Armors.idl
[6.651s] -- Installing: /home/niuoruo/workspace/sentry/ws/sentry_desicion/install/rmos_interfaces/share/rmos_interfaces/msg/QuaternionTime.idl
[6.651s] -- Installing: /home/niuoruo/workspace/sentry/ws/sentry_desicion/install/rmos_interfaces/share/rmos_interfaces/msg/Color.idl
[6.651s] -- Installing: /home/niuoruo/workspace/sentry/ws/sentry_desicion/install/rmos_interfaces/share/rmos_interfaces/msg/BulletSpeed.idl
[6.651s] -- Installing: /home/niuoruo/workspace/sentry/ws/sentry_desicion/install/rmos_interfaces/share/rmos_interfaces/msg/Mode.idl
[6.651s] -- Installing: /home/niuoruo/workspace/sentry/ws/sentry_desicion/install/rmos_interfaces/share/rmos_interfaces/msg/AutoaimState.idl
[6.651s] -- Installing: /home/niuoruo/workspace/sentry/ws/sentry_desicion/install/rmos_interfaces/share/rmos_interfaces/msg/Target.idl
[6.651s] -- Installing: /home/niuoruo/workspace/sentry/ws/sentry_desicion/install/rmos_interfaces/share/rmos_interfaces/msg/Armor.msg
[6.652s] -- Installing: /home/niuoruo/workspace/sentry/ws/sentry_desicion/install/rmos_interfaces/share/rmos_interfaces/msg/Armors.msg
[6.652s] -- Installing: /home/niuoruo/workspace/sentry/ws/sentry_desicion/install/rmos_interfaces/share/rmos_interfaces/msg/QuaternionTime.msg
[6.652s] -- Installing: /home/niuoruo/workspace/sentry/ws/sentry_desicion/install/rmos_interfaces/share/rmos_interfaces/msg/Color.msg
[6.652s] -- Installing: /home/niuoruo/workspace/sentry/ws/sentry_desicion/install/rmos_interfaces/share/rmos_interfaces/msg/BulletSpeed.msg
[6.652s] -- Installing: /home/niuoruo/workspace/sentry/ws/sentry_desicion/install/rmos_interfaces/share/rmos_interfaces/msg/Mode.msg
[6.652s] -- Installing: /home/niuoruo/workspace/sentry/ws/sentry_desicion/install/rmos_interfaces/share/rmos_interfaces/msg/AutoaimState.msg
[6.652s] -- Installing: /home/niuoruo/workspace/sentry/ws/sentry_desicion/install/rmos_interfaces/share/rmos_interfaces/msg/Target.msg
[6.652s] -- Installing: /home/niuoruo/workspace/sentry/ws/sentry_desicion/install/rmos_interfaces/share/ament_index/resource_index/package_run_dependencies/rmos_interfaces
[6.653s] -- Installing: /home/niuoruo/workspace/sentry/ws/sentry_desicion/install/rmos_interfaces/share/ament_index/resource_index/parent_prefix_path/rmos_interfaces
[6.653s] -- Installing: /home/niuoruo/workspace/sentry/ws/sentry_desicion/install/rmos_interfaces/share/rmos_interfaces/environment/ament_prefix_path.sh
[6.653s] -- Installing: /home/niuoruo/workspace/sentry/ws/sentry_desicion/install/rmos_interfaces/share/rmos_interfaces/environment/ament_prefix_path.dsv
[6.653s] -- Installing: /home/niuoruo/workspace/sentry/ws/sentry_desicion/install/rmos_interfaces/share/rmos_interfaces/environment/path.sh
[6.653s] -- Installing: /home/niuoruo/workspace/sentry/ws/sentry_desicion/install/rmos_interfaces/share/rmos_interfaces/environment/path.dsv
[6.653s] -- Installing: /home/niuoruo/workspace/sentry/ws/sentry_desicion/install/rmos_interfaces/share/rmos_interfaces/local_setup.bash
[6.654s] -- Installing: /home/niuoruo/workspace/sentry/ws/sentry_desicion/install/rmos_interfaces/share/rmos_interfaces/local_setup.sh
[6.654s] -- Installing: /home/niuoruo/workspace/sentry/ws/sentry_desicion/install/rmos_interfaces/share/rmos_interfaces/local_setup.zsh
[6.654s] -- Installing: /home/niuoruo/workspace/sentry/ws/sentry_desicion/install/rmos_interfaces/share/rmos_interfaces/local_setup.dsv
[6.654s] -- Installing: /home/niuoruo/workspace/sentry/ws/sentry_desicion/install/rmos_interfaces/share/rmos_interfaces/package.dsv
[6.654s] -- Installing: /home/niuoruo/workspace/sentry/ws/sentry_desicion/install/rmos_interfaces/share/ament_index/resource_index/packages/rmos_interfaces
[6.654s] -- Installing: /home/niuoruo/workspace/sentry/ws/sentry_desicion/install/rmos_interfaces/share/rmos_interfaces/cmake/rmos_interfaces__rosidl_generator_cExport.cmake
[6.654s] -- Installing: /home/niuoruo/workspace/sentry/ws/sentry_desicion/install/rmos_interfaces/share/rmos_interfaces/cmake/rmos_interfaces__rosidl_generator_cExport-noconfig.cmake
[6.655s] -- Installing: /home/niuoruo/workspace/sentry/ws/sentry_desicion/install/rmos_interfaces/share/rmos_interfaces/cmake/rmos_interfaces__rosidl_typesupport_introspection_cExport.cmake
[6.655s] -- Installing: /home/niuoruo/workspace/sentry/ws/sentry_desicion/install/rmos_interfaces/share/rmos_interfaces/cmake/rmos_interfaces__rosidl_typesupport_introspection_cExport-noconfig.cmake
[6.655s] -- Installing: /home/niuoruo/workspace/sentry/ws/sentry_desicion/install/rmos_interfaces/share/rmos_interfaces/cmake/rmos_interfaces__rosidl_typesupport_cExport.cmake
[6.655s] -- Installing: /home/niuoruo/workspace/sentry/ws/sentry_desicion/install/rmos_interfaces/share/rmos_interfaces/cmake/rmos_interfaces__rosidl_typesupport_cExport-noconfig.cmake
[6.655s] -- Installing: /home/niuoruo/workspace/sentry/ws/sentry_desicion/install/rmos_interfaces/share/rmos_interfaces/cmake/rmos_interfaces__rosidl_generator_cppExport.cmake
[6.655s] -- Installing: /home/niuoruo/workspace/sentry/ws/sentry_desicion/install/rmos_interfaces/share/rmos_interfaces/cmake/rmos_interfaces__rosidl_typesupport_introspection_cppExport.cmake
[6.655s] -- Installing: /home/niuoruo/workspace/sentry/ws/sentry_desicion/install/rmos_interfaces/share/rmos_interfaces/cmake/rmos_interfaces__rosidl_typesupport_introspection_cppExport-noconfig.cmake
[6.656s] -- Installing: /home/niuoruo/workspace/sentry/ws/sentry_desicion/install/rmos_interfaces/share/rmos_interfaces/cmake/rmos_interfaces__rosidl_typesupport_cppExport.cmake
[6.656s] -- Installing: /home/niuoruo/workspace/sentry/ws/sentry_desicion/install/rmos_interfaces/share/rmos_interfaces/cmake/rmos_interfaces__rosidl_typesupport_cppExport-noconfig.cmake
[6.656s] -- Installing: /home/niuoruo/workspace/sentry/ws/sentry_desicion/install/rmos_interfaces/share/rmos_interfaces/cmake/rosidl_cmake-extras.cmake
[6.656s] -- Installing: /home/niuoruo/workspace/sentry/ws/sentry_desicion/install/rmos_interfaces/share/rmos_interfaces/cmake/ament_cmake_export_dependencies-extras.cmake
[6.656s] -- Installing: /home/niuoruo/workspace/sentry/ws/sentry_desicion/install/rmos_interfaces/share/rmos_interfaces/cmake/ament_cmake_export_libraries-extras.cmake
[6.656s] -- Installing: /home/niuoruo/workspace/sentry/ws/sentry_desicion/install/rmos_interfaces/share/rmos_interfaces/cmake/ament_cmake_export_targets-extras.cmake
[6.656s] -- Installing: /home/niuoruo/workspace/sentry/ws/sentry_desicion/install/rmos_interfaces/share/rmos_interfaces/cmake/ament_cmake_export_include_directories-extras.cmake
[6.656s] -- Installing: /home/niuoruo/workspace/sentry/ws/sentry_desicion/install/rmos_interfaces/share/rmos_interfaces/cmake/rosidl_cmake_export_typesupport_libraries-extras.cmake
[6.656s] -- Installing: /home/niuoruo/workspace/sentry/ws/sentry_desicion/install/rmos_interfaces/share/rmos_interfaces/cmake/rosidl_cmake_export_typesupport_targets-extras.cmake
[6.657s] -- Installing: /home/niuoruo/workspace/sentry/ws/sentry_desicion/install/rmos_interfaces/share/rmos_interfaces/cmake/rmos_interfacesConfig.cmake
[6.657s] -- Installing: /home/niuoruo/workspace/sentry/ws/sentry_desicion/install/rmos_interfaces/share/rmos_interfaces/cmake/rmos_interfacesConfig-version.cmake
[6.657s] -- Installing: /home/niuoruo/workspace/sentry/ws/sentry_desicion/install/rmos_interfaces/share/rmos_interfaces/package.xml
[6.659s] Invoked command in '/home/niuoruo/workspace/sentry/ws/sentry_desicion/build/rmos_interfaces' returned '0': CMAKE_PREFIX_PATH=/opt/ros/foxy /usr/bin/cmake --install /home/niuoruo/workspace/sentry/ws/sentry_desicion/build/rmos_interfaces
