[0.583s] Invoking command in '/home/niuoruo/workspace/sentry/ws/sentry_desicion/build/sentry_interfaces': CMAKE_PREFIX_PATH=${CMAKE_PREFIX_PATH}:/opt/ros/foxy /usr/bin/cmake --build /home/niuoruo/workspace/sentry/ws/sentry_desicion/build/sentry_interfaces -- -j16 -l16
[0.626s] [  3%] Built target sentry_interfaces__cpp
[0.628s] [ 12%] Built target sentry_interfaces__rosidl_generator_c
[0.648s] [ 22%] Built target sentry_interfaces__rosidl_typesupport_cpp
[0.649s] [ 32%] Built target sentry_interfaces__rosidl_typesupport_introspection_cpp
[0.653s] [ 51%] Built target sentry_interfaces__rosidl_typesupport_introspection_c
[0.653s] [ 51%] Built target sentry_interfaces__rosidl_typesupport_c
[0.659s] [ 61%] Built target sentry_interfaces__rosidl_typesupport_fastrtps_cpp
[0.700s] [ 70%] Built target sentry_interfaces__rosidl_typesupport_fastrtps_c
[0.703s] [ 70%] Built target sentry_interfaces
[0.724s] [ 74%] Built target sentry_interfaces__py
[0.744s] [ 80%] Built target sentry_interfaces__python
[0.771s] [ 87%] Built target sentry_interfaces__rosidl_typesupport_fastrtps_c__pyext
[0.772s] [ 93%] Built target sentry_interfaces__rosidl_typesupport_c__pyext
[0.774s] [100%] Built target sentry_interfaces__rosidl_typesupport_introspection_c__pyext
[0.837s] Invoked command in '/home/niuoruo/workspace/sentry/ws/sentry_desicion/build/sentry_interfaces' returned '0': CMAKE_PREFIX_PATH=${CMAKE_PREFIX_PATH}:/opt/ros/foxy /usr/bin/cmake --build /home/niuoruo/workspace/sentry/ws/sentry_desicion/build/sentry_interfaces -- -j16 -l16
[1.007s] Invoking command in '/home/niuoruo/workspace/sentry/ws/sentry_desicion/build/sentry_interfaces': CMAKE_PREFIX_PATH=${CMAKE_PREFIX_PATH}:/opt/ros/foxy /usr/bin/cmake --install /home/niuoruo/workspace/sentry/ws/sentry_desicion/build/sentry_interfaces
[1.018s] -- Install configuration: ""
[1.018s] -- Up-to-date: /home/niuoruo/workspace/sentry/ws/sentry_desicion/install/sentry_interfaces/share/ament_index/resource_index/rosidl_interfaces/sentry_interfaces
[1.018s] -- Up-to-date: /home/niuoruo/workspace/sentry/ws/sentry_desicion/install/sentry_interfaces/include/sentry_interfaces
[1.018s] -- Up-to-date: /home/niuoruo/workspace/sentry/ws/sentry_desicion/install/sentry_interfaces/include/sentry_interfaces/msg
[1.018s] -- Up-to-date: /home/niuoruo/workspace/sentry/ws/sentry_desicion/install/sentry_interfaces/include/sentry_interfaces/msg/referee_information.h
[1.018s] -- Up-to-date: /home/niuoruo/workspace/sentry/ws/sentry_desicion/install/sentry_interfaces/include/sentry_interfaces/msg/detail
[1.018s] -- Up-to-date: /home/niuoruo/workspace/sentry/ws/sentry_desicion/install/sentry_interfaces/include/sentry_interfaces/msg/detail/referee_information__struct.h
[1.018s] -- Up-to-date: /home/niuoruo/workspace/sentry/ws/sentry_desicion/install/sentry_interfaces/include/sentry_interfaces/msg/detail/referee_information__functions.c
[1.018s] -- Up-to-date: /home/niuoruo/workspace/sentry/ws/sentry_desicion/install/sentry_interfaces/include/sentry_interfaces/msg/detail/referee_information__type_support.h
[1.018s] -- Up-to-date: /home/niuoruo/workspace/sentry/ws/sentry_desicion/install/sentry_interfaces/include/sentry_interfaces/msg/detail/referee_information__functions.h
[1.019s] -- Up-to-date: /home/niuoruo/workspace/sentry/ws/sentry_desicion/install/sentry_interfaces/include/sentry_interfaces/msg/rosidl_generator_c__visibility_control.h
[1.019s] -- Up-to-date: /home/niuoruo/workspace/sentry/ws/sentry_desicion/install/sentry_interfaces/share/sentry_interfaces/environment/library_path.sh
[1.019s] -- Up-to-date: /home/niuoruo/workspace/sentry/ws/sentry_desicion/install/sentry_interfaces/share/sentry_interfaces/environment/library_path.dsv
[1.019s] -- Up-to-date: /home/niuoruo/workspace/sentry/ws/sentry_desicion/install/sentry_interfaces/lib/libsentry_interfaces__rosidl_generator_c.so
[1.019s] -- Up-to-date: /home/niuoruo/workspace/sentry/ws/sentry_desicion/install/sentry_interfaces/include/sentry_interfaces
[1.019s] -- Up-to-date: /home/niuoruo/workspace/sentry/ws/sentry_desicion/install/sentry_interfaces/include/sentry_interfaces/msg
[1.019s] -- Up-to-date: /home/niuoruo/workspace/sentry/ws/sentry_desicion/install/sentry_interfaces/include/sentry_interfaces/msg/detail
[1.019s] -- Up-to-date: /home/niuoruo/workspace/sentry/ws/sentry_desicion/install/sentry_interfaces/include/sentry_interfaces/msg/detail/referee_information__rosidl_typesupport_fastrtps_c.h
[1.019s] -- Up-to-date: /home/niuoruo/workspace/sentry/ws/sentry_desicion/install/sentry_interfaces/include/sentry_interfaces/msg/rosidl_typesupport_fastrtps_c__visibility_control.h
[1.019s] -- Up-to-date: /home/niuoruo/workspace/sentry/ws/sentry_desicion/install/sentry_interfaces/lib/libsentry_interfaces__rosidl_typesupport_fastrtps_c.so
[1.019s] -- Up-to-date: /home/niuoruo/workspace/sentry/ws/sentry_desicion/install/sentry_interfaces/include/sentry_interfaces
[1.019s] -- Up-to-date: /home/niuoruo/workspace/sentry/ws/sentry_desicion/install/sentry_interfaces/include/sentry_interfaces/msg
[1.019s] -- Up-to-date: /home/niuoruo/workspace/sentry/ws/sentry_desicion/install/sentry_interfaces/include/sentry_interfaces/msg/rosidl_typesupport_fastrtps_cpp__visibility_control.h
[1.020s] -- Up-to-date: /home/niuoruo/workspace/sentry/ws/sentry_desicion/install/sentry_interfaces/include/sentry_interfaces/msg/detail
[1.020s] -- Up-to-date: /home/niuoruo/workspace/sentry/ws/sentry_desicion/install/sentry_interfaces/include/sentry_interfaces/msg/detail/referee_information__rosidl_typesupport_fastrtps_cpp.hpp
[1.020s] -- Up-to-date: /home/niuoruo/workspace/sentry/ws/sentry_desicion/install/sentry_interfaces/include/sentry_interfaces/msg/detail/dds_fastrtps
[1.020s] -- Up-to-date: /home/niuoruo/workspace/sentry/ws/sentry_desicion/install/sentry_interfaces/lib/libsentry_interfaces__rosidl_typesupport_fastrtps_cpp.so
[1.020s] -- Up-to-date: /home/niuoruo/workspace/sentry/ws/sentry_desicion/install/sentry_interfaces/include/sentry_interfaces
[1.020s] -- Up-to-date: /home/niuoruo/workspace/sentry/ws/sentry_desicion/install/sentry_interfaces/include/sentry_interfaces/msg
[1.020s] -- Up-to-date: /home/niuoruo/workspace/sentry/ws/sentry_desicion/install/sentry_interfaces/include/sentry_interfaces/msg/rosidl_typesupport_introspection_c__visibility_control.h
[1.020s] -- Up-to-date: /home/niuoruo/workspace/sentry/ws/sentry_desicion/install/sentry_interfaces/include/sentry_interfaces/msg/detail
[1.020s] -- Up-to-date: /home/niuoruo/workspace/sentry/ws/sentry_desicion/install/sentry_interfaces/include/sentry_interfaces/msg/detail/referee_information__type_support.c
[1.020s] -- Up-to-date: /home/niuoruo/workspace/sentry/ws/sentry_desicion/install/sentry_interfaces/include/sentry_interfaces/msg/detail/referee_information__rosidl_typesupport_introspection_c.h
[1.021s] -- Up-to-date: /home/niuoruo/workspace/sentry/ws/sentry_desicion/install/sentry_interfaces/lib/libsentry_interfaces__rosidl_typesupport_introspection_c.so
[1.022s] -- Up-to-date: /home/niuoruo/workspace/sentry/ws/sentry_desicion/install/sentry_interfaces/lib/libsentry_interfaces__rosidl_typesupport_c.so
[1.022s] -- Up-to-date: /home/niuoruo/workspace/sentry/ws/sentry_desicion/install/sentry_interfaces/include/sentry_interfaces
[1.022s] -- Up-to-date: /home/niuoruo/workspace/sentry/ws/sentry_desicion/install/sentry_interfaces/include/sentry_interfaces/msg
[1.022s] -- Up-to-date: /home/niuoruo/workspace/sentry/ws/sentry_desicion/install/sentry_interfaces/include/sentry_interfaces/msg/rosidl_generator_cpp__visibility_control.hpp
[1.022s] -- Up-to-date: /home/niuoruo/workspace/sentry/ws/sentry_desicion/install/sentry_interfaces/include/sentry_interfaces/msg/referee_information.hpp
[1.023s] -- Up-to-date: /home/niuoruo/workspace/sentry/ws/sentry_desicion/install/sentry_interfaces/include/sentry_interfaces/msg/detail
[1.023s] -- Up-to-date: /home/niuoruo/workspace/sentry/ws/sentry_desicion/install/sentry_interfaces/include/sentry_interfaces/msg/detail/referee_information__traits.hpp
[1.023s] -- Up-to-date: /home/niuoruo/workspace/sentry/ws/sentry_desicion/install/sentry_interfaces/include/sentry_interfaces/msg/detail/referee_information__struct.hpp
[1.023s] -- Up-to-date: /home/niuoruo/workspace/sentry/ws/sentry_desicion/install/sentry_interfaces/include/sentry_interfaces/msg/detail/referee_information__type_support.hpp
[1.023s] -- Up-to-date: /home/niuoruo/workspace/sentry/ws/sentry_desicion/install/sentry_interfaces/include/sentry_interfaces/msg/detail/referee_information__builder.hpp
[1.023s] -- Up-to-date: /home/niuoruo/workspace/sentry/ws/sentry_desicion/install/sentry_interfaces/include/sentry_interfaces
[1.023s] -- Up-to-date: /home/niuoruo/workspace/sentry/ws/sentry_desicion/install/sentry_interfaces/include/sentry_interfaces/msg
[1.023s] -- Up-to-date: /home/niuoruo/workspace/sentry/ws/sentry_desicion/install/sentry_interfaces/include/sentry_interfaces/msg/detail
[1.023s] -- Up-to-date: /home/niuoruo/workspace/sentry/ws/sentry_desicion/install/sentry_interfaces/include/sentry_interfaces/msg/detail/referee_information__type_support.cpp
[1.023s] -- Up-to-date: /home/niuoruo/workspace/sentry/ws/sentry_desicion/install/sentry_interfaces/include/sentry_interfaces/msg/detail/referee_information__rosidl_typesupport_introspection_cpp.hpp
[1.023s] -- Up-to-date: /home/niuoruo/workspace/sentry/ws/sentry_desicion/install/sentry_interfaces/lib/libsentry_interfaces__rosidl_typesupport_introspection_cpp.so
[1.024s] -- Up-to-date: /home/niuoruo/workspace/sentry/ws/sentry_desicion/install/sentry_interfaces/lib/libsentry_interfaces__rosidl_typesupport_cpp.so
[1.024s] -- Up-to-date: /home/niuoruo/workspace/sentry/ws/sentry_desicion/install/sentry_interfaces/share/sentry_interfaces/environment/pythonpath.sh
[1.024s] -- Up-to-date: /home/niuoruo/workspace/sentry/ws/sentry_desicion/install/sentry_interfaces/share/sentry_interfaces/environment/pythonpath.dsv
[1.024s] -- Up-to-date: /home/niuoruo/workspace/sentry/ws/sentry_desicion/install/sentry_interfaces/lib/python3.8/site-packages/sentry_interfaces/__init__.py
[1.046s] -- Up-to-date: /home/niuoruo/workspace/sentry/ws/sentry_desicion/install/sentry_interfaces/lib/python3.8/site-packages/sentry_interfaces/msg
[1.046s] -- Up-to-date: /home/niuoruo/workspace/sentry/ws/sentry_desicion/install/sentry_interfaces/lib/python3.8/site-packages/sentry_interfaces/msg/__init__.py
[1.046s] -- Up-to-date: /home/niuoruo/workspace/sentry/ws/sentry_desicion/install/sentry_interfaces/lib/python3.8/site-packages/sentry_interfaces/msg/_referee_information.py
[1.046s] -- Up-to-date: /home/niuoruo/workspace/sentry/ws/sentry_desicion/install/sentry_interfaces/lib/python3.8/site-packages/sentry_interfaces/msg/_referee_information_s.c
[1.047s] -- Up-to-date: /home/niuoruo/workspace/sentry/ws/sentry_desicion/install/sentry_interfaces/lib/python3.8/site-packages/sentry_interfaces/sentry_interfaces_s__rosidl_typesupport_fastrtps_c.cpython-38-x86_64-linux-gnu.so
[1.047s] -- Up-to-date: /home/niuoruo/workspace/sentry/ws/sentry_desicion/install/sentry_interfaces/lib/python3.8/site-packages/sentry_interfaces/sentry_interfaces_s__rosidl_typesupport_introspection_c.cpython-38-x86_64-linux-gnu.so
[1.048s] -- Up-to-date: /home/niuoruo/workspace/sentry/ws/sentry_desicion/install/sentry_interfaces/lib/python3.8/site-packages/sentry_interfaces/sentry_interfaces_s__rosidl_typesupport_c.cpython-38-x86_64-linux-gnu.so
[1.048s] -- Up-to-date: /home/niuoruo/workspace/sentry/ws/sentry_desicion/install/sentry_interfaces/lib/libsentry_interfaces__python.so
[1.049s] -- Up-to-date: /home/niuoruo/workspace/sentry/ws/sentry_desicion/install/sentry_interfaces/share/sentry_interfaces/msg/RefereeInformation.idl
[1.049s] -- Up-to-date: /home/niuoruo/workspace/sentry/ws/sentry_desicion/install/sentry_interfaces/share/sentry_interfaces/msg/RefereeInformation.msg
[1.049s] -- Up-to-date: /home/niuoruo/workspace/sentry/ws/sentry_desicion/install/sentry_interfaces/share/ament_index/resource_index/package_run_dependencies/sentry_interfaces
[1.049s] -- Up-to-date: /home/niuoruo/workspace/sentry/ws/sentry_desicion/install/sentry_interfaces/share/ament_index/resource_index/parent_prefix_path/sentry_interfaces
[1.049s] -- Up-to-date: /home/niuoruo/workspace/sentry/ws/sentry_desicion/install/sentry_interfaces/share/sentry_interfaces/environment/ament_prefix_path.sh
[1.049s] -- Up-to-date: /home/niuoruo/workspace/sentry/ws/sentry_desicion/install/sentry_interfaces/share/sentry_interfaces/environment/ament_prefix_path.dsv
[1.049s] -- Up-to-date: /home/niuoruo/workspace/sentry/ws/sentry_desicion/install/sentry_interfaces/share/sentry_interfaces/environment/path.sh
[1.049s] -- Up-to-date: /home/niuoruo/workspace/sentry/ws/sentry_desicion/install/sentry_interfaces/share/sentry_interfaces/environment/path.dsv
[1.049s] -- Up-to-date: /home/niuoruo/workspace/sentry/ws/sentry_desicion/install/sentry_interfaces/share/sentry_interfaces/local_setup.bash
[1.050s] -- Up-to-date: /home/niuoruo/workspace/sentry/ws/sentry_desicion/install/sentry_interfaces/share/sentry_interfaces/local_setup.sh
[1.050s] -- Up-to-date: /home/niuoruo/workspace/sentry/ws/sentry_desicion/install/sentry_interfaces/share/sentry_interfaces/local_setup.zsh
[1.050s] -- Up-to-date: /home/niuoruo/workspace/sentry/ws/sentry_desicion/install/sentry_interfaces/share/sentry_interfaces/local_setup.dsv
[1.050s] -- Installing: /home/niuoruo/workspace/sentry/ws/sentry_desicion/install/sentry_interfaces/share/sentry_interfaces/package.dsv
[1.051s] -- Up-to-date: /home/niuoruo/workspace/sentry/ws/sentry_desicion/install/sentry_interfaces/share/ament_index/resource_index/packages/sentry_interfaces
[1.051s] -- Up-to-date: /home/niuoruo/workspace/sentry/ws/sentry_desicion/install/sentry_interfaces/share/sentry_interfaces/cmake/sentry_interfaces__rosidl_generator_cExport.cmake
[1.052s] -- Up-to-date: /home/niuoruo/workspace/sentry/ws/sentry_desicion/install/sentry_interfaces/share/sentry_interfaces/cmake/sentry_interfaces__rosidl_generator_cExport-noconfig.cmake
[1.052s] -- Up-to-date: /home/niuoruo/workspace/sentry/ws/sentry_desicion/install/sentry_interfaces/share/sentry_interfaces/cmake/sentry_interfaces__rosidl_typesupport_introspection_cExport.cmake
[1.052s] -- Up-to-date: /home/niuoruo/workspace/sentry/ws/sentry_desicion/install/sentry_interfaces/share/sentry_interfaces/cmake/sentry_interfaces__rosidl_typesupport_introspection_cExport-noconfig.cmake
[1.052s] -- Up-to-date: /home/niuoruo/workspace/sentry/ws/sentry_desicion/install/sentry_interfaces/share/sentry_interfaces/cmake/sentry_interfaces__rosidl_typesupport_cExport.cmake
[1.052s] -- Up-to-date: /home/niuoruo/workspace/sentry/ws/sentry_desicion/install/sentry_interfaces/share/sentry_interfaces/cmake/sentry_interfaces__rosidl_typesupport_cExport-noconfig.cmake
[1.052s] -- Up-to-date: /home/niuoruo/workspace/sentry/ws/sentry_desicion/install/sentry_interfaces/share/sentry_interfaces/cmake/sentry_interfaces__rosidl_generator_cppExport.cmake
[1.052s] -- Up-to-date: /home/niuoruo/workspace/sentry/ws/sentry_desicion/install/sentry_interfaces/share/sentry_interfaces/cmake/sentry_interfaces__rosidl_typesupport_introspection_cppExport.cmake
[1.052s] -- Up-to-date: /home/niuoruo/workspace/sentry/ws/sentry_desicion/install/sentry_interfaces/share/sentry_interfaces/cmake/sentry_interfaces__rosidl_typesupport_introspection_cppExport-noconfig.cmake
[1.053s] -- Up-to-date: /home/niuoruo/workspace/sentry/ws/sentry_desicion/install/sentry_interfaces/share/sentry_interfaces/cmake/sentry_interfaces__rosidl_typesupport_cppExport.cmake
[1.053s] -- Up-to-date: /home/niuoruo/workspace/sentry/ws/sentry_desicion/install/sentry_interfaces/share/sentry_interfaces/cmake/sentry_interfaces__rosidl_typesupport_cppExport-noconfig.cmake
[1.053s] -- Up-to-date: /home/niuoruo/workspace/sentry/ws/sentry_desicion/install/sentry_interfaces/share/sentry_interfaces/cmake/rosidl_cmake-extras.cmake
[1.053s] -- Up-to-date: /home/niuoruo/workspace/sentry/ws/sentry_desicion/install/sentry_interfaces/share/sentry_interfaces/cmake/ament_cmake_export_dependencies-extras.cmake
[1.054s] -- Up-to-date: /home/niuoruo/workspace/sentry/ws/sentry_desicion/install/sentry_interfaces/share/sentry_interfaces/cmake/ament_cmake_export_libraries-extras.cmake
[1.054s] -- Up-to-date: /home/niuoruo/workspace/sentry/ws/sentry_desicion/install/sentry_interfaces/share/sentry_interfaces/cmake/ament_cmake_export_targets-extras.cmake
[1.055s] -- Up-to-date: /home/niuoruo/workspace/sentry/ws/sentry_desicion/install/sentry_interfaces/share/sentry_interfaces/cmake/ament_cmake_export_include_directories-extras.cmake
[1.058s] -- Up-to-date: /home/niuoruo/workspace/sentry/ws/sentry_desicion/install/sentry_interfaces/share/sentry_interfaces/cmake/rosidl_cmake_export_typesupport_libraries-extras.cmake
[1.058s] -- Up-to-date: /home/niuoruo/workspace/sentry/ws/sentry_desicion/install/sentry_interfaces/share/sentry_interfaces/cmake/rosidl_cmake_export_typesupport_targets-extras.cmake
[1.058s] -- Up-to-date: /home/niuoruo/workspace/sentry/ws/sentry_desicion/install/sentry_interfaces/share/sentry_interfaces/cmake/sentry_interfacesConfig.cmake
[1.058s] -- Up-to-date: /home/niuoruo/workspace/sentry/ws/sentry_desicion/install/sentry_interfaces/share/sentry_interfaces/cmake/sentry_interfacesConfig-version.cmake
[1.058s] -- Up-to-date: /home/niuoruo/workspace/sentry/ws/sentry_desicion/install/sentry_interfaces/share/sentry_interfaces/package.xml
[1.058s] Invoked command in '/home/niuoruo/workspace/sentry/ws/sentry_desicion/build/sentry_interfaces' returned '0': CMAKE_PREFIX_PATH=${CMAKE_PREFIX_PATH}:/opt/ros/foxy /usr/bin/cmake --install /home/niuoruo/workspace/sentry/ws/sentry_desicion/build/sentry_interfaces
