[2.028s] DEBUG:colcon:Command line arguments: ['/usr/bin/colcon', 'build']
[2.028s] DEBUG:colcon:Parsed command line arguments: Namespace(allow_overriding=[], ament_cmake_args=None, base_paths=['.'], build_base='build', catkin_cmake_args=None, catkin_skip_building_tests=False, cmake_args=None, cmake_clean_cache=False, cmake_clean_first=False, cmake_force_configure=False, cmake_target=None, cmake_target_skip_unavailable=False, continue_on_error=False, event_handlers=None, executor='parallel', ignore_user_meta=False, install_base='install', log_base=None, log_level=None, main=<bound method BuildVerb.main of <colcon_core.verb.build.BuildVerb object at 0x7f77a014b3a0>>, merge_install=False, metas=['./colcon.meta'], packages_above=None, packages_above_and_dependencies=None, packages_above_depth=None, packages_end=None, packages_ignore=None, packages_ignore_regex=None, packages_select=None, packages_select_build_failed=False, packages_select_by_dep=None, packages_select_regex=None, packages_select_test_failures=False, packages_skip=None, packages_skip_build_finished=False, packages_skip_by_dep=None, packages_skip_regex=None, packages_skip_test_passed=False, packages_skip_up_to=None, packages_start=None, packages_up_to=None, packages_up_to_regex=None, parallel_workers=16, paths=None, symlink_install=False, test_result_base=None, verb_extension=<colcon_core.verb.build.BuildVerb object at 0x7f77a014b3a0>, verb_name='build', verb_parser=<colcon_defaults.argument_parser.defaults.DefaultArgumentsDecorator object at 0x7f77a014bf10>)
[2.124s] Level 1:colcon.colcon_core.package_discovery:discover_packages(colcon_meta) check parameters
[2.124s] Level 1:colcon.colcon_core.package_discovery:discover_packages(recursive) check parameters
[2.124s] Level 1:colcon.colcon_core.package_discovery:discover_packages(ignore) check parameters
[2.124s] Level 1:colcon.colcon_core.package_discovery:discover_packages(path) check parameters
[2.124s] Level 1:colcon.colcon_core.package_discovery:discover_packages(colcon_meta) discover
[2.124s] Level 1:colcon.colcon_core.package_discovery:discover_packages(recursive) discover
[2.124s] INFO:colcon.colcon_core.package_discovery:Crawling recursively for packages in '/home/niuoruo/workspace/sentry/ws/sentry_desicion'
[2.125s] Level 1:colcon.colcon_core.package_identification:_identify(.) by extensions ['ignore', 'ignore_ament_install']
[2.125s] Level 1:colcon.colcon_core.package_identification:_identify(.) by extension 'ignore'
[2.125s] Level 1:colcon.colcon_core.package_identification:_identify(.) by extension 'ignore_ament_install'
[2.125s] Level 1:colcon.colcon_core.package_identification:_identify(.) by extensions ['colcon_pkg']
[2.125s] Level 1:colcon.colcon_core.package_identification:_identify(.) by extension 'colcon_pkg'
[2.125s] Level 1:colcon.colcon_core.package_identification:_identify(.) by extensions ['colcon_meta']
[2.125s] Level 1:colcon.colcon_core.package_identification:_identify(.) by extension 'colcon_meta'
[2.125s] Level 1:colcon.colcon_core.package_identification:_identify(.) by extensions ['ros']
[2.125s] Level 1:colcon.colcon_core.package_identification:_identify(.) by extension 'ros'
[2.133s] Level 1:colcon.colcon_core.package_identification:_identify(.) by extensions ['cmake', 'python']
[2.133s] Level 1:colcon.colcon_core.package_identification:_identify(.) by extension 'cmake'
[2.133s] Level 1:colcon.colcon_core.package_identification:_identify(.) by extension 'python'
[2.133s] Level 1:colcon.colcon_core.package_identification:_identify(.) by extensions ['python_setup_py']
[2.133s] Level 1:colcon.colcon_core.package_identification:_identify(.) by extension 'python_setup_py'
[2.133s] Level 1:colcon.colcon_core.package_identification:_identify(build) by extensions ['ignore', 'ignore_ament_install']
[2.133s] Level 1:colcon.colcon_core.package_identification:_identify(build) by extension 'ignore'
[2.133s] Level 1:colcon.colcon_core.package_identification:_identify(build) ignored
[2.133s] Level 1:colcon.colcon_core.package_identification:_identify(install) by extensions ['ignore', 'ignore_ament_install']
[2.133s] Level 1:colcon.colcon_core.package_identification:_identify(install) by extension 'ignore'
[2.134s] Level 1:colcon.colcon_core.package_identification:_identify(install) ignored
[2.134s] Level 1:colcon.colcon_core.package_identification:_identify(log) by extensions ['ignore', 'ignore_ament_install']
[2.134s] Level 1:colcon.colcon_core.package_identification:_identify(log) by extension 'ignore'
[2.134s] Level 1:colcon.colcon_core.package_identification:_identify(log) ignored
[2.134s] Level 1:colcon.colcon_core.package_identification:_identify(src) by extensions ['ignore', 'ignore_ament_install']
[2.134s] Level 1:colcon.colcon_core.package_identification:_identify(src) by extension 'ignore'
[2.134s] Level 1:colcon.colcon_core.package_identification:_identify(src) by extension 'ignore_ament_install'
[2.134s] Level 1:colcon.colcon_core.package_identification:_identify(src) by extensions ['colcon_pkg']
[2.134s] Level 1:colcon.colcon_core.package_identification:_identify(src) by extension 'colcon_pkg'
[2.134s] Level 1:colcon.colcon_core.package_identification:_identify(src) by extensions ['colcon_meta']
[2.134s] Level 1:colcon.colcon_core.package_identification:_identify(src) by extension 'colcon_meta'
[2.134s] Level 1:colcon.colcon_core.package_identification:_identify(src) by extensions ['ros']
[2.134s] Level 1:colcon.colcon_core.package_identification:_identify(src) by extension 'ros'
[2.134s] Level 1:colcon.colcon_core.package_identification:_identify(src) by extensions ['cmake', 'python']
[2.134s] Level 1:colcon.colcon_core.package_identification:_identify(src) by extension 'cmake'
[2.134s] Level 1:colcon.colcon_core.package_identification:_identify(src) by extension 'python'
[2.134s] Level 1:colcon.colcon_core.package_identification:_identify(src) by extensions ['python_setup_py']
[2.134s] Level 1:colcon.colcon_core.package_identification:_identify(src) by extension 'python_setup_py'
[2.134s] Level 1:colcon.colcon_core.package_identification:_identify(src/bag) by extensions ['ignore', 'ignore_ament_install']
[2.134s] Level 1:colcon.colcon_core.package_identification:_identify(src/bag) by extension 'ignore'
[2.134s] Level 1:colcon.colcon_core.package_identification:_identify(src/bag) by extension 'ignore_ament_install'
[2.134s] Level 1:colcon.colcon_core.package_identification:_identify(src/bag) by extensions ['colcon_pkg']
[2.135s] Level 1:colcon.colcon_core.package_identification:_identify(src/bag) by extension 'colcon_pkg'
[2.135s] Level 1:colcon.colcon_core.package_identification:_identify(src/bag) by extensions ['colcon_meta']
[2.135s] Level 1:colcon.colcon_core.package_identification:_identify(src/bag) by extension 'colcon_meta'
[2.135s] Level 1:colcon.colcon_core.package_identification:_identify(src/bag) by extensions ['ros']
[2.135s] Level 1:colcon.colcon_core.package_identification:_identify(src/bag) by extension 'ros'
[2.135s] Level 1:colcon.colcon_core.package_identification:_identify(src/bag) by extensions ['cmake', 'python']
[2.135s] Level 1:colcon.colcon_core.package_identification:_identify(src/bag) by extension 'cmake'
[2.135s] Level 1:colcon.colcon_core.package_identification:_identify(src/bag) by extension 'python'
[2.135s] Level 1:colcon.colcon_core.package_identification:_identify(src/bag) by extensions ['python_setup_py']
[2.135s] Level 1:colcon.colcon_core.package_identification:_identify(src/bag) by extension 'python_setup_py'
[2.135s] Level 1:colcon.colcon_core.package_identification:_identify(src/bag/rosbag2_2023_07_06-00_46_46) by extensions ['ignore', 'ignore_ament_install']
[2.135s] Level 1:colcon.colcon_core.package_identification:_identify(src/bag/rosbag2_2023_07_06-00_46_46) by extension 'ignore'
[2.135s] Level 1:colcon.colcon_core.package_identification:_identify(src/bag/rosbag2_2023_07_06-00_46_46) by extension 'ignore_ament_install'
[2.135s] Level 1:colcon.colcon_core.package_identification:_identify(src/bag/rosbag2_2023_07_06-00_46_46) by extensions ['colcon_pkg']
[2.135s] Level 1:colcon.colcon_core.package_identification:_identify(src/bag/rosbag2_2023_07_06-00_46_46) by extension 'colcon_pkg'
[2.135s] Level 1:colcon.colcon_core.package_identification:_identify(src/bag/rosbag2_2023_07_06-00_46_46) by extensions ['colcon_meta']
[2.135s] Level 1:colcon.colcon_core.package_identification:_identify(src/bag/rosbag2_2023_07_06-00_46_46) by extension 'colcon_meta'
[2.135s] Level 1:colcon.colcon_core.package_identification:_identify(src/bag/rosbag2_2023_07_06-00_46_46) by extensions ['ros']
[2.135s] Level 1:colcon.colcon_core.package_identification:_identify(src/bag/rosbag2_2023_07_06-00_46_46) by extension 'ros'
[2.135s] Level 1:colcon.colcon_core.package_identification:_identify(src/bag/rosbag2_2023_07_06-00_46_46) by extensions ['cmake', 'python']
[2.135s] Level 1:colcon.colcon_core.package_identification:_identify(src/bag/rosbag2_2023_07_06-00_46_46) by extension 'cmake'
[2.135s] Level 1:colcon.colcon_core.package_identification:_identify(src/bag/rosbag2_2023_07_06-00_46_46) by extension 'python'
[2.135s] Level 1:colcon.colcon_core.package_identification:_identify(src/bag/rosbag2_2023_07_06-00_46_46) by extensions ['python_setup_py']
[2.135s] Level 1:colcon.colcon_core.package_identification:_identify(src/bag/rosbag2_2023_07_06-00_46_46) by extension 'python_setup_py'
[2.135s] Level 1:colcon.colcon_core.package_identification:_identify(src/bag/rosbag2_2023_07_06-00_50_27) by extensions ['ignore', 'ignore_ament_install']
[2.135s] Level 1:colcon.colcon_core.package_identification:_identify(src/bag/rosbag2_2023_07_06-00_50_27) by extension 'ignore'
[2.136s] Level 1:colcon.colcon_core.package_identification:_identify(src/bag/rosbag2_2023_07_06-00_50_27) by extension 'ignore_ament_install'
[2.136s] Level 1:colcon.colcon_core.package_identification:_identify(src/bag/rosbag2_2023_07_06-00_50_27) by extensions ['colcon_pkg']
[2.136s] Level 1:colcon.colcon_core.package_identification:_identify(src/bag/rosbag2_2023_07_06-00_50_27) by extension 'colcon_pkg'
[2.136s] Level 1:colcon.colcon_core.package_identification:_identify(src/bag/rosbag2_2023_07_06-00_50_27) by extensions ['colcon_meta']
[2.136s] Level 1:colcon.colcon_core.package_identification:_identify(src/bag/rosbag2_2023_07_06-00_50_27) by extension 'colcon_meta'
[2.136s] Level 1:colcon.colcon_core.package_identification:_identify(src/bag/rosbag2_2023_07_06-00_50_27) by extensions ['ros']
[2.136s] Level 1:colcon.colcon_core.package_identification:_identify(src/bag/rosbag2_2023_07_06-00_50_27) by extension 'ros'
[2.136s] Level 1:colcon.colcon_core.package_identification:_identify(src/bag/rosbag2_2023_07_06-00_50_27) by extensions ['cmake', 'python']
[2.136s] Level 1:colcon.colcon_core.package_identification:_identify(src/bag/rosbag2_2023_07_06-00_50_27) by extension 'cmake'
[2.136s] Level 1:colcon.colcon_core.package_identification:_identify(src/bag/rosbag2_2023_07_06-00_50_27) by extension 'python'
[2.136s] Level 1:colcon.colcon_core.package_identification:_identify(src/bag/rosbag2_2023_07_06-00_50_27) by extensions ['python_setup_py']
[2.136s] Level 1:colcon.colcon_core.package_identification:_identify(src/bag/rosbag2_2023_07_06-00_50_27) by extension 'python_setup_py'
[2.136s] Level 1:colcon.colcon_core.package_identification:_identify(src/bringup) by extensions ['ignore', 'ignore_ament_install']
[2.136s] Level 1:colcon.colcon_core.package_identification:_identify(src/bringup) by extension 'ignore'
[2.136s] Level 1:colcon.colcon_core.package_identification:_identify(src/bringup) by extension 'ignore_ament_install'
[2.136s] Level 1:colcon.colcon_core.package_identification:_identify(src/bringup) by extensions ['colcon_pkg']
[2.136s] Level 1:colcon.colcon_core.package_identification:_identify(src/bringup) by extension 'colcon_pkg'
[2.136s] Level 1:colcon.colcon_core.package_identification:_identify(src/bringup) by extensions ['colcon_meta']
[2.136s] Level 1:colcon.colcon_core.package_identification:_identify(src/bringup) by extension 'colcon_meta'
[2.136s] Level 1:colcon.colcon_core.package_identification:_identify(src/bringup) by extensions ['ros']
[2.136s] Level 1:colcon.colcon_core.package_identification:_identify(src/bringup) by extension 'ros'
[2.138s] DEBUG:colcon.colcon_core.package_identification:Package 'src/bringup' with type 'ros.ament_cmake' and name 'bringup'
[2.138s] Level 1:colcon.colcon_core.package_identification:_identify(src/docs) by extensions ['ignore', 'ignore_ament_install']
[2.138s] Level 1:colcon.colcon_core.package_identification:_identify(src/docs) by extension 'ignore'
[2.138s] Level 1:colcon.colcon_core.package_identification:_identify(src/docs) by extension 'ignore_ament_install'
[2.138s] Level 1:colcon.colcon_core.package_identification:_identify(src/docs) by extensions ['colcon_pkg']
[2.138s] Level 1:colcon.colcon_core.package_identification:_identify(src/docs) by extension 'colcon_pkg'
[2.138s] Level 1:colcon.colcon_core.package_identification:_identify(src/docs) by extensions ['colcon_meta']
[2.138s] Level 1:colcon.colcon_core.package_identification:_identify(src/docs) by extension 'colcon_meta'
[2.138s] Level 1:colcon.colcon_core.package_identification:_identify(src/docs) by extensions ['ros']
[2.138s] Level 1:colcon.colcon_core.package_identification:_identify(src/docs) by extension 'ros'
[2.138s] Level 1:colcon.colcon_core.package_identification:_identify(src/docs) by extensions ['cmake', 'python']
[2.138s] Level 1:colcon.colcon_core.package_identification:_identify(src/docs) by extension 'cmake'
[2.138s] Level 1:colcon.colcon_core.package_identification:_identify(src/docs) by extension 'python'
[2.139s] Level 1:colcon.colcon_core.package_identification:_identify(src/docs) by extensions ['python_setup_py']
[2.139s] Level 1:colcon.colcon_core.package_identification:_identify(src/docs) by extension 'python_setup_py'
[2.139s] Level 1:colcon.colcon_core.package_identification:_identify(src/rmos_interfaces) by extensions ['ignore', 'ignore_ament_install']
[2.139s] Level 1:colcon.colcon_core.package_identification:_identify(src/rmos_interfaces) by extension 'ignore'
[2.139s] Level 1:colcon.colcon_core.package_identification:_identify(src/rmos_interfaces) by extension 'ignore_ament_install'
[2.139s] Level 1:colcon.colcon_core.package_identification:_identify(src/rmos_interfaces) by extensions ['colcon_pkg']
[2.139s] Level 1:colcon.colcon_core.package_identification:_identify(src/rmos_interfaces) by extension 'colcon_pkg'
[2.139s] Level 1:colcon.colcon_core.package_identification:_identify(src/rmos_interfaces) by extensions ['colcon_meta']
[2.139s] Level 1:colcon.colcon_core.package_identification:_identify(src/rmos_interfaces) by extension 'colcon_meta'
[2.139s] Level 1:colcon.colcon_core.package_identification:_identify(src/rmos_interfaces) by extensions ['ros']
[2.139s] Level 1:colcon.colcon_core.package_identification:_identify(src/rmos_interfaces) by extension 'ros'
[2.139s] DEBUG:colcon.colcon_core.package_identification:Package 'src/rmos_interfaces' with type 'ros.ament_cmake' and name 'rmos_interfaces'
[2.139s] Level 1:colcon.colcon_core.package_identification:_identify(src/sentry_behavior_tree) by extensions ['ignore', 'ignore_ament_install']
[2.139s] Level 1:colcon.colcon_core.package_identification:_identify(src/sentry_behavior_tree) by extension 'ignore'
[2.139s] Level 1:colcon.colcon_core.package_identification:_identify(src/sentry_behavior_tree) by extension 'ignore_ament_install'
[2.139s] Level 1:colcon.colcon_core.package_identification:_identify(src/sentry_behavior_tree) by extensions ['colcon_pkg']
[2.139s] Level 1:colcon.colcon_core.package_identification:_identify(src/sentry_behavior_tree) by extension 'colcon_pkg'
[2.140s] Level 1:colcon.colcon_core.package_identification:_identify(src/sentry_behavior_tree) by extensions ['colcon_meta']
[2.140s] Level 1:colcon.colcon_core.package_identification:_identify(src/sentry_behavior_tree) by extension 'colcon_meta'
[2.140s] Level 1:colcon.colcon_core.package_identification:_identify(src/sentry_behavior_tree) by extensions ['ros']
[2.140s] Level 1:colcon.colcon_core.package_identification:_identify(src/sentry_behavior_tree) by extension 'ros'
[2.140s] DEBUG:colcon.colcon_core.package_identification:Package 'src/sentry_behavior_tree' with type 'ros.ament_cmake' and name 'sentry_behavior_tree'
[2.140s] Level 1:colcon.colcon_core.package_identification:_identify(src/sentry_bt_executor) by extensions ['ignore', 'ignore_ament_install']
[2.140s] Level 1:colcon.colcon_core.package_identification:_identify(src/sentry_bt_executor) by extension 'ignore'
[2.140s] Level 1:colcon.colcon_core.package_identification:_identify(src/sentry_bt_executor) by extension 'ignore_ament_install'
[2.140s] Level 1:colcon.colcon_core.package_identification:_identify(src/sentry_bt_executor) by extensions ['colcon_pkg']
[2.140s] Level 1:colcon.colcon_core.package_identification:_identify(src/sentry_bt_executor) by extension 'colcon_pkg'
[2.140s] Level 1:colcon.colcon_core.package_identification:_identify(src/sentry_bt_executor) by extensions ['colcon_meta']
[2.140s] Level 1:colcon.colcon_core.package_identification:_identify(src/sentry_bt_executor) by extension 'colcon_meta'
[2.140s] Level 1:colcon.colcon_core.package_identification:_identify(src/sentry_bt_executor) by extensions ['ros']
[2.140s] Level 1:colcon.colcon_core.package_identification:_identify(src/sentry_bt_executor) by extension 'ros'
[2.141s] DEBUG:colcon.colcon_core.package_identification:Package 'src/sentry_bt_executor' with type 'ros.ament_cmake' and name 'sentry_bt_executor'
[2.141s] Level 1:colcon.colcon_core.package_identification:_identify(src/sentry_comm) by extensions ['ignore', 'ignore_ament_install']
[2.141s] Level 1:colcon.colcon_core.package_identification:_identify(src/sentry_comm) by extension 'ignore'
[2.142s] Level 1:colcon.colcon_core.package_identification:_identify(src/sentry_comm) by extension 'ignore_ament_install'
[2.142s] Level 1:colcon.colcon_core.package_identification:_identify(src/sentry_comm) by extensions ['colcon_pkg']
[2.142s] Level 1:colcon.colcon_core.package_identification:_identify(src/sentry_comm) by extension 'colcon_pkg'
[2.142s] Level 1:colcon.colcon_core.package_identification:_identify(src/sentry_comm) by extensions ['colcon_meta']
[2.142s] Level 1:colcon.colcon_core.package_identification:_identify(src/sentry_comm) by extension 'colcon_meta'
[2.142s] Level 1:colcon.colcon_core.package_identification:_identify(src/sentry_comm) by extensions ['ros']
[2.142s] Level 1:colcon.colcon_core.package_identification:_identify(src/sentry_comm) by extension 'ros'
[2.142s] DEBUG:colcon.colcon_core.package_identification:Package 'src/sentry_comm' with type 'ros.ament_cmake' and name 'sentry_comm'
[2.142s] Level 1:colcon.colcon_core.package_identification:_identify(src/sentry_interfaces) by extensions ['ignore', 'ignore_ament_install']
[2.142s] Level 1:colcon.colcon_core.package_identification:_identify(src/sentry_interfaces) by extension 'ignore'
[2.142s] Level 1:colcon.colcon_core.package_identification:_identify(src/sentry_interfaces) by extension 'ignore_ament_install'
[2.143s] Level 1:colcon.colcon_core.package_identification:_identify(src/sentry_interfaces) by extensions ['colcon_pkg']
[2.143s] Level 1:colcon.colcon_core.package_identification:_identify(src/sentry_interfaces) by extension 'colcon_pkg'
[2.143s] Level 1:colcon.colcon_core.package_identification:_identify(src/sentry_interfaces) by extensions ['colcon_meta']
[2.143s] Level 1:colcon.colcon_core.package_identification:_identify(src/sentry_interfaces) by extension 'colcon_meta'
[2.143s] Level 1:colcon.colcon_core.package_identification:_identify(src/sentry_interfaces) by extensions ['ros']
[2.143s] Level 1:colcon.colcon_core.package_identification:_identify(src/sentry_interfaces) by extension 'ros'
[2.143s] DEBUG:colcon.colcon_core.package_identification:Package 'src/sentry_interfaces' with type 'ros.ament_cmake' and name 'sentry_interfaces'
[2.143s] Level 1:colcon.colcon_core.package_identification:_identify(src/sentry_srvs) by extensions ['ignore', 'ignore_ament_install']
[2.143s] Level 1:colcon.colcon_core.package_identification:_identify(src/sentry_srvs) by extension 'ignore'
[2.143s] Level 1:colcon.colcon_core.package_identification:_identify(src/sentry_srvs) by extension 'ignore_ament_install'
[2.143s] Level 1:colcon.colcon_core.package_identification:_identify(src/sentry_srvs) by extensions ['colcon_pkg']
[2.143s] Level 1:colcon.colcon_core.package_identification:_identify(src/sentry_srvs) by extension 'colcon_pkg'
[2.143s] Level 1:colcon.colcon_core.package_identification:_identify(src/sentry_srvs) by extensions ['colcon_meta']
[2.143s] Level 1:colcon.colcon_core.package_identification:_identify(src/sentry_srvs) by extension 'colcon_meta'
[2.144s] Level 1:colcon.colcon_core.package_identification:_identify(src/sentry_srvs) by extensions ['ros']
[2.144s] Level 1:colcon.colcon_core.package_identification:_identify(src/sentry_srvs) by extension 'ros'
[2.144s] DEBUG:colcon.colcon_core.package_identification:Package 'src/sentry_srvs' with type 'ros.ament_cmake' and name 'sentry_srvs'
[2.144s] Level 1:colcon.colcon_core.package_discovery:discover_packages(recursive) using defaults
[2.144s] Level 1:colcon.colcon_core.package_discovery:discover_packages(ignore) discover
[2.144s] Level 1:colcon.colcon_core.package_discovery:discover_packages(ignore) using defaults
[2.144s] Level 1:colcon.colcon_core.package_discovery:discover_packages(path) discover
[2.144s] Level 1:colcon.colcon_core.package_discovery:discover_packages(path) using defaults
[2.324s] Level 1:colcon.colcon_core.package_discovery:discover_packages(prefix_path) check parameters
[2.325s] Level 1:colcon.colcon_core.package_discovery:discover_packages(prefix_path) discover
[2.398s] DEBUG:colcon.colcon_installed_package_information.package_discovery:Found 300 installed packages in /opt/ros/foxy
[2.399s] Level 1:colcon.colcon_core.package_discovery:discover_packages(prefix_path) using defaults
[2.533s] Level 5:colcon.colcon_core.verb:set package 'bringup' build argument 'cmake_args' from command line to 'None'
[2.533s] Level 5:colcon.colcon_core.verb:set package 'bringup' build argument 'cmake_target' from command line to 'None'
[2.533s] Level 5:colcon.colcon_core.verb:set package 'bringup' build argument 'cmake_target_skip_unavailable' from command line to 'False'
[2.533s] Level 5:colcon.colcon_core.verb:set package 'bringup' build argument 'cmake_clean_cache' from command line to 'False'
[2.533s] Level 5:colcon.colcon_core.verb:set package 'bringup' build argument 'cmake_clean_first' from command line to 'False'
[2.533s] Level 5:colcon.colcon_core.verb:set package 'bringup' build argument 'cmake_force_configure' from command line to 'False'
[2.533s] Level 5:colcon.colcon_core.verb:set package 'bringup' build argument 'ament_cmake_args' from command line to 'None'
[2.533s] Level 5:colcon.colcon_core.verb:set package 'bringup' build argument 'catkin_cmake_args' from command line to 'None'
[2.533s] Level 5:colcon.colcon_core.verb:set package 'bringup' build argument 'catkin_skip_building_tests' from command line to 'False'
[2.533s] DEBUG:colcon.colcon_core.verb:Building package 'bringup' with the following arguments: {'ament_cmake_args': None, 'build_base': '/home/niuoruo/workspace/sentry/ws/sentry_desicion/build/bringup', 'catkin_cmake_args': None, 'catkin_skip_building_tests': False, 'cmake_args': None, 'cmake_clean_cache': False, 'cmake_clean_first': False, 'cmake_force_configure': False, 'cmake_target': None, 'cmake_target_skip_unavailable': False, 'install_base': '/home/niuoruo/workspace/sentry/ws/sentry_desicion/install/bringup', 'merge_install': False, 'path': '/home/niuoruo/workspace/sentry/ws/sentry_desicion/src/bringup', 'symlink_install': False, 'test_result_base': None}
[2.568s] Level 5:colcon.colcon_core.verb:set package 'rmos_interfaces' build argument 'cmake_args' from command line to 'None'
[2.568s] Level 5:colcon.colcon_core.verb:set package 'rmos_interfaces' build argument 'cmake_target' from command line to 'None'
[2.568s] Level 5:colcon.colcon_core.verb:set package 'rmos_interfaces' build argument 'cmake_target_skip_unavailable' from command line to 'False'
[2.568s] Level 5:colcon.colcon_core.verb:set package 'rmos_interfaces' build argument 'cmake_clean_cache' from command line to 'False'
[2.568s] Level 5:colcon.colcon_core.verb:set package 'rmos_interfaces' build argument 'cmake_clean_first' from command line to 'False'
[2.568s] Level 5:colcon.colcon_core.verb:set package 'rmos_interfaces' build argument 'cmake_force_configure' from command line to 'False'
[2.568s] Level 5:colcon.colcon_core.verb:set package 'rmos_interfaces' build argument 'ament_cmake_args' from command line to 'None'
[2.568s] Level 5:colcon.colcon_core.verb:set package 'rmos_interfaces' build argument 'catkin_cmake_args' from command line to 'None'
[2.568s] Level 5:colcon.colcon_core.verb:set package 'rmos_interfaces' build argument 'catkin_skip_building_tests' from command line to 'False'
[2.568s] DEBUG:colcon.colcon_core.verb:Building package 'rmos_interfaces' with the following arguments: {'ament_cmake_args': None, 'build_base': '/home/niuoruo/workspace/sentry/ws/sentry_desicion/build/rmos_interfaces', 'catkin_cmake_args': None, 'catkin_skip_building_tests': False, 'cmake_args': None, 'cmake_clean_cache': False, 'cmake_clean_first': False, 'cmake_force_configure': False, 'cmake_target': None, 'cmake_target_skip_unavailable': False, 'install_base': '/home/niuoruo/workspace/sentry/ws/sentry_desicion/install/rmos_interfaces', 'merge_install': False, 'path': '/home/niuoruo/workspace/sentry/ws/sentry_desicion/src/rmos_interfaces', 'symlink_install': False, 'test_result_base': None}
[2.600s] Level 5:colcon.colcon_core.verb:set package 'sentry_interfaces' build argument 'cmake_args' from command line to 'None'
[2.600s] Level 5:colcon.colcon_core.verb:set package 'sentry_interfaces' build argument 'cmake_target' from command line to 'None'
[2.600s] Level 5:colcon.colcon_core.verb:set package 'sentry_interfaces' build argument 'cmake_target_skip_unavailable' from command line to 'False'
[2.601s] Level 5:colcon.colcon_core.verb:set package 'sentry_interfaces' build argument 'cmake_clean_cache' from command line to 'False'
[2.601s] Level 5:colcon.colcon_core.verb:set package 'sentry_interfaces' build argument 'cmake_clean_first' from command line to 'False'
[2.601s] Level 5:colcon.colcon_core.verb:set package 'sentry_interfaces' build argument 'cmake_force_configure' from command line to 'False'
[2.601s] Level 5:colcon.colcon_core.verb:set package 'sentry_interfaces' build argument 'ament_cmake_args' from command line to 'None'
[2.601s] Level 5:colcon.colcon_core.verb:set package 'sentry_interfaces' build argument 'catkin_cmake_args' from command line to 'None'
[2.601s] Level 5:colcon.colcon_core.verb:set package 'sentry_interfaces' build argument 'catkin_skip_building_tests' from command line to 'False'
[2.601s] DEBUG:colcon.colcon_core.verb:Building package 'sentry_interfaces' with the following arguments: {'ament_cmake_args': None, 'build_base': '/home/niuoruo/workspace/sentry/ws/sentry_desicion/build/sentry_interfaces', 'catkin_cmake_args': None, 'catkin_skip_building_tests': False, 'cmake_args': None, 'cmake_clean_cache': False, 'cmake_clean_first': False, 'cmake_force_configure': False, 'cmake_target': None, 'cmake_target_skip_unavailable': False, 'install_base': '/home/niuoruo/workspace/sentry/ws/sentry_desicion/install/sentry_interfaces', 'merge_install': False, 'path': '/home/niuoruo/workspace/sentry/ws/sentry_desicion/src/sentry_interfaces', 'symlink_install': False, 'test_result_base': None}
[2.633s] Level 5:colcon.colcon_core.verb:set package 'sentry_srvs' build argument 'cmake_args' from command line to 'None'
[2.633s] Level 5:colcon.colcon_core.verb:set package 'sentry_srvs' build argument 'cmake_target' from command line to 'None'
[2.633s] Level 5:colcon.colcon_core.verb:set package 'sentry_srvs' build argument 'cmake_target_skip_unavailable' from command line to 'False'
[2.633s] Level 5:colcon.colcon_core.verb:set package 'sentry_srvs' build argument 'cmake_clean_cache' from command line to 'False'
[2.633s] Level 5:colcon.colcon_core.verb:set package 'sentry_srvs' build argument 'cmake_clean_first' from command line to 'False'
[2.633s] Level 5:colcon.colcon_core.verb:set package 'sentry_srvs' build argument 'cmake_force_configure' from command line to 'False'
[2.633s] Level 5:colcon.colcon_core.verb:set package 'sentry_srvs' build argument 'ament_cmake_args' from command line to 'None'
[2.633s] Level 5:colcon.colcon_core.verb:set package 'sentry_srvs' build argument 'catkin_cmake_args' from command line to 'None'
[2.633s] Level 5:colcon.colcon_core.verb:set package 'sentry_srvs' build argument 'catkin_skip_building_tests' from command line to 'False'
[2.633s] DEBUG:colcon.colcon_core.verb:Building package 'sentry_srvs' with the following arguments: {'ament_cmake_args': None, 'build_base': '/home/niuoruo/workspace/sentry/ws/sentry_desicion/build/sentry_srvs', 'catkin_cmake_args': None, 'catkin_skip_building_tests': False, 'cmake_args': None, 'cmake_clean_cache': False, 'cmake_clean_first': False, 'cmake_force_configure': False, 'cmake_target': None, 'cmake_target_skip_unavailable': False, 'install_base': '/home/niuoruo/workspace/sentry/ws/sentry_desicion/install/sentry_srvs', 'merge_install': False, 'path': '/home/niuoruo/workspace/sentry/ws/sentry_desicion/src/sentry_srvs', 'symlink_install': False, 'test_result_base': None}
[2.665s] Level 5:colcon.colcon_core.verb:set package 'sentry_behavior_tree' build argument 'cmake_args' from command line to 'None'
[2.665s] Level 5:colcon.colcon_core.verb:set package 'sentry_behavior_tree' build argument 'cmake_target' from command line to 'None'
[2.665s] Level 5:colcon.colcon_core.verb:set package 'sentry_behavior_tree' build argument 'cmake_target_skip_unavailable' from command line to 'False'
[2.665s] Level 5:colcon.colcon_core.verb:set package 'sentry_behavior_tree' build argument 'cmake_clean_cache' from command line to 'False'
[2.666s] Level 5:colcon.colcon_core.verb:set package 'sentry_behavior_tree' build argument 'cmake_clean_first' from command line to 'False'
[2.666s] Level 5:colcon.colcon_core.verb:set package 'sentry_behavior_tree' build argument 'cmake_force_configure' from command line to 'False'
[2.666s] Level 5:colcon.colcon_core.verb:set package 'sentry_behavior_tree' build argument 'ament_cmake_args' from command line to 'None'
[2.666s] Level 5:colcon.colcon_core.verb:set package 'sentry_behavior_tree' build argument 'catkin_cmake_args' from command line to 'None'
[2.666s] Level 5:colcon.colcon_core.verb:set package 'sentry_behavior_tree' build argument 'catkin_skip_building_tests' from command line to 'False'
[2.666s] DEBUG:colcon.colcon_core.verb:Building package 'sentry_behavior_tree' with the following arguments: {'ament_cmake_args': None, 'build_base': '/home/niuoruo/workspace/sentry/ws/sentry_desicion/build/sentry_behavior_tree', 'catkin_cmake_args': None, 'catkin_skip_building_tests': False, 'cmake_args': None, 'cmake_clean_cache': False, 'cmake_clean_first': False, 'cmake_force_configure': False, 'cmake_target': None, 'cmake_target_skip_unavailable': False, 'install_base': '/home/niuoruo/workspace/sentry/ws/sentry_desicion/install/sentry_behavior_tree', 'merge_install': False, 'path': '/home/niuoruo/workspace/sentry/ws/sentry_desicion/src/sentry_behavior_tree', 'symlink_install': False, 'test_result_base': None}
[2.703s] Level 5:colcon.colcon_core.verb:set package 'sentry_comm' build argument 'cmake_args' from command line to 'None'
[2.703s] Level 5:colcon.colcon_core.verb:set package 'sentry_comm' build argument 'cmake_target' from command line to 'None'
[2.703s] Level 5:colcon.colcon_core.verb:set package 'sentry_comm' build argument 'cmake_target_skip_unavailable' from command line to 'False'
[2.703s] Level 5:colcon.colcon_core.verb:set package 'sentry_comm' build argument 'cmake_clean_cache' from command line to 'False'
[2.703s] Level 5:colcon.colcon_core.verb:set package 'sentry_comm' build argument 'cmake_clean_first' from command line to 'False'
[2.703s] Level 5:colcon.colcon_core.verb:set package 'sentry_comm' build argument 'cmake_force_configure' from command line to 'False'
[2.703s] Level 5:colcon.colcon_core.verb:set package 'sentry_comm' build argument 'ament_cmake_args' from command line to 'None'
[2.703s] Level 5:colcon.colcon_core.verb:set package 'sentry_comm' build argument 'catkin_cmake_args' from command line to 'None'
[2.703s] Level 5:colcon.colcon_core.verb:set package 'sentry_comm' build argument 'catkin_skip_building_tests' from command line to 'False'
[2.703s] DEBUG:colcon.colcon_core.verb:Building package 'sentry_comm' with the following arguments: {'ament_cmake_args': None, 'build_base': '/home/niuoruo/workspace/sentry/ws/sentry_desicion/build/sentry_comm', 'catkin_cmake_args': None, 'catkin_skip_building_tests': False, 'cmake_args': None, 'cmake_clean_cache': False, 'cmake_clean_first': False, 'cmake_force_configure': False, 'cmake_target': None, 'cmake_target_skip_unavailable': False, 'install_base': '/home/niuoruo/workspace/sentry/ws/sentry_desicion/install/sentry_comm', 'merge_install': False, 'path': '/home/niuoruo/workspace/sentry/ws/sentry_desicion/src/sentry_comm', 'symlink_install': False, 'test_result_base': None}
[2.740s] Level 5:colcon.colcon_core.verb:set package 'sentry_bt_executor' build argument 'cmake_args' from command line to 'None'
[2.740s] Level 5:colcon.colcon_core.verb:set package 'sentry_bt_executor' build argument 'cmake_target' from command line to 'None'
[2.740s] Level 5:colcon.colcon_core.verb:set package 'sentry_bt_executor' build argument 'cmake_target_skip_unavailable' from command line to 'False'
[2.740s] Level 5:colcon.colcon_core.verb:set package 'sentry_bt_executor' build argument 'cmake_clean_cache' from command line to 'False'
[2.740s] Level 5:colcon.colcon_core.verb:set package 'sentry_bt_executor' build argument 'cmake_clean_first' from command line to 'False'
[2.740s] Level 5:colcon.colcon_core.verb:set package 'sentry_bt_executor' build argument 'cmake_force_configure' from command line to 'False'
[2.740s] Level 5:colcon.colcon_core.verb:set package 'sentry_bt_executor' build argument 'ament_cmake_args' from command line to 'None'
[2.741s] Level 5:colcon.colcon_core.verb:set package 'sentry_bt_executor' build argument 'catkin_cmake_args' from command line to 'None'
[2.741s] Level 5:colcon.colcon_core.verb:set package 'sentry_bt_executor' build argument 'catkin_skip_building_tests' from command line to 'False'
[2.741s] DEBUG:colcon.colcon_core.verb:Building package 'sentry_bt_executor' with the following arguments: {'ament_cmake_args': None, 'build_base': '/home/niuoruo/workspace/sentry/ws/sentry_desicion/build/sentry_bt_executor', 'catkin_cmake_args': None, 'catkin_skip_building_tests': False, 'cmake_args': None, 'cmake_clean_cache': False, 'cmake_clean_first': False, 'cmake_force_configure': False, 'cmake_target': None, 'cmake_target_skip_unavailable': False, 'install_base': '/home/niuoruo/workspace/sentry/ws/sentry_desicion/install/sentry_bt_executor', 'merge_install': False, 'path': '/home/niuoruo/workspace/sentry/ws/sentry_desicion/src/sentry_bt_executor', 'symlink_install': False, 'test_result_base': None}
[2.775s] INFO:colcon.colcon_core.executor:Executing jobs using 'parallel' executor
[2.808s] DEBUG:colcon.colcon_parallel_executor.executor.parallel:run_until_complete
[2.808s] INFO:colcon.colcon_ros.task.ament_cmake.build:Building ROS package in '/home/niuoruo/workspace/sentry/ws/sentry_desicion/src/sentry_interfaces' with build type 'ament_cmake'
[2.808s] INFO:colcon.colcon_cmake.task.cmake.build:Building CMake package in '/home/niuoruo/workspace/sentry/ws/sentry_desicion/src/sentry_interfaces'
[2.845s] INFO:colcon.colcon_core.plugin_system:Skipping extension 'colcon_core.shell.bat': Not used on non-Windows systems
[2.846s] INFO:colcon.colcon_core.shell:Skip shell extension 'powershell' for command environment: Not usable outside of PowerShell
[2.846s] DEBUG:colcon.colcon_core.shell:Skip shell extension 'dsv' for command environment
[2.930s] INFO:colcon.colcon_ros.task.ament_cmake.build:Building ROS package in '/home/niuoruo/workspace/sentry/ws/sentry_desicion/src/rmos_interfaces' with build type 'ament_cmake'
[2.930s] INFO:colcon.colcon_cmake.task.cmake.build:Building CMake package in '/home/niuoruo/workspace/sentry/ws/sentry_desicion/src/rmos_interfaces'
[2.974s] INFO:colcon.colcon_core.shell:Skip shell extension 'powershell' for command environment: Not usable outside of PowerShell
[2.974s] DEBUG:colcon.colcon_core.shell:Skip shell extension 'dsv' for command environment
[3.045s] INFO:colcon.colcon_ros.task.ament_cmake.build:Building ROS package in '/home/niuoruo/workspace/sentry/ws/sentry_desicion/src/sentry_srvs' with build type 'ament_cmake'
[3.046s] INFO:colcon.colcon_cmake.task.cmake.build:Building CMake package in '/home/niuoruo/workspace/sentry/ws/sentry_desicion/src/sentry_srvs'
[3.083s] INFO:colcon.colcon_core.shell:Skip shell extension 'powershell' for command environment: Not usable outside of PowerShell
[3.083s] DEBUG:colcon.colcon_core.shell:Skip shell extension 'dsv' for command environment
[3.155s] INFO:colcon.colcon_ros.task.ament_cmake.build:Building ROS package in '/home/niuoruo/workspace/sentry/ws/sentry_desicion/src/bringup' with build type 'ament_cmake'
[3.156s] INFO:colcon.colcon_cmake.task.cmake.build:Building CMake package in '/home/niuoruo/workspace/sentry/ws/sentry_desicion/src/bringup'
[3.194s] INFO:colcon.colcon_core.shell:Skip shell extension 'powershell' for command environment: Not usable outside of PowerShell
[3.194s] DEBUG:colcon.colcon_core.shell:Skip shell extension 'dsv' for command environment
[3.276s] DEBUG:colcon.colcon_core.event_handler.log_command:Invoking command in '/home/niuoruo/workspace/sentry/ws/sentry_desicion/build/sentry_interfaces': CMAKE_PREFIX_PATH=/opt/ros/foxy /usr/bin/cmake --build /home/niuoruo/workspace/sentry/ws/sentry_desicion/build/sentry_interfaces -- -j16 -l16
[3.280s] DEBUG:colcon.colcon_core.event_handler.log_command:Invoking command in '/home/niuoruo/workspace/sentry/ws/sentry_desicion/build/rmos_interfaces': CMAKE_PREFIX_PATH=/opt/ros/foxy /usr/bin/cmake --build /home/niuoruo/workspace/sentry/ws/sentry_desicion/build/rmos_interfaces -- -j16 -l16
[3.284s] DEBUG:colcon.colcon_core.event_handler.log_command:Invoking command in '/home/niuoruo/workspace/sentry/ws/sentry_desicion/build/sentry_srvs': CMAKE_PREFIX_PATH=/opt/ros/foxy /usr/bin/cmake --build /home/niuoruo/workspace/sentry/ws/sentry_desicion/build/sentry_srvs -- -j16 -l16
[3.288s] DEBUG:colcon.colcon_core.event_handler.log_command:Invoking command in '/home/niuoruo/workspace/sentry/ws/sentry_desicion/build/bringup': CMAKE_PREFIX_PATH=/opt/ros/foxy /usr/bin/cmake --build /home/niuoruo/workspace/sentry/ws/sentry_desicion/build/bringup -- -j16 -l16
[3.317s] DEBUG:colcon.colcon_core.event_handler.log_command:Invoked command in '/home/niuoruo/workspace/sentry/ws/sentry_desicion/build/bringup' returned '0': CMAKE_PREFIX_PATH=/opt/ros/foxy /usr/bin/cmake --build /home/niuoruo/workspace/sentry/ws/sentry_desicion/build/bringup -- -j16 -l16
[3.343s] DEBUG:colcon.colcon_core.event_handler.log_command:Invoking command in '/home/niuoruo/workspace/sentry/ws/sentry_desicion/build/bringup': CMAKE_PREFIX_PATH=/opt/ros/foxy /usr/bin/cmake --install /home/niuoruo/workspace/sentry/ws/sentry_desicion/build/bringup
[3.354s] Level 1:colcon.colcon_core.environment:create_environment_scripts_only(bringup)
[3.354s] DEBUG:colcon.colcon_core.event_handler.log_command:Invoked command in '/home/niuoruo/workspace/sentry/ws/sentry_desicion/build/bringup' returned '0': CMAKE_PREFIX_PATH=/opt/ros/foxy /usr/bin/cmake --install /home/niuoruo/workspace/sentry/ws/sentry_desicion/build/bringup
[3.397s] Level 1:colcon.colcon_core.environment:checking '/home/niuoruo/workspace/sentry/ws/sentry_desicion/install/bringup' for CMake module files
[3.397s] Level 1:colcon.colcon_core.environment:checking '/home/niuoruo/workspace/sentry/ws/sentry_desicion/install/bringup' for CMake config files
[3.397s] Level 1:colcon.colcon_core.shell:create_environment_hook('bringup', 'cmake_prefix_path')
[3.438s] INFO:colcon.colcon_core.shell:Creating environment hook '/home/niuoruo/workspace/sentry/ws/sentry_desicion/install/bringup/share/bringup/hook/cmake_prefix_path.ps1'
[3.438s] INFO:colcon.colcon_core.shell:Creating environment descriptor '/home/niuoruo/workspace/sentry/ws/sentry_desicion/install/bringup/share/bringup/hook/cmake_prefix_path.dsv'
[3.439s] INFO:colcon.colcon_core.shell:Creating environment hook '/home/niuoruo/workspace/sentry/ws/sentry_desicion/install/bringup/share/bringup/hook/cmake_prefix_path.sh'
[3.439s] Level 1:colcon.colcon_core.environment:checking '/home/niuoruo/workspace/sentry/ws/sentry_desicion/install/bringup/bin'
[3.440s] Level 1:colcon.colcon_core.environment:checking '/home/niuoruo/workspace/sentry/ws/sentry_desicion/install/bringup/lib/pkgconfig/bringup.pc'
[3.440s] Level 1:colcon.colcon_core.environment:checking '/home/niuoruo/workspace/sentry/ws/sentry_desicion/install/bringup/lib/python3.8/site-packages'
[3.440s] Level 1:colcon.colcon_core.environment:checking '/home/niuoruo/workspace/sentry/ws/sentry_desicion/install/bringup/bin'
[3.477s] INFO:colcon.colcon_core.shell:Creating package script '/home/niuoruo/workspace/sentry/ws/sentry_desicion/install/bringup/share/bringup/package.ps1'
[3.478s] INFO:colcon.colcon_core.shell:Creating package descriptor '/home/niuoruo/workspace/sentry/ws/sentry_desicion/install/bringup/share/bringup/package.dsv'
[3.479s] INFO:colcon.colcon_core.shell:Creating package script '/home/niuoruo/workspace/sentry/ws/sentry_desicion/install/bringup/share/bringup/package.sh'
[3.479s] INFO:colcon.colcon_core.shell:Creating package script '/home/niuoruo/workspace/sentry/ws/sentry_desicion/install/bringup/share/bringup/package.bash'
[3.480s] INFO:colcon.colcon_core.shell:Creating package script '/home/niuoruo/workspace/sentry/ws/sentry_desicion/install/bringup/share/bringup/package.zsh'
[3.480s] Level 1:colcon.colcon_core.environment:create_file_with_runtime_dependencies(/home/niuoruo/workspace/sentry/ws/sentry_desicion/install/bringup/share/colcon-core/packages/bringup)
[3.483s] DEBUG:colcon.colcon_core.event_handler.log_command:Invoked command in '/home/niuoruo/workspace/sentry/ws/sentry_desicion/build/sentry_interfaces' returned '0': CMAKE_PREFIX_PATH=/opt/ros/foxy /usr/bin/cmake --build /home/niuoruo/workspace/sentry/ws/sentry_desicion/build/sentry_interfaces -- -j16 -l16
[3.486s] DEBUG:colcon.colcon_core.event_handler.log_command:Invoked command in '/home/niuoruo/workspace/sentry/ws/sentry_desicion/build/sentry_srvs' returned '0': CMAKE_PREFIX_PATH=/opt/ros/foxy /usr/bin/cmake --build /home/niuoruo/workspace/sentry/ws/sentry_desicion/build/sentry_srvs -- -j16 -l16
[3.487s] DEBUG:colcon.colcon_core.event_handler.log_command:Invoked command in '/home/niuoruo/workspace/sentry/ws/sentry_desicion/build/rmos_interfaces' returned '0': CMAKE_PREFIX_PATH=/opt/ros/foxy /usr/bin/cmake --build /home/niuoruo/workspace/sentry/ws/sentry_desicion/build/rmos_interfaces -- -j16 -l16
[3.537s] Level 1:colcon.colcon_core.environment:create_environment_scripts_only(bringup)
[3.574s] Level 1:colcon.colcon_core.environment:checking '/home/niuoruo/workspace/sentry/ws/sentry_desicion/install/bringup' for CMake module files
[3.575s] Level 1:colcon.colcon_core.environment:checking '/home/niuoruo/workspace/sentry/ws/sentry_desicion/install/bringup' for CMake config files
[3.575s] Level 1:colcon.colcon_core.shell:create_environment_hook('bringup', 'cmake_prefix_path')
[3.609s] INFO:colcon.colcon_core.shell:Creating environment hook '/home/niuoruo/workspace/sentry/ws/sentry_desicion/install/bringup/share/bringup/hook/cmake_prefix_path.ps1'
[3.610s] INFO:colcon.colcon_core.shell:Creating environment descriptor '/home/niuoruo/workspace/sentry/ws/sentry_desicion/install/bringup/share/bringup/hook/cmake_prefix_path.dsv'
[3.610s] INFO:colcon.colcon_core.shell:Creating environment hook '/home/niuoruo/workspace/sentry/ws/sentry_desicion/install/bringup/share/bringup/hook/cmake_prefix_path.sh'
[3.611s] Level 1:colcon.colcon_core.environment:checking '/home/niuoruo/workspace/sentry/ws/sentry_desicion/install/bringup/bin'
[3.611s] Level 1:colcon.colcon_core.environment:checking '/home/niuoruo/workspace/sentry/ws/sentry_desicion/install/bringup/lib/pkgconfig/bringup.pc'
[3.611s] Level 1:colcon.colcon_core.environment:checking '/home/niuoruo/workspace/sentry/ws/sentry_desicion/install/bringup/lib/python3.8/site-packages'
[3.611s] Level 1:colcon.colcon_core.environment:checking '/home/niuoruo/workspace/sentry/ws/sentry_desicion/install/bringup/bin'
[3.652s] INFO:colcon.colcon_core.shell:Creating package script '/home/niuoruo/workspace/sentry/ws/sentry_desicion/install/bringup/share/bringup/package.ps1'
[3.653s] INFO:colcon.colcon_core.shell:Creating package descriptor '/home/niuoruo/workspace/sentry/ws/sentry_desicion/install/bringup/share/bringup/package.dsv'
[3.653s] INFO:colcon.colcon_core.shell:Creating package script '/home/niuoruo/workspace/sentry/ws/sentry_desicion/install/bringup/share/bringup/package.sh'
[3.653s] INFO:colcon.colcon_core.shell:Creating package script '/home/niuoruo/workspace/sentry/ws/sentry_desicion/install/bringup/share/bringup/package.bash'
[3.654s] INFO:colcon.colcon_core.shell:Creating package script '/home/niuoruo/workspace/sentry/ws/sentry_desicion/install/bringup/share/bringup/package.zsh'
[3.654s] Level 1:colcon.colcon_core.environment:create_file_with_runtime_dependencies(/home/niuoruo/workspace/sentry/ws/sentry_desicion/install/bringup/share/colcon-core/packages/bringup)
[3.657s] DEBUG:colcon.colcon_core.event_handler.log_command:Invoking command in '/home/niuoruo/workspace/sentry/ws/sentry_desicion/build/rmos_interfaces': CMAKE_PREFIX_PATH=/opt/ros/foxy /usr/bin/cmake --install /home/niuoruo/workspace/sentry/ws/sentry_desicion/build/rmos_interfaces
[3.659s] DEBUG:colcon.colcon_core.event_handler.log_command:Invoking command in '/home/niuoruo/workspace/sentry/ws/sentry_desicion/build/sentry_srvs': CMAKE_PREFIX_PATH=/opt/ros/foxy /usr/bin/cmake --install /home/niuoruo/workspace/sentry/ws/sentry_desicion/build/sentry_srvs
[3.664s] DEBUG:colcon.colcon_core.event_handler.log_command:Invoking command in '/home/niuoruo/workspace/sentry/ws/sentry_desicion/build/sentry_interfaces': CMAKE_PREFIX_PATH=/opt/ros/foxy /usr/bin/cmake --install /home/niuoruo/workspace/sentry/ws/sentry_desicion/build/sentry_interfaces
[3.708s] Level 1:colcon.colcon_core.environment:create_environment_scripts_only(sentry_srvs)
[3.715s] DEBUG:colcon.colcon_core.event_handler.log_command:Invoked command in '/home/niuoruo/workspace/sentry/ws/sentry_desicion/build/sentry_srvs' returned '0': CMAKE_PREFIX_PATH=/opt/ros/foxy /usr/bin/cmake --install /home/niuoruo/workspace/sentry/ws/sentry_desicion/build/sentry_srvs
[3.751s] Level 1:colcon.colcon_core.environment:checking '/home/niuoruo/workspace/sentry/ws/sentry_desicion/install/sentry_srvs' for CMake module files
[3.752s] Level 1:colcon.colcon_core.environment:checking '/home/niuoruo/workspace/sentry/ws/sentry_desicion/install/sentry_srvs' for CMake config files
[3.752s] Level 1:colcon.colcon_core.shell:create_environment_hook('sentry_srvs', 'cmake_prefix_path')
[3.786s] INFO:colcon.colcon_core.shell:Creating environment hook '/home/niuoruo/workspace/sentry/ws/sentry_desicion/install/sentry_srvs/share/sentry_srvs/hook/cmake_prefix_path.ps1'
[3.786s] INFO:colcon.colcon_core.shell:Creating environment descriptor '/home/niuoruo/workspace/sentry/ws/sentry_desicion/install/sentry_srvs/share/sentry_srvs/hook/cmake_prefix_path.dsv'
[3.786s] INFO:colcon.colcon_core.shell:Creating environment hook '/home/niuoruo/workspace/sentry/ws/sentry_desicion/install/sentry_srvs/share/sentry_srvs/hook/cmake_prefix_path.sh'
[3.787s] Level 1:colcon.colcon_core.environment:checking '/home/niuoruo/workspace/sentry/ws/sentry_desicion/install/sentry_srvs/lib'
[3.787s] Level 1:colcon.colcon_core.shell:create_environment_hook('sentry_srvs', 'ld_library_path_lib')
[3.827s] INFO:colcon.colcon_core.shell:Creating environment hook '/home/niuoruo/workspace/sentry/ws/sentry_desicion/install/sentry_srvs/share/sentry_srvs/hook/ld_library_path_lib.ps1'
[3.828s] INFO:colcon.colcon_core.shell:Creating environment descriptor '/home/niuoruo/workspace/sentry/ws/sentry_desicion/install/sentry_srvs/share/sentry_srvs/hook/ld_library_path_lib.dsv'
[3.828s] INFO:colcon.colcon_core.shell:Creating environment hook '/home/niuoruo/workspace/sentry/ws/sentry_desicion/install/sentry_srvs/share/sentry_srvs/hook/ld_library_path_lib.sh'
[3.828s] Level 1:colcon.colcon_core.environment:checking '/home/niuoruo/workspace/sentry/ws/sentry_desicion/install/sentry_srvs/bin'
[3.828s] Level 1:colcon.colcon_core.environment:checking '/home/niuoruo/workspace/sentry/ws/sentry_desicion/install/sentry_srvs/lib/pkgconfig/sentry_srvs.pc'
[3.828s] Level 1:colcon.colcon_core.environment:checking '/home/niuoruo/workspace/sentry/ws/sentry_desicion/install/sentry_srvs/lib/python3.8/site-packages'
[3.828s] Level 1:colcon.colcon_core.shell:create_environment_hook('sentry_srvs', 'pythonpath')
[3.862s] INFO:colcon.colcon_core.shell:Creating environment hook '/home/niuoruo/workspace/sentry/ws/sentry_desicion/install/sentry_srvs/share/sentry_srvs/hook/pythonpath.ps1'
[3.863s] INFO:colcon.colcon_core.shell:Creating environment descriptor '/home/niuoruo/workspace/sentry/ws/sentry_desicion/install/sentry_srvs/share/sentry_srvs/hook/pythonpath.dsv'
[3.863s] INFO:colcon.colcon_core.shell:Creating environment hook '/home/niuoruo/workspace/sentry/ws/sentry_desicion/install/sentry_srvs/share/sentry_srvs/hook/pythonpath.sh'
[3.863s] Level 1:colcon.colcon_core.environment:checking '/home/niuoruo/workspace/sentry/ws/sentry_desicion/install/sentry_srvs/bin'
[3.899s] INFO:colcon.colcon_core.shell:Creating package script '/home/niuoruo/workspace/sentry/ws/sentry_desicion/install/sentry_srvs/share/sentry_srvs/package.ps1'
[3.900s] INFO:colcon.colcon_core.shell:Creating package descriptor '/home/niuoruo/workspace/sentry/ws/sentry_desicion/install/sentry_srvs/share/sentry_srvs/package.dsv'
[3.900s] INFO:colcon.colcon_core.shell:Creating package script '/home/niuoruo/workspace/sentry/ws/sentry_desicion/install/sentry_srvs/share/sentry_srvs/package.sh'
[3.900s] INFO:colcon.colcon_core.shell:Creating package script '/home/niuoruo/workspace/sentry/ws/sentry_desicion/install/sentry_srvs/share/sentry_srvs/package.bash'
[3.901s] INFO:colcon.colcon_core.shell:Creating package script '/home/niuoruo/workspace/sentry/ws/sentry_desicion/install/sentry_srvs/share/sentry_srvs/package.zsh'
[3.901s] Level 1:colcon.colcon_core.environment:create_file_with_runtime_dependencies(/home/niuoruo/workspace/sentry/ws/sentry_desicion/install/sentry_srvs/share/colcon-core/packages/sentry_srvs)
[3.904s] Level 1:colcon.colcon_core.environment:create_environment_scripts_only(sentry_interfaces)
[3.904s] DEBUG:colcon.colcon_core.event_handler.log_command:Invoked command in '/home/niuoruo/workspace/sentry/ws/sentry_desicion/build/sentry_interfaces' returned '0': CMAKE_PREFIX_PATH=/opt/ros/foxy /usr/bin/cmake --install /home/niuoruo/workspace/sentry/ws/sentry_desicion/build/sentry_interfaces
[3.945s] Level 1:colcon.colcon_core.environment:checking '/home/niuoruo/workspace/sentry/ws/sentry_desicion/install/sentry_interfaces' for CMake module files
[3.946s] Level 1:colcon.colcon_core.environment:checking '/home/niuoruo/workspace/sentry/ws/sentry_desicion/install/sentry_interfaces' for CMake config files
[3.946s] Level 1:colcon.colcon_core.shell:create_environment_hook('sentry_interfaces', 'cmake_prefix_path')
[3.987s] INFO:colcon.colcon_core.shell:Creating environment hook '/home/niuoruo/workspace/sentry/ws/sentry_desicion/install/sentry_interfaces/share/sentry_interfaces/hook/cmake_prefix_path.ps1'
[3.987s] INFO:colcon.colcon_core.shell:Creating environment descriptor '/home/niuoruo/workspace/sentry/ws/sentry_desicion/install/sentry_interfaces/share/sentry_interfaces/hook/cmake_prefix_path.dsv'
[3.987s] INFO:colcon.colcon_core.shell:Creating environment hook '/home/niuoruo/workspace/sentry/ws/sentry_desicion/install/sentry_interfaces/share/sentry_interfaces/hook/cmake_prefix_path.sh'
[3.988s] Level 1:colcon.colcon_core.environment:checking '/home/niuoruo/workspace/sentry/ws/sentry_desicion/install/sentry_interfaces/lib'
[3.988s] Level 1:colcon.colcon_core.shell:create_environment_hook('sentry_interfaces', 'ld_library_path_lib')
[4.023s] INFO:colcon.colcon_core.shell:Creating environment hook '/home/niuoruo/workspace/sentry/ws/sentry_desicion/install/sentry_interfaces/share/sentry_interfaces/hook/ld_library_path_lib.ps1'
[4.023s] INFO:colcon.colcon_core.shell:Creating environment descriptor '/home/niuoruo/workspace/sentry/ws/sentry_desicion/install/sentry_interfaces/share/sentry_interfaces/hook/ld_library_path_lib.dsv'
[4.023s] INFO:colcon.colcon_core.shell:Creating environment hook '/home/niuoruo/workspace/sentry/ws/sentry_desicion/install/sentry_interfaces/share/sentry_interfaces/hook/ld_library_path_lib.sh'
[4.024s] Level 1:colcon.colcon_core.environment:checking '/home/niuoruo/workspace/sentry/ws/sentry_desicion/install/sentry_interfaces/bin'
[4.024s] Level 1:colcon.colcon_core.environment:checking '/home/niuoruo/workspace/sentry/ws/sentry_desicion/install/sentry_interfaces/lib/pkgconfig/sentry_interfaces.pc'
[4.024s] Level 1:colcon.colcon_core.environment:checking '/home/niuoruo/workspace/sentry/ws/sentry_desicion/install/sentry_interfaces/lib/python3.8/site-packages'
[4.024s] Level 1:colcon.colcon_core.shell:create_environment_hook('sentry_interfaces', 'pythonpath')
[4.062s] INFO:colcon.colcon_core.shell:Creating environment hook '/home/niuoruo/workspace/sentry/ws/sentry_desicion/install/sentry_interfaces/share/sentry_interfaces/hook/pythonpath.ps1'
[4.063s] INFO:colcon.colcon_core.shell:Creating environment descriptor '/home/niuoruo/workspace/sentry/ws/sentry_desicion/install/sentry_interfaces/share/sentry_interfaces/hook/pythonpath.dsv'
[4.063s] INFO:colcon.colcon_core.shell:Creating environment hook '/home/niuoruo/workspace/sentry/ws/sentry_desicion/install/sentry_interfaces/share/sentry_interfaces/hook/pythonpath.sh'
[4.063s] Level 1:colcon.colcon_core.environment:checking '/home/niuoruo/workspace/sentry/ws/sentry_desicion/install/sentry_interfaces/bin'
[4.097s] INFO:colcon.colcon_core.shell:Creating package script '/home/niuoruo/workspace/sentry/ws/sentry_desicion/install/sentry_interfaces/share/sentry_interfaces/package.ps1'
[4.098s] INFO:colcon.colcon_core.shell:Creating package descriptor '/home/niuoruo/workspace/sentry/ws/sentry_desicion/install/sentry_interfaces/share/sentry_interfaces/package.dsv'
[4.098s] INFO:colcon.colcon_core.shell:Creating package script '/home/niuoruo/workspace/sentry/ws/sentry_desicion/install/sentry_interfaces/share/sentry_interfaces/package.sh'
[4.098s] INFO:colcon.colcon_core.shell:Creating package script '/home/niuoruo/workspace/sentry/ws/sentry_desicion/install/sentry_interfaces/share/sentry_interfaces/package.bash'
[4.099s] INFO:colcon.colcon_core.shell:Creating package script '/home/niuoruo/workspace/sentry/ws/sentry_desicion/install/sentry_interfaces/share/sentry_interfaces/package.zsh'
[4.099s] Level 1:colcon.colcon_core.environment:create_file_with_runtime_dependencies(/home/niuoruo/workspace/sentry/ws/sentry_desicion/install/sentry_interfaces/share/colcon-core/packages/sentry_interfaces)
[4.102s] Level 1:colcon.colcon_core.environment:create_environment_scripts_only(rmos_interfaces)
[4.102s] DEBUG:colcon.colcon_core.event_handler.log_command:Invoked command in '/home/niuoruo/workspace/sentry/ws/sentry_desicion/build/rmos_interfaces' returned '0': CMAKE_PREFIX_PATH=/opt/ros/foxy /usr/bin/cmake --install /home/niuoruo/workspace/sentry/ws/sentry_desicion/build/rmos_interfaces
[4.138s] Level 1:colcon.colcon_core.environment:checking '/home/niuoruo/workspace/sentry/ws/sentry_desicion/install/rmos_interfaces' for CMake module files
[4.138s] Level 1:colcon.colcon_core.environment:checking '/home/niuoruo/workspace/sentry/ws/sentry_desicion/install/rmos_interfaces' for CMake config files
[4.139s] Level 1:colcon.colcon_core.shell:create_environment_hook('rmos_interfaces', 'cmake_prefix_path')
[4.176s] INFO:colcon.colcon_core.shell:Creating environment hook '/home/niuoruo/workspace/sentry/ws/sentry_desicion/install/rmos_interfaces/share/rmos_interfaces/hook/cmake_prefix_path.ps1'
[4.176s] INFO:colcon.colcon_core.shell:Creating environment descriptor '/home/niuoruo/workspace/sentry/ws/sentry_desicion/install/rmos_interfaces/share/rmos_interfaces/hook/cmake_prefix_path.dsv'
[4.177s] INFO:colcon.colcon_core.shell:Creating environment hook '/home/niuoruo/workspace/sentry/ws/sentry_desicion/install/rmos_interfaces/share/rmos_interfaces/hook/cmake_prefix_path.sh'
[4.177s] Level 1:colcon.colcon_core.environment:checking '/home/niuoruo/workspace/sentry/ws/sentry_desicion/install/rmos_interfaces/lib'
[4.177s] Level 1:colcon.colcon_core.shell:create_environment_hook('rmos_interfaces', 'ld_library_path_lib')
[4.225s] INFO:colcon.colcon_core.shell:Creating environment hook '/home/niuoruo/workspace/sentry/ws/sentry_desicion/install/rmos_interfaces/share/rmos_interfaces/hook/ld_library_path_lib.ps1'
[4.225s] INFO:colcon.colcon_core.shell:Creating environment descriptor '/home/niuoruo/workspace/sentry/ws/sentry_desicion/install/rmos_interfaces/share/rmos_interfaces/hook/ld_library_path_lib.dsv'
[4.225s] INFO:colcon.colcon_core.shell:Creating environment hook '/home/niuoruo/workspace/sentry/ws/sentry_desicion/install/rmos_interfaces/share/rmos_interfaces/hook/ld_library_path_lib.sh'
[4.226s] Level 1:colcon.colcon_core.environment:checking '/home/niuoruo/workspace/sentry/ws/sentry_desicion/install/rmos_interfaces/bin'
[4.226s] Level 1:colcon.colcon_core.environment:checking '/home/niuoruo/workspace/sentry/ws/sentry_desicion/install/rmos_interfaces/lib/pkgconfig/rmos_interfaces.pc'
[4.226s] Level 1:colcon.colcon_core.environment:checking '/home/niuoruo/workspace/sentry/ws/sentry_desicion/install/rmos_interfaces/lib/python3.8/site-packages'
[4.226s] Level 1:colcon.colcon_core.shell:create_environment_hook('rmos_interfaces', 'pythonpath')
[4.259s] INFO:colcon.colcon_core.shell:Creating environment hook '/home/niuoruo/workspace/sentry/ws/sentry_desicion/install/rmos_interfaces/share/rmos_interfaces/hook/pythonpath.ps1'
[4.259s] INFO:colcon.colcon_core.shell:Creating environment descriptor '/home/niuoruo/workspace/sentry/ws/sentry_desicion/install/rmos_interfaces/share/rmos_interfaces/hook/pythonpath.dsv'
[4.260s] INFO:colcon.colcon_core.shell:Creating environment hook '/home/niuoruo/workspace/sentry/ws/sentry_desicion/install/rmos_interfaces/share/rmos_interfaces/hook/pythonpath.sh'
[4.260s] Level 1:colcon.colcon_core.environment:checking '/home/niuoruo/workspace/sentry/ws/sentry_desicion/install/rmos_interfaces/bin'
[4.297s] INFO:colcon.colcon_core.shell:Creating package script '/home/niuoruo/workspace/sentry/ws/sentry_desicion/install/rmos_interfaces/share/rmos_interfaces/package.ps1'
[4.298s] INFO:colcon.colcon_core.shell:Creating package descriptor '/home/niuoruo/workspace/sentry/ws/sentry_desicion/install/rmos_interfaces/share/rmos_interfaces/package.dsv'
[4.298s] INFO:colcon.colcon_core.shell:Creating package script '/home/niuoruo/workspace/sentry/ws/sentry_desicion/install/rmos_interfaces/share/rmos_interfaces/package.sh'
[4.298s] INFO:colcon.colcon_core.shell:Creating package script '/home/niuoruo/workspace/sentry/ws/sentry_desicion/install/rmos_interfaces/share/rmos_interfaces/package.bash'
[4.299s] INFO:colcon.colcon_core.shell:Creating package script '/home/niuoruo/workspace/sentry/ws/sentry_desicion/install/rmos_interfaces/share/rmos_interfaces/package.zsh'
[4.299s] Level 1:colcon.colcon_core.environment:create_file_with_runtime_dependencies(/home/niuoruo/workspace/sentry/ws/sentry_desicion/install/rmos_interfaces/share/colcon-core/packages/rmos_interfaces)
[4.336s] Level 1:colcon.colcon_core.environment:create_environment_scripts_only(sentry_srvs)
[4.373s] Level 1:colcon.colcon_core.environment:checking '/home/niuoruo/workspace/sentry/ws/sentry_desicion/install/sentry_srvs' for CMake module files
[4.373s] Level 1:colcon.colcon_core.environment:checking '/home/niuoruo/workspace/sentry/ws/sentry_desicion/install/sentry_srvs' for CMake config files
[4.374s] Level 1:colcon.colcon_core.shell:create_environment_hook('sentry_srvs', 'cmake_prefix_path')
[4.408s] INFO:colcon.colcon_core.shell:Creating environment hook '/home/niuoruo/workspace/sentry/ws/sentry_desicion/install/sentry_srvs/share/sentry_srvs/hook/cmake_prefix_path.ps1'
[4.408s] INFO:colcon.colcon_core.shell:Creating environment descriptor '/home/niuoruo/workspace/sentry/ws/sentry_desicion/install/sentry_srvs/share/sentry_srvs/hook/cmake_prefix_path.dsv'
[4.409s] INFO:colcon.colcon_core.shell:Creating environment hook '/home/niuoruo/workspace/sentry/ws/sentry_desicion/install/sentry_srvs/share/sentry_srvs/hook/cmake_prefix_path.sh'
[4.409s] Level 1:colcon.colcon_core.environment:checking '/home/niuoruo/workspace/sentry/ws/sentry_desicion/install/sentry_srvs/lib'
[4.409s] Level 1:colcon.colcon_core.shell:create_environment_hook('sentry_srvs', 'ld_library_path_lib')
[4.442s] INFO:colcon.colcon_core.shell:Creating environment hook '/home/niuoruo/workspace/sentry/ws/sentry_desicion/install/sentry_srvs/share/sentry_srvs/hook/ld_library_path_lib.ps1'
[4.443s] INFO:colcon.colcon_core.shell:Creating environment descriptor '/home/niuoruo/workspace/sentry/ws/sentry_desicion/install/sentry_srvs/share/sentry_srvs/hook/ld_library_path_lib.dsv'
[4.443s] INFO:colcon.colcon_core.shell:Creating environment hook '/home/niuoruo/workspace/sentry/ws/sentry_desicion/install/sentry_srvs/share/sentry_srvs/hook/ld_library_path_lib.sh'
[4.443s] Level 1:colcon.colcon_core.environment:checking '/home/niuoruo/workspace/sentry/ws/sentry_desicion/install/sentry_srvs/bin'
[4.443s] Level 1:colcon.colcon_core.environment:checking '/home/niuoruo/workspace/sentry/ws/sentry_desicion/install/sentry_srvs/lib/pkgconfig/sentry_srvs.pc'
[4.444s] Level 1:colcon.colcon_core.environment:checking '/home/niuoruo/workspace/sentry/ws/sentry_desicion/install/sentry_srvs/lib/python3.8/site-packages'
[4.444s] Level 1:colcon.colcon_core.shell:create_environment_hook('sentry_srvs', 'pythonpath')
[4.480s] INFO:colcon.colcon_core.shell:Creating environment hook '/home/niuoruo/workspace/sentry/ws/sentry_desicion/install/sentry_srvs/share/sentry_srvs/hook/pythonpath.ps1'
[4.481s] INFO:colcon.colcon_core.shell:Creating environment descriptor '/home/niuoruo/workspace/sentry/ws/sentry_desicion/install/sentry_srvs/share/sentry_srvs/hook/pythonpath.dsv'
[4.481s] INFO:colcon.colcon_core.shell:Creating environment hook '/home/niuoruo/workspace/sentry/ws/sentry_desicion/install/sentry_srvs/share/sentry_srvs/hook/pythonpath.sh'
[4.481s] Level 1:colcon.colcon_core.environment:checking '/home/niuoruo/workspace/sentry/ws/sentry_desicion/install/sentry_srvs/bin'
[4.516s] INFO:colcon.colcon_core.shell:Creating package script '/home/niuoruo/workspace/sentry/ws/sentry_desicion/install/sentry_srvs/share/sentry_srvs/package.ps1'
[4.516s] INFO:colcon.colcon_core.shell:Creating package descriptor '/home/niuoruo/workspace/sentry/ws/sentry_desicion/install/sentry_srvs/share/sentry_srvs/package.dsv'
[4.517s] INFO:colcon.colcon_core.shell:Creating package script '/home/niuoruo/workspace/sentry/ws/sentry_desicion/install/sentry_srvs/share/sentry_srvs/package.sh'
[4.517s] INFO:colcon.colcon_core.shell:Creating package script '/home/niuoruo/workspace/sentry/ws/sentry_desicion/install/sentry_srvs/share/sentry_srvs/package.bash'
[4.517s] INFO:colcon.colcon_core.shell:Creating package script '/home/niuoruo/workspace/sentry/ws/sentry_desicion/install/sentry_srvs/share/sentry_srvs/package.zsh'
[4.518s] Level 1:colcon.colcon_core.environment:create_file_with_runtime_dependencies(/home/niuoruo/workspace/sentry/ws/sentry_desicion/install/sentry_srvs/share/colcon-core/packages/sentry_srvs)
[4.552s] Level 1:colcon.colcon_core.environment:create_environment_scripts_only(sentry_interfaces)
[4.585s] Level 1:colcon.colcon_core.environment:checking '/home/niuoruo/workspace/sentry/ws/sentry_desicion/install/sentry_interfaces' for CMake module files
[4.586s] Level 1:colcon.colcon_core.environment:checking '/home/niuoruo/workspace/sentry/ws/sentry_desicion/install/sentry_interfaces' for CMake config files
[4.586s] Level 1:colcon.colcon_core.shell:create_environment_hook('sentry_interfaces', 'cmake_prefix_path')
[4.629s] INFO:colcon.colcon_core.shell:Creating environment hook '/home/niuoruo/workspace/sentry/ws/sentry_desicion/install/sentry_interfaces/share/sentry_interfaces/hook/cmake_prefix_path.ps1'
[4.630s] INFO:colcon.colcon_core.shell:Creating environment descriptor '/home/niuoruo/workspace/sentry/ws/sentry_desicion/install/sentry_interfaces/share/sentry_interfaces/hook/cmake_prefix_path.dsv'
[4.630s] INFO:colcon.colcon_core.shell:Creating environment hook '/home/niuoruo/workspace/sentry/ws/sentry_desicion/install/sentry_interfaces/share/sentry_interfaces/hook/cmake_prefix_path.sh'
[4.630s] Level 1:colcon.colcon_core.environment:checking '/home/niuoruo/workspace/sentry/ws/sentry_desicion/install/sentry_interfaces/lib'
[4.631s] Level 1:colcon.colcon_core.shell:create_environment_hook('sentry_interfaces', 'ld_library_path_lib')
[4.664s] INFO:colcon.colcon_core.shell:Creating environment hook '/home/niuoruo/workspace/sentry/ws/sentry_desicion/install/sentry_interfaces/share/sentry_interfaces/hook/ld_library_path_lib.ps1'
[4.664s] INFO:colcon.colcon_core.shell:Creating environment descriptor '/home/niuoruo/workspace/sentry/ws/sentry_desicion/install/sentry_interfaces/share/sentry_interfaces/hook/ld_library_path_lib.dsv'
[4.664s] INFO:colcon.colcon_core.shell:Creating environment hook '/home/niuoruo/workspace/sentry/ws/sentry_desicion/install/sentry_interfaces/share/sentry_interfaces/hook/ld_library_path_lib.sh'
[4.665s] Level 1:colcon.colcon_core.environment:checking '/home/niuoruo/workspace/sentry/ws/sentry_desicion/install/sentry_interfaces/bin'
[4.665s] Level 1:colcon.colcon_core.environment:checking '/home/niuoruo/workspace/sentry/ws/sentry_desicion/install/sentry_interfaces/lib/pkgconfig/sentry_interfaces.pc'
[4.665s] Level 1:colcon.colcon_core.environment:checking '/home/niuoruo/workspace/sentry/ws/sentry_desicion/install/sentry_interfaces/lib/python3.8/site-packages'
[4.665s] Level 1:colcon.colcon_core.shell:create_environment_hook('sentry_interfaces', 'pythonpath')
[4.714s] INFO:colcon.colcon_core.shell:Creating environment hook '/home/niuoruo/workspace/sentry/ws/sentry_desicion/install/sentry_interfaces/share/sentry_interfaces/hook/pythonpath.ps1'
[4.714s] INFO:colcon.colcon_core.shell:Creating environment descriptor '/home/niuoruo/workspace/sentry/ws/sentry_desicion/install/sentry_interfaces/share/sentry_interfaces/hook/pythonpath.dsv'
[4.715s] INFO:colcon.colcon_core.shell:Creating environment hook '/home/niuoruo/workspace/sentry/ws/sentry_desicion/install/sentry_interfaces/share/sentry_interfaces/hook/pythonpath.sh'
[4.715s] Level 1:colcon.colcon_core.environment:checking '/home/niuoruo/workspace/sentry/ws/sentry_desicion/install/sentry_interfaces/bin'
[4.754s] INFO:colcon.colcon_core.shell:Creating package script '/home/niuoruo/workspace/sentry/ws/sentry_desicion/install/sentry_interfaces/share/sentry_interfaces/package.ps1'
[4.754s] INFO:colcon.colcon_core.shell:Creating package descriptor '/home/niuoruo/workspace/sentry/ws/sentry_desicion/install/sentry_interfaces/share/sentry_interfaces/package.dsv'
[4.755s] INFO:colcon.colcon_core.shell:Creating package script '/home/niuoruo/workspace/sentry/ws/sentry_desicion/install/sentry_interfaces/share/sentry_interfaces/package.sh'
[4.755s] INFO:colcon.colcon_core.shell:Creating package script '/home/niuoruo/workspace/sentry/ws/sentry_desicion/install/sentry_interfaces/share/sentry_interfaces/package.bash'
[4.755s] INFO:colcon.colcon_core.shell:Creating package script '/home/niuoruo/workspace/sentry/ws/sentry_desicion/install/sentry_interfaces/share/sentry_interfaces/package.zsh'
[4.756s] Level 1:colcon.colcon_core.environment:create_file_with_runtime_dependencies(/home/niuoruo/workspace/sentry/ws/sentry_desicion/install/sentry_interfaces/share/colcon-core/packages/sentry_interfaces)
[4.756s] INFO:colcon.colcon_ros.task.ament_cmake.build:Building ROS package in '/home/niuoruo/workspace/sentry/ws/sentry_desicion/src/sentry_behavior_tree' with build type 'ament_cmake'
[4.756s] INFO:colcon.colcon_cmake.task.cmake.build:Building CMake package in '/home/niuoruo/workspace/sentry/ws/sentry_desicion/src/sentry_behavior_tree'
[4.796s] INFO:colcon.colcon_core.shell:Skip shell extension 'powershell' for command environment: Not usable outside of PowerShell
[4.796s] DEBUG:colcon.colcon_core.shell:Skip shell extension 'dsv' for command environment
[4.908s] Level 1:colcon.colcon_core.environment:create_environment_scripts_only(rmos_interfaces)
[4.943s] Level 1:colcon.colcon_core.environment:checking '/home/niuoruo/workspace/sentry/ws/sentry_desicion/install/rmos_interfaces' for CMake module files
[4.944s] Level 1:colcon.colcon_core.environment:checking '/home/niuoruo/workspace/sentry/ws/sentry_desicion/install/rmos_interfaces' for CMake config files
[4.946s] Level 1:colcon.colcon_core.shell:create_environment_hook('rmos_interfaces', 'cmake_prefix_path')
[4.988s] INFO:colcon.colcon_core.shell:Creating environment hook '/home/niuoruo/workspace/sentry/ws/sentry_desicion/install/rmos_interfaces/share/rmos_interfaces/hook/cmake_prefix_path.ps1'
[4.989s] INFO:colcon.colcon_core.shell:Creating environment descriptor '/home/niuoruo/workspace/sentry/ws/sentry_desicion/install/rmos_interfaces/share/rmos_interfaces/hook/cmake_prefix_path.dsv'
[4.989s] INFO:colcon.colcon_core.shell:Creating environment hook '/home/niuoruo/workspace/sentry/ws/sentry_desicion/install/rmos_interfaces/share/rmos_interfaces/hook/cmake_prefix_path.sh'
[4.989s] Level 1:colcon.colcon_core.environment:checking '/home/niuoruo/workspace/sentry/ws/sentry_desicion/install/rmos_interfaces/lib'
[4.990s] Level 1:colcon.colcon_core.shell:create_environment_hook('rmos_interfaces', 'ld_library_path_lib')
[5.026s] INFO:colcon.colcon_core.shell:Creating environment hook '/home/niuoruo/workspace/sentry/ws/sentry_desicion/install/rmos_interfaces/share/rmos_interfaces/hook/ld_library_path_lib.ps1'
[5.027s] INFO:colcon.colcon_core.shell:Creating environment descriptor '/home/niuoruo/workspace/sentry/ws/sentry_desicion/install/rmos_interfaces/share/rmos_interfaces/hook/ld_library_path_lib.dsv'
[5.027s] INFO:colcon.colcon_core.shell:Creating environment hook '/home/niuoruo/workspace/sentry/ws/sentry_desicion/install/rmos_interfaces/share/rmos_interfaces/hook/ld_library_path_lib.sh'
[5.027s] Level 1:colcon.colcon_core.environment:checking '/home/niuoruo/workspace/sentry/ws/sentry_desicion/install/rmos_interfaces/bin'
[5.028s] Level 1:colcon.colcon_core.environment:checking '/home/niuoruo/workspace/sentry/ws/sentry_desicion/install/rmos_interfaces/lib/pkgconfig/rmos_interfaces.pc'
[5.028s] Level 1:colcon.colcon_core.environment:checking '/home/niuoruo/workspace/sentry/ws/sentry_desicion/install/rmos_interfaces/lib/python3.8/site-packages'
[5.028s] Level 1:colcon.colcon_core.shell:create_environment_hook('rmos_interfaces', 'pythonpath')
[5.065s] INFO:colcon.colcon_core.shell:Creating environment hook '/home/niuoruo/workspace/sentry/ws/sentry_desicion/install/rmos_interfaces/share/rmos_interfaces/hook/pythonpath.ps1'
[5.066s] INFO:colcon.colcon_core.shell:Creating environment descriptor '/home/niuoruo/workspace/sentry/ws/sentry_desicion/install/rmos_interfaces/share/rmos_interfaces/hook/pythonpath.dsv'
[5.066s] INFO:colcon.colcon_core.shell:Creating environment hook '/home/niuoruo/workspace/sentry/ws/sentry_desicion/install/rmos_interfaces/share/rmos_interfaces/hook/pythonpath.sh'
[5.066s] Level 1:colcon.colcon_core.environment:checking '/home/niuoruo/workspace/sentry/ws/sentry_desicion/install/rmos_interfaces/bin'
[5.101s] INFO:colcon.colcon_core.shell:Creating package script '/home/niuoruo/workspace/sentry/ws/sentry_desicion/install/rmos_interfaces/share/rmos_interfaces/package.ps1'
[5.102s] INFO:colcon.colcon_core.shell:Creating package descriptor '/home/niuoruo/workspace/sentry/ws/sentry_desicion/install/rmos_interfaces/share/rmos_interfaces/package.dsv'
[5.102s] INFO:colcon.colcon_core.shell:Creating package script '/home/niuoruo/workspace/sentry/ws/sentry_desicion/install/rmos_interfaces/share/rmos_interfaces/package.sh'
[5.102s] INFO:colcon.colcon_core.shell:Creating package script '/home/niuoruo/workspace/sentry/ws/sentry_desicion/install/rmos_interfaces/share/rmos_interfaces/package.bash'
[5.103s] INFO:colcon.colcon_core.shell:Creating package script '/home/niuoruo/workspace/sentry/ws/sentry_desicion/install/rmos_interfaces/share/rmos_interfaces/package.zsh'
[5.103s] Level 1:colcon.colcon_core.environment:create_file_with_runtime_dependencies(/home/niuoruo/workspace/sentry/ws/sentry_desicion/install/rmos_interfaces/share/colcon-core/packages/rmos_interfaces)
[5.103s] INFO:colcon.colcon_ros.task.ament_cmake.build:Building ROS package in '/home/niuoruo/workspace/sentry/ws/sentry_desicion/src/sentry_comm' with build type 'ament_cmake'
[5.104s] INFO:colcon.colcon_cmake.task.cmake.build:Building CMake package in '/home/niuoruo/workspace/sentry/ws/sentry_desicion/src/sentry_comm'
[5.139s] INFO:colcon.colcon_core.shell:Skip shell extension 'powershell' for command environment: Not usable outside of PowerShell
[5.139s] DEBUG:colcon.colcon_core.shell:Skip shell extension 'dsv' for command environment
[5.217s] DEBUG:colcon.colcon_core.event_handler.log_command:Invoking command in '/home/niuoruo/workspace/sentry/ws/sentry_desicion/build/sentry_behavior_tree': AMENT_PREFIX_PATH=/home/niuoruo/workspace/sentry/ws/sentry_desicion/install/sentry_srvs:/home/niuoruo/workspace/sentry/ws/sentry_desicion/install/sentry_interfaces:${AMENT_PREFIX_PATH} CMAKE_PREFIX_PATH=/home/niuoruo/workspace/sentry/ws/sentry_desicion/install/sentry_srvs:/home/niuoruo/workspace/sentry/ws/sentry_desicion/install/sentry_interfaces:/opt/ros/foxy LD_LIBRARY_PATH=/home/niuoruo/workspace/sentry/ws/sentry_desicion/install/sentry_srvs/lib:/home/niuoruo/workspace/sentry/ws/sentry_desicion/install/sentry_interfaces/lib:/opt/ros/foxy/opt/yaml_cpp_vendor/lib:/opt/ros/foxy/opt/rviz_ogre_vendor/lib:/opt/ros/foxy/lib/x86_64-linux-gnu:/opt/ros/foxy/lib:/usr/local/cuda-11.4/lib64:/usr/local/cuda-11.4/extras/CUPTI/lib64:/home/niuoruo/bag/TensorRT/TensorRT-8.2.3.0.Linux.x86_64-gnu.cuda-11.4.cudnn8.2/TensorRT-8.2.3.0/lib PYTHONPATH=/home/niuoruo/workspace/sentry/ws/sentry_desicion/install/sentry_srvs/lib/python3.8/site-packages:/home/niuoruo/workspace/sentry/ws/sentry_desicion/install/sentry_interfaces/lib/python3.8/site-packages:${PYTHONPATH} /usr/bin/cmake --build /home/niuoruo/workspace/sentry/ws/sentry_desicion/build/sentry_behavior_tree -- -j16 -l16
[5.220s] DEBUG:colcon.colcon_core.event_handler.log_command:Invoking command in '/home/niuoruo/workspace/sentry/ws/sentry_desicion/build/sentry_comm': AMENT_PREFIX_PATH=/home/niuoruo/workspace/sentry/ws/sentry_desicion/install/sentry_interfaces:/home/niuoruo/workspace/sentry/ws/sentry_desicion/install/rmos_interfaces:${AMENT_PREFIX_PATH} CMAKE_PREFIX_PATH=/home/niuoruo/workspace/sentry/ws/sentry_desicion/install/sentry_interfaces:/home/niuoruo/workspace/sentry/ws/sentry_desicion/install/rmos_interfaces:/opt/ros/foxy LD_LIBRARY_PATH=/home/niuoruo/workspace/sentry/ws/sentry_desicion/install/sentry_interfaces/lib:/home/niuoruo/workspace/sentry/ws/sentry_desicion/install/rmos_interfaces/lib:/opt/ros/foxy/opt/yaml_cpp_vendor/lib:/opt/ros/foxy/opt/rviz_ogre_vendor/lib:/opt/ros/foxy/lib/x86_64-linux-gnu:/opt/ros/foxy/lib:/usr/local/cuda-11.4/lib64:/usr/local/cuda-11.4/extras/CUPTI/lib64:/home/niuoruo/bag/TensorRT/TensorRT-8.2.3.0.Linux.x86_64-gnu.cuda-11.4.cudnn8.2/TensorRT-8.2.3.0/lib PYTHONPATH=/home/niuoruo/workspace/sentry/ws/sentry_desicion/install/sentry_interfaces/lib/python3.8/site-packages:/home/niuoruo/workspace/sentry/ws/sentry_desicion/install/rmos_interfaces/lib/python3.8/site-packages:${PYTHONPATH} /usr/bin/cmake --build /home/niuoruo/workspace/sentry/ws/sentry_desicion/build/sentry_comm -- -j16 -l16
[5.298s] DEBUG:colcon.colcon_core.event_handler.log_command:Invoked command in '/home/niuoruo/workspace/sentry/ws/sentry_desicion/build/sentry_comm' returned '0': AMENT_PREFIX_PATH=/home/niuoruo/workspace/sentry/ws/sentry_desicion/install/sentry_interfaces:/home/niuoruo/workspace/sentry/ws/sentry_desicion/install/rmos_interfaces:${AMENT_PREFIX_PATH} CMAKE_PREFIX_PATH=/home/niuoruo/workspace/sentry/ws/sentry_desicion/install/sentry_interfaces:/home/niuoruo/workspace/sentry/ws/sentry_desicion/install/rmos_interfaces:/opt/ros/foxy LD_LIBRARY_PATH=/home/niuoruo/workspace/sentry/ws/sentry_desicion/install/sentry_interfaces/lib:/home/niuoruo/workspace/sentry/ws/sentry_desicion/install/rmos_interfaces/lib:/opt/ros/foxy/opt/yaml_cpp_vendor/lib:/opt/ros/foxy/opt/rviz_ogre_vendor/lib:/opt/ros/foxy/lib/x86_64-linux-gnu:/opt/ros/foxy/lib:/usr/local/cuda-11.4/lib64:/usr/local/cuda-11.4/extras/CUPTI/lib64:/home/niuoruo/bag/TensorRT/TensorRT-8.2.3.0.Linux.x86_64-gnu.cuda-11.4.cudnn8.2/TensorRT-8.2.3.0/lib PYTHONPATH=/home/niuoruo/workspace/sentry/ws/sentry_desicion/install/sentry_interfaces/lib/python3.8/site-packages:/home/niuoruo/workspace/sentry/ws/sentry_desicion/install/rmos_interfaces/lib/python3.8/site-packages:${PYTHONPATH} /usr/bin/cmake --build /home/niuoruo/workspace/sentry/ws/sentry_desicion/build/sentry_comm -- -j16 -l16
[5.322s] DEBUG:colcon.colcon_core.event_handler.log_command:Invoking command in '/home/niuoruo/workspace/sentry/ws/sentry_desicion/build/sentry_comm': AMENT_PREFIX_PATH=/home/niuoruo/workspace/sentry/ws/sentry_desicion/install/sentry_interfaces:/home/niuoruo/workspace/sentry/ws/sentry_desicion/install/rmos_interfaces:${AMENT_PREFIX_PATH} CMAKE_PREFIX_PATH=/home/niuoruo/workspace/sentry/ws/sentry_desicion/install/sentry_interfaces:/home/niuoruo/workspace/sentry/ws/sentry_desicion/install/rmos_interfaces:/opt/ros/foxy LD_LIBRARY_PATH=/home/niuoruo/workspace/sentry/ws/sentry_desicion/install/sentry_interfaces/lib:/home/niuoruo/workspace/sentry/ws/sentry_desicion/install/rmos_interfaces/lib:/opt/ros/foxy/opt/yaml_cpp_vendor/lib:/opt/ros/foxy/opt/rviz_ogre_vendor/lib:/opt/ros/foxy/lib/x86_64-linux-gnu:/opt/ros/foxy/lib:/usr/local/cuda-11.4/lib64:/usr/local/cuda-11.4/extras/CUPTI/lib64:/home/niuoruo/bag/TensorRT/TensorRT-8.2.3.0.Linux.x86_64-gnu.cuda-11.4.cudnn8.2/TensorRT-8.2.3.0/lib PYTHONPATH=/home/niuoruo/workspace/sentry/ws/sentry_desicion/install/sentry_interfaces/lib/python3.8/site-packages:/home/niuoruo/workspace/sentry/ws/sentry_desicion/install/rmos_interfaces/lib/python3.8/site-packages:${PYTHONPATH} /usr/bin/cmake --install /home/niuoruo/workspace/sentry/ws/sentry_desicion/build/sentry_comm
[5.332s] Level 1:colcon.colcon_core.environment:create_environment_scripts_only(sentry_comm)
[5.332s] DEBUG:colcon.colcon_core.event_handler.log_command:Invoked command in '/home/niuoruo/workspace/sentry/ws/sentry_desicion/build/sentry_comm' returned '0': AMENT_PREFIX_PATH=/home/niuoruo/workspace/sentry/ws/sentry_desicion/install/sentry_interfaces:/home/niuoruo/workspace/sentry/ws/sentry_desicion/install/rmos_interfaces:${AMENT_PREFIX_PATH} CMAKE_PREFIX_PATH=/home/niuoruo/workspace/sentry/ws/sentry_desicion/install/sentry_interfaces:/home/niuoruo/workspace/sentry/ws/sentry_desicion/install/rmos_interfaces:/opt/ros/foxy LD_LIBRARY_PATH=/home/niuoruo/workspace/sentry/ws/sentry_desicion/install/sentry_interfaces/lib:/home/niuoruo/workspace/sentry/ws/sentry_desicion/install/rmos_interfaces/lib:/opt/ros/foxy/opt/yaml_cpp_vendor/lib:/opt/ros/foxy/opt/rviz_ogre_vendor/lib:/opt/ros/foxy/lib/x86_64-linux-gnu:/opt/ros/foxy/lib:/usr/local/cuda-11.4/lib64:/usr/local/cuda-11.4/extras/CUPTI/lib64:/home/niuoruo/bag/TensorRT/TensorRT-8.2.3.0.Linux.x86_64-gnu.cuda-11.4.cudnn8.2/TensorRT-8.2.3.0/lib PYTHONPATH=/home/niuoruo/workspace/sentry/ws/sentry_desicion/install/sentry_interfaces/lib/python3.8/site-packages:/home/niuoruo/workspace/sentry/ws/sentry_desicion/install/rmos_interfaces/lib/python3.8/site-packages:${PYTHONPATH} /usr/bin/cmake --install /home/niuoruo/workspace/sentry/ws/sentry_desicion/build/sentry_comm
[5.370s] Level 1:colcon.colcon_core.environment:checking '/home/niuoruo/workspace/sentry/ws/sentry_desicion/install/sentry_comm' for CMake module files
[5.371s] Level 1:colcon.colcon_core.environment:checking '/home/niuoruo/workspace/sentry/ws/sentry_desicion/install/sentry_comm' for CMake config files
[5.371s] Level 1:colcon.colcon_core.shell:create_environment_hook('sentry_comm', 'cmake_prefix_path')
[5.411s] INFO:colcon.colcon_core.shell:Creating environment hook '/home/niuoruo/workspace/sentry/ws/sentry_desicion/install/sentry_comm/share/sentry_comm/hook/cmake_prefix_path.ps1'
[5.412s] INFO:colcon.colcon_core.shell:Creating environment descriptor '/home/niuoruo/workspace/sentry/ws/sentry_desicion/install/sentry_comm/share/sentry_comm/hook/cmake_prefix_path.dsv'
[5.412s] INFO:colcon.colcon_core.shell:Creating environment hook '/home/niuoruo/workspace/sentry/ws/sentry_desicion/install/sentry_comm/share/sentry_comm/hook/cmake_prefix_path.sh'
[5.412s] Level 1:colcon.colcon_core.environment:checking '/home/niuoruo/workspace/sentry/ws/sentry_desicion/install/sentry_comm/lib'
[5.412s] Level 1:colcon.colcon_core.shell:create_environment_hook('sentry_comm', 'ld_library_path_lib')
[5.447s] INFO:colcon.colcon_core.shell:Creating environment hook '/home/niuoruo/workspace/sentry/ws/sentry_desicion/install/sentry_comm/share/sentry_comm/hook/ld_library_path_lib.ps1'
[5.447s] INFO:colcon.colcon_core.shell:Creating environment descriptor '/home/niuoruo/workspace/sentry/ws/sentry_desicion/install/sentry_comm/share/sentry_comm/hook/ld_library_path_lib.dsv'
[5.448s] INFO:colcon.colcon_core.shell:Creating environment hook '/home/niuoruo/workspace/sentry/ws/sentry_desicion/install/sentry_comm/share/sentry_comm/hook/ld_library_path_lib.sh'
[5.448s] Level 1:colcon.colcon_core.environment:checking '/home/niuoruo/workspace/sentry/ws/sentry_desicion/install/sentry_comm/bin'
[5.448s] Level 1:colcon.colcon_core.environment:checking '/home/niuoruo/workspace/sentry/ws/sentry_desicion/install/sentry_comm/lib/pkgconfig/sentry_comm.pc'
[5.448s] Level 1:colcon.colcon_core.environment:checking '/home/niuoruo/workspace/sentry/ws/sentry_desicion/install/sentry_comm/lib/python3.8/site-packages'
[5.448s] Level 1:colcon.colcon_core.environment:checking '/home/niuoruo/workspace/sentry/ws/sentry_desicion/install/sentry_comm/bin'
[5.482s] INFO:colcon.colcon_core.shell:Creating package script '/home/niuoruo/workspace/sentry/ws/sentry_desicion/install/sentry_comm/share/sentry_comm/package.ps1'
[5.483s] INFO:colcon.colcon_core.shell:Creating package descriptor '/home/niuoruo/workspace/sentry/ws/sentry_desicion/install/sentry_comm/share/sentry_comm/package.dsv'
[5.483s] INFO:colcon.colcon_core.shell:Creating package script '/home/niuoruo/workspace/sentry/ws/sentry_desicion/install/sentry_comm/share/sentry_comm/package.sh'
[5.483s] INFO:colcon.colcon_core.shell:Creating package script '/home/niuoruo/workspace/sentry/ws/sentry_desicion/install/sentry_comm/share/sentry_comm/package.bash'
[5.484s] INFO:colcon.colcon_core.shell:Creating package script '/home/niuoruo/workspace/sentry/ws/sentry_desicion/install/sentry_comm/share/sentry_comm/package.zsh'
[5.484s] Level 1:colcon.colcon_core.environment:create_file_with_runtime_dependencies(/home/niuoruo/workspace/sentry/ws/sentry_desicion/install/sentry_comm/share/colcon-core/packages/sentry_comm)
[5.550s] Level 1:colcon.colcon_core.environment:create_environment_scripts_only(sentry_comm)
[5.585s] Level 1:colcon.colcon_core.environment:checking '/home/niuoruo/workspace/sentry/ws/sentry_desicion/install/sentry_comm' for CMake module files
[5.585s] Level 1:colcon.colcon_core.environment:checking '/home/niuoruo/workspace/sentry/ws/sentry_desicion/install/sentry_comm' for CMake config files
[5.585s] Level 1:colcon.colcon_core.shell:create_environment_hook('sentry_comm', 'cmake_prefix_path')
[5.620s] INFO:colcon.colcon_core.shell:Creating environment hook '/home/niuoruo/workspace/sentry/ws/sentry_desicion/install/sentry_comm/share/sentry_comm/hook/cmake_prefix_path.ps1'
[5.620s] INFO:colcon.colcon_core.shell:Creating environment descriptor '/home/niuoruo/workspace/sentry/ws/sentry_desicion/install/sentry_comm/share/sentry_comm/hook/cmake_prefix_path.dsv'
[5.620s] INFO:colcon.colcon_core.shell:Creating environment hook '/home/niuoruo/workspace/sentry/ws/sentry_desicion/install/sentry_comm/share/sentry_comm/hook/cmake_prefix_path.sh'
[5.621s] Level 1:colcon.colcon_core.environment:checking '/home/niuoruo/workspace/sentry/ws/sentry_desicion/install/sentry_comm/lib'
[5.621s] Level 1:colcon.colcon_core.shell:create_environment_hook('sentry_comm', 'ld_library_path_lib')
[5.658s] INFO:colcon.colcon_core.shell:Creating environment hook '/home/niuoruo/workspace/sentry/ws/sentry_desicion/install/sentry_comm/share/sentry_comm/hook/ld_library_path_lib.ps1'
[5.658s] INFO:colcon.colcon_core.shell:Creating environment descriptor '/home/niuoruo/workspace/sentry/ws/sentry_desicion/install/sentry_comm/share/sentry_comm/hook/ld_library_path_lib.dsv'
[5.659s] INFO:colcon.colcon_core.shell:Creating environment hook '/home/niuoruo/workspace/sentry/ws/sentry_desicion/install/sentry_comm/share/sentry_comm/hook/ld_library_path_lib.sh'
[5.659s] Level 1:colcon.colcon_core.environment:checking '/home/niuoruo/workspace/sentry/ws/sentry_desicion/install/sentry_comm/bin'
[5.659s] Level 1:colcon.colcon_core.environment:checking '/home/niuoruo/workspace/sentry/ws/sentry_desicion/install/sentry_comm/lib/pkgconfig/sentry_comm.pc'
[5.659s] Level 1:colcon.colcon_core.environment:checking '/home/niuoruo/workspace/sentry/ws/sentry_desicion/install/sentry_comm/lib/python3.8/site-packages'
[5.659s] Level 1:colcon.colcon_core.environment:checking '/home/niuoruo/workspace/sentry/ws/sentry_desicion/install/sentry_comm/bin'
[5.694s] INFO:colcon.colcon_core.shell:Creating package script '/home/niuoruo/workspace/sentry/ws/sentry_desicion/install/sentry_comm/share/sentry_comm/package.ps1'
[5.695s] INFO:colcon.colcon_core.shell:Creating package descriptor '/home/niuoruo/workspace/sentry/ws/sentry_desicion/install/sentry_comm/share/sentry_comm/package.dsv'
[5.696s] INFO:colcon.colcon_core.shell:Creating package script '/home/niuoruo/workspace/sentry/ws/sentry_desicion/install/sentry_comm/share/sentry_comm/package.sh'
[5.696s] INFO:colcon.colcon_core.shell:Creating package script '/home/niuoruo/workspace/sentry/ws/sentry_desicion/install/sentry_comm/share/sentry_comm/package.bash'
[5.696s] INFO:colcon.colcon_core.shell:Creating package script '/home/niuoruo/workspace/sentry/ws/sentry_desicion/install/sentry_comm/share/sentry_comm/package.zsh'
[5.696s] Level 1:colcon.colcon_core.environment:create_file_with_runtime_dependencies(/home/niuoruo/workspace/sentry/ws/sentry_desicion/install/sentry_comm/share/colcon-core/packages/sentry_comm)
[7.227s] DEBUG:colcon.colcon_core.event_handler.log_command:Invoked command in '/home/niuoruo/workspace/sentry/ws/sentry_desicion/build/sentry_behavior_tree' returned '2': AMENT_PREFIX_PATH=/home/niuoruo/workspace/sentry/ws/sentry_desicion/install/sentry_srvs:/home/niuoruo/workspace/sentry/ws/sentry_desicion/install/sentry_interfaces:${AMENT_PREFIX_PATH} CMAKE_PREFIX_PATH=/home/niuoruo/workspace/sentry/ws/sentry_desicion/install/sentry_srvs:/home/niuoruo/workspace/sentry/ws/sentry_desicion/install/sentry_interfaces:/opt/ros/foxy LD_LIBRARY_PATH=/home/niuoruo/workspace/sentry/ws/sentry_desicion/install/sentry_srvs/lib:/home/niuoruo/workspace/sentry/ws/sentry_desicion/install/sentry_interfaces/lib:/opt/ros/foxy/opt/yaml_cpp_vendor/lib:/opt/ros/foxy/opt/rviz_ogre_vendor/lib:/opt/ros/foxy/lib/x86_64-linux-gnu:/opt/ros/foxy/lib:/usr/local/cuda-11.4/lib64:/usr/local/cuda-11.4/extras/CUPTI/lib64:/home/niuoruo/bag/TensorRT/TensorRT-8.2.3.0.Linux.x86_64-gnu.cuda-11.4.cudnn8.2/TensorRT-8.2.3.0/lib PYTHONPATH=/home/niuoruo/workspace/sentry/ws/sentry_desicion/install/sentry_srvs/lib/python3.8/site-packages:/home/niuoruo/workspace/sentry/ws/sentry_desicion/install/sentry_interfaces/lib/python3.8/site-packages:${PYTHONPATH} /usr/bin/cmake --build /home/niuoruo/workspace/sentry/ws/sentry_desicion/build/sentry_behavior_tree -- -j16 -l16
[7.319s] Level 1:colcon.colcon_core.environment:create_environment_scripts_only(sentry_behavior_tree)
[7.354s] Level 1:colcon.colcon_core.environment:checking '/home/niuoruo/workspace/sentry/ws/sentry_desicion/install/sentry_behavior_tree' for CMake module files
[7.354s] Level 1:colcon.colcon_core.environment:checking '/home/niuoruo/workspace/sentry/ws/sentry_desicion/install/sentry_behavior_tree' for CMake config files
[7.355s] Level 1:colcon.colcon_core.environment:checking '/home/niuoruo/workspace/sentry/ws/sentry_desicion/install/sentry_behavior_tree/bin'
[7.355s] Level 1:colcon.colcon_core.environment:checking '/home/niuoruo/workspace/sentry/ws/sentry_desicion/install/sentry_behavior_tree/lib/pkgconfig/sentry_behavior_tree.pc'
[7.355s] Level 1:colcon.colcon_core.environment:checking '/home/niuoruo/workspace/sentry/ws/sentry_desicion/install/sentry_behavior_tree/lib/python3.8/site-packages'
[7.355s] Level 1:colcon.colcon_core.environment:checking '/home/niuoruo/workspace/sentry/ws/sentry_desicion/install/sentry_behavior_tree/bin'
[7.394s] INFO:colcon.colcon_core.shell:Creating package script '/home/niuoruo/workspace/sentry/ws/sentry_desicion/install/sentry_behavior_tree/share/sentry_behavior_tree/package.ps1'
[7.394s] INFO:colcon.colcon_core.shell:Creating package descriptor '/home/niuoruo/workspace/sentry/ws/sentry_desicion/install/sentry_behavior_tree/share/sentry_behavior_tree/package.dsv'
[7.395s] INFO:colcon.colcon_core.shell:Creating package script '/home/niuoruo/workspace/sentry/ws/sentry_desicion/install/sentry_behavior_tree/share/sentry_behavior_tree/package.sh'
[7.395s] INFO:colcon.colcon_core.shell:Creating package script '/home/niuoruo/workspace/sentry/ws/sentry_desicion/install/sentry_behavior_tree/share/sentry_behavior_tree/package.bash'
[7.395s] INFO:colcon.colcon_core.shell:Creating package script '/home/niuoruo/workspace/sentry/ws/sentry_desicion/install/sentry_behavior_tree/share/sentry_behavior_tree/package.zsh'
[7.396s] Level 1:colcon.colcon_core.environment:create_file_with_runtime_dependencies(/home/niuoruo/workspace/sentry/ws/sentry_desicion/install/sentry_behavior_tree/share/colcon-core/packages/sentry_behavior_tree)
[7.406s] DEBUG:colcon.colcon_parallel_executor.executor.parallel:closing loop
[7.406s] DEBUG:colcon.colcon_parallel_executor.executor.parallel:loop closed
[7.407s] DEBUG:colcon.colcon_parallel_executor.executor.parallel:run_until_complete finished with '2'
[7.407s] DEBUG:colcon.colcon_core.event_reactor:joining thread
[7.450s] INFO:colcon.colcon_core.plugin_system:Skipping extension 'colcon_notification.desktop_notification.terminal_notifier': Not used on non-Darwin systems
[7.450s] INFO:colcon.colcon_core.plugin_system:Skipping extension 'colcon_notification.desktop_notification.win32': Not used on non-Windows systems
[7.450s] INFO:colcon.colcon_notification.desktop_notification:Sending desktop notification using 'notify2'
[7.464s] DEBUG:colcon.colcon_core.event_reactor:joined thread
[7.505s] INFO:colcon.colcon_core.shell:Creating prefix script '/home/niuoruo/workspace/sentry/ws/sentry_desicion/install/local_setup.ps1'
[7.506s] INFO:colcon.colcon_core.shell:Creating prefix util module '/home/niuoruo/workspace/sentry/ws/sentry_desicion/install/_local_setup_util_ps1.py'
[7.508s] INFO:colcon.colcon_core.shell:Creating prefix chain script '/home/niuoruo/workspace/sentry/ws/sentry_desicion/install/setup.ps1'
[7.545s] INFO:colcon.colcon_core.shell:Creating prefix script '/home/niuoruo/workspace/sentry/ws/sentry_desicion/install/local_setup.sh'
[7.545s] INFO:colcon.colcon_core.shell:Creating prefix util module '/home/niuoruo/workspace/sentry/ws/sentry_desicion/install/_local_setup_util_sh.py'
[7.545s] INFO:colcon.colcon_core.shell:Creating prefix chain script '/home/niuoruo/workspace/sentry/ws/sentry_desicion/install/setup.sh'
[7.582s] INFO:colcon.colcon_core.shell:Creating prefix script '/home/niuoruo/workspace/sentry/ws/sentry_desicion/install/local_setup.bash'
[7.583s] INFO:colcon.colcon_core.shell:Creating prefix chain script '/home/niuoruo/workspace/sentry/ws/sentry_desicion/install/setup.bash'
[7.617s] INFO:colcon.colcon_core.shell:Creating prefix script '/home/niuoruo/workspace/sentry/ws/sentry_desicion/install/local_setup.zsh'
[7.617s] INFO:colcon.colcon_core.shell:Creating prefix chain script '/home/niuoruo/workspace/sentry/ws/sentry_desicion/install/setup.zsh'
