[0.157s] Invoking command in '/home/niuoruo/workspace/sentry/ws/sentry_desicion/build/sentry_bt_executor': CMAKE_PREFIX_PATH=/home/niuoruo/workspace/sentry/ws/sentry_desicion/install/sentry_behavior_tree:/home/niuoruo/workspace/sentry/ws/sentry_desicion/install/sentry_srvs:/home/niuoruo/workspace/sentry/ws/sentry_desicion/install/sentry_interfaces:/home/niuoruo/workspace/sentry/ws/sentry_desicion/install/rmos_interfaces:/home/niuoruo/workspace/sentry/ws/sentry_desicion/install/sentry_bt_executor:/home/niuoruo/workspace/sentry/ws/sentry_desicion/install/sentry_comm:/home/niuoruo/workspace/sentry/ws/sentry_desicion/install/bringup:/opt/ros/foxy LD_LIBRARY_PATH=/home/niuoruo/workspace/sentry/ws/sentry_desicion/install/sentry_behavior_tree/lib:/home/niuoruo/workspace/sentry/ws/sentry_desicion/install/sentry_srvs/lib:/home/niuoruo/workspace/sentry/ws/sentry_desicion/install/sentry_interfaces/lib:/home/niuoruo/workspace/sentry/ws/sentry_desicion/install/rmos_interfaces/lib:/home/niuoruo/workspace/sentry/ws/sentry_desicion/install/sentry_bt_executor/lib:/home/niuoruo/workspace/sentry/ws/sentry_desicion/install/sentry_comm/lib:/opt/ros/foxy/opt/yaml_cpp_vendor/lib:/opt/ros/foxy/opt/rviz_ogre_vendor/lib:/opt/ros/foxy/lib/x86_64-linux-gnu:/opt/ros/foxy/lib:/usr/local/cuda-11.4/lib64:/usr/local/cuda-11.4/extras/CUPTI/lib64:/home/niuoruo/bag/TensorRT/TensorRT-8.2.3.0.Linux.x86_64-gnu.cuda-11.4.cudnn8.2/TensorRT-8.2.3.0/lib /usr/bin/cmake --build /home/niuoruo/workspace/sentry/ws/sentry_desicion/build/sentry_bt_executor -- -j16 -l16
[0.228s] [ 33%] Built target bt_executor
[0.229s] [ 66%] Built target information_processor
[0.232s] [100%] Built target sentry_bt_executor
[0.250s] Invoked command in '/home/niuoruo/workspace/sentry/ws/sentry_desicion/build/sentry_bt_executor' returned '0': CMAKE_PREFIX_PATH=/home/niuoruo/workspace/sentry/ws/sentry_desicion/install/sentry_behavior_tree:/home/niuoruo/workspace/sentry/ws/sentry_desicion/install/sentry_srvs:/home/niuoruo/workspace/sentry/ws/sentry_desicion/install/sentry_interfaces:/home/niuoruo/workspace/sentry/ws/sentry_desicion/install/rmos_interfaces:/home/niuoruo/workspace/sentry/ws/sentry_desicion/install/sentry_bt_executor:/home/niuoruo/workspace/sentry/ws/sentry_desicion/install/sentry_comm:/home/niuoruo/workspace/sentry/ws/sentry_desicion/install/bringup:/opt/ros/foxy LD_LIBRARY_PATH=/home/niuoruo/workspace/sentry/ws/sentry_desicion/install/sentry_behavior_tree/lib:/home/niuoruo/workspace/sentry/ws/sentry_desicion/install/sentry_srvs/lib:/home/niuoruo/workspace/sentry/ws/sentry_desicion/install/sentry_interfaces/lib:/home/niuoruo/workspace/sentry/ws/sentry_desicion/install/rmos_interfaces/lib:/home/niuoruo/workspace/sentry/ws/sentry_desicion/install/sentry_bt_executor/lib:/home/niuoruo/workspace/sentry/ws/sentry_desicion/install/sentry_comm/lib:/opt/ros/foxy/opt/yaml_cpp_vendor/lib:/opt/ros/foxy/opt/rviz_ogre_vendor/lib:/opt/ros/foxy/lib/x86_64-linux-gnu:/opt/ros/foxy/lib:/usr/local/cuda-11.4/lib64:/usr/local/cuda-11.4/extras/CUPTI/lib64:/home/niuoruo/bag/TensorRT/TensorRT-8.2.3.0.Linux.x86_64-gnu.cuda-11.4.cudnn8.2/TensorRT-8.2.3.0/lib /usr/bin/cmake --build /home/niuoruo/workspace/sentry/ws/sentry_desicion/build/sentry_bt_executor -- -j16 -l16
[0.299s] Invoking command in '/home/niuoruo/workspace/sentry/ws/sentry_desicion/build/sentry_bt_executor': CMAKE_PREFIX_PATH=/home/niuoruo/workspace/sentry/ws/sentry_desicion/install/sentry_behavior_tree:/home/niuoruo/workspace/sentry/ws/sentry_desicion/install/sentry_srvs:/home/niuoruo/workspace/sentry/ws/sentry_desicion/install/sentry_interfaces:/home/niuoruo/workspace/sentry/ws/sentry_desicion/install/rmos_interfaces:/home/niuoruo/workspace/sentry/ws/sentry_desicion/install/sentry_bt_executor:/home/niuoruo/workspace/sentry/ws/sentry_desicion/install/sentry_comm:/home/niuoruo/workspace/sentry/ws/sentry_desicion/install/bringup:/opt/ros/foxy LD_LIBRARY_PATH=/home/niuoruo/workspace/sentry/ws/sentry_desicion/install/sentry_behavior_tree/lib:/home/niuoruo/workspace/sentry/ws/sentry_desicion/install/sentry_srvs/lib:/home/niuoruo/workspace/sentry/ws/sentry_desicion/install/sentry_interfaces/lib:/home/niuoruo/workspace/sentry/ws/sentry_desicion/install/rmos_interfaces/lib:/home/niuoruo/workspace/sentry/ws/sentry_desicion/install/sentry_bt_executor/lib:/home/niuoruo/workspace/sentry/ws/sentry_desicion/install/sentry_comm/lib:/opt/ros/foxy/opt/yaml_cpp_vendor/lib:/opt/ros/foxy/opt/rviz_ogre_vendor/lib:/opt/ros/foxy/lib/x86_64-linux-gnu:/opt/ros/foxy/lib:/usr/local/cuda-11.4/lib64:/usr/local/cuda-11.4/extras/CUPTI/lib64:/home/niuoruo/bag/TensorRT/TensorRT-8.2.3.0.Linux.x86_64-gnu.cuda-11.4.cudnn8.2/TensorRT-8.2.3.0/lib /usr/bin/cmake --install /home/niuoruo/workspace/sentry/ws/sentry_desicion/build/sentry_bt_executor
[0.311s] -- Install configuration: ""
[0.311s] -- Up-to-date: /home/niuoruo/workspace/sentry/ws/sentry_desicion/install/sentry_bt_executor/lib/sentry_bt_executor/information_processor
[0.312s] -- Up-to-date: /home/niuoruo/workspace/sentry/ws/sentry_desicion/install/sentry_bt_executor/lib/sentry_bt_executor/bt_executor
[0.312s] -- Up-to-date: /home/niuoruo/workspace/sentry/ws/sentry_desicion/install/sentry_bt_executor/include
[0.312s] -- Up-to-date: /home/niuoruo/workspace/sentry/ws/sentry_desicion/install/sentry_bt_executor/include/sentry_bt_executor
[0.312s] -- Up-to-date: /home/niuoruo/workspace/sentry/ws/sentry_desicion/install/sentry_bt_executor/include/sentry_bt_executor/bt_executor.hpp
[0.312s] -- Up-to-date: /home/niuoruo/workspace/sentry/ws/sentry_desicion/install/sentry_bt_executor/share/sentry_bt_executor/environment/library_path.sh
[0.312s] -- Up-to-date: /home/niuoruo/workspace/sentry/ws/sentry_desicion/install/sentry_bt_executor/share/sentry_bt_executor/environment/library_path.dsv
[0.312s] -- Up-to-date: /home/niuoruo/workspace/sentry/ws/sentry_desicion/install/sentry_bt_executor/lib/libsentry_bt_executor.so
[0.312s] -- Up-to-date: /home/niuoruo/workspace/sentry/ws/sentry_desicion/install/sentry_bt_executor/share/ament_index/resource_index/package_run_dependencies/sentry_bt_executor
[0.312s] -- Up-to-date: /home/niuoruo/workspace/sentry/ws/sentry_desicion/install/sentry_bt_executor/share/ament_index/resource_index/parent_prefix_path/sentry_bt_executor
[0.313s] -- Up-to-date: /home/niuoruo/workspace/sentry/ws/sentry_desicion/install/sentry_bt_executor/share/sentry_bt_executor/environment/ament_prefix_path.sh
[0.313s] -- Up-to-date: /home/niuoruo/workspace/sentry/ws/sentry_desicion/install/sentry_bt_executor/share/sentry_bt_executor/environment/ament_prefix_path.dsv
[0.313s] -- Up-to-date: /home/niuoruo/workspace/sentry/ws/sentry_desicion/install/sentry_bt_executor/share/sentry_bt_executor/environment/path.sh
[0.313s] -- Up-to-date: /home/niuoruo/workspace/sentry/ws/sentry_desicion/install/sentry_bt_executor/share/sentry_bt_executor/environment/path.dsv
[0.313s] -- Up-to-date: /home/niuoruo/workspace/sentry/ws/sentry_desicion/install/sentry_bt_executor/share/sentry_bt_executor/local_setup.bash
[0.313s] -- Up-to-date: /home/niuoruo/workspace/sentry/ws/sentry_desicion/install/sentry_bt_executor/share/sentry_bt_executor/local_setup.sh
[0.313s] -- Up-to-date: /home/niuoruo/workspace/sentry/ws/sentry_desicion/install/sentry_bt_executor/share/sentry_bt_executor/local_setup.zsh
[0.313s] -- Up-to-date: /home/niuoruo/workspace/sentry/ws/sentry_desicion/install/sentry_bt_executor/share/sentry_bt_executor/local_setup.dsv
[0.313s] -- Installing: /home/niuoruo/workspace/sentry/ws/sentry_desicion/install/sentry_bt_executor/share/sentry_bt_executor/package.dsv
[0.313s] -- Up-to-date: /home/niuoruo/workspace/sentry/ws/sentry_desicion/install/sentry_bt_executor/share/ament_index/resource_index/packages/sentry_bt_executor
[0.313s] -- Up-to-date: /home/niuoruo/workspace/sentry/ws/sentry_desicion/install/sentry_bt_executor/share/ament_index/resource_index/rclcpp_components/sentry_bt_executor
[0.313s] -- Up-to-date: /home/niuoruo/workspace/sentry/ws/sentry_desicion/install/sentry_bt_executor/share/sentry_bt_executor/cmake/ament_cmake_export_dependencies-extras.cmake
[0.313s] -- Up-to-date: /home/niuoruo/workspace/sentry/ws/sentry_desicion/install/sentry_bt_executor/share/sentry_bt_executor/cmake/ament_cmake_export_include_directories-extras.cmake
[0.314s] -- Up-to-date: /home/niuoruo/workspace/sentry/ws/sentry_desicion/install/sentry_bt_executor/share/sentry_bt_executor/cmake/ament_cmake_export_libraries-extras.cmake
[0.314s] -- Up-to-date: /home/niuoruo/workspace/sentry/ws/sentry_desicion/install/sentry_bt_executor/share/sentry_bt_executor/cmake/sentry_bt_executorConfig.cmake
[0.314s] -- Up-to-date: /home/niuoruo/workspace/sentry/ws/sentry_desicion/install/sentry_bt_executor/share/sentry_bt_executor/cmake/sentry_bt_executorConfig-version.cmake
[0.314s] -- Up-to-date: /home/niuoruo/workspace/sentry/ws/sentry_desicion/install/sentry_bt_executor/share/sentry_bt_executor/package.xml
[0.314s] -- Up-to-date: /home/niuoruo/workspace/sentry/ws/sentry_desicion/install/sentry_bt_executor/share/sentry_bt_executor/launch
[0.315s] -- Up-to-date: /home/niuoruo/workspace/sentry/ws/sentry_desicion/install/sentry_bt_executor/share/sentry_bt_executor/launch/bt_executor.launch.py
[0.315s] -- Up-to-date: /home/niuoruo/workspace/sentry/ws/sentry_desicion/install/sentry_bt_executor/share/sentry_bt_executor/behavior_trees
[0.315s] -- Up-to-date: /home/niuoruo/workspace/sentry/ws/sentry_desicion/install/sentry_bt_executor/share/sentry_bt_executor/behavior_trees/README.md
[0.315s] -- Up-to-date: /home/niuoruo/workspace/sentry/ws/sentry_desicion/install/sentry_bt_executor/share/sentry_bt_executor/behavior_trees/test_rmul.xml
[0.317s] Invoked command in '/home/niuoruo/workspace/sentry/ws/sentry_desicion/build/sentry_bt_executor' returned '0': CMAKE_PREFIX_PATH=/home/niuoruo/workspace/sentry/ws/sentry_desicion/install/sentry_behavior_tree:/home/niuoruo/workspace/sentry/ws/sentry_desicion/install/sentry_srvs:/home/niuoruo/workspace/sentry/ws/sentry_desicion/install/sentry_interfaces:/home/niuoruo/workspace/sentry/ws/sentry_desicion/install/rmos_interfaces:/home/niuoruo/workspace/sentry/ws/sentry_desicion/install/sentry_bt_executor:/home/niuoruo/workspace/sentry/ws/sentry_desicion/install/sentry_comm:/home/niuoruo/workspace/sentry/ws/sentry_desicion/install/bringup:/opt/ros/foxy LD_LIBRARY_PATH=/home/niuoruo/workspace/sentry/ws/sentry_desicion/install/sentry_behavior_tree/lib:/home/niuoruo/workspace/sentry/ws/sentry_desicion/install/sentry_srvs/lib:/home/niuoruo/workspace/sentry/ws/sentry_desicion/install/sentry_interfaces/lib:/home/niuoruo/workspace/sentry/ws/sentry_desicion/install/rmos_interfaces/lib:/home/niuoruo/workspace/sentry/ws/sentry_desicion/install/sentry_bt_executor/lib:/home/niuoruo/workspace/sentry/ws/sentry_desicion/install/sentry_comm/lib:/opt/ros/foxy/opt/yaml_cpp_vendor/lib:/opt/ros/foxy/opt/rviz_ogre_vendor/lib:/opt/ros/foxy/lib/x86_64-linux-gnu:/opt/ros/foxy/lib:/usr/local/cuda-11.4/lib64:/usr/local/cuda-11.4/extras/CUPTI/lib64:/home/niuoruo/bag/TensorRT/TensorRT-8.2.3.0.Linux.x86_64-gnu.cuda-11.4.cudnn8.2/TensorRT-8.2.3.0/lib /usr/bin/cmake --install /home/niuoruo/workspace/sentry/ws/sentry_desicion/build/sentry_bt_executor
