[0.121s] Invoking command in '/home/niuoruo/workspace/sentry/ws/desicion/build/sentry_comm': AMENT_PREFIX_PATH=/home/niuoruo/workspace/sentry/ws/desicion/install/sentry_interfaces:/home/niuoruo/workspace/sentry/ws/desicion/install/rmos_interfaces:${AMENT_PREFIX_PATH} CMAKE_PREFIX_PATH=/home/niuoruo/workspace/sentry/ws/desicion/install/sentry_interfaces:/home/niuoruo/workspace/sentry/ws/desicion/install/rmos_interfaces:/opt/ros/foxy LD_LIBRARY_PATH=/home/niuoruo/workspace/sentry/ws/desicion/install/sentry_interfaces/lib:/home/niuoruo/workspace/sentry/ws/desicion/install/rmos_interfaces/lib:/opt/ros/foxy/opt/yaml_cpp_vendor/lib:/opt/ros/foxy/opt/rviz_ogre_vendor/lib:/opt/ros/foxy/lib/x86_64-linux-gnu:/opt/ros/foxy/lib:/usr/local/cuda-11.4/lib64:/usr/local/cuda-11.4/extras/CUPTI/lib64:/home/niuoruo/bag/TensorRT/TensorRT-8.2.3.0.Linux.x86_64-gnu.cuda-11.4.cudnn8.2/TensorRT-8.2.3.0/lib PYTHONPATH=/home/niuoruo/workspace/sentry/ws/desicion/install/sentry_interfaces/lib/python3.8/site-packages:/home/niuoruo/workspace/sentry/ws/desicion/install/rmos_interfaces/lib/python3.8/site-packages:${PYTHONPATH} /usr/bin/cmake /home/niuoruo/workspace/sentry/ws/desicion/src/sentry_comm -DCMAKE_INSTALL_PREFIX=/home/niuoruo/workspace/sentry/ws/desicion/install/sentry_comm
[0.161s] -- The C compiler identification is GNU 9.4.0
[0.199s] -- The CXX compiler identification is GNU 9.4.0
[0.203s] -- Check for working C compiler: /usr/bin/cc
[0.258s] -- Check for working C compiler: /usr/bin/cc -- works
[0.258s] -- Detecting C compiler ABI info
[0.311s] -- Detecting C compiler ABI info - done
[0.318s] -- Detecting C compile features
[0.319s] -- Detecting C compile features - done
[0.320s] -- Check for working CXX compiler: /usr/bin/c++
[0.380s] -- Check for working CXX compiler: /usr/bin/c++ -- works
[0.381s] -- Detecting CXX compiler ABI info
[0.443s] -- Detecting CXX compiler ABI info - done
[0.451s] -- Detecting CXX compile features
[0.451s] -- Detecting CXX compile features - done
[0.453s] -- Found ament_cmake_auto: 0.9.12 (/opt/ros/foxy/share/ament_cmake_auto/cmake)
[0.474s] -- Found PythonInterp: /usr/bin/python3 (found suitable version "3.8.10", minimum required is "3") 
[0.474s] -- Using PYTHON_EXECUTABLE: /usr/bin/python3
[0.641s] -- Found sentry_interfaces: 0.0.0 (/home/niuoruo/workspace/sentry/ws/desicion/install/sentry_interfaces/share/sentry_interfaces/cmake)
[0.666s] -- Using all available rosidl_typesupport_c: rosidl_typesupport_fastrtps_c;rosidl_typesupport_introspection_c
[0.670s] -- Found rosidl_adapter: 1.3.1 (/opt/ros/foxy/share/rosidl_adapter/cmake)
[0.739s] -- Found OpenSSL: /usr/lib/x86_64-linux-gnu/libcrypto.so (found version "1.1.1f")  
[0.764s] -- Found FastRTPS: /opt/ros/foxy/include  
[0.824s] -- Using all available rosidl_typesupport_cpp: rosidl_typesupport_fastrtps_cpp;rosidl_typesupport_introspection_cpp
[1.024s] -- Found rmw_implementation_cmake: 1.0.4 (/opt/ros/foxy/share/rmw_implementation_cmake/cmake)
[1.025s] -- Using RMW implementation 'rmw_fastrtps_cpp' as default
[1.026s] -- Looking for pthread.h
[1.080s] -- Looking for pthread.h - found
[1.080s] -- Performing Test CMAKE_HAVE_LIBC_PTHREAD
[1.138s] -- Performing Test CMAKE_HAVE_LIBC_PTHREAD - Failed
[1.139s] -- Looking for pthread_create in pthreads
[1.186s] -- Looking for pthread_create in pthreads - not found
[1.186s] -- Looking for pthread_create in pthread
[1.241s] -- Looking for pthread_create in pthread - found
[1.242s] -- Found Threads: TRUE  
[1.495s] -- Found ament_lint_auto: 0.9.8 (/opt/ros/foxy/share/ament_lint_auto/cmake)
[1.509s] -- Added test 'copyright' to check source files copyright and LICENSE
[1.510s] -- Added test 'cppcheck' to perform static code analysis on C / C++ code
[1.510s] -- Configured cppcheck include dirs: /home/niuoruo/workspace/sentry/ws/desicion/src/sentry_comm/include
[1.510s] -- Configured cppcheck exclude dirs and/or files: 
[1.511s] -- Added test 'cpplint' to check C / C++ code against the Google style
[1.511s] -- Configured cpplint exclude dirs and/or files: 
[1.512s] -- Added test 'flake8' to check Python code syntax and style conventions
[1.512s] -- Added test 'lint_cmake' to check CMake code style
[1.512s] -- Added test 'pep257' to check Python code against some of the style conventions in PEP 257
[1.513s] -- Added test 'uncrustify' to check C / C++ code style
[1.513s] -- Configured uncrustify additional arguments: 
[1.513s] -- Added test 'xmllint' to check XML markup files
[1.517s] -- Configuring done
[1.527s] -- Generating done
[1.528s] -- Build files have been written to: /home/niuoruo/workspace/sentry/ws/desicion/build/sentry_comm
[1.535s] Invoked command in '/home/niuoruo/workspace/sentry/ws/desicion/build/sentry_comm' returned '0': AMENT_PREFIX_PATH=/home/niuoruo/workspace/sentry/ws/desicion/install/sentry_interfaces:/home/niuoruo/workspace/sentry/ws/desicion/install/rmos_interfaces:${AMENT_PREFIX_PATH} CMAKE_PREFIX_PATH=/home/niuoruo/workspace/sentry/ws/desicion/install/sentry_interfaces:/home/niuoruo/workspace/sentry/ws/desicion/install/rmos_interfaces:/opt/ros/foxy LD_LIBRARY_PATH=/home/niuoruo/workspace/sentry/ws/desicion/install/sentry_interfaces/lib:/home/niuoruo/workspace/sentry/ws/desicion/install/rmos_interfaces/lib:/opt/ros/foxy/opt/yaml_cpp_vendor/lib:/opt/ros/foxy/opt/rviz_ogre_vendor/lib:/opt/ros/foxy/lib/x86_64-linux-gnu:/opt/ros/foxy/lib:/usr/local/cuda-11.4/lib64:/usr/local/cuda-11.4/extras/CUPTI/lib64:/home/niuoruo/bag/TensorRT/TensorRT-8.2.3.0.Linux.x86_64-gnu.cuda-11.4.cudnn8.2/TensorRT-8.2.3.0/lib PYTHONPATH=/home/niuoruo/workspace/sentry/ws/desicion/install/sentry_interfaces/lib/python3.8/site-packages:/home/niuoruo/workspace/sentry/ws/desicion/install/rmos_interfaces/lib/python3.8/site-packages:${PYTHONPATH} /usr/bin/cmake /home/niuoruo/workspace/sentry/ws/desicion/src/sentry_comm -DCMAKE_INSTALL_PREFIX=/home/niuoruo/workspace/sentry/ws/desicion/install/sentry_comm
[1.537s] Invoking command in '/home/niuoruo/workspace/sentry/ws/desicion/build/sentry_comm': AMENT_PREFIX_PATH=/home/niuoruo/workspace/sentry/ws/desicion/install/sentry_interfaces:/home/niuoruo/workspace/sentry/ws/desicion/install/rmos_interfaces:${AMENT_PREFIX_PATH} CMAKE_PREFIX_PATH=/home/niuoruo/workspace/sentry/ws/desicion/install/sentry_interfaces:/home/niuoruo/workspace/sentry/ws/desicion/install/rmos_interfaces:/opt/ros/foxy LD_LIBRARY_PATH=/home/niuoruo/workspace/sentry/ws/desicion/install/sentry_interfaces/lib:/home/niuoruo/workspace/sentry/ws/desicion/install/rmos_interfaces/lib:/opt/ros/foxy/opt/yaml_cpp_vendor/lib:/opt/ros/foxy/opt/rviz_ogre_vendor/lib:/opt/ros/foxy/lib/x86_64-linux-gnu:/opt/ros/foxy/lib:/usr/local/cuda-11.4/lib64:/usr/local/cuda-11.4/extras/CUPTI/lib64:/home/niuoruo/bag/TensorRT/TensorRT-8.2.3.0.Linux.x86_64-gnu.cuda-11.4.cudnn8.2/TensorRT-8.2.3.0/lib PYTHONPATH=/home/niuoruo/workspace/sentry/ws/desicion/install/sentry_interfaces/lib/python3.8/site-packages:/home/niuoruo/workspace/sentry/ws/desicion/install/rmos_interfaces/lib/python3.8/site-packages:${PYTHONPATH} /usr/bin/cmake --build /home/niuoruo/workspace/sentry/ws/desicion/build/sentry_comm -- -j16 -l16
[1.573s] [35m[1mScanning dependencies of target sentry_comm[0m
[1.573s] [35m[1mScanning dependencies of target sentry_can[0m
[1.601s] [ 20%] [32mBuilding CXX object CMakeFiles/sentry_can.dir/rclcpp_components/node_main_sentry_can.cpp.o[0m
[1.622s] [ 40%] [32mBuilding CXX object CMakeFiles/sentry_comm.dir/src/can.cpp.o[0m
[1.628s] [ 60%] [32mBuilding CXX object CMakeFiles/sentry_comm.dir/src/can_comm_node.cpp.o[0m
[3.320s] [ 80%] [32m[1mLinking CXX executable sentry_can[0m
[3.452s] [ 80%] Built target sentry_can
[4.884s] [100%] [32m[1mLinking CXX shared library libsentry_comm.so[0m
[5.017s] [100%] Built target sentry_comm
[5.027s] Invoked command in '/home/niuoruo/workspace/sentry/ws/desicion/build/sentry_comm' returned '0': AMENT_PREFIX_PATH=/home/niuoruo/workspace/sentry/ws/desicion/install/sentry_interfaces:/home/niuoruo/workspace/sentry/ws/desicion/install/rmos_interfaces:${AMENT_PREFIX_PATH} CMAKE_PREFIX_PATH=/home/niuoruo/workspace/sentry/ws/desicion/install/sentry_interfaces:/home/niuoruo/workspace/sentry/ws/desicion/install/rmos_interfaces:/opt/ros/foxy LD_LIBRARY_PATH=/home/niuoruo/workspace/sentry/ws/desicion/install/sentry_interfaces/lib:/home/niuoruo/workspace/sentry/ws/desicion/install/rmos_interfaces/lib:/opt/ros/foxy/opt/yaml_cpp_vendor/lib:/opt/ros/foxy/opt/rviz_ogre_vendor/lib:/opt/ros/foxy/lib/x86_64-linux-gnu:/opt/ros/foxy/lib:/usr/local/cuda-11.4/lib64:/usr/local/cuda-11.4/extras/CUPTI/lib64:/home/niuoruo/bag/TensorRT/TensorRT-8.2.3.0.Linux.x86_64-gnu.cuda-11.4.cudnn8.2/TensorRT-8.2.3.0/lib PYTHONPATH=/home/niuoruo/workspace/sentry/ws/desicion/install/sentry_interfaces/lib/python3.8/site-packages:/home/niuoruo/workspace/sentry/ws/desicion/install/rmos_interfaces/lib/python3.8/site-packages:${PYTHONPATH} /usr/bin/cmake --build /home/niuoruo/workspace/sentry/ws/desicion/build/sentry_comm -- -j16 -l16
[5.052s] Invoking command in '/home/niuoruo/workspace/sentry/ws/desicion/build/sentry_comm': AMENT_PREFIX_PATH=/home/niuoruo/workspace/sentry/ws/desicion/install/sentry_interfaces:/home/niuoruo/workspace/sentry/ws/desicion/install/rmos_interfaces:${AMENT_PREFIX_PATH} CMAKE_PREFIX_PATH=/home/niuoruo/workspace/sentry/ws/desicion/install/sentry_interfaces:/home/niuoruo/workspace/sentry/ws/desicion/install/rmos_interfaces:/opt/ros/foxy LD_LIBRARY_PATH=/home/niuoruo/workspace/sentry/ws/desicion/install/sentry_interfaces/lib:/home/niuoruo/workspace/sentry/ws/desicion/install/rmos_interfaces/lib:/opt/ros/foxy/opt/yaml_cpp_vendor/lib:/opt/ros/foxy/opt/rviz_ogre_vendor/lib:/opt/ros/foxy/lib/x86_64-linux-gnu:/opt/ros/foxy/lib:/usr/local/cuda-11.4/lib64:/usr/local/cuda-11.4/extras/CUPTI/lib64:/home/niuoruo/bag/TensorRT/TensorRT-8.2.3.0.Linux.x86_64-gnu.cuda-11.4.cudnn8.2/TensorRT-8.2.3.0/lib PYTHONPATH=/home/niuoruo/workspace/sentry/ws/desicion/install/sentry_interfaces/lib/python3.8/site-packages:/home/niuoruo/workspace/sentry/ws/desicion/install/rmos_interfaces/lib/python3.8/site-packages:${PYTHONPATH} /usr/bin/cmake --install /home/niuoruo/workspace/sentry/ws/desicion/build/sentry_comm
[5.060s] -- Install configuration: ""
[5.060s] -- Installing: /home/niuoruo/workspace/sentry/ws/desicion/install/sentry_comm/lib/sentry_comm/sentry_can
[5.061s] -- Set runtime path of "/home/niuoruo/workspace/sentry/ws/desicion/install/sentry_comm/lib/sentry_comm/sentry_can" to ""
[5.061s] -- Installing: /home/niuoruo/workspace/sentry/ws/desicion/install/sentry_comm/include
[5.061s] -- Installing: /home/niuoruo/workspace/sentry/ws/desicion/install/sentry_comm/include/sentry_comm
[5.061s] -- Installing: /home/niuoruo/workspace/sentry/ws/desicion/install/sentry_comm/include/sentry_comm/comm_node.hpp
[5.061s] -- Installing: /home/niuoruo/workspace/sentry/ws/desicion/install/sentry_comm/include/sentry_comm/can.hpp
[5.061s] -- Installing: /home/niuoruo/workspace/sentry/ws/desicion/install/sentry_comm/share/sentry_comm/environment/library_path.sh
[5.061s] -- Installing: /home/niuoruo/workspace/sentry/ws/desicion/install/sentry_comm/share/sentry_comm/environment/library_path.dsv
[5.061s] -- Installing: /home/niuoruo/workspace/sentry/ws/desicion/install/sentry_comm/lib/libsentry_comm.so
[5.063s] -- Set runtime path of "/home/niuoruo/workspace/sentry/ws/desicion/install/sentry_comm/lib/libsentry_comm.so" to ""
[5.063s] -- Installing: /home/niuoruo/workspace/sentry/ws/desicion/install/sentry_comm/share/ament_index/resource_index/package_run_dependencies/sentry_comm
[5.063s] -- Installing: /home/niuoruo/workspace/sentry/ws/desicion/install/sentry_comm/share/ament_index/resource_index/parent_prefix_path/sentry_comm
[5.063s] -- Installing: /home/niuoruo/workspace/sentry/ws/desicion/install/sentry_comm/share/sentry_comm/environment/ament_prefix_path.sh
[5.063s] -- Installing: /home/niuoruo/workspace/sentry/ws/desicion/install/sentry_comm/share/sentry_comm/environment/ament_prefix_path.dsv
[5.063s] -- Installing: /home/niuoruo/workspace/sentry/ws/desicion/install/sentry_comm/share/sentry_comm/environment/path.sh
[5.063s] -- Installing: /home/niuoruo/workspace/sentry/ws/desicion/install/sentry_comm/share/sentry_comm/environment/path.dsv
[5.063s] -- Installing: /home/niuoruo/workspace/sentry/ws/desicion/install/sentry_comm/share/sentry_comm/local_setup.bash
[5.063s] -- Installing: /home/niuoruo/workspace/sentry/ws/desicion/install/sentry_comm/share/sentry_comm/local_setup.sh
[5.064s] -- Installing: /home/niuoruo/workspace/sentry/ws/desicion/install/sentry_comm/share/sentry_comm/local_setup.zsh
[5.064s] -- Installing: /home/niuoruo/workspace/sentry/ws/desicion/install/sentry_comm/share/sentry_comm/local_setup.dsv
[5.064s] -- Installing: /home/niuoruo/workspace/sentry/ws/desicion/install/sentry_comm/share/sentry_comm/package.dsv
[5.064s] -- Installing: /home/niuoruo/workspace/sentry/ws/desicion/install/sentry_comm/share/ament_index/resource_index/packages/sentry_comm
[5.064s] -- Installing: /home/niuoruo/workspace/sentry/ws/desicion/install/sentry_comm/share/ament_index/resource_index/rclcpp_components/sentry_comm
[5.064s] -- Installing: /home/niuoruo/workspace/sentry/ws/desicion/install/sentry_comm/share/sentry_comm/cmake/ament_cmake_export_dependencies-extras.cmake
[5.064s] -- Installing: /home/niuoruo/workspace/sentry/ws/desicion/install/sentry_comm/share/sentry_comm/cmake/ament_cmake_export_include_directories-extras.cmake
[5.064s] -- Installing: /home/niuoruo/workspace/sentry/ws/desicion/install/sentry_comm/share/sentry_comm/cmake/ament_cmake_export_libraries-extras.cmake
[5.064s] -- Installing: /home/niuoruo/workspace/sentry/ws/desicion/install/sentry_comm/share/sentry_comm/cmake/sentry_commConfig.cmake
[5.064s] -- Installing: /home/niuoruo/workspace/sentry/ws/desicion/install/sentry_comm/share/sentry_comm/cmake/sentry_commConfig-version.cmake
[5.064s] -- Installing: /home/niuoruo/workspace/sentry/ws/desicion/install/sentry_comm/share/sentry_comm/package.xml
[5.065s] -- Installing: /home/niuoruo/workspace/sentry/ws/desicion/install/sentry_comm/share/sentry_comm/launch
[5.065s] -- Installing: /home/niuoruo/workspace/sentry/ws/desicion/install/sentry_comm/share/sentry_comm/launch/sentry_comm.launch.py
[5.066s] Invoked command in '/home/niuoruo/workspace/sentry/ws/desicion/build/sentry_comm' returned '0': AMENT_PREFIX_PATH=/home/niuoruo/workspace/sentry/ws/desicion/install/sentry_interfaces:/home/niuoruo/workspace/sentry/ws/desicion/install/rmos_interfaces:${AMENT_PREFIX_PATH} CMAKE_PREFIX_PATH=/home/niuoruo/workspace/sentry/ws/desicion/install/sentry_interfaces:/home/niuoruo/workspace/sentry/ws/desicion/install/rmos_interfaces:/opt/ros/foxy LD_LIBRARY_PATH=/home/niuoruo/workspace/sentry/ws/desicion/install/sentry_interfaces/lib:/home/niuoruo/workspace/sentry/ws/desicion/install/rmos_interfaces/lib:/opt/ros/foxy/opt/yaml_cpp_vendor/lib:/opt/ros/foxy/opt/rviz_ogre_vendor/lib:/opt/ros/foxy/lib/x86_64-linux-gnu:/opt/ros/foxy/lib:/usr/local/cuda-11.4/lib64:/usr/local/cuda-11.4/extras/CUPTI/lib64:/home/niuoruo/bag/TensorRT/TensorRT-8.2.3.0.Linux.x86_64-gnu.cuda-11.4.cudnn8.2/TensorRT-8.2.3.0/lib PYTHONPATH=/home/niuoruo/workspace/sentry/ws/desicion/install/sentry_interfaces/lib/python3.8/site-packages:/home/niuoruo/workspace/sentry/ws/desicion/install/rmos_interfaces/lib/python3.8/site-packages:${PYTHONPATH} /usr/bin/cmake --install /home/niuoruo/workspace/sentry/ws/desicion/build/sentry_comm
