[0.428s] Invoking command in '/home/niuoruo/workspace/sentry/ws/sentry_desicion/build/rmos_interfaces': CMAKE_PREFIX_PATH=${CMAKE_PREFIX_PATH}:/opt/ros/foxy /usr/bin/cmake --build /home/niuoruo/workspace/sentry/ws/sentry_desicion/build/rmos_interfaces -- -j16 -l16
[0.471s] [  1%] Built target rmos_interfaces__cpp
[0.474s] [ 12%] Built target rmos_interfaces__rosidl_generator_c
[0.500s] [ 24%] Built target rmos_interfaces__rosidl_typesupport_cpp
[0.500s] [ 35%] Built target rmos_interfaces__rosidl_typesupport_c
[0.502s] [ 47%] Built target rmos_interfaces__rosidl_typesupport_fastrtps_cpp
[0.503s] [ 58%] Built target rmos_interfaces__rosidl_typesupport_introspection_c
[0.506s] [ 70%] Built target rmos_interfaces__rosidl_typesupport_introspection_cpp
[0.527s] [ 81%] Built target rmos_interfaces__rosidl_typesupport_fastrtps_c
[0.545s] [ 81%] Built target rmos_interfaces
[0.571s] [ 82%] Built target rmos_interfaces__py
[0.590s] [ 93%] Built target rmos_interfaces__python
[0.610s] [ 95%] Built target rmos_interfaces__rosidl_typesupport_fastrtps_c__pyext
[0.610s] [ 97%] Built target rmos_interfaces__rosidl_typesupport_introspection_c__pyext
[0.611s] [100%] Built target rmos_interfaces__rosidl_typesupport_c__pyext
[0.651s] Invoked command in '/home/niuoruo/workspace/sentry/ws/sentry_desicion/build/rmos_interfaces' returned '0': CMAKE_PREFIX_PATH=${CMAKE_PREFIX_PATH}:/opt/ros/foxy /usr/bin/cmake --build /home/niuoruo/workspace/sentry/ws/sentry_desicion/build/rmos_interfaces -- -j16 -l16
[0.815s] Invoking command in '/home/niuoruo/workspace/sentry/ws/sentry_desicion/build/rmos_interfaces': CMAKE_PREFIX_PATH=${CMAKE_PREFIX_PATH}:/opt/ros/foxy /usr/bin/cmake --install /home/niuoruo/workspace/sentry/ws/sentry_desicion/build/rmos_interfaces
[0.830s] -- Install configuration: ""
[0.830s] -- Up-to-date: /home/niuoruo/workspace/sentry/ws/sentry_desicion/install/rmos_interfaces/share/ament_index/resource_index/rosidl_interfaces/rmos_interfaces
[0.830s] -- Up-to-date: /home/niuoruo/workspace/sentry/ws/sentry_desicion/install/rmos_interfaces/include/rmos_interfaces
[0.830s] -- Up-to-date: /home/niuoruo/workspace/sentry/ws/sentry_desicion/install/rmos_interfaces/include/rmos_interfaces/msg
[0.830s] -- Up-to-date: /home/niuoruo/workspace/sentry/ws/sentry_desicion/install/rmos_interfaces/include/rmos_interfaces/msg/target.h
[0.831s] -- Up-to-date: /home/niuoruo/workspace/sentry/ws/sentry_desicion/install/rmos_interfaces/include/rmos_interfaces/msg/color.h
[0.831s] -- Up-to-date: /home/niuoruo/workspace/sentry/ws/sentry_desicion/install/rmos_interfaces/include/rmos_interfaces/msg/mode.h
[0.831s] -- Up-to-date: /home/niuoruo/workspace/sentry/ws/sentry_desicion/install/rmos_interfaces/include/rmos_interfaces/msg/armors.h
[0.831s] -- Up-to-date: /home/niuoruo/workspace/sentry/ws/sentry_desicion/install/rmos_interfaces/include/rmos_interfaces/msg/armor.h
[0.831s] -- Up-to-date: /home/niuoruo/workspace/sentry/ws/sentry_desicion/install/rmos_interfaces/include/rmos_interfaces/msg/quaternion_time.h
[0.831s] -- Up-to-date: /home/niuoruo/workspace/sentry/ws/sentry_desicion/install/rmos_interfaces/include/rmos_interfaces/msg/autoaim_state.h
[0.831s] -- Up-to-date: /home/niuoruo/workspace/sentry/ws/sentry_desicion/install/rmos_interfaces/include/rmos_interfaces/msg/bullet_speed.h
[0.831s] -- Up-to-date: /home/niuoruo/workspace/sentry/ws/sentry_desicion/install/rmos_interfaces/include/rmos_interfaces/msg/detail
[0.831s] -- Up-to-date: /home/niuoruo/workspace/sentry/ws/sentry_desicion/install/rmos_interfaces/include/rmos_interfaces/msg/detail/target__struct.h
[0.831s] -- Up-to-date: /home/niuoruo/workspace/sentry/ws/sentry_desicion/install/rmos_interfaces/include/rmos_interfaces/msg/detail/mode__functions.c
[0.831s] -- Up-to-date: /home/niuoruo/workspace/sentry/ws/sentry_desicion/install/rmos_interfaces/include/rmos_interfaces/msg/detail/armor__functions.c
[0.831s] -- Up-to-date: /home/niuoruo/workspace/sentry/ws/sentry_desicion/install/rmos_interfaces/include/rmos_interfaces/msg/detail/target__functions.h
[0.831s] -- Up-to-date: /home/niuoruo/workspace/sentry/ws/sentry_desicion/install/rmos_interfaces/include/rmos_interfaces/msg/detail/quaternion_time__functions.c
[0.831s] -- Up-to-date: /home/niuoruo/workspace/sentry/ws/sentry_desicion/install/rmos_interfaces/include/rmos_interfaces/msg/detail/armor__type_support.h
[0.832s] -- Up-to-date: /home/niuoruo/workspace/sentry/ws/sentry_desicion/install/rmos_interfaces/include/rmos_interfaces/msg/detail/mode__type_support.h
[0.832s] -- Up-to-date: /home/niuoruo/workspace/sentry/ws/sentry_desicion/install/rmos_interfaces/include/rmos_interfaces/msg/detail/armors__functions.c
[0.832s] -- Up-to-date: /home/niuoruo/workspace/sentry/ws/sentry_desicion/install/rmos_interfaces/include/rmos_interfaces/msg/detail/bullet_speed__struct.h
[0.832s] -- Up-to-date: /home/niuoruo/workspace/sentry/ws/sentry_desicion/install/rmos_interfaces/include/rmos_interfaces/msg/detail/color__struct.h
[0.832s] -- Up-to-date: /home/niuoruo/workspace/sentry/ws/sentry_desicion/install/rmos_interfaces/include/rmos_interfaces/msg/detail/bullet_speed__type_support.h
[0.832s] -- Up-to-date: /home/niuoruo/workspace/sentry/ws/sentry_desicion/install/rmos_interfaces/include/rmos_interfaces/msg/detail/bullet_speed__functions.h
[0.832s] -- Up-to-date: /home/niuoruo/workspace/sentry/ws/sentry_desicion/install/rmos_interfaces/include/rmos_interfaces/msg/detail/autoaim_state__functions.c
[0.832s] -- Up-to-date: /home/niuoruo/workspace/sentry/ws/sentry_desicion/install/rmos_interfaces/include/rmos_interfaces/msg/detail/armors__type_support.h
[0.832s] -- Up-to-date: /home/niuoruo/workspace/sentry/ws/sentry_desicion/install/rmos_interfaces/include/rmos_interfaces/msg/detail/autoaim_state__functions.h
[0.832s] -- Up-to-date: /home/niuoruo/workspace/sentry/ws/sentry_desicion/install/rmos_interfaces/include/rmos_interfaces/msg/detail/armor__struct.h
[0.832s] -- Up-to-date: /home/niuoruo/workspace/sentry/ws/sentry_desicion/install/rmos_interfaces/include/rmos_interfaces/msg/detail/color__functions.c
[0.832s] -- Up-to-date: /home/niuoruo/workspace/sentry/ws/sentry_desicion/install/rmos_interfaces/include/rmos_interfaces/msg/detail/quaternion_time__type_support.h
[0.832s] -- Up-to-date: /home/niuoruo/workspace/sentry/ws/sentry_desicion/install/rmos_interfaces/include/rmos_interfaces/msg/detail/armors__struct.h
[0.832s] -- Up-to-date: /home/niuoruo/workspace/sentry/ws/sentry_desicion/install/rmos_interfaces/include/rmos_interfaces/msg/detail/quaternion_time__struct.h
[0.832s] -- Up-to-date: /home/niuoruo/workspace/sentry/ws/sentry_desicion/install/rmos_interfaces/include/rmos_interfaces/msg/detail/mode__functions.h
[0.832s] -- Up-to-date: /home/niuoruo/workspace/sentry/ws/sentry_desicion/install/rmos_interfaces/include/rmos_interfaces/msg/detail/color__type_support.h
[0.833s] -- Up-to-date: /home/niuoruo/workspace/sentry/ws/sentry_desicion/install/rmos_interfaces/include/rmos_interfaces/msg/detail/mode__struct.h
[0.833s] -- Up-to-date: /home/niuoruo/workspace/sentry/ws/sentry_desicion/install/rmos_interfaces/include/rmos_interfaces/msg/detail/armor__functions.h
[0.833s] -- Up-to-date: /home/niuoruo/workspace/sentry/ws/sentry_desicion/install/rmos_interfaces/include/rmos_interfaces/msg/detail/target__functions.c
[0.833s] -- Up-to-date: /home/niuoruo/workspace/sentry/ws/sentry_desicion/install/rmos_interfaces/include/rmos_interfaces/msg/detail/autoaim_state__struct.h
[0.833s] -- Up-to-date: /home/niuoruo/workspace/sentry/ws/sentry_desicion/install/rmos_interfaces/include/rmos_interfaces/msg/detail/armors__functions.h
[0.833s] -- Up-to-date: /home/niuoruo/workspace/sentry/ws/sentry_desicion/install/rmos_interfaces/include/rmos_interfaces/msg/detail/quaternion_time__functions.h
[0.833s] -- Up-to-date: /home/niuoruo/workspace/sentry/ws/sentry_desicion/install/rmos_interfaces/include/rmos_interfaces/msg/detail/bullet_speed__functions.c
[0.833s] -- Up-to-date: /home/niuoruo/workspace/sentry/ws/sentry_desicion/install/rmos_interfaces/include/rmos_interfaces/msg/detail/target__type_support.h
[0.833s] -- Up-to-date: /home/niuoruo/workspace/sentry/ws/sentry_desicion/install/rmos_interfaces/include/rmos_interfaces/msg/detail/color__functions.h
[0.833s] -- Up-to-date: /home/niuoruo/workspace/sentry/ws/sentry_desicion/install/rmos_interfaces/include/rmos_interfaces/msg/detail/autoaim_state__type_support.h
[0.833s] -- Up-to-date: /home/niuoruo/workspace/sentry/ws/sentry_desicion/install/rmos_interfaces/include/rmos_interfaces/msg/rosidl_generator_c__visibility_control.h
[0.833s] -- Up-to-date: /home/niuoruo/workspace/sentry/ws/sentry_desicion/install/rmos_interfaces/share/rmos_interfaces/environment/library_path.sh
[0.833s] -- Up-to-date: /home/niuoruo/workspace/sentry/ws/sentry_desicion/install/rmos_interfaces/share/rmos_interfaces/environment/library_path.dsv
[0.833s] -- Up-to-date: /home/niuoruo/workspace/sentry/ws/sentry_desicion/install/rmos_interfaces/lib/librmos_interfaces__rosidl_generator_c.so
[0.833s] -- Up-to-date: /home/niuoruo/workspace/sentry/ws/sentry_desicion/install/rmos_interfaces/include/rmos_interfaces
[0.833s] -- Up-to-date: /home/niuoruo/workspace/sentry/ws/sentry_desicion/install/rmos_interfaces/include/rmos_interfaces/msg
[0.833s] -- Up-to-date: /home/niuoruo/workspace/sentry/ws/sentry_desicion/install/rmos_interfaces/include/rmos_interfaces/msg/detail
[0.834s] -- Up-to-date: /home/niuoruo/workspace/sentry/ws/sentry_desicion/install/rmos_interfaces/include/rmos_interfaces/msg/detail/target__rosidl_typesupport_fastrtps_c.h
[0.834s] -- Up-to-date: /home/niuoruo/workspace/sentry/ws/sentry_desicion/install/rmos_interfaces/include/rmos_interfaces/msg/detail/autoaim_state__rosidl_typesupport_fastrtps_c.h
[0.834s] -- Up-to-date: /home/niuoruo/workspace/sentry/ws/sentry_desicion/install/rmos_interfaces/include/rmos_interfaces/msg/detail/quaternion_time__rosidl_typesupport_fastrtps_c.h
[0.834s] -- Up-to-date: /home/niuoruo/workspace/sentry/ws/sentry_desicion/install/rmos_interfaces/include/rmos_interfaces/msg/detail/mode__rosidl_typesupport_fastrtps_c.h
[0.834s] -- Up-to-date: /home/niuoruo/workspace/sentry/ws/sentry_desicion/install/rmos_interfaces/include/rmos_interfaces/msg/detail/armor__rosidl_typesupport_fastrtps_c.h
[0.835s] -- Up-to-date: /home/niuoruo/workspace/sentry/ws/sentry_desicion/install/rmos_interfaces/include/rmos_interfaces/msg/detail/bullet_speed__rosidl_typesupport_fastrtps_c.h
[0.835s] -- Up-to-date: /home/niuoruo/workspace/sentry/ws/sentry_desicion/install/rmos_interfaces/include/rmos_interfaces/msg/detail/armors__rosidl_typesupport_fastrtps_c.h
[0.835s] -- Up-to-date: /home/niuoruo/workspace/sentry/ws/sentry_desicion/install/rmos_interfaces/include/rmos_interfaces/msg/detail/color__rosidl_typesupport_fastrtps_c.h
[0.835s] -- Up-to-date: /home/niuoruo/workspace/sentry/ws/sentry_desicion/install/rmos_interfaces/include/rmos_interfaces/msg/rosidl_typesupport_fastrtps_c__visibility_control.h
[0.835s] -- Up-to-date: /home/niuoruo/workspace/sentry/ws/sentry_desicion/install/rmos_interfaces/lib/librmos_interfaces__rosidl_typesupport_fastrtps_c.so
[0.835s] -- Up-to-date: /home/niuoruo/workspace/sentry/ws/sentry_desicion/install/rmos_interfaces/include/rmos_interfaces
[0.835s] -- Up-to-date: /home/niuoruo/workspace/sentry/ws/sentry_desicion/install/rmos_interfaces/include/rmos_interfaces/msg
[0.835s] -- Up-to-date: /home/niuoruo/workspace/sentry/ws/sentry_desicion/install/rmos_interfaces/include/rmos_interfaces/msg/rosidl_typesupport_fastrtps_cpp__visibility_control.h
[0.835s] -- Up-to-date: /home/niuoruo/workspace/sentry/ws/sentry_desicion/install/rmos_interfaces/include/rmos_interfaces/msg/detail
[0.835s] -- Up-to-date: /home/niuoruo/workspace/sentry/ws/sentry_desicion/install/rmos_interfaces/include/rmos_interfaces/msg/detail/armor__rosidl_typesupport_fastrtps_cpp.hpp
[0.836s] -- Up-to-date: /home/niuoruo/workspace/sentry/ws/sentry_desicion/install/rmos_interfaces/include/rmos_interfaces/msg/detail/autoaim_state__rosidl_typesupport_fastrtps_cpp.hpp
[0.836s] -- Up-to-date: /home/niuoruo/workspace/sentry/ws/sentry_desicion/install/rmos_interfaces/include/rmos_interfaces/msg/detail/mode__rosidl_typesupport_fastrtps_cpp.hpp
[0.836s] -- Up-to-date: /home/niuoruo/workspace/sentry/ws/sentry_desicion/install/rmos_interfaces/include/rmos_interfaces/msg/detail/color__rosidl_typesupport_fastrtps_cpp.hpp
[0.836s] -- Up-to-date: /home/niuoruo/workspace/sentry/ws/sentry_desicion/install/rmos_interfaces/include/rmos_interfaces/msg/detail/quaternion_time__rosidl_typesupport_fastrtps_cpp.hpp
[0.836s] -- Up-to-date: /home/niuoruo/workspace/sentry/ws/sentry_desicion/install/rmos_interfaces/include/rmos_interfaces/msg/detail/target__rosidl_typesupport_fastrtps_cpp.hpp
[0.836s] -- Up-to-date: /home/niuoruo/workspace/sentry/ws/sentry_desicion/install/rmos_interfaces/include/rmos_interfaces/msg/detail/dds_fastrtps
[0.836s] -- Up-to-date: /home/niuoruo/workspace/sentry/ws/sentry_desicion/install/rmos_interfaces/include/rmos_interfaces/msg/detail/armors__rosidl_typesupport_fastrtps_cpp.hpp
[0.836s] -- Up-to-date: /home/niuoruo/workspace/sentry/ws/sentry_desicion/install/rmos_interfaces/include/rmos_interfaces/msg/detail/bullet_speed__rosidl_typesupport_fastrtps_cpp.hpp
[0.836s] -- Up-to-date: /home/niuoruo/workspace/sentry/ws/sentry_desicion/install/rmos_interfaces/lib/librmos_interfaces__rosidl_typesupport_fastrtps_cpp.so
[0.836s] -- Up-to-date: /home/niuoruo/workspace/sentry/ws/sentry_desicion/install/rmos_interfaces/include/rmos_interfaces
[0.836s] -- Up-to-date: /home/niuoruo/workspace/sentry/ws/sentry_desicion/install/rmos_interfaces/include/rmos_interfaces/msg
[0.836s] -- Up-to-date: /home/niuoruo/workspace/sentry/ws/sentry_desicion/install/rmos_interfaces/include/rmos_interfaces/msg/rosidl_typesupport_introspection_c__visibility_control.h
[0.836s] -- Up-to-date: /home/niuoruo/workspace/sentry/ws/sentry_desicion/install/rmos_interfaces/include/rmos_interfaces/msg/detail
[0.836s] -- Up-to-date: /home/niuoruo/workspace/sentry/ws/sentry_desicion/install/rmos_interfaces/include/rmos_interfaces/msg/detail/quaternion_time__type_support.c
[0.836s] -- Up-to-date: /home/niuoruo/workspace/sentry/ws/sentry_desicion/install/rmos_interfaces/include/rmos_interfaces/msg/detail/bullet_speed__rosidl_typesupport_introspection_c.h
[0.836s] -- Up-to-date: /home/niuoruo/workspace/sentry/ws/sentry_desicion/install/rmos_interfaces/include/rmos_interfaces/msg/detail/armor__rosidl_typesupport_introspection_c.h
[0.837s] -- Up-to-date: /home/niuoruo/workspace/sentry/ws/sentry_desicion/install/rmos_interfaces/include/rmos_interfaces/msg/detail/target__rosidl_typesupport_introspection_c.h
[0.837s] -- Up-to-date: /home/niuoruo/workspace/sentry/ws/sentry_desicion/install/rmos_interfaces/include/rmos_interfaces/msg/detail/color__rosidl_typesupport_introspection_c.h
[0.837s] -- Up-to-date: /home/niuoruo/workspace/sentry/ws/sentry_desicion/install/rmos_interfaces/include/rmos_interfaces/msg/detail/quaternion_time__rosidl_typesupport_introspection_c.h
[0.837s] -- Up-to-date: /home/niuoruo/workspace/sentry/ws/sentry_desicion/install/rmos_interfaces/include/rmos_interfaces/msg/detail/armor__type_support.c
[0.837s] -- Up-to-date: /home/niuoruo/workspace/sentry/ws/sentry_desicion/install/rmos_interfaces/include/rmos_interfaces/msg/detail/autoaim_state__type_support.c
[0.837s] -- Up-to-date: /home/niuoruo/workspace/sentry/ws/sentry_desicion/install/rmos_interfaces/include/rmos_interfaces/msg/detail/armors__rosidl_typesupport_introspection_c.h
[0.837s] -- Up-to-date: /home/niuoruo/workspace/sentry/ws/sentry_desicion/install/rmos_interfaces/include/rmos_interfaces/msg/detail/autoaim_state__rosidl_typesupport_introspection_c.h
[0.837s] -- Up-to-date: /home/niuoruo/workspace/sentry/ws/sentry_desicion/install/rmos_interfaces/include/rmos_interfaces/msg/detail/mode__type_support.c
[0.837s] -- Up-to-date: /home/niuoruo/workspace/sentry/ws/sentry_desicion/install/rmos_interfaces/include/rmos_interfaces/msg/detail/color__type_support.c
[0.837s] -- Up-to-date: /home/niuoruo/workspace/sentry/ws/sentry_desicion/install/rmos_interfaces/include/rmos_interfaces/msg/detail/armors__type_support.c
[0.837s] -- Up-to-date: /home/niuoruo/workspace/sentry/ws/sentry_desicion/install/rmos_interfaces/include/rmos_interfaces/msg/detail/bullet_speed__type_support.c
[0.837s] -- Up-to-date: /home/niuoruo/workspace/sentry/ws/sentry_desicion/install/rmos_interfaces/include/rmos_interfaces/msg/detail/mode__rosidl_typesupport_introspection_c.h
[0.837s] -- Up-to-date: /home/niuoruo/workspace/sentry/ws/sentry_desicion/install/rmos_interfaces/include/rmos_interfaces/msg/detail/target__type_support.c
[0.837s] -- Up-to-date: /home/niuoruo/workspace/sentry/ws/sentry_desicion/install/rmos_interfaces/lib/librmos_interfaces__rosidl_typesupport_introspection_c.so
[0.837s] -- Up-to-date: /home/niuoruo/workspace/sentry/ws/sentry_desicion/install/rmos_interfaces/lib/librmos_interfaces__rosidl_typesupport_c.so
[0.837s] -- Up-to-date: /home/niuoruo/workspace/sentry/ws/sentry_desicion/install/rmos_interfaces/include/rmos_interfaces
[0.837s] -- Up-to-date: /home/niuoruo/workspace/sentry/ws/sentry_desicion/install/rmos_interfaces/include/rmos_interfaces/msg
[0.837s] -- Up-to-date: /home/niuoruo/workspace/sentry/ws/sentry_desicion/install/rmos_interfaces/include/rmos_interfaces/msg/bullet_speed.hpp
[0.838s] -- Up-to-date: /home/niuoruo/workspace/sentry/ws/sentry_desicion/install/rmos_interfaces/include/rmos_interfaces/msg/armors.hpp
[0.838s] -- Up-to-date: /home/niuoruo/workspace/sentry/ws/sentry_desicion/install/rmos_interfaces/include/rmos_interfaces/msg/color.hpp
[0.838s] -- Up-to-date: /home/niuoruo/workspace/sentry/ws/sentry_desicion/install/rmos_interfaces/include/rmos_interfaces/msg/armor.hpp
[0.838s] -- Up-to-date: /home/niuoruo/workspace/sentry/ws/sentry_desicion/install/rmos_interfaces/include/rmos_interfaces/msg/rosidl_generator_cpp__visibility_control.hpp
[0.838s] -- Up-to-date: /home/niuoruo/workspace/sentry/ws/sentry_desicion/install/rmos_interfaces/include/rmos_interfaces/msg/quaternion_time.hpp
[0.838s] -- Up-to-date: /home/niuoruo/workspace/sentry/ws/sentry_desicion/install/rmos_interfaces/include/rmos_interfaces/msg/autoaim_state.hpp
[0.838s] -- Up-to-date: /home/niuoruo/workspace/sentry/ws/sentry_desicion/install/rmos_interfaces/include/rmos_interfaces/msg/target.hpp
[0.838s] -- Up-to-date: /home/niuoruo/workspace/sentry/ws/sentry_desicion/install/rmos_interfaces/include/rmos_interfaces/msg/detail
[0.838s] -- Up-to-date: /home/niuoruo/workspace/sentry/ws/sentry_desicion/install/rmos_interfaces/include/rmos_interfaces/msg/detail/color__struct.hpp
[0.838s] -- Up-to-date: /home/niuoruo/workspace/sentry/ws/sentry_desicion/install/rmos_interfaces/include/rmos_interfaces/msg/detail/mode__traits.hpp
[0.838s] -- Up-to-date: /home/niuoruo/workspace/sentry/ws/sentry_desicion/install/rmos_interfaces/include/rmos_interfaces/msg/detail/bullet_speed__type_support.hpp
[0.838s] -- Up-to-date: /home/niuoruo/workspace/sentry/ws/sentry_desicion/install/rmos_interfaces/include/rmos_interfaces/msg/detail/armors__builder.hpp
[0.838s] -- Up-to-date: /home/niuoruo/workspace/sentry/ws/sentry_desicion/install/rmos_interfaces/include/rmos_interfaces/msg/detail/mode__type_support.hpp
[0.838s] -- Up-to-date: /home/niuoruo/workspace/sentry/ws/sentry_desicion/install/rmos_interfaces/include/rmos_interfaces/msg/detail/armor__type_support.hpp
[0.838s] -- Up-to-date: /home/niuoruo/workspace/sentry/ws/sentry_desicion/install/rmos_interfaces/include/rmos_interfaces/msg/detail/autoaim_state__type_support.hpp
[0.838s] -- Up-to-date: /home/niuoruo/workspace/sentry/ws/sentry_desicion/install/rmos_interfaces/include/rmos_interfaces/msg/detail/armors__type_support.hpp
[0.838s] -- Up-to-date: /home/niuoruo/workspace/sentry/ws/sentry_desicion/install/rmos_interfaces/include/rmos_interfaces/msg/detail/color__builder.hpp
[0.838s] -- Up-to-date: /home/niuoruo/workspace/sentry/ws/sentry_desicion/install/rmos_interfaces/include/rmos_interfaces/msg/detail/mode__builder.hpp
[0.838s] -- Up-to-date: /home/niuoruo/workspace/sentry/ws/sentry_desicion/install/rmos_interfaces/include/rmos_interfaces/msg/detail/autoaim_state__builder.hpp
[0.838s] -- Up-to-date: /home/niuoruo/workspace/sentry/ws/sentry_desicion/install/rmos_interfaces/include/rmos_interfaces/msg/detail/color__type_support.hpp
[0.838s] -- Up-to-date: /home/niuoruo/workspace/sentry/ws/sentry_desicion/install/rmos_interfaces/include/rmos_interfaces/msg/detail/bullet_speed__traits.hpp
[0.839s] -- Up-to-date: /home/niuoruo/workspace/sentry/ws/sentry_desicion/install/rmos_interfaces/include/rmos_interfaces/msg/detail/armors__struct.hpp
[0.839s] -- Up-to-date: /home/niuoruo/workspace/sentry/ws/sentry_desicion/install/rmos_interfaces/include/rmos_interfaces/msg/detail/color__traits.hpp
[0.839s] -- Up-to-date: /home/niuoruo/workspace/sentry/ws/sentry_desicion/install/rmos_interfaces/include/rmos_interfaces/msg/detail/target__struct.hpp
[0.839s] -- Up-to-date: /home/niuoruo/workspace/sentry/ws/sentry_desicion/install/rmos_interfaces/include/rmos_interfaces/msg/detail/autoaim_state__traits.hpp
[0.839s] -- Up-to-date: /home/niuoruo/workspace/sentry/ws/sentry_desicion/install/rmos_interfaces/include/rmos_interfaces/msg/detail/target__builder.hpp
[0.839s] -- Up-to-date: /home/niuoruo/workspace/sentry/ws/sentry_desicion/install/rmos_interfaces/include/rmos_interfaces/msg/detail/target__traits.hpp
[0.839s] -- Up-to-date: /home/niuoruo/workspace/sentry/ws/sentry_desicion/install/rmos_interfaces/include/rmos_interfaces/msg/detail/bullet_speed__struct.hpp
[0.839s] -- Up-to-date: /home/niuoruo/workspace/sentry/ws/sentry_desicion/install/rmos_interfaces/include/rmos_interfaces/msg/detail/autoaim_state__struct.hpp
[0.839s] -- Up-to-date: /home/niuoruo/workspace/sentry/ws/sentry_desicion/install/rmos_interfaces/include/rmos_interfaces/msg/detail/armor__traits.hpp
[0.839s] -- Up-to-date: /home/niuoruo/workspace/sentry/ws/sentry_desicion/install/rmos_interfaces/include/rmos_interfaces/msg/detail/armors__traits.hpp
[0.839s] -- Up-to-date: /home/niuoruo/workspace/sentry/ws/sentry_desicion/install/rmos_interfaces/include/rmos_interfaces/msg/detail/quaternion_time__struct.hpp
[0.839s] -- Up-to-date: /home/niuoruo/workspace/sentry/ws/sentry_desicion/install/rmos_interfaces/include/rmos_interfaces/msg/detail/armor__builder.hpp
[0.839s] -- Up-to-date: /home/niuoruo/workspace/sentry/ws/sentry_desicion/install/rmos_interfaces/include/rmos_interfaces/msg/detail/quaternion_time__builder.hpp
[0.839s] -- Up-to-date: /home/niuoruo/workspace/sentry/ws/sentry_desicion/install/rmos_interfaces/include/rmos_interfaces/msg/detail/quaternion_time__type_support.hpp
[0.839s] -- Up-to-date: /home/niuoruo/workspace/sentry/ws/sentry_desicion/install/rmos_interfaces/include/rmos_interfaces/msg/detail/quaternion_time__traits.hpp
[0.839s] -- Up-to-date: /home/niuoruo/workspace/sentry/ws/sentry_desicion/install/rmos_interfaces/include/rmos_interfaces/msg/detail/bullet_speed__builder.hpp
[0.839s] -- Up-to-date: /home/niuoruo/workspace/sentry/ws/sentry_desicion/install/rmos_interfaces/include/rmos_interfaces/msg/detail/mode__struct.hpp
[0.839s] -- Up-to-date: /home/niuoruo/workspace/sentry/ws/sentry_desicion/install/rmos_interfaces/include/rmos_interfaces/msg/detail/target__type_support.hpp
[0.839s] -- Up-to-date: /home/niuoruo/workspace/sentry/ws/sentry_desicion/install/rmos_interfaces/include/rmos_interfaces/msg/detail/armor__struct.hpp
[0.839s] -- Up-to-date: /home/niuoruo/workspace/sentry/ws/sentry_desicion/install/rmos_interfaces/include/rmos_interfaces/msg/mode.hpp
[0.839s] -- Up-to-date: /home/niuoruo/workspace/sentry/ws/sentry_desicion/install/rmos_interfaces/include/rmos_interfaces
[0.840s] -- Up-to-date: /home/niuoruo/workspace/sentry/ws/sentry_desicion/install/rmos_interfaces/include/rmos_interfaces/msg
[0.840s] -- Up-to-date: /home/niuoruo/workspace/sentry/ws/sentry_desicion/install/rmos_interfaces/include/rmos_interfaces/msg/detail
[0.840s] -- Up-to-date: /home/niuoruo/workspace/sentry/ws/sentry_desicion/install/rmos_interfaces/include/rmos_interfaces/msg/detail/quaternion_time__type_support.cpp
[0.840s] -- Up-to-date: /home/niuoruo/workspace/sentry/ws/sentry_desicion/install/rmos_interfaces/include/rmos_interfaces/msg/detail/armor__rosidl_typesupport_introspection_cpp.hpp
[0.840s] -- Up-to-date: /home/niuoruo/workspace/sentry/ws/sentry_desicion/install/rmos_interfaces/include/rmos_interfaces/msg/detail/armors__type_support.cpp
[0.840s] -- Up-to-date: /home/niuoruo/workspace/sentry/ws/sentry_desicion/install/rmos_interfaces/include/rmos_interfaces/msg/detail/armor__type_support.cpp
[0.840s] -- Up-to-date: /home/niuoruo/workspace/sentry/ws/sentry_desicion/install/rmos_interfaces/include/rmos_interfaces/msg/detail/bullet_speed__type_support.cpp
[0.840s] -- Up-to-date: /home/niuoruo/workspace/sentry/ws/sentry_desicion/install/rmos_interfaces/include/rmos_interfaces/msg/detail/armors__rosidl_typesupport_introspection_cpp.hpp
[0.840s] -- Up-to-date: /home/niuoruo/workspace/sentry/ws/sentry_desicion/install/rmos_interfaces/include/rmos_interfaces/msg/detail/mode__type_support.cpp
[0.840s] -- Up-to-date: /home/niuoruo/workspace/sentry/ws/sentry_desicion/install/rmos_interfaces/include/rmos_interfaces/msg/detail/quaternion_time__rosidl_typesupport_introspection_cpp.hpp
[0.840s] -- Up-to-date: /home/niuoruo/workspace/sentry/ws/sentry_desicion/install/rmos_interfaces/include/rmos_interfaces/msg/detail/color__type_support.cpp
[0.840s] -- Up-to-date: /home/niuoruo/workspace/sentry/ws/sentry_desicion/install/rmos_interfaces/include/rmos_interfaces/msg/detail/target__type_support.cpp
[0.840s] -- Up-to-date: /home/niuoruo/workspace/sentry/ws/sentry_desicion/install/rmos_interfaces/include/rmos_interfaces/msg/detail/autoaim_state__type_support.cpp
[0.840s] -- Up-to-date: /home/niuoruo/workspace/sentry/ws/sentry_desicion/install/rmos_interfaces/include/rmos_interfaces/msg/detail/mode__rosidl_typesupport_introspection_cpp.hpp
[0.840s] -- Up-to-date: /home/niuoruo/workspace/sentry/ws/sentry_desicion/install/rmos_interfaces/include/rmos_interfaces/msg/detail/autoaim_state__rosidl_typesupport_introspection_cpp.hpp
[0.840s] -- Up-to-date: /home/niuoruo/workspace/sentry/ws/sentry_desicion/install/rmos_interfaces/include/rmos_interfaces/msg/detail/bullet_speed__rosidl_typesupport_introspection_cpp.hpp
[0.840s] -- Up-to-date: /home/niuoruo/workspace/sentry/ws/sentry_desicion/install/rmos_interfaces/include/rmos_interfaces/msg/detail/color__rosidl_typesupport_introspection_cpp.hpp
[0.840s] -- Up-to-date: /home/niuoruo/workspace/sentry/ws/sentry_desicion/install/rmos_interfaces/include/rmos_interfaces/msg/detail/target__rosidl_typesupport_introspection_cpp.hpp
[0.840s] -- Up-to-date: /home/niuoruo/workspace/sentry/ws/sentry_desicion/install/rmos_interfaces/lib/librmos_interfaces__rosidl_typesupport_introspection_cpp.so
[0.840s] -- Up-to-date: /home/niuoruo/workspace/sentry/ws/sentry_desicion/install/rmos_interfaces/lib/librmos_interfaces__rosidl_typesupport_cpp.so
[0.841s] -- Up-to-date: /home/niuoruo/workspace/sentry/ws/sentry_desicion/install/rmos_interfaces/share/rmos_interfaces/environment/pythonpath.sh
[0.841s] -- Up-to-date: /home/niuoruo/workspace/sentry/ws/sentry_desicion/install/rmos_interfaces/share/rmos_interfaces/environment/pythonpath.dsv
[0.841s] -- Up-to-date: /home/niuoruo/workspace/sentry/ws/sentry_desicion/install/rmos_interfaces/lib/python3.8/site-packages/rmos_interfaces/__init__.py
[0.851s] -- Up-to-date: /home/niuoruo/workspace/sentry/ws/sentry_desicion/install/rmos_interfaces/lib/python3.8/site-packages/rmos_interfaces/msg
[0.851s] -- Up-to-date: /home/niuoruo/workspace/sentry/ws/sentry_desicion/install/rmos_interfaces/lib/python3.8/site-packages/rmos_interfaces/msg/_bullet_speed_s.c
[0.851s] -- Up-to-date: /home/niuoruo/workspace/sentry/ws/sentry_desicion/install/rmos_interfaces/lib/python3.8/site-packages/rmos_interfaces/msg/_autoaim_state_s.c
[0.851s] -- Up-to-date: /home/niuoruo/workspace/sentry/ws/sentry_desicion/install/rmos_interfaces/lib/python3.8/site-packages/rmos_interfaces/msg/_bullet_speed.py
[0.851s] -- Up-to-date: /home/niuoruo/workspace/sentry/ws/sentry_desicion/install/rmos_interfaces/lib/python3.8/site-packages/rmos_interfaces/msg/__init__.py
[0.851s] -- Up-to-date: /home/niuoruo/workspace/sentry/ws/sentry_desicion/install/rmos_interfaces/lib/python3.8/site-packages/rmos_interfaces/msg/_target_s.c
[0.851s] -- Up-to-date: /home/niuoruo/workspace/sentry/ws/sentry_desicion/install/rmos_interfaces/lib/python3.8/site-packages/rmos_interfaces/msg/_mode_s.c
[0.851s] -- Up-to-date: /home/niuoruo/workspace/sentry/ws/sentry_desicion/install/rmos_interfaces/lib/python3.8/site-packages/rmos_interfaces/msg/_armors.py
[0.851s] -- Up-to-date: /home/niuoruo/workspace/sentry/ws/sentry_desicion/install/rmos_interfaces/lib/python3.8/site-packages/rmos_interfaces/msg/_color.py
[0.851s] -- Up-to-date: /home/niuoruo/workspace/sentry/ws/sentry_desicion/install/rmos_interfaces/lib/python3.8/site-packages/rmos_interfaces/msg/_armor.py
[0.852s] -- Up-to-date: /home/niuoruo/workspace/sentry/ws/sentry_desicion/install/rmos_interfaces/lib/python3.8/site-packages/rmos_interfaces/msg/_quaternion_time_s.c
[0.852s] -- Up-to-date: /home/niuoruo/workspace/sentry/ws/sentry_desicion/install/rmos_interfaces/lib/python3.8/site-packages/rmos_interfaces/msg/_armors_s.c
[0.852s] -- Up-to-date: /home/niuoruo/workspace/sentry/ws/sentry_desicion/install/rmos_interfaces/lib/python3.8/site-packages/rmos_interfaces/msg/_mode.py
[0.852s] -- Up-to-date: /home/niuoruo/workspace/sentry/ws/sentry_desicion/install/rmos_interfaces/lib/python3.8/site-packages/rmos_interfaces/msg/_target.py
[0.852s] -- Up-to-date: /home/niuoruo/workspace/sentry/ws/sentry_desicion/install/rmos_interfaces/lib/python3.8/site-packages/rmos_interfaces/msg/_quaternion_time.py
[0.852s] -- Up-to-date: /home/niuoruo/workspace/sentry/ws/sentry_desicion/install/rmos_interfaces/lib/python3.8/site-packages/rmos_interfaces/msg/_armor_s.c
[0.852s] -- Up-to-date: /home/niuoruo/workspace/sentry/ws/sentry_desicion/install/rmos_interfaces/lib/python3.8/site-packages/rmos_interfaces/msg/_autoaim_state.py
[0.853s] -- Up-to-date: /home/niuoruo/workspace/sentry/ws/sentry_desicion/install/rmos_interfaces/lib/python3.8/site-packages/rmos_interfaces/msg/_color_s.c
[0.853s] -- Up-to-date: /home/niuoruo/workspace/sentry/ws/sentry_desicion/install/rmos_interfaces/lib/python3.8/site-packages/rmos_interfaces/rmos_interfaces_s__rosidl_typesupport_fastrtps_c.cpython-38-x86_64-linux-gnu.so
[0.854s] -- Up-to-date: /home/niuoruo/workspace/sentry/ws/sentry_desicion/install/rmos_interfaces/lib/python3.8/site-packages/rmos_interfaces/rmos_interfaces_s__rosidl_typesupport_introspection_c.cpython-38-x86_64-linux-gnu.so
[0.855s] -- Up-to-date: /home/niuoruo/workspace/sentry/ws/sentry_desicion/install/rmos_interfaces/lib/python3.8/site-packages/rmos_interfaces/rmos_interfaces_s__rosidl_typesupport_c.cpython-38-x86_64-linux-gnu.so
[0.857s] -- Up-to-date: /home/niuoruo/workspace/sentry/ws/sentry_desicion/install/rmos_interfaces/lib/librmos_interfaces__python.so
[0.858s] -- Up-to-date: /home/niuoruo/workspace/sentry/ws/sentry_desicion/install/rmos_interfaces/share/rmos_interfaces/msg/Armor.idl
[0.861s] -- Up-to-date: /home/niuoruo/workspace/sentry/ws/sentry_desicion/install/rmos_interfaces/share/rmos_interfaces/msg/Armors.idl
[0.862s] -- Up-to-date: /home/niuoruo/workspace/sentry/ws/sentry_desicion/install/rmos_interfaces/share/rmos_interfaces/msg/QuaternionTime.idl
[0.862s] -- Up-to-date: /home/niuoruo/workspace/sentry/ws/sentry_desicion/install/rmos_interfaces/share/rmos_interfaces/msg/Color.idl
[0.862s] -- Up-to-date: /home/niuoruo/workspace/sentry/ws/sentry_desicion/install/rmos_interfaces/share/rmos_interfaces/msg/BulletSpeed.idl
[0.862s] -- Up-to-date: /home/niuoruo/workspace/sentry/ws/sentry_desicion/install/rmos_interfaces/share/rmos_interfaces/msg/Mode.idl
[0.862s] -- Up-to-date: /home/niuoruo/workspace/sentry/ws/sentry_desicion/install/rmos_interfaces/share/rmos_interfaces/msg/AutoaimState.idl
[0.862s] -- Up-to-date: /home/niuoruo/workspace/sentry/ws/sentry_desicion/install/rmos_interfaces/share/rmos_interfaces/msg/Target.idl
[0.862s] -- Up-to-date: /home/niuoruo/workspace/sentry/ws/sentry_desicion/install/rmos_interfaces/share/rmos_interfaces/msg/Armor.msg
[0.862s] -- Up-to-date: /home/niuoruo/workspace/sentry/ws/sentry_desicion/install/rmos_interfaces/share/rmos_interfaces/msg/Armors.msg
[0.862s] -- Up-to-date: /home/niuoruo/workspace/sentry/ws/sentry_desicion/install/rmos_interfaces/share/rmos_interfaces/msg/QuaternionTime.msg
[0.862s] -- Up-to-date: /home/niuoruo/workspace/sentry/ws/sentry_desicion/install/rmos_interfaces/share/rmos_interfaces/msg/Color.msg
[0.862s] -- Up-to-date: /home/niuoruo/workspace/sentry/ws/sentry_desicion/install/rmos_interfaces/share/rmos_interfaces/msg/BulletSpeed.msg
[0.862s] -- Up-to-date: /home/niuoruo/workspace/sentry/ws/sentry_desicion/install/rmos_interfaces/share/rmos_interfaces/msg/Mode.msg
[0.862s] -- Up-to-date: /home/niuoruo/workspace/sentry/ws/sentry_desicion/install/rmos_interfaces/share/rmos_interfaces/msg/AutoaimState.msg
[0.862s] -- Up-to-date: /home/niuoruo/workspace/sentry/ws/sentry_desicion/install/rmos_interfaces/share/rmos_interfaces/msg/Target.msg
[0.862s] -- Up-to-date: /home/niuoruo/workspace/sentry/ws/sentry_desicion/install/rmos_interfaces/share/ament_index/resource_index/package_run_dependencies/rmos_interfaces
[0.863s] -- Up-to-date: /home/niuoruo/workspace/sentry/ws/sentry_desicion/install/rmos_interfaces/share/ament_index/resource_index/parent_prefix_path/rmos_interfaces
[0.863s] -- Up-to-date: /home/niuoruo/workspace/sentry/ws/sentry_desicion/install/rmos_interfaces/share/rmos_interfaces/environment/ament_prefix_path.sh
[0.863s] -- Up-to-date: /home/niuoruo/workspace/sentry/ws/sentry_desicion/install/rmos_interfaces/share/rmos_interfaces/environment/ament_prefix_path.dsv
[0.863s] -- Up-to-date: /home/niuoruo/workspace/sentry/ws/sentry_desicion/install/rmos_interfaces/share/rmos_interfaces/environment/path.sh
[0.863s] -- Up-to-date: /home/niuoruo/workspace/sentry/ws/sentry_desicion/install/rmos_interfaces/share/rmos_interfaces/environment/path.dsv
[0.863s] -- Up-to-date: /home/niuoruo/workspace/sentry/ws/sentry_desicion/install/rmos_interfaces/share/rmos_interfaces/local_setup.bash
[0.863s] -- Up-to-date: /home/niuoruo/workspace/sentry/ws/sentry_desicion/install/rmos_interfaces/share/rmos_interfaces/local_setup.sh
[0.863s] -- Up-to-date: /home/niuoruo/workspace/sentry/ws/sentry_desicion/install/rmos_interfaces/share/rmos_interfaces/local_setup.zsh
[0.863s] -- Up-to-date: /home/niuoruo/workspace/sentry/ws/sentry_desicion/install/rmos_interfaces/share/rmos_interfaces/local_setup.dsv
[0.863s] -- Installing: /home/niuoruo/workspace/sentry/ws/sentry_desicion/install/rmos_interfaces/share/rmos_interfaces/package.dsv
[0.863s] -- Up-to-date: /home/niuoruo/workspace/sentry/ws/sentry_desicion/install/rmos_interfaces/share/ament_index/resource_index/packages/rmos_interfaces
[0.863s] -- Up-to-date: /home/niuoruo/workspace/sentry/ws/sentry_desicion/install/rmos_interfaces/share/rmos_interfaces/cmake/rmos_interfaces__rosidl_generator_cExport.cmake
[0.864s] -- Up-to-date: /home/niuoruo/workspace/sentry/ws/sentry_desicion/install/rmos_interfaces/share/rmos_interfaces/cmake/rmos_interfaces__rosidl_generator_cExport-noconfig.cmake
[0.864s] -- Up-to-date: /home/niuoruo/workspace/sentry/ws/sentry_desicion/install/rmos_interfaces/share/rmos_interfaces/cmake/rmos_interfaces__rosidl_typesupport_introspection_cExport.cmake
[0.865s] -- Up-to-date: /home/niuoruo/workspace/sentry/ws/sentry_desicion/install/rmos_interfaces/share/rmos_interfaces/cmake/rmos_interfaces__rosidl_typesupport_introspection_cExport-noconfig.cmake
[0.865s] -- Up-to-date: /home/niuoruo/workspace/sentry/ws/sentry_desicion/install/rmos_interfaces/share/rmos_interfaces/cmake/rmos_interfaces__rosidl_typesupport_cExport.cmake
[0.865s] -- Up-to-date: /home/niuoruo/workspace/sentry/ws/sentry_desicion/install/rmos_interfaces/share/rmos_interfaces/cmake/rmos_interfaces__rosidl_typesupport_cExport-noconfig.cmake
[0.865s] -- Up-to-date: /home/niuoruo/workspace/sentry/ws/sentry_desicion/install/rmos_interfaces/share/rmos_interfaces/cmake/rmos_interfaces__rosidl_generator_cppExport.cmake
[0.865s] -- Up-to-date: /home/niuoruo/workspace/sentry/ws/sentry_desicion/install/rmos_interfaces/share/rmos_interfaces/cmake/rmos_interfaces__rosidl_typesupport_introspection_cppExport.cmake
[0.865s] -- Up-to-date: /home/niuoruo/workspace/sentry/ws/sentry_desicion/install/rmos_interfaces/share/rmos_interfaces/cmake/rmos_interfaces__rosidl_typesupport_introspection_cppExport-noconfig.cmake
[0.865s] -- Up-to-date: /home/niuoruo/workspace/sentry/ws/sentry_desicion/install/rmos_interfaces/share/rmos_interfaces/cmake/rmos_interfaces__rosidl_typesupport_cppExport.cmake
[0.865s] -- Up-to-date: /home/niuoruo/workspace/sentry/ws/sentry_desicion/install/rmos_interfaces/share/rmos_interfaces/cmake/rmos_interfaces__rosidl_typesupport_cppExport-noconfig.cmake
[0.865s] -- Up-to-date: /home/niuoruo/workspace/sentry/ws/sentry_desicion/install/rmos_interfaces/share/rmos_interfaces/cmake/rosidl_cmake-extras.cmake
[0.865s] -- Up-to-date: /home/niuoruo/workspace/sentry/ws/sentry_desicion/install/rmos_interfaces/share/rmos_interfaces/cmake/ament_cmake_export_dependencies-extras.cmake
[0.865s] -- Up-to-date: /home/niuoruo/workspace/sentry/ws/sentry_desicion/install/rmos_interfaces/share/rmos_interfaces/cmake/ament_cmake_export_libraries-extras.cmake
[0.865s] -- Up-to-date: /home/niuoruo/workspace/sentry/ws/sentry_desicion/install/rmos_interfaces/share/rmos_interfaces/cmake/ament_cmake_export_targets-extras.cmake
[0.865s] -- Up-to-date: /home/niuoruo/workspace/sentry/ws/sentry_desicion/install/rmos_interfaces/share/rmos_interfaces/cmake/ament_cmake_export_include_directories-extras.cmake
[0.865s] -- Up-to-date: /home/niuoruo/workspace/sentry/ws/sentry_desicion/install/rmos_interfaces/share/rmos_interfaces/cmake/rosidl_cmake_export_typesupport_libraries-extras.cmake
[0.865s] -- Up-to-date: /home/niuoruo/workspace/sentry/ws/sentry_desicion/install/rmos_interfaces/share/rmos_interfaces/cmake/rosidl_cmake_export_typesupport_targets-extras.cmake
[0.865s] -- Up-to-date: /home/niuoruo/workspace/sentry/ws/sentry_desicion/install/rmos_interfaces/share/rmos_interfaces/cmake/rmos_interfacesConfig.cmake
[0.865s] -- Up-to-date: /home/niuoruo/workspace/sentry/ws/sentry_desicion/install/rmos_interfaces/share/rmos_interfaces/cmake/rmos_interfacesConfig-version.cmake
[0.866s] -- Up-to-date: /home/niuoruo/workspace/sentry/ws/sentry_desicion/install/rmos_interfaces/share/rmos_interfaces/package.xml
[1.238s] Invoked command in '/home/niuoruo/workspace/sentry/ws/sentry_desicion/build/rmos_interfaces' returned '0': CMAKE_PREFIX_PATH=${CMAKE_PREFIX_PATH}:/opt/ros/foxy /usr/bin/cmake --install /home/niuoruo/workspace/sentry/ws/sentry_desicion/build/rmos_interfaces
