[0.558s] Invoking command in '/home/niuoruo/workspace/sentry/ws/sentry_desicion/build/sentry_interfaces': CMAKE_PREFIX_PATH=${CMAKE_PREFIX_PATH}:/opt/ros/foxy /usr/bin/cmake --build /home/niuoruo/workspace/sentry/ws/sentry_desicion/build/sentry_interfaces -- -j16 -l16
[0.599s] [  3%] Built target sentry_interfaces__cpp
[0.603s] [ 12%] Built target sentry_interfaces__rosidl_generator_c
[0.622s] [ 22%] Built target sentry_interfaces__rosidl_typesupport_introspection_cpp
[0.623s] [ 41%] Built target sentry_interfaces__rosidl_typesupport_cpp
[0.623s] [ 41%] Built target sentry_interfaces__rosidl_typesupport_c
[0.624s] [ 51%] Built target sentry_interfaces__rosidl_typesupport_introspection_c
[0.629s] [ 61%] Built target sentry_interfaces__rosidl_typesupport_fastrtps_cpp
[0.655s] [ 70%] Built target sentry_interfaces__rosidl_typesupport_fastrtps_c
[0.671s] [ 70%] Built target sentry_interfaces
[0.688s] [ 74%] Built target sentry_interfaces__py
[0.709s] [ 80%] Built target sentry_interfaces__python
[0.732s] [ 87%] Built target sentry_interfaces__rosidl_typesupport_introspection_c__pyext
[0.733s] [ 93%] Built target sentry_interfaces__rosidl_typesupport_fastrtps_c__pyext
[0.734s] [100%] Built target sentry_interfaces__rosidl_typesupport_c__pyext
[0.786s] Invoked command in '/home/niuoruo/workspace/sentry/ws/sentry_desicion/build/sentry_interfaces' returned '0': CMAKE_PREFIX_PATH=${CMAKE_PREFIX_PATH}:/opt/ros/foxy /usr/bin/cmake --build /home/niuoruo/workspace/sentry/ws/sentry_desicion/build/sentry_interfaces -- -j16 -l16
[0.947s] Invoking command in '/home/niuoruo/workspace/sentry/ws/sentry_desicion/build/sentry_interfaces': CMAKE_PREFIX_PATH=${CMAKE_PREFIX_PATH}:/opt/ros/foxy /usr/bin/cmake --install /home/niuoruo/workspace/sentry/ws/sentry_desicion/build/sentry_interfaces
[0.956s] -- Install configuration: ""
[0.956s] -- Up-to-date: /home/niuoruo/workspace/sentry/ws/sentry_desicion/install/sentry_interfaces/share/ament_index/resource_index/rosidl_interfaces/sentry_interfaces
[0.956s] -- Up-to-date: /home/niuoruo/workspace/sentry/ws/sentry_desicion/install/sentry_interfaces/include/sentry_interfaces
[0.956s] -- Up-to-date: /home/niuoruo/workspace/sentry/ws/sentry_desicion/install/sentry_interfaces/include/sentry_interfaces/msg
[0.957s] -- Up-to-date: /home/niuoruo/workspace/sentry/ws/sentry_desicion/install/sentry_interfaces/include/sentry_interfaces/msg/referee_information.h
[0.957s] -- Up-to-date: /home/niuoruo/workspace/sentry/ws/sentry_desicion/install/sentry_interfaces/include/sentry_interfaces/msg/detail
[0.957s] -- Up-to-date: /home/niuoruo/workspace/sentry/ws/sentry_desicion/install/sentry_interfaces/include/sentry_interfaces/msg/detail/referee_information__struct.h
[0.957s] -- Up-to-date: /home/niuoruo/workspace/sentry/ws/sentry_desicion/install/sentry_interfaces/include/sentry_interfaces/msg/detail/referee_information__functions.c
[0.957s] -- Up-to-date: /home/niuoruo/workspace/sentry/ws/sentry_desicion/install/sentry_interfaces/include/sentry_interfaces/msg/detail/referee_information__type_support.h
[0.957s] -- Up-to-date: /home/niuoruo/workspace/sentry/ws/sentry_desicion/install/sentry_interfaces/include/sentry_interfaces/msg/detail/referee_information__functions.h
[0.957s] -- Up-to-date: /home/niuoruo/workspace/sentry/ws/sentry_desicion/install/sentry_interfaces/include/sentry_interfaces/msg/rosidl_generator_c__visibility_control.h
[0.957s] -- Up-to-date: /home/niuoruo/workspace/sentry/ws/sentry_desicion/install/sentry_interfaces/share/sentry_interfaces/environment/library_path.sh
[0.957s] -- Up-to-date: /home/niuoruo/workspace/sentry/ws/sentry_desicion/install/sentry_interfaces/share/sentry_interfaces/environment/library_path.dsv
[0.957s] -- Up-to-date: /home/niuoruo/workspace/sentry/ws/sentry_desicion/install/sentry_interfaces/lib/libsentry_interfaces__rosidl_generator_c.so
[0.958s] -- Up-to-date: /home/niuoruo/workspace/sentry/ws/sentry_desicion/install/sentry_interfaces/include/sentry_interfaces
[0.958s] -- Up-to-date: /home/niuoruo/workspace/sentry/ws/sentry_desicion/install/sentry_interfaces/include/sentry_interfaces/msg
[0.958s] -- Up-to-date: /home/niuoruo/workspace/sentry/ws/sentry_desicion/install/sentry_interfaces/include/sentry_interfaces/msg/detail
[0.958s] -- Up-to-date: /home/niuoruo/workspace/sentry/ws/sentry_desicion/install/sentry_interfaces/include/sentry_interfaces/msg/detail/referee_information__rosidl_typesupport_fastrtps_c.h
[0.958s] -- Up-to-date: /home/niuoruo/workspace/sentry/ws/sentry_desicion/install/sentry_interfaces/include/sentry_interfaces/msg/rosidl_typesupport_fastrtps_c__visibility_control.h
[0.958s] -- Up-to-date: /home/niuoruo/workspace/sentry/ws/sentry_desicion/install/sentry_interfaces/lib/libsentry_interfaces__rosidl_typesupport_fastrtps_c.so
[0.958s] -- Up-to-date: /home/niuoruo/workspace/sentry/ws/sentry_desicion/install/sentry_interfaces/include/sentry_interfaces
[0.961s] -- Up-to-date: /home/niuoruo/workspace/sentry/ws/sentry_desicion/install/sentry_interfaces/include/sentry_interfaces/msg
[0.961s] -- Up-to-date: /home/niuoruo/workspace/sentry/ws/sentry_desicion/install/sentry_interfaces/include/sentry_interfaces/msg/rosidl_typesupport_fastrtps_cpp__visibility_control.h
[0.961s] -- Up-to-date: /home/niuoruo/workspace/sentry/ws/sentry_desicion/install/sentry_interfaces/include/sentry_interfaces/msg/detail
[0.961s] -- Up-to-date: /home/niuoruo/workspace/sentry/ws/sentry_desicion/install/sentry_interfaces/include/sentry_interfaces/msg/detail/referee_information__rosidl_typesupport_fastrtps_cpp.hpp
[0.961s] -- Up-to-date: /home/niuoruo/workspace/sentry/ws/sentry_desicion/install/sentry_interfaces/include/sentry_interfaces/msg/detail/dds_fastrtps
[0.961s] -- Up-to-date: /home/niuoruo/workspace/sentry/ws/sentry_desicion/install/sentry_interfaces/lib/libsentry_interfaces__rosidl_typesupport_fastrtps_cpp.so
[0.961s] -- Up-to-date: /home/niuoruo/workspace/sentry/ws/sentry_desicion/install/sentry_interfaces/include/sentry_interfaces
[0.961s] -- Up-to-date: /home/niuoruo/workspace/sentry/ws/sentry_desicion/install/sentry_interfaces/include/sentry_interfaces/msg
[0.961s] -- Up-to-date: /home/niuoruo/workspace/sentry/ws/sentry_desicion/install/sentry_interfaces/include/sentry_interfaces/msg/rosidl_typesupport_introspection_c__visibility_control.h
[0.961s] -- Up-to-date: /home/niuoruo/workspace/sentry/ws/sentry_desicion/install/sentry_interfaces/include/sentry_interfaces/msg/detail
[0.961s] -- Up-to-date: /home/niuoruo/workspace/sentry/ws/sentry_desicion/install/sentry_interfaces/include/sentry_interfaces/msg/detail/referee_information__type_support.c
[0.961s] -- Up-to-date: /home/niuoruo/workspace/sentry/ws/sentry_desicion/install/sentry_interfaces/include/sentry_interfaces/msg/detail/referee_information__rosidl_typesupport_introspection_c.h
[0.962s] -- Up-to-date: /home/niuoruo/workspace/sentry/ws/sentry_desicion/install/sentry_interfaces/lib/libsentry_interfaces__rosidl_typesupport_introspection_c.so
[0.964s] -- Up-to-date: /home/niuoruo/workspace/sentry/ws/sentry_desicion/install/sentry_interfaces/lib/libsentry_interfaces__rosidl_typesupport_c.so
[0.967s] -- Up-to-date: /home/niuoruo/workspace/sentry/ws/sentry_desicion/install/sentry_interfaces/include/sentry_interfaces
[0.967s] -- Up-to-date: /home/niuoruo/workspace/sentry/ws/sentry_desicion/install/sentry_interfaces/include/sentry_interfaces/msg
[0.967s] -- Up-to-date: /home/niuoruo/workspace/sentry/ws/sentry_desicion/install/sentry_interfaces/include/sentry_interfaces/msg/rosidl_generator_cpp__visibility_control.hpp
[0.967s] -- Up-to-date: /home/niuoruo/workspace/sentry/ws/sentry_desicion/install/sentry_interfaces/include/sentry_interfaces/msg/referee_information.hpp
[0.967s] -- Up-to-date: /home/niuoruo/workspace/sentry/ws/sentry_desicion/install/sentry_interfaces/include/sentry_interfaces/msg/detail
[0.967s] -- Up-to-date: /home/niuoruo/workspace/sentry/ws/sentry_desicion/install/sentry_interfaces/include/sentry_interfaces/msg/detail/referee_information__traits.hpp
[0.967s] -- Up-to-date: /home/niuoruo/workspace/sentry/ws/sentry_desicion/install/sentry_interfaces/include/sentry_interfaces/msg/detail/referee_information__struct.hpp
[0.968s] -- Up-to-date: /home/niuoruo/workspace/sentry/ws/sentry_desicion/install/sentry_interfaces/include/sentry_interfaces/msg/detail/referee_information__type_support.hpp
[0.968s] -- Up-to-date: /home/niuoruo/workspace/sentry/ws/sentry_desicion/install/sentry_interfaces/include/sentry_interfaces/msg/detail/referee_information__builder.hpp
[0.968s] -- Up-to-date: /home/niuoruo/workspace/sentry/ws/sentry_desicion/install/sentry_interfaces/include/sentry_interfaces
[0.968s] -- Up-to-date: /home/niuoruo/workspace/sentry/ws/sentry_desicion/install/sentry_interfaces/include/sentry_interfaces/msg
[0.968s] -- Up-to-date: /home/niuoruo/workspace/sentry/ws/sentry_desicion/install/sentry_interfaces/include/sentry_interfaces/msg/detail
[0.968s] -- Up-to-date: /home/niuoruo/workspace/sentry/ws/sentry_desicion/install/sentry_interfaces/include/sentry_interfaces/msg/detail/referee_information__type_support.cpp
[0.968s] -- Up-to-date: /home/niuoruo/workspace/sentry/ws/sentry_desicion/install/sentry_interfaces/include/sentry_interfaces/msg/detail/referee_information__rosidl_typesupport_introspection_cpp.hpp
[0.968s] -- Up-to-date: /home/niuoruo/workspace/sentry/ws/sentry_desicion/install/sentry_interfaces/lib/libsentry_interfaces__rosidl_typesupport_introspection_cpp.so
[0.968s] -- Up-to-date: /home/niuoruo/workspace/sentry/ws/sentry_desicion/install/sentry_interfaces/lib/libsentry_interfaces__rosidl_typesupport_cpp.so
[0.968s] -- Up-to-date: /home/niuoruo/workspace/sentry/ws/sentry_desicion/install/sentry_interfaces/share/sentry_interfaces/environment/pythonpath.sh
[0.968s] -- Up-to-date: /home/niuoruo/workspace/sentry/ws/sentry_desicion/install/sentry_interfaces/share/sentry_interfaces/environment/pythonpath.dsv
[0.968s] -- Up-to-date: /home/niuoruo/workspace/sentry/ws/sentry_desicion/install/sentry_interfaces/lib/python3.8/site-packages/sentry_interfaces/__init__.py
[0.983s] -- Up-to-date: /home/niuoruo/workspace/sentry/ws/sentry_desicion/install/sentry_interfaces/lib/python3.8/site-packages/sentry_interfaces/msg
[0.983s] -- Up-to-date: /home/niuoruo/workspace/sentry/ws/sentry_desicion/install/sentry_interfaces/lib/python3.8/site-packages/sentry_interfaces/msg/__init__.py
[0.983s] -- Up-to-date: /home/niuoruo/workspace/sentry/ws/sentry_desicion/install/sentry_interfaces/lib/python3.8/site-packages/sentry_interfaces/msg/_referee_information.py
[0.984s] -- Up-to-date: /home/niuoruo/workspace/sentry/ws/sentry_desicion/install/sentry_interfaces/lib/python3.8/site-packages/sentry_interfaces/msg/_referee_information_s.c
[0.984s] -- Up-to-date: /home/niuoruo/workspace/sentry/ws/sentry_desicion/install/sentry_interfaces/lib/python3.8/site-packages/sentry_interfaces/sentry_interfaces_s__rosidl_typesupport_fastrtps_c.cpython-38-x86_64-linux-gnu.so
[0.984s] -- Up-to-date: /home/niuoruo/workspace/sentry/ws/sentry_desicion/install/sentry_interfaces/lib/python3.8/site-packages/sentry_interfaces/sentry_interfaces_s__rosidl_typesupport_introspection_c.cpython-38-x86_64-linux-gnu.so
[0.986s] -- Up-to-date: /home/niuoruo/workspace/sentry/ws/sentry_desicion/install/sentry_interfaces/lib/python3.8/site-packages/sentry_interfaces/sentry_interfaces_s__rosidl_typesupport_c.cpython-38-x86_64-linux-gnu.so
[0.986s] -- Up-to-date: /home/niuoruo/workspace/sentry/ws/sentry_desicion/install/sentry_interfaces/lib/libsentry_interfaces__python.so
[0.987s] -- Up-to-date: /home/niuoruo/workspace/sentry/ws/sentry_desicion/install/sentry_interfaces/share/sentry_interfaces/msg/RefereeInformation.idl
[0.987s] -- Up-to-date: /home/niuoruo/workspace/sentry/ws/sentry_desicion/install/sentry_interfaces/share/sentry_interfaces/msg/RefereeInformation.msg
[0.987s] -- Up-to-date: /home/niuoruo/workspace/sentry/ws/sentry_desicion/install/sentry_interfaces/share/ament_index/resource_index/package_run_dependencies/sentry_interfaces
[0.987s] -- Up-to-date: /home/niuoruo/workspace/sentry/ws/sentry_desicion/install/sentry_interfaces/share/ament_index/resource_index/parent_prefix_path/sentry_interfaces
[0.987s] -- Up-to-date: /home/niuoruo/workspace/sentry/ws/sentry_desicion/install/sentry_interfaces/share/sentry_interfaces/environment/ament_prefix_path.sh
[0.988s] -- Up-to-date: /home/niuoruo/workspace/sentry/ws/sentry_desicion/install/sentry_interfaces/share/sentry_interfaces/environment/ament_prefix_path.dsv
[0.988s] -- Up-to-date: /home/niuoruo/workspace/sentry/ws/sentry_desicion/install/sentry_interfaces/share/sentry_interfaces/environment/path.sh
[0.988s] -- Up-to-date: /home/niuoruo/workspace/sentry/ws/sentry_desicion/install/sentry_interfaces/share/sentry_interfaces/environment/path.dsv
[0.989s] -- Up-to-date: /home/niuoruo/workspace/sentry/ws/sentry_desicion/install/sentry_interfaces/share/sentry_interfaces/local_setup.bash
[0.989s] -- Up-to-date: /home/niuoruo/workspace/sentry/ws/sentry_desicion/install/sentry_interfaces/share/sentry_interfaces/local_setup.sh
[0.989s] -- Up-to-date: /home/niuoruo/workspace/sentry/ws/sentry_desicion/install/sentry_interfaces/share/sentry_interfaces/local_setup.zsh
[0.989s] -- Up-to-date: /home/niuoruo/workspace/sentry/ws/sentry_desicion/install/sentry_interfaces/share/sentry_interfaces/local_setup.dsv
[0.989s] -- Installing: /home/niuoruo/workspace/sentry/ws/sentry_desicion/install/sentry_interfaces/share/sentry_interfaces/package.dsv
[0.989s] -- Up-to-date: /home/niuoruo/workspace/sentry/ws/sentry_desicion/install/sentry_interfaces/share/ament_index/resource_index/packages/sentry_interfaces
[0.990s] -- Up-to-date: /home/niuoruo/workspace/sentry/ws/sentry_desicion/install/sentry_interfaces/share/sentry_interfaces/cmake/sentry_interfaces__rosidl_generator_cExport.cmake
[0.990s] -- Up-to-date: /home/niuoruo/workspace/sentry/ws/sentry_desicion/install/sentry_interfaces/share/sentry_interfaces/cmake/sentry_interfaces__rosidl_generator_cExport-noconfig.cmake
[0.991s] -- Up-to-date: /home/niuoruo/workspace/sentry/ws/sentry_desicion/install/sentry_interfaces/share/sentry_interfaces/cmake/sentry_interfaces__rosidl_typesupport_introspection_cExport.cmake
[0.991s] -- Up-to-date: /home/niuoruo/workspace/sentry/ws/sentry_desicion/install/sentry_interfaces/share/sentry_interfaces/cmake/sentry_interfaces__rosidl_typesupport_introspection_cExport-noconfig.cmake
[0.992s] -- Up-to-date: /home/niuoruo/workspace/sentry/ws/sentry_desicion/install/sentry_interfaces/share/sentry_interfaces/cmake/sentry_interfaces__rosidl_typesupport_cExport.cmake
[0.992s] -- Up-to-date: /home/niuoruo/workspace/sentry/ws/sentry_desicion/install/sentry_interfaces/share/sentry_interfaces/cmake/sentry_interfaces__rosidl_typesupport_cExport-noconfig.cmake
[0.992s] -- Up-to-date: /home/niuoruo/workspace/sentry/ws/sentry_desicion/install/sentry_interfaces/share/sentry_interfaces/cmake/sentry_interfaces__rosidl_generator_cppExport.cmake
[0.992s] -- Up-to-date: /home/niuoruo/workspace/sentry/ws/sentry_desicion/install/sentry_interfaces/share/sentry_interfaces/cmake/sentry_interfaces__rosidl_typesupport_introspection_cppExport.cmake
[0.992s] -- Up-to-date: /home/niuoruo/workspace/sentry/ws/sentry_desicion/install/sentry_interfaces/share/sentry_interfaces/cmake/sentry_interfaces__rosidl_typesupport_introspection_cppExport-noconfig.cmake
[0.993s] -- Up-to-date: /home/niuoruo/workspace/sentry/ws/sentry_desicion/install/sentry_interfaces/share/sentry_interfaces/cmake/sentry_interfaces__rosidl_typesupport_cppExport.cmake
[0.993s] -- Up-to-date: /home/niuoruo/workspace/sentry/ws/sentry_desicion/install/sentry_interfaces/share/sentry_interfaces/cmake/sentry_interfaces__rosidl_typesupport_cppExport-noconfig.cmake
[0.993s] -- Up-to-date: /home/niuoruo/workspace/sentry/ws/sentry_desicion/install/sentry_interfaces/share/sentry_interfaces/cmake/rosidl_cmake-extras.cmake
[0.993s] -- Up-to-date: /home/niuoruo/workspace/sentry/ws/sentry_desicion/install/sentry_interfaces/share/sentry_interfaces/cmake/ament_cmake_export_dependencies-extras.cmake
[0.993s] -- Up-to-date: /home/niuoruo/workspace/sentry/ws/sentry_desicion/install/sentry_interfaces/share/sentry_interfaces/cmake/ament_cmake_export_libraries-extras.cmake
[0.993s] -- Up-to-date: /home/niuoruo/workspace/sentry/ws/sentry_desicion/install/sentry_interfaces/share/sentry_interfaces/cmake/ament_cmake_export_targets-extras.cmake
[0.994s] -- Up-to-date: /home/niuoruo/workspace/sentry/ws/sentry_desicion/install/sentry_interfaces/share/sentry_interfaces/cmake/ament_cmake_export_include_directories-extras.cmake
[0.994s] -- Up-to-date: /home/niuoruo/workspace/sentry/ws/sentry_desicion/install/sentry_interfaces/share/sentry_interfaces/cmake/rosidl_cmake_export_typesupport_libraries-extras.cmake
[0.994s] -- Up-to-date: /home/niuoruo/workspace/sentry/ws/sentry_desicion/install/sentry_interfaces/share/sentry_interfaces/cmake/rosidl_cmake_export_typesupport_targets-extras.cmake
[0.994s] -- Up-to-date: /home/niuoruo/workspace/sentry/ws/sentry_desicion/install/sentry_interfaces/share/sentry_interfaces/cmake/sentry_interfacesConfig.cmake
[0.994s] -- Up-to-date: /home/niuoruo/workspace/sentry/ws/sentry_desicion/install/sentry_interfaces/share/sentry_interfaces/cmake/sentry_interfacesConfig-version.cmake
[0.995s] -- Up-to-date: /home/niuoruo/workspace/sentry/ws/sentry_desicion/install/sentry_interfaces/share/sentry_interfaces/package.xml
[0.999s] Invoked command in '/home/niuoruo/workspace/sentry/ws/sentry_desicion/build/sentry_interfaces' returned '0': CMAKE_PREFIX_PATH=${CMAKE_PREFIX_PATH}:/opt/ros/foxy /usr/bin/cmake --install /home/niuoruo/workspace/sentry/ws/sentry_desicion/build/sentry_interfaces
