[0.579s] Invoking command in '/home/niuoruo/workspace/sentry/ws/desicion/build/sentry_interfaces': CMAKE_PREFIX_PATH=${CMAKE_PREFIX_PATH}:/opt/ros/foxy /usr/bin/cmake --build /home/niuoruo/workspace/sentry/ws/desicion/build/sentry_interfaces -- -j16 -l16
[0.620s] [  3%] Built target sentry_interfaces__cpp
[0.620s] [ 12%] Built target sentry_interfaces__rosidl_generator_c
[0.636s] [ 22%] Built target sentry_interfaces__rosidl_typesupport_introspection_cpp
[0.640s] [ 32%] Built target sentry_interfaces__rosidl_typesupport_cpp
[0.641s] [ 41%] Built target sentry_interfaces__rosidl_typesupport_fastrtps_cpp
[0.657s] [ 51%] Built target sentry_interfaces__rosidl_typesupport_introspection_c
[0.657s] [ 61%] Built target sentry_interfaces__rosidl_typesupport_c
[0.664s] [ 70%] Built target sentry_interfaces__rosidl_typesupport_fastrtps_c
[0.682s] [ 70%] Built target sentry_interfaces
[0.700s] [ 74%] Built target sentry_interfaces__py
[0.722s] [ 80%] Built target sentry_interfaces__python
[0.741s] [ 87%] Built target sentry_interfaces__rosidl_typesupport_introspection_c__pyext
[0.741s] [ 93%] Built target sentry_interfaces__rosidl_typesupport_c__pyext
[0.741s] [100%] Built target sentry_interfaces__rosidl_typesupport_fastrtps_c__pyext
[0.807s] Invoked command in '/home/niuoruo/workspace/sentry/ws/desicion/build/sentry_interfaces' returned '0': CMAKE_PREFIX_PATH=${CMAKE_PREFIX_PATH}:/opt/ros/foxy /usr/bin/cmake --build /home/niuoruo/workspace/sentry/ws/desicion/build/sentry_interfaces -- -j16 -l16
[0.979s] Invoking command in '/home/niuoruo/workspace/sentry/ws/desicion/build/sentry_interfaces': CMAKE_PREFIX_PATH=${CMAKE_PREFIX_PATH}:/opt/ros/foxy /usr/bin/cmake --install /home/niuoruo/workspace/sentry/ws/desicion/build/sentry_interfaces
[0.988s] -- Install configuration: ""
[0.988s] -- Up-to-date: /home/niuoruo/workspace/sentry/ws/desicion/install/sentry_interfaces/share/ament_index/resource_index/rosidl_interfaces/sentry_interfaces
[0.988s] -- Up-to-date: /home/niuoruo/workspace/sentry/ws/desicion/install/sentry_interfaces/include/sentry_interfaces
[0.988s] -- Up-to-date: /home/niuoruo/workspace/sentry/ws/desicion/install/sentry_interfaces/include/sentry_interfaces/msg
[0.989s] -- Up-to-date: /home/niuoruo/workspace/sentry/ws/desicion/install/sentry_interfaces/include/sentry_interfaces/msg/referee_information.h
[0.989s] -- Up-to-date: /home/niuoruo/workspace/sentry/ws/desicion/install/sentry_interfaces/include/sentry_interfaces/msg/detail
[0.989s] -- Up-to-date: /home/niuoruo/workspace/sentry/ws/desicion/install/sentry_interfaces/include/sentry_interfaces/msg/detail/referee_information__struct.h
[0.989s] -- Up-to-date: /home/niuoruo/workspace/sentry/ws/desicion/install/sentry_interfaces/include/sentry_interfaces/msg/detail/referee_information__functions.c
[0.989s] -- Up-to-date: /home/niuoruo/workspace/sentry/ws/desicion/install/sentry_interfaces/include/sentry_interfaces/msg/detail/referee_information__type_support.h
[0.990s] -- Up-to-date: /home/niuoruo/workspace/sentry/ws/desicion/install/sentry_interfaces/include/sentry_interfaces/msg/detail/referee_information__functions.h
[0.990s] -- Up-to-date: /home/niuoruo/workspace/sentry/ws/desicion/install/sentry_interfaces/include/sentry_interfaces/msg/rosidl_generator_c__visibility_control.h
[0.990s] -- Up-to-date: /home/niuoruo/workspace/sentry/ws/desicion/install/sentry_interfaces/share/sentry_interfaces/environment/library_path.sh
[0.990s] -- Up-to-date: /home/niuoruo/workspace/sentry/ws/desicion/install/sentry_interfaces/share/sentry_interfaces/environment/library_path.dsv
[0.990s] -- Up-to-date: /home/niuoruo/workspace/sentry/ws/desicion/install/sentry_interfaces/lib/libsentry_interfaces__rosidl_generator_c.so
[0.990s] -- Up-to-date: /home/niuoruo/workspace/sentry/ws/desicion/install/sentry_interfaces/include/sentry_interfaces
[0.990s] -- Up-to-date: /home/niuoruo/workspace/sentry/ws/desicion/install/sentry_interfaces/include/sentry_interfaces/msg
[0.990s] -- Up-to-date: /home/niuoruo/workspace/sentry/ws/desicion/install/sentry_interfaces/include/sentry_interfaces/msg/detail
[0.990s] -- Up-to-date: /home/niuoruo/workspace/sentry/ws/desicion/install/sentry_interfaces/include/sentry_interfaces/msg/detail/referee_information__rosidl_typesupport_fastrtps_c.h
[0.990s] -- Up-to-date: /home/niuoruo/workspace/sentry/ws/desicion/install/sentry_interfaces/include/sentry_interfaces/msg/rosidl_typesupport_fastrtps_c__visibility_control.h
[0.990s] -- Up-to-date: /home/niuoruo/workspace/sentry/ws/desicion/install/sentry_interfaces/lib/libsentry_interfaces__rosidl_typesupport_fastrtps_c.so
[0.991s] -- Up-to-date: /home/niuoruo/workspace/sentry/ws/desicion/install/sentry_interfaces/include/sentry_interfaces
[0.991s] -- Up-to-date: /home/niuoruo/workspace/sentry/ws/desicion/install/sentry_interfaces/include/sentry_interfaces/msg
[0.991s] -- Up-to-date: /home/niuoruo/workspace/sentry/ws/desicion/install/sentry_interfaces/include/sentry_interfaces/msg/rosidl_typesupport_fastrtps_cpp__visibility_control.h
[0.991s] -- Up-to-date: /home/niuoruo/workspace/sentry/ws/desicion/install/sentry_interfaces/include/sentry_interfaces/msg/detail
[0.991s] -- Up-to-date: /home/niuoruo/workspace/sentry/ws/desicion/install/sentry_interfaces/include/sentry_interfaces/msg/detail/referee_information__rosidl_typesupport_fastrtps_cpp.hpp
[0.991s] -- Up-to-date: /home/niuoruo/workspace/sentry/ws/desicion/install/sentry_interfaces/include/sentry_interfaces/msg/detail/dds_fastrtps
[0.992s] -- Up-to-date: /home/niuoruo/workspace/sentry/ws/desicion/install/sentry_interfaces/lib/libsentry_interfaces__rosidl_typesupport_fastrtps_cpp.so
[0.994s] -- Up-to-date: /home/niuoruo/workspace/sentry/ws/desicion/install/sentry_interfaces/include/sentry_interfaces
[0.994s] -- Up-to-date: /home/niuoruo/workspace/sentry/ws/desicion/install/sentry_interfaces/include/sentry_interfaces/msg
[0.994s] -- Up-to-date: /home/niuoruo/workspace/sentry/ws/desicion/install/sentry_interfaces/include/sentry_interfaces/msg/rosidl_typesupport_introspection_c__visibility_control.h
[0.994s] -- Up-to-date: /home/niuoruo/workspace/sentry/ws/desicion/install/sentry_interfaces/include/sentry_interfaces/msg/detail
[0.994s] -- Up-to-date: /home/niuoruo/workspace/sentry/ws/desicion/install/sentry_interfaces/include/sentry_interfaces/msg/detail/referee_information__type_support.c
[0.994s] -- Up-to-date: /home/niuoruo/workspace/sentry/ws/desicion/install/sentry_interfaces/include/sentry_interfaces/msg/detail/referee_information__rosidl_typesupport_introspection_c.h
[0.995s] -- Up-to-date: /home/niuoruo/workspace/sentry/ws/desicion/install/sentry_interfaces/lib/libsentry_interfaces__rosidl_typesupport_introspection_c.so
[0.997s] -- Up-to-date: /home/niuoruo/workspace/sentry/ws/desicion/install/sentry_interfaces/lib/libsentry_interfaces__rosidl_typesupport_c.so
[0.997s] -- Up-to-date: /home/niuoruo/workspace/sentry/ws/desicion/install/sentry_interfaces/include/sentry_interfaces
[0.997s] -- Up-to-date: /home/niuoruo/workspace/sentry/ws/desicion/install/sentry_interfaces/include/sentry_interfaces/msg
[0.997s] -- Up-to-date: /home/niuoruo/workspace/sentry/ws/desicion/install/sentry_interfaces/include/sentry_interfaces/msg/rosidl_generator_cpp__visibility_control.hpp
[0.997s] -- Up-to-date: /home/niuoruo/workspace/sentry/ws/desicion/install/sentry_interfaces/include/sentry_interfaces/msg/referee_information.hpp
[0.997s] -- Up-to-date: /home/niuoruo/workspace/sentry/ws/desicion/install/sentry_interfaces/include/sentry_interfaces/msg/detail
[0.998s] -- Up-to-date: /home/niuoruo/workspace/sentry/ws/desicion/install/sentry_interfaces/include/sentry_interfaces/msg/detail/referee_information__traits.hpp
[0.998s] -- Up-to-date: /home/niuoruo/workspace/sentry/ws/desicion/install/sentry_interfaces/include/sentry_interfaces/msg/detail/referee_information__struct.hpp
[0.998s] -- Up-to-date: /home/niuoruo/workspace/sentry/ws/desicion/install/sentry_interfaces/include/sentry_interfaces/msg/detail/referee_information__type_support.hpp
[0.998s] -- Up-to-date: /home/niuoruo/workspace/sentry/ws/desicion/install/sentry_interfaces/include/sentry_interfaces/msg/detail/referee_information__builder.hpp
[0.998s] -- Up-to-date: /home/niuoruo/workspace/sentry/ws/desicion/install/sentry_interfaces/include/sentry_interfaces
[0.998s] -- Up-to-date: /home/niuoruo/workspace/sentry/ws/desicion/install/sentry_interfaces/include/sentry_interfaces/msg
[0.998s] -- Up-to-date: /home/niuoruo/workspace/sentry/ws/desicion/install/sentry_interfaces/include/sentry_interfaces/msg/detail
[0.998s] -- Up-to-date: /home/niuoruo/workspace/sentry/ws/desicion/install/sentry_interfaces/include/sentry_interfaces/msg/detail/referee_information__type_support.cpp
[0.998s] -- Up-to-date: /home/niuoruo/workspace/sentry/ws/desicion/install/sentry_interfaces/include/sentry_interfaces/msg/detail/referee_information__rosidl_typesupport_introspection_cpp.hpp
[0.998s] -- Up-to-date: /home/niuoruo/workspace/sentry/ws/desicion/install/sentry_interfaces/lib/libsentry_interfaces__rosidl_typesupport_introspection_cpp.so
[1.000s] -- Up-to-date: /home/niuoruo/workspace/sentry/ws/desicion/install/sentry_interfaces/lib/libsentry_interfaces__rosidl_typesupport_cpp.so
[1.003s] -- Up-to-date: /home/niuoruo/workspace/sentry/ws/desicion/install/sentry_interfaces/share/sentry_interfaces/environment/pythonpath.sh
[1.003s] -- Up-to-date: /home/niuoruo/workspace/sentry/ws/desicion/install/sentry_interfaces/share/sentry_interfaces/environment/pythonpath.dsv
[1.003s] -- Up-to-date: /home/niuoruo/workspace/sentry/ws/desicion/install/sentry_interfaces/lib/python3.8/site-packages/sentry_interfaces/__init__.py
[1.021s] -- Up-to-date: /home/niuoruo/workspace/sentry/ws/desicion/install/sentry_interfaces/lib/python3.8/site-packages/sentry_interfaces/msg
[1.021s] -- Up-to-date: /home/niuoruo/workspace/sentry/ws/desicion/install/sentry_interfaces/lib/python3.8/site-packages/sentry_interfaces/msg/__init__.py
[1.021s] -- Up-to-date: /home/niuoruo/workspace/sentry/ws/desicion/install/sentry_interfaces/lib/python3.8/site-packages/sentry_interfaces/msg/_referee_information.py
[1.021s] -- Up-to-date: /home/niuoruo/workspace/sentry/ws/desicion/install/sentry_interfaces/lib/python3.8/site-packages/sentry_interfaces/msg/_referee_information_s.c
[1.021s] -- Up-to-date: /home/niuoruo/workspace/sentry/ws/desicion/install/sentry_interfaces/lib/python3.8/site-packages/sentry_interfaces/sentry_interfaces_s__rosidl_typesupport_fastrtps_c.cpython-38-x86_64-linux-gnu.so
[1.022s] -- Up-to-date: /home/niuoruo/workspace/sentry/ws/desicion/install/sentry_interfaces/lib/python3.8/site-packages/sentry_interfaces/sentry_interfaces_s__rosidl_typesupport_introspection_c.cpython-38-x86_64-linux-gnu.so
[1.023s] -- Up-to-date: /home/niuoruo/workspace/sentry/ws/desicion/install/sentry_interfaces/lib/python3.8/site-packages/sentry_interfaces/sentry_interfaces_s__rosidl_typesupport_c.cpython-38-x86_64-linux-gnu.so
[1.023s] -- Up-to-date: /home/niuoruo/workspace/sentry/ws/desicion/install/sentry_interfaces/lib/libsentry_interfaces__python.so
[1.023s] -- Up-to-date: /home/niuoruo/workspace/sentry/ws/desicion/install/sentry_interfaces/share/sentry_interfaces/msg/RefereeInformation.idl
[1.023s] -- Up-to-date: /home/niuoruo/workspace/sentry/ws/desicion/install/sentry_interfaces/share/sentry_interfaces/msg/RefereeInformation.msg
[1.023s] -- Up-to-date: /home/niuoruo/workspace/sentry/ws/desicion/install/sentry_interfaces/share/ament_index/resource_index/package_run_dependencies/sentry_interfaces
[1.024s] -- Up-to-date: /home/niuoruo/workspace/sentry/ws/desicion/install/sentry_interfaces/share/ament_index/resource_index/parent_prefix_path/sentry_interfaces
[1.024s] -- Up-to-date: /home/niuoruo/workspace/sentry/ws/desicion/install/sentry_interfaces/share/sentry_interfaces/environment/ament_prefix_path.sh
[1.024s] -- Up-to-date: /home/niuoruo/workspace/sentry/ws/desicion/install/sentry_interfaces/share/sentry_interfaces/environment/ament_prefix_path.dsv
[1.024s] -- Up-to-date: /home/niuoruo/workspace/sentry/ws/desicion/install/sentry_interfaces/share/sentry_interfaces/environment/path.sh
[1.024s] -- Up-to-date: /home/niuoruo/workspace/sentry/ws/desicion/install/sentry_interfaces/share/sentry_interfaces/environment/path.dsv
[1.024s] -- Up-to-date: /home/niuoruo/workspace/sentry/ws/desicion/install/sentry_interfaces/share/sentry_interfaces/local_setup.bash
[1.024s] -- Up-to-date: /home/niuoruo/workspace/sentry/ws/desicion/install/sentry_interfaces/share/sentry_interfaces/local_setup.sh
[1.024s] -- Up-to-date: /home/niuoruo/workspace/sentry/ws/desicion/install/sentry_interfaces/share/sentry_interfaces/local_setup.zsh
[1.025s] -- Up-to-date: /home/niuoruo/workspace/sentry/ws/desicion/install/sentry_interfaces/share/sentry_interfaces/local_setup.dsv
[1.025s] -- Installing: /home/niuoruo/workspace/sentry/ws/desicion/install/sentry_interfaces/share/sentry_interfaces/package.dsv
[1.025s] -- Up-to-date: /home/niuoruo/workspace/sentry/ws/desicion/install/sentry_interfaces/share/ament_index/resource_index/packages/sentry_interfaces
[1.025s] -- Up-to-date: /home/niuoruo/workspace/sentry/ws/desicion/install/sentry_interfaces/share/sentry_interfaces/cmake/sentry_interfaces__rosidl_generator_cExport.cmake
[1.025s] -- Up-to-date: /home/niuoruo/workspace/sentry/ws/desicion/install/sentry_interfaces/share/sentry_interfaces/cmake/sentry_interfaces__rosidl_generator_cExport-noconfig.cmake
[1.025s] -- Up-to-date: /home/niuoruo/workspace/sentry/ws/desicion/install/sentry_interfaces/share/sentry_interfaces/cmake/sentry_interfaces__rosidl_typesupport_introspection_cExport.cmake
[1.025s] -- Up-to-date: /home/niuoruo/workspace/sentry/ws/desicion/install/sentry_interfaces/share/sentry_interfaces/cmake/sentry_interfaces__rosidl_typesupport_introspection_cExport-noconfig.cmake
[1.025s] -- Up-to-date: /home/niuoruo/workspace/sentry/ws/desicion/install/sentry_interfaces/share/sentry_interfaces/cmake/sentry_interfaces__rosidl_typesupport_cExport.cmake
[1.025s] -- Up-to-date: /home/niuoruo/workspace/sentry/ws/desicion/install/sentry_interfaces/share/sentry_interfaces/cmake/sentry_interfaces__rosidl_typesupport_cExport-noconfig.cmake
[1.030s] -- Up-to-date: /home/niuoruo/workspace/sentry/ws/desicion/install/sentry_interfaces/share/sentry_interfaces/cmake/sentry_interfaces__rosidl_generator_cppExport.cmake
[1.030s] -- Up-to-date: /home/niuoruo/workspace/sentry/ws/desicion/install/sentry_interfaces/share/sentry_interfaces/cmake/sentry_interfaces__rosidl_typesupport_introspection_cppExport.cmake
[1.030s] -- Up-to-date: /home/niuoruo/workspace/sentry/ws/desicion/install/sentry_interfaces/share/sentry_interfaces/cmake/sentry_interfaces__rosidl_typesupport_introspection_cppExport-noconfig.cmake
[1.030s] -- Up-to-date: /home/niuoruo/workspace/sentry/ws/desicion/install/sentry_interfaces/share/sentry_interfaces/cmake/sentry_interfaces__rosidl_typesupport_cppExport.cmake
[1.030s] -- Up-to-date: /home/niuoruo/workspace/sentry/ws/desicion/install/sentry_interfaces/share/sentry_interfaces/cmake/sentry_interfaces__rosidl_typesupport_cppExport-noconfig.cmake
[1.030s] -- Up-to-date: /home/niuoruo/workspace/sentry/ws/desicion/install/sentry_interfaces/share/sentry_interfaces/cmake/rosidl_cmake-extras.cmake
[1.030s] -- Up-to-date: /home/niuoruo/workspace/sentry/ws/desicion/install/sentry_interfaces/share/sentry_interfaces/cmake/ament_cmake_export_dependencies-extras.cmake
[1.031s] -- Up-to-date: /home/niuoruo/workspace/sentry/ws/desicion/install/sentry_interfaces/share/sentry_interfaces/cmake/ament_cmake_export_libraries-extras.cmake
[1.031s] -- Up-to-date: /home/niuoruo/workspace/sentry/ws/desicion/install/sentry_interfaces/share/sentry_interfaces/cmake/ament_cmake_export_targets-extras.cmake
[1.031s] -- Up-to-date: /home/niuoruo/workspace/sentry/ws/desicion/install/sentry_interfaces/share/sentry_interfaces/cmake/ament_cmake_export_include_directories-extras.cmake
[1.031s] -- Up-to-date: /home/niuoruo/workspace/sentry/ws/desicion/install/sentry_interfaces/share/sentry_interfaces/cmake/rosidl_cmake_export_typesupport_libraries-extras.cmake
[1.031s] -- Up-to-date: /home/niuoruo/workspace/sentry/ws/desicion/install/sentry_interfaces/share/sentry_interfaces/cmake/rosidl_cmake_export_typesupport_targets-extras.cmake
[1.031s] -- Up-to-date: /home/niuoruo/workspace/sentry/ws/desicion/install/sentry_interfaces/share/sentry_interfaces/cmake/sentry_interfacesConfig.cmake
[1.031s] -- Up-to-date: /home/niuoruo/workspace/sentry/ws/desicion/install/sentry_interfaces/share/sentry_interfaces/cmake/sentry_interfacesConfig-version.cmake
[1.031s] -- Up-to-date: /home/niuoruo/workspace/sentry/ws/desicion/install/sentry_interfaces/share/sentry_interfaces/package.xml
[1.032s] Invoked command in '/home/niuoruo/workspace/sentry/ws/desicion/build/sentry_interfaces' returned '0': CMAKE_PREFIX_PATH=${CMAKE_PREFIX_PATH}:/opt/ros/foxy /usr/bin/cmake --install /home/niuoruo/workspace/sentry/ws/desicion/build/sentry_interfaces
