-- The C compiler identification is GNU 9.4.0
-- The CXX compiler identification is GNU 9.4.0
-- Check for working C compiler: /usr/bin/cc
-- Check for working C compiler: /usr/bin/cc -- works
-- Detecting C compiler ABI info
-- Detecting C compiler ABI info - done
-- Detecting C compile features
-- Detecting C compile features - done
-- Check for working CXX compiler: /usr/bin/c++
-- Check for working CXX compiler: /usr/bin/c++ -- works
-- Detecting CXX compiler ABI info
-- Detecting CXX compiler ABI info - done
-- Detecting CXX compile features
-- Detecting CXX compile features - done
-- Found ament_cmake_auto: 0.9.12 (/opt/ros/foxy/share/ament_cmake_auto/cmake)
-- Found PythonInterp: /usr/bin/python3 (found suitable version "3.8.10", minimum required is "3") 
-- Using PYTHON_EXECUTABLE: /usr/bin/python3
-- Found sentry_interfaces: 0.0.0 (/home/niuoruo/workspace/sentry/ws/sentry_desicion/install/sentry_interfaces/share/sentry_interfaces/cmake)
-- Using all available rosidl_typesupport_c: rosidl_typesupport_fastrtps_c;rosidl_typesupport_introspection_c
-- Found rosidl_adapter: 1.3.1 (/opt/ros/foxy/share/rosidl_adapter/cmake)
-- Found OpenSSL: /usr/lib/x86_64-linux-gnu/libcrypto.so (found version "1.1.1f")  
-- Found FastRTPS: /opt/ros/foxy/include  
-- Using all available rosidl_typesupport_cpp: rosidl_typesupport_fastrtps_cpp;rosidl_typesupport_introspection_cpp
-- Found rmos_interfaces: 0.0.0 (/home/niuoruo/workspace/sentry/ws/sentry_desicion/install/rmos_interfaces/share/rmos_interfaces/cmake)
-- Found rmw_implementation_cmake: 1.0.4 (/opt/ros/foxy/share/rmw_implementation_cmake/cmake)
-- Using RMW implementation 'rmw_fastrtps_cpp' as default
-- Looking for pthread.h
-- Looking for pthread.h - found
-- Performing Test CMAKE_HAVE_LIBC_PTHREAD
-- Performing Test CMAKE_HAVE_LIBC_PTHREAD - Failed
-- Looking for pthread_create in pthreads
-- Looking for pthread_create in pthreads - not found
-- Looking for pthread_create in pthread
-- Looking for pthread_create in pthread - found
-- Found Threads: TRUE  
-- Found eigen3_cmake_module: 0.1.1 (/opt/ros/foxy/share/eigen3_cmake_module/cmake)
-- Found Eigen3: TRUE (found version "3.3.7") 
-- Found ament_lint_auto: 0.9.8 (/opt/ros/foxy/share/ament_lint_auto/cmake)
-- Added test 'copyright' to check source files copyright and LICENSE
-- Added test 'cppcheck' to perform static code analysis on C / C++ code
-- Configured cppcheck include dirs: /home/niuoruo/workspace/sentry/ws/sentry_desicion/src/sentry_bt_executor/include
-- Configured cppcheck exclude dirs and/or files: 
-- Added test 'cpplint' to check C / C++ code against the Google style
-- Configured cpplint exclude dirs and/or files: 
-- Added test 'flake8' to check Python code syntax and style conventions
-- Added test 'lint_cmake' to check CMake code style
-- Added test 'pep257' to check Python code against some of the style conventions in PEP 257
-- Added test 'uncrustify' to check C / C++ code style
-- Configured uncrustify additional arguments: 
-- Added test 'xmllint' to check XML markup files
-- Configuring done
-- Generating done
-- Build files have been written to: /home/niuoruo/workspace/sentry/ws/sentry_desicion/build/sentry_bt_executor
[35m[1mScanning dependencies of target bt_executor[0m
[35m[1mScanning dependencies of target information_processor[0m
[35m[1mScanning dependencies of target sentry_bt_executor[0m
[ 33%] [32mBuilding CXX object CMakeFiles/information_processor.dir/rclcpp_components/node_main_information_processor.cpp.o[0m
[ 33%] [32mBuilding CXX object CMakeFiles/bt_executor.dir/rclcpp_components/node_main_bt_executor.cpp.o[0m
[ 50%] [32mBuilding CXX object CMakeFiles/sentry_bt_executor.dir/src/bt_executor.cpp.o[0m
[ 66%] [32m[1mLinking CXX executable bt_executor[0m
[01m[K/home/niuoruo/workspace/sentry/ws/sentry_desicion/src/sentry_bt_executor/src/bt_executor.cpp:[m[K In member function ‘[01m[Kvoid sentry_bt_executor::BtExecutor::refereeInformationCallback(sentry_interfaces::msg::RefereeInformation_<std::allocator<void> >::SharedPtr)[m[K’:
[01m[K/home/niuoruo/workspace/sentry/ws/sentry_desicion/src/sentry_bt_executor/src/bt_executor.cpp:214:105:[m[K [01;35m[Kwarning: [m[Kunused parameter ‘[01m[Kreferee_information[m[K’ [[01;35m[K-Wunused-parameter[m[K]
  214 | void BtExecutor::refereeInformationCallback([01;35m[Kconst sentry_interfaces::msg::RefereeInformation::SharedPtr referee_information[m[K)
      |                                             [01;35m[K~~~~~~~~~~~~~~~~~~~~~~~~~~~~~~~~~~~~~~~~~~~~~~~~~~~~~~~~~~~~^~~~~~~~~~~~~~~~~~~[m[K
[01m[K/home/niuoruo/workspace/sentry/ws/sentry_desicion/src/sentry_bt_executor/src/bt_executor.cpp:[m[K In member function ‘[01m[Kvoid sentry_bt_executor::BtExecutor::armorsCallback(rmos_interfaces::msg::Armors_<std::allocator<void> >::SharedPtr)[m[K’:
[01m[K/home/niuoruo/workspace/sentry/ws/sentry_desicion/src/sentry_bt_executor/src/bt_executor.cpp:220:79:[m[K [01;35m[Kwarning: [m[Kunused parameter ‘[01m[Karmors[m[K’ [[01;35m[K-Wunused-parameter[m[K]
  220 | void BtExecutor::armorsCallback([01;35m[Kconst rmos_interfaces::msg::Armors::SharedPtr armors[m[K)
      |                                 [01;35m[K~~~~~~~~~~~~~~~~~~~~~~~~~~~~~~~~~~~~~~~~~~~~~~^~~~~~[m[K
[ 83%] [32m[1mLinking CXX executable information_processor[0m
[ 83%] Built target bt_executor
[ 83%] Built target information_processor
[100%] [32m[1mLinking CXX shared library libsentry_bt_executor.so[0m
[100%] Built target sentry_bt_executor
-- Install configuration: ""
-- Installing: /home/niuoruo/workspace/sentry/ws/sentry_desicion/install/sentry_bt_executor/lib/sentry_bt_executor/information_processor
-- Set runtime path of "/home/niuoruo/workspace/sentry/ws/sentry_desicion/install/sentry_bt_executor/lib/sentry_bt_executor/information_processor" to ""
-- Installing: /home/niuoruo/workspace/sentry/ws/sentry_desicion/install/sentry_bt_executor/lib/sentry_bt_executor/bt_executor
-- Set runtime path of "/home/niuoruo/workspace/sentry/ws/sentry_desicion/install/sentry_bt_executor/lib/sentry_bt_executor/bt_executor" to ""
-- Installing: /home/niuoruo/workspace/sentry/ws/sentry_desicion/install/sentry_bt_executor/include
-- Installing: /home/niuoruo/workspace/sentry/ws/sentry_desicion/install/sentry_bt_executor/include/sentry_bt_executor
-- Installing: /home/niuoruo/workspace/sentry/ws/sentry_desicion/install/sentry_bt_executor/include/sentry_bt_executor/bt_executor.hpp
-- Installing: /home/niuoruo/workspace/sentry/ws/sentry_desicion/install/sentry_bt_executor/share/sentry_bt_executor/environment/library_path.sh
-- Installing: /home/niuoruo/workspace/sentry/ws/sentry_desicion/install/sentry_bt_executor/share/sentry_bt_executor/environment/library_path.dsv
-- Installing: /home/niuoruo/workspace/sentry/ws/sentry_desicion/install/sentry_bt_executor/lib/libsentry_bt_executor.so
-- Set runtime path of "/home/niuoruo/workspace/sentry/ws/sentry_desicion/install/sentry_bt_executor/lib/libsentry_bt_executor.so" to ""
-- Installing: /home/niuoruo/workspace/sentry/ws/sentry_desicion/install/sentry_bt_executor/share/ament_index/resource_index/package_run_dependencies/sentry_bt_executor
-- Installing: /home/niuoruo/workspace/sentry/ws/sentry_desicion/install/sentry_bt_executor/share/ament_index/resource_index/parent_prefix_path/sentry_bt_executor
-- Installing: /home/niuoruo/workspace/sentry/ws/sentry_desicion/install/sentry_bt_executor/share/sentry_bt_executor/environment/ament_prefix_path.sh
-- Installing: /home/niuoruo/workspace/sentry/ws/sentry_desicion/install/sentry_bt_executor/share/sentry_bt_executor/environment/ament_prefix_path.dsv
-- Installing: /home/niuoruo/workspace/sentry/ws/sentry_desicion/install/sentry_bt_executor/share/sentry_bt_executor/environment/path.sh
-- Installing: /home/niuoruo/workspace/sentry/ws/sentry_desicion/install/sentry_bt_executor/share/sentry_bt_executor/environment/path.dsv
-- Installing: /home/niuoruo/workspace/sentry/ws/sentry_desicion/install/sentry_bt_executor/share/sentry_bt_executor/local_setup.bash
-- Installing: /home/niuoruo/workspace/sentry/ws/sentry_desicion/install/sentry_bt_executor/share/sentry_bt_executor/local_setup.sh
-- Installing: /home/niuoruo/workspace/sentry/ws/sentry_desicion/install/sentry_bt_executor/share/sentry_bt_executor/local_setup.zsh
-- Installing: /home/niuoruo/workspace/sentry/ws/sentry_desicion/install/sentry_bt_executor/share/sentry_bt_executor/local_setup.dsv
-- Installing: /home/niuoruo/workspace/sentry/ws/sentry_desicion/install/sentry_bt_executor/share/sentry_bt_executor/package.dsv
-- Installing: /home/niuoruo/workspace/sentry/ws/sentry_desicion/install/sentry_bt_executor/share/ament_index/resource_index/packages/sentry_bt_executor
-- Installing: /home/niuoruo/workspace/sentry/ws/sentry_desicion/install/sentry_bt_executor/share/ament_index/resource_index/rclcpp_components/sentry_bt_executor
-- Installing: /home/niuoruo/workspace/sentry/ws/sentry_desicion/install/sentry_bt_executor/share/sentry_bt_executor/cmake/ament_cmake_export_dependencies-extras.cmake
-- Installing: /home/niuoruo/workspace/sentry/ws/sentry_desicion/install/sentry_bt_executor/share/sentry_bt_executor/cmake/ament_cmake_export_include_directories-extras.cmake
-- Installing: /home/niuoruo/workspace/sentry/ws/sentry_desicion/install/sentry_bt_executor/share/sentry_bt_executor/cmake/ament_cmake_export_libraries-extras.cmake
-- Installing: /home/niuoruo/workspace/sentry/ws/sentry_desicion/install/sentry_bt_executor/share/sentry_bt_executor/cmake/sentry_bt_executorConfig.cmake
-- Installing: /home/niuoruo/workspace/sentry/ws/sentry_desicion/install/sentry_bt_executor/share/sentry_bt_executor/cmake/sentry_bt_executorConfig-version.cmake
-- Installing: /home/niuoruo/workspace/sentry/ws/sentry_desicion/install/sentry_bt_executor/share/sentry_bt_executor/package.xml
-- Installing: /home/niuoruo/workspace/sentry/ws/sentry_desicion/install/sentry_bt_executor/share/sentry_bt_executor/launch
-- Installing: /home/niuoruo/workspace/sentry/ws/sentry_desicion/install/sentry_bt_executor/share/sentry_bt_executor/launch/bt_executor.launch.py
-- Installing: /home/niuoruo/workspace/sentry/ws/sentry_desicion/install/sentry_bt_executor/share/sentry_bt_executor/behavior_trees
-- Installing: /home/niuoruo/workspace/sentry/ws/sentry_desicion/install/sentry_bt_executor/share/sentry_bt_executor/behavior_trees/README.md
-- Installing: /home/niuoruo/workspace/sentry/ws/sentry_desicion/install/sentry_bt_executor/share/sentry_bt_executor/behavior_trees/test_rmul.xml
