[0.127s] Invoking command in '/home/niuoruo/workspace/sentry/ws/desicion/build/bringup': CMAKE_PREFIX_PATH=/opt/ros/foxy /usr/bin/cmake /home/niuoruo/workspace/sentry/ws/desicion/src/bringup -DCMAKE_INSTALL_PREFIX=/home/niuoruo/workspace/sentry/ws/desicion/install/bringup
[0.167s] -- The C compiler identification is GNU 9.4.0
[0.207s] -- The CXX compiler identification is GNU 9.4.0
[0.210s] -- Check for working C compiler: /usr/bin/cc
[0.261s] -- Check for working C compiler: /usr/bin/cc -- works
[0.261s] -- Detecting C compiler ABI info
[0.308s] -- Detecting C compiler ABI info - done
[0.316s] -- Detecting C compile features
[0.316s] -- Detecting C compile features - done
[0.317s] -- Check for working CXX compiler: /usr/bin/c++
[0.376s] -- Check for working CXX compiler: /usr/bin/c++ -- works
[0.377s] -- Detecting CXX compiler ABI info
[0.435s] -- Detecting CXX compiler ABI info - done
[0.443s] -- Detecting CXX compile features
[0.443s] -- Detecting CXX compile features - done
[0.445s] -- Found ament_cmake: 0.9.12 (/opt/ros/foxy/share/ament_cmake/cmake)
[0.464s] -- Found PythonInterp: /usr/bin/python3 (found suitable version "3.8.10", minimum required is "3") 
[0.464s] -- Using PYTHON_EXECUTABLE: /usr/bin/python3
[0.632s] -- Found rclcpp: 2.4.3 (/opt/ros/foxy/share/rclcpp/cmake)
[0.667s] -- Using all available rosidl_typesupport_c: rosidl_typesupport_fastrtps_c;rosidl_typesupport_introspection_c
[0.672s] -- Found rosidl_adapter: 1.3.1 (/opt/ros/foxy/share/rosidl_adapter/cmake)
[0.737s] -- Found OpenSSL: /usr/lib/x86_64-linux-gnu/libcrypto.so (found version "1.1.1f")  
[0.762s] -- Found FastRTPS: /opt/ros/foxy/include  
[0.824s] -- Using all available rosidl_typesupport_cpp: rosidl_typesupport_fastrtps_cpp;rosidl_typesupport_introspection_cpp
[0.865s] -- Found rmw_implementation_cmake: 1.0.4 (/opt/ros/foxy/share/rmw_implementation_cmake/cmake)
[0.866s] -- Using RMW implementation 'rmw_fastrtps_cpp' as default
[0.867s] -- Looking for pthread.h
[0.924s] -- Looking for pthread.h - found
[0.924s] -- Performing Test CMAKE_HAVE_LIBC_PTHREAD
[0.990s] -- Performing Test CMAKE_HAVE_LIBC_PTHREAD - Failed
[0.990s] -- Looking for pthread_create in pthreads
[1.037s] -- Looking for pthread_create in pthreads - not found
[1.038s] -- Looking for pthread_create in pthread
[1.097s] -- Looking for pthread_create in pthread - found
[1.098s] -- Found Threads: TRUE  
[1.228s] -- Found nav2_bringup: 0.4.7 (/opt/ros/foxy/share/nav2_bringup/cmake)
[1.229s] -- Found ament_lint_auto: 0.9.8 (/opt/ros/foxy/share/ament_lint_auto/cmake)
[1.285s] -- Added test 'copyright' to check source files copyright and LICENSE
[1.286s] -- Added test 'flake8' to check Python code syntax and style conventions
[1.286s] -- Added test 'lint_cmake' to check CMake code style
[1.287s] -- Added test 'pep257' to check Python code against some of the style conventions in PEP 257
[1.287s] -- Added test 'xmllint' to check XML markup files
[1.289s] -- Configuring done
[1.291s] -- Generating done
[1.291s] -- Build files have been written to: /home/niuoruo/workspace/sentry/ws/desicion/build/bringup
[1.299s] Invoked command in '/home/niuoruo/workspace/sentry/ws/desicion/build/bringup' returned '0': CMAKE_PREFIX_PATH=/opt/ros/foxy /usr/bin/cmake /home/niuoruo/workspace/sentry/ws/desicion/src/bringup -DCMAKE_INSTALL_PREFIX=/home/niuoruo/workspace/sentry/ws/desicion/install/bringup
[1.301s] Invoking command in '/home/niuoruo/workspace/sentry/ws/desicion/build/bringup': CMAKE_PREFIX_PATH=/opt/ros/foxy /usr/bin/cmake --build /home/niuoruo/workspace/sentry/ws/desicion/build/bringup -- -j16 -l16
[1.334s] Invoked command in '/home/niuoruo/workspace/sentry/ws/desicion/build/bringup' returned '0': CMAKE_PREFIX_PATH=/opt/ros/foxy /usr/bin/cmake --build /home/niuoruo/workspace/sentry/ws/desicion/build/bringup -- -j16 -l16
[1.362s] Invoking command in '/home/niuoruo/workspace/sentry/ws/desicion/build/bringup': CMAKE_PREFIX_PATH=/opt/ros/foxy /usr/bin/cmake --install /home/niuoruo/workspace/sentry/ws/desicion/build/bringup
[1.369s] -- Install configuration: ""
[1.370s] -- Installing: /home/niuoruo/workspace/sentry/ws/desicion/install/bringup/share/bringup/launch
[1.370s] -- Installing: /home/niuoruo/workspace/sentry/ws/desicion/install/bringup/share/bringup/launch/start.launch1.py
[1.370s] -- Installing: /home/niuoruo/workspace/sentry/ws/desicion/install/bringup/share/bringup/launch/start.launch.py
[1.370s] -- Installing: /home/niuoruo/workspace/sentry/ws/desicion/install/bringup/share/bringup/launch/mapping.launch.py
[1.370s] -- Installing: /home/niuoruo/workspace/sentry/ws/desicion/install/bringup/share/ament_index/resource_index/package_run_dependencies/bringup
[1.370s] -- Installing: /home/niuoruo/workspace/sentry/ws/desicion/install/bringup/share/ament_index/resource_index/parent_prefix_path/bringup
[1.370s] -- Installing: /home/niuoruo/workspace/sentry/ws/desicion/install/bringup/share/bringup/environment/ament_prefix_path.sh
[1.370s] -- Installing: /home/niuoruo/workspace/sentry/ws/desicion/install/bringup/share/bringup/environment/ament_prefix_path.dsv
[1.370s] -- Installing: /home/niuoruo/workspace/sentry/ws/desicion/install/bringup/share/bringup/environment/path.sh
[1.370s] -- Installing: /home/niuoruo/workspace/sentry/ws/desicion/install/bringup/share/bringup/environment/path.dsv
[1.371s] -- Installing: /home/niuoruo/workspace/sentry/ws/desicion/install/bringup/share/bringup/local_setup.bash
[1.371s] -- Installing: /home/niuoruo/workspace/sentry/ws/desicion/install/bringup/share/bringup/local_setup.sh
[1.371s] -- Installing: /home/niuoruo/workspace/sentry/ws/desicion/install/bringup/share/bringup/local_setup.zsh
[1.371s] -- Installing: /home/niuoruo/workspace/sentry/ws/desicion/install/bringup/share/bringup/local_setup.dsv
[1.371s] -- Installing: /home/niuoruo/workspace/sentry/ws/desicion/install/bringup/share/bringup/package.dsv
[1.371s] -- Installing: /home/niuoruo/workspace/sentry/ws/desicion/install/bringup/share/ament_index/resource_index/packages/bringup
[1.371s] -- Installing: /home/niuoruo/workspace/sentry/ws/desicion/install/bringup/share/bringup/cmake/bringupConfig.cmake
[1.371s] -- Installing: /home/niuoruo/workspace/sentry/ws/desicion/install/bringup/share/bringup/cmake/bringupConfig-version.cmake
[1.372s] -- Installing: /home/niuoruo/workspace/sentry/ws/desicion/install/bringup/share/bringup/package.xml
[1.373s] Invoked command in '/home/niuoruo/workspace/sentry/ws/desicion/build/bringup' returned '0': CMAKE_PREFIX_PATH=/opt/ros/foxy /usr/bin/cmake --install /home/niuoruo/workspace/sentry/ws/desicion/build/bringup
