[0.123s] Invoking command in '/home/niuoruo/workspace/sentry/ws/sentry_desicion/build/bringup': CMAKE_PREFIX_PATH=/opt/ros/foxy /usr/bin/cmake /home/niuoruo/workspace/sentry/ws/sentry_desicion/src/bringup -DCMAKE_INSTALL_PREFIX=/home/niuoruo/workspace/sentry/ws/sentry_desicion/install/bringup
[0.163s] -- The C compiler identification is GNU 9.4.0
[0.208s] -- The CXX compiler identification is GNU 9.4.0
[0.212s] -- Check for working C compiler: /usr/bin/cc
[0.266s] -- Check for working C compiler: /usr/bin/cc -- works
[0.267s] -- Detecting C compiler ABI info
[0.322s] -- Detecting C compiler ABI info - done
[0.330s] -- Detecting C compile features
[0.330s] -- Detecting C compile features - done
[0.332s] -- Check for working CXX compiler: /usr/bin/c++
[0.394s] -- Check for working CXX compiler: /usr/bin/c++ -- works
[0.395s] -- Detecting CXX compiler ABI info
[0.457s] -- Detecting CXX compiler ABI info - done
[0.468s] -- Detecting CXX compile features
[0.469s] -- Detecting CXX compile features - done
[0.470s] -- Found ament_cmake: 0.9.12 (/opt/ros/foxy/share/ament_cmake/cmake)
[0.489s] -- Found PythonInterp: /usr/bin/python3 (found suitable version "3.8.10", minimum required is "3") 
[0.489s] -- Using PYTHON_EXECUTABLE: /usr/bin/python3
[0.672s] -- Found rclcpp: 2.4.3 (/opt/ros/foxy/share/rclcpp/cmake)
[0.706s] -- Using all available rosidl_typesupport_c: rosidl_typesupport_fastrtps_c;rosidl_typesupport_introspection_c
[0.710s] -- Found rosidl_adapter: 1.3.1 (/opt/ros/foxy/share/rosidl_adapter/cmake)
[0.779s] -- Found OpenSSL: /usr/lib/x86_64-linux-gnu/libcrypto.so (found version "1.1.1f")  
[0.806s] -- Found FastRTPS: /opt/ros/foxy/include  
[0.869s] -- Using all available rosidl_typesupport_cpp: rosidl_typesupport_fastrtps_cpp;rosidl_typesupport_introspection_cpp
[0.911s] -- Found rmw_implementation_cmake: 1.0.4 (/opt/ros/foxy/share/rmw_implementation_cmake/cmake)
[0.912s] -- Using RMW implementation 'rmw_fastrtps_cpp' as default
[0.913s] -- Looking for pthread.h
[0.972s] -- Looking for pthread.h - found
[0.972s] -- Performing Test CMAKE_HAVE_LIBC_PTHREAD
[1.036s] -- Performing Test CMAKE_HAVE_LIBC_PTHREAD - Failed
[1.036s] -- Looking for pthread_create in pthreads
[1.084s] -- Looking for pthread_create in pthreads - not found
[1.084s] -- Looking for pthread_create in pthread
[1.144s] -- Looking for pthread_create in pthread - found
[1.145s] -- Found Threads: TRUE  
[1.259s] -- Found nav2_bringup: 0.4.7 (/opt/ros/foxy/share/nav2_bringup/cmake)
[1.260s] -- Found ament_lint_auto: 0.9.8 (/opt/ros/foxy/share/ament_lint_auto/cmake)
[1.322s] -- Added test 'copyright' to check source files copyright and LICENSE
[1.324s] -- Added test 'flake8' to check Python code syntax and style conventions
[1.324s] -- Added test 'lint_cmake' to check CMake code style
[1.325s] -- Added test 'pep257' to check Python code against some of the style conventions in PEP 257
[1.326s] -- Added test 'xmllint' to check XML markup files
[1.329s] -- Configuring done
[1.332s] -- Generating done
[1.334s] -- Build files have been written to: /home/niuoruo/workspace/sentry/ws/sentry_desicion/build/bringup
[1.342s] Invoked command in '/home/niuoruo/workspace/sentry/ws/sentry_desicion/build/bringup' returned '0': CMAKE_PREFIX_PATH=/opt/ros/foxy /usr/bin/cmake /home/niuoruo/workspace/sentry/ws/sentry_desicion/src/bringup -DCMAKE_INSTALL_PREFIX=/home/niuoruo/workspace/sentry/ws/sentry_desicion/install/bringup
[1.344s] Invoking command in '/home/niuoruo/workspace/sentry/ws/sentry_desicion/build/bringup': CMAKE_PREFIX_PATH=/opt/ros/foxy /usr/bin/cmake --build /home/niuoruo/workspace/sentry/ws/sentry_desicion/build/bringup -- -j16 -l16
[1.382s] Invoked command in '/home/niuoruo/workspace/sentry/ws/sentry_desicion/build/bringup' returned '0': CMAKE_PREFIX_PATH=/opt/ros/foxy /usr/bin/cmake --build /home/niuoruo/workspace/sentry/ws/sentry_desicion/build/bringup -- -j16 -l16
[1.411s] Invoking command in '/home/niuoruo/workspace/sentry/ws/sentry_desicion/build/bringup': CMAKE_PREFIX_PATH=/opt/ros/foxy /usr/bin/cmake --install /home/niuoruo/workspace/sentry/ws/sentry_desicion/build/bringup
[1.418s] -- Install configuration: ""
[1.418s] -- Installing: /home/niuoruo/workspace/sentry/ws/sentry_desicion/install/bringup/share/bringup/launch
[1.418s] -- Installing: /home/niuoruo/workspace/sentry/ws/sentry_desicion/install/bringup/share/bringup/launch/start.launch1.py
[1.418s] -- Installing: /home/niuoruo/workspace/sentry/ws/sentry_desicion/install/bringup/share/bringup/launch/start.launch.py
[1.418s] -- Installing: /home/niuoruo/workspace/sentry/ws/sentry_desicion/install/bringup/share/bringup/launch/mapping.launch.py
[1.418s] -- Installing: /home/niuoruo/workspace/sentry/ws/sentry_desicion/install/bringup/share/ament_index/resource_index/package_run_dependencies/bringup
[1.418s] -- Installing: /home/niuoruo/workspace/sentry/ws/sentry_desicion/install/bringup/share/ament_index/resource_index/parent_prefix_path/bringup
[1.418s] -- Installing: /home/niuoruo/workspace/sentry/ws/sentry_desicion/install/bringup/share/bringup/environment/ament_prefix_path.sh
[1.419s] -- Installing: /home/niuoruo/workspace/sentry/ws/sentry_desicion/install/bringup/share/bringup/environment/ament_prefix_path.dsv
[1.419s] -- Installing: /home/niuoruo/workspace/sentry/ws/sentry_desicion/install/bringup/share/bringup/environment/path.sh
[1.419s] -- Installing: /home/niuoruo/workspace/sentry/ws/sentry_desicion/install/bringup/share/bringup/environment/path.dsv
[1.419s] -- Installing: /home/niuoruo/workspace/sentry/ws/sentry_desicion/install/bringup/share/bringup/local_setup.bash
[1.419s] -- Installing: /home/niuoruo/workspace/sentry/ws/sentry_desicion/install/bringup/share/bringup/local_setup.sh
[1.419s] -- Installing: /home/niuoruo/workspace/sentry/ws/sentry_desicion/install/bringup/share/bringup/local_setup.zsh
[1.419s] -- Installing: /home/niuoruo/workspace/sentry/ws/sentry_desicion/install/bringup/share/bringup/local_setup.dsv
[1.419s] -- Installing: /home/niuoruo/workspace/sentry/ws/sentry_desicion/install/bringup/share/bringup/package.dsv
[1.420s] -- Installing: /home/niuoruo/workspace/sentry/ws/sentry_desicion/install/bringup/share/ament_index/resource_index/packages/bringup
[1.420s] -- Installing: /home/niuoruo/workspace/sentry/ws/sentry_desicion/install/bringup/share/bringup/cmake/bringupConfig.cmake
[1.420s] -- Installing: /home/niuoruo/workspace/sentry/ws/sentry_desicion/install/bringup/share/bringup/cmake/bringupConfig-version.cmake
[1.420s] -- Installing: /home/niuoruo/workspace/sentry/ws/sentry_desicion/install/bringup/share/bringup/package.xml
[1.421s] Invoked command in '/home/niuoruo/workspace/sentry/ws/sentry_desicion/build/bringup' returned '0': CMAKE_PREFIX_PATH=/opt/ros/foxy /usr/bin/cmake --install /home/niuoruo/workspace/sentry/ws/sentry_desicion/build/bringup
