[0.471s] Invoking command in '/home/niuoruo/workspace/sentry/ws/sentry_desicion/build/sentry_behavior_tree': AMENT_PREFIX_PATH=/home/niuoruo/workspace/sentry/ws/sentry_desicion/install/sentry_srvs:/home/niuoruo/workspace/sentry/ws/sentry_desicion/install/sentry_interfaces:${AMENT_PREFIX_PATH} CMAKE_PREFIX_PATH=/home/niuoruo/workspace/sentry/ws/sentry_desicion/install/sentry_srvs:/home/niuoruo/workspace/sentry/ws/sentry_desicion/install/sentry_interfaces:/opt/ros/foxy LD_LIBRARY_PATH=/home/niuoruo/workspace/sentry/ws/sentry_desicion/install/sentry_srvs/lib:/home/niuoruo/workspace/sentry/ws/sentry_desicion/install/sentry_interfaces/lib:/opt/ros/foxy/opt/yaml_cpp_vendor/lib:/opt/ros/foxy/opt/rviz_ogre_vendor/lib:/opt/ros/foxy/lib/x86_64-linux-gnu:/opt/ros/foxy/lib:/usr/local/cuda-11.4/lib64:/usr/local/cuda-11.4/extras/CUPTI/lib64:/home/niuoruo/bag/TensorRT/TensorRT-8.2.3.0.Linux.x86_64-gnu.cuda-11.4.cudnn8.2/TensorRT-8.2.3.0/lib PYTHONPATH=/home/niuoruo/workspace/sentry/ws/sentry_desicion/install/sentry_srvs/lib/python3.8/site-packages:/home/niuoruo/workspace/sentry/ws/sentry_desicion/install/sentry_interfaces/lib/python3.8/site-packages:${PYTHONPATH} /usr/bin/cmake --build /home/niuoruo/workspace/sentry/ws/sentry_desicion/build/sentry_behavior_tree -- -j16 -l16
[0.514s] [35m[1mScanning dependencies of target set_target_bt_node[0m
[0.527s] [ 11%] Built target air_force_condition_bt_node
[0.529s] [ 27%] Built target outpost_survives_condition_bt_node
[0.530s] [ 33%] Built target low_hp_condition_bt_node
[0.530s] [ 44%] Built target game_start_condition_bt_node
[0.532s] [ 55%] Built target base_unfolds_condition_bt_node
[0.532s] [ 66%] Built target rmul_go_supply_bt_node
[0.533s] [ 77%] Built target go_back_bt_node
[0.534s] [ 88%] Built target rmul_patrol_bt_node
[0.541s] [ 94%] [32mBuilding CXX object CMakeFiles/set_target_bt_node.dir/plugins/service/set_target_service.cpp.o[0m
[3.070s] [100%] [32m[1mLinking CXX shared library libset_target_bt_node.so[0m
[3.252s] [100%] Built target set_target_bt_node
[3.262s] Invoked command in '/home/niuoruo/workspace/sentry/ws/sentry_desicion/build/sentry_behavior_tree' returned '0': AMENT_PREFIX_PATH=/home/niuoruo/workspace/sentry/ws/sentry_desicion/install/sentry_srvs:/home/niuoruo/workspace/sentry/ws/sentry_desicion/install/sentry_interfaces:${AMENT_PREFIX_PATH} CMAKE_PREFIX_PATH=/home/niuoruo/workspace/sentry/ws/sentry_desicion/install/sentry_srvs:/home/niuoruo/workspace/sentry/ws/sentry_desicion/install/sentry_interfaces:/opt/ros/foxy LD_LIBRARY_PATH=/home/niuoruo/workspace/sentry/ws/sentry_desicion/install/sentry_srvs/lib:/home/niuoruo/workspace/sentry/ws/sentry_desicion/install/sentry_interfaces/lib:/opt/ros/foxy/opt/yaml_cpp_vendor/lib:/opt/ros/foxy/opt/rviz_ogre_vendor/lib:/opt/ros/foxy/lib/x86_64-linux-gnu:/opt/ros/foxy/lib:/usr/local/cuda-11.4/lib64:/usr/local/cuda-11.4/extras/CUPTI/lib64:/home/niuoruo/bag/TensorRT/TensorRT-8.2.3.0.Linux.x86_64-gnu.cuda-11.4.cudnn8.2/TensorRT-8.2.3.0/lib PYTHONPATH=/home/niuoruo/workspace/sentry/ws/sentry_desicion/install/sentry_srvs/lib/python3.8/site-packages:/home/niuoruo/workspace/sentry/ws/sentry_desicion/install/sentry_interfaces/lib/python3.8/site-packages:${PYTHONPATH} /usr/bin/cmake --build /home/niuoruo/workspace/sentry/ws/sentry_desicion/build/sentry_behavior_tree -- -j16 -l16
[3.327s] Invoking command in '/home/niuoruo/workspace/sentry/ws/sentry_desicion/build/sentry_behavior_tree': AMENT_PREFIX_PATH=/home/niuoruo/workspace/sentry/ws/sentry_desicion/install/sentry_srvs:/home/niuoruo/workspace/sentry/ws/sentry_desicion/install/sentry_interfaces:${AMENT_PREFIX_PATH} CMAKE_PREFIX_PATH=/home/niuoruo/workspace/sentry/ws/sentry_desicion/install/sentry_srvs:/home/niuoruo/workspace/sentry/ws/sentry_desicion/install/sentry_interfaces:/opt/ros/foxy LD_LIBRARY_PATH=/home/niuoruo/workspace/sentry/ws/sentry_desicion/install/sentry_srvs/lib:/home/niuoruo/workspace/sentry/ws/sentry_desicion/install/sentry_interfaces/lib:/opt/ros/foxy/opt/yaml_cpp_vendor/lib:/opt/ros/foxy/opt/rviz_ogre_vendor/lib:/opt/ros/foxy/lib/x86_64-linux-gnu:/opt/ros/foxy/lib:/usr/local/cuda-11.4/lib64:/usr/local/cuda-11.4/extras/CUPTI/lib64:/home/niuoruo/bag/TensorRT/TensorRT-8.2.3.0.Linux.x86_64-gnu.cuda-11.4.cudnn8.2/TensorRT-8.2.3.0/lib PYTHONPATH=/home/niuoruo/workspace/sentry/ws/sentry_desicion/install/sentry_srvs/lib/python3.8/site-packages:/home/niuoruo/workspace/sentry/ws/sentry_desicion/install/sentry_interfaces/lib/python3.8/site-packages:${PYTHONPATH} /usr/bin/cmake --install /home/niuoruo/workspace/sentry/ws/sentry_desicion/build/sentry_behavior_tree
[3.339s] -- Install configuration: ""
[3.339s] -- Installing: /home/niuoruo/workspace/sentry/ws/sentry_desicion/install/sentry_behavior_tree/lib/libgo_back_bt_node.so
[3.342s] -- Set runtime path of "/home/niuoruo/workspace/sentry/ws/sentry_desicion/install/sentry_behavior_tree/lib/libgo_back_bt_node.so" to ""
[3.342s] -- Installing: /home/niuoruo/workspace/sentry/ws/sentry_desicion/install/sentry_behavior_tree/lib/librmul_patrol_bt_node.so
[3.344s] -- Set runtime path of "/home/niuoruo/workspace/sentry/ws/sentry_desicion/install/sentry_behavior_tree/lib/librmul_patrol_bt_node.so" to ""
[3.344s] -- Installing: /home/niuoruo/workspace/sentry/ws/sentry_desicion/install/sentry_behavior_tree/lib/librmul_go_supply_bt_node.so
[3.345s] -- Set runtime path of "/home/niuoruo/workspace/sentry/ws/sentry_desicion/install/sentry_behavior_tree/lib/librmul_go_supply_bt_node.so" to ""
[3.345s] -- Installing: /home/niuoruo/workspace/sentry/ws/sentry_desicion/install/sentry_behavior_tree/lib/libset_target_bt_node.so
[3.346s] -- Set runtime path of "/home/niuoruo/workspace/sentry/ws/sentry_desicion/install/sentry_behavior_tree/lib/libset_target_bt_node.so" to ""
[3.346s] -- Installing: /home/niuoruo/workspace/sentry/ws/sentry_desicion/install/sentry_behavior_tree/lib/libair_force_condition_bt_node.so
[3.346s] -- Set runtime path of "/home/niuoruo/workspace/sentry/ws/sentry_desicion/install/sentry_behavior_tree/lib/libair_force_condition_bt_node.so" to ""
[3.347s] -- Installing: /home/niuoruo/workspace/sentry/ws/sentry_desicion/install/sentry_behavior_tree/lib/libbase_unfolds_condition_bt_node.so
[3.347s] -- Set runtime path of "/home/niuoruo/workspace/sentry/ws/sentry_desicion/install/sentry_behavior_tree/lib/libbase_unfolds_condition_bt_node.so" to ""
[3.347s] -- Installing: /home/niuoruo/workspace/sentry/ws/sentry_desicion/install/sentry_behavior_tree/lib/libgame_start_condition_bt_node.so
[3.348s] -- Set runtime path of "/home/niuoruo/workspace/sentry/ws/sentry_desicion/install/sentry_behavior_tree/lib/libgame_start_condition_bt_node.so" to ""
[3.348s] -- Installing: /home/niuoruo/workspace/sentry/ws/sentry_desicion/install/sentry_behavior_tree/lib/liblow_hp_condition_bt_node.so
[3.348s] -- Set runtime path of "/home/niuoruo/workspace/sentry/ws/sentry_desicion/install/sentry_behavior_tree/lib/liblow_hp_condition_bt_node.so" to ""
[3.348s] -- Installing: /home/niuoruo/workspace/sentry/ws/sentry_desicion/install/sentry_behavior_tree/lib/liboutpost_survives_condition_bt_node.so
[3.349s] -- Set runtime path of "/home/niuoruo/workspace/sentry/ws/sentry_desicion/install/sentry_behavior_tree/lib/liboutpost_survives_condition_bt_node.so" to ""
[3.349s] -- Installing: /home/niuoruo/workspace/sentry/ws/sentry_desicion/install/sentry_behavior_tree/include/
[3.349s] -- Installing: /home/niuoruo/workspace/sentry/ws/sentry_desicion/install/sentry_behavior_tree/include//sentry_behavior_tree
[3.349s] -- Installing: /home/niuoruo/workspace/sentry/ws/sentry_desicion/install/sentry_behavior_tree/include//sentry_behavior_tree/plugins
[3.349s] -- Installing: /home/niuoruo/workspace/sentry/ws/sentry_desicion/install/sentry_behavior_tree/include//sentry_behavior_tree/plugins/service
[3.349s] -- Installing: /home/niuoruo/workspace/sentry/ws/sentry_desicion/install/sentry_behavior_tree/include//sentry_behavior_tree/plugins/service/rmul_go_supply_service.hpp
[3.349s] -- Installing: /home/niuoruo/workspace/sentry/ws/sentry_desicion/install/sentry_behavior_tree/include//sentry_behavior_tree/plugins/service/set_target_service.hpp
[3.349s] -- Installing: /home/niuoruo/workspace/sentry/ws/sentry_desicion/install/sentry_behavior_tree/include//sentry_behavior_tree/plugins/service/rmul_patrol_service.hpp
[3.349s] -- Installing: /home/niuoruo/workspace/sentry/ws/sentry_desicion/install/sentry_behavior_tree/include//sentry_behavior_tree/plugins/service/go_back_service.hpp
[3.349s] -- Installing: /home/niuoruo/workspace/sentry/ws/sentry_desicion/install/sentry_behavior_tree/include//sentry_behavior_tree/plugins/action
[3.349s] -- Installing: /home/niuoruo/workspace/sentry/ws/sentry_desicion/install/sentry_behavior_tree/include//sentry_behavior_tree/plugins/control
[3.349s] -- Installing: /home/niuoruo/workspace/sentry/ws/sentry_desicion/install/sentry_behavior_tree/include//sentry_behavior_tree/plugins/decorator
[3.350s] -- Installing: /home/niuoruo/workspace/sentry/ws/sentry_desicion/install/sentry_behavior_tree/include//sentry_behavior_tree/plugins/condition
[3.350s] -- Installing: /home/niuoruo/workspace/sentry/ws/sentry_desicion/install/sentry_behavior_tree/include//sentry_behavior_tree/plugins/condition/game_start_condition.hpp
[3.350s] -- Installing: /home/niuoruo/workspace/sentry/ws/sentry_desicion/install/sentry_behavior_tree/include//sentry_behavior_tree/plugins/condition/outpost_survives_condition.hpp
[3.350s] -- Installing: /home/niuoruo/workspace/sentry/ws/sentry_desicion/install/sentry_behavior_tree/include//sentry_behavior_tree/plugins/condition/air_force_condition.hpp
[3.350s] -- Installing: /home/niuoruo/workspace/sentry/ws/sentry_desicion/install/sentry_behavior_tree/include//sentry_behavior_tree/plugins/condition/base_unfolds_condition.hpp
[3.350s] -- Installing: /home/niuoruo/workspace/sentry/ws/sentry_desicion/install/sentry_behavior_tree/include//sentry_behavior_tree/plugins/condition/low_hp_condition.hpp
[3.350s] -- Installing: /home/niuoruo/workspace/sentry/ws/sentry_desicion/install/sentry_behavior_tree/include//bt_engine.hpp
[3.350s] -- Installing: /home/niuoruo/workspace/sentry/ws/sentry_desicion/install/sentry_behavior_tree/share/sentry_behavior_tree/sentry_tree_nodes.xml
[3.350s] -- Installing: /home/niuoruo/workspace/sentry/ws/sentry_desicion/install/sentry_behavior_tree/share/sentry_behavior_tree/environment/library_path.sh
[3.350s] -- Installing: /home/niuoruo/workspace/sentry/ws/sentry_desicion/install/sentry_behavior_tree/share/sentry_behavior_tree/environment/library_path.dsv
[3.350s] -- Installing: /home/niuoruo/workspace/sentry/ws/sentry_desicion/install/sentry_behavior_tree/share/ament_index/resource_index/package_run_dependencies/sentry_behavior_tree
[3.350s] -- Installing: /home/niuoruo/workspace/sentry/ws/sentry_desicion/install/sentry_behavior_tree/share/ament_index/resource_index/parent_prefix_path/sentry_behavior_tree
[3.351s] -- Installing: /home/niuoruo/workspace/sentry/ws/sentry_desicion/install/sentry_behavior_tree/share/sentry_behavior_tree/environment/ament_prefix_path.sh
[3.351s] -- Installing: /home/niuoruo/workspace/sentry/ws/sentry_desicion/install/sentry_behavior_tree/share/sentry_behavior_tree/environment/ament_prefix_path.dsv
[3.351s] -- Installing: /home/niuoruo/workspace/sentry/ws/sentry_desicion/install/sentry_behavior_tree/share/sentry_behavior_tree/environment/path.sh
[3.351s] -- Installing: /home/niuoruo/workspace/sentry/ws/sentry_desicion/install/sentry_behavior_tree/share/sentry_behavior_tree/environment/path.dsv
[3.351s] -- Installing: /home/niuoruo/workspace/sentry/ws/sentry_desicion/install/sentry_behavior_tree/share/sentry_behavior_tree/local_setup.bash
[3.351s] -- Installing: /home/niuoruo/workspace/sentry/ws/sentry_desicion/install/sentry_behavior_tree/share/sentry_behavior_tree/local_setup.sh
[3.351s] -- Installing: /home/niuoruo/workspace/sentry/ws/sentry_desicion/install/sentry_behavior_tree/share/sentry_behavior_tree/local_setup.zsh
[3.351s] -- Installing: /home/niuoruo/workspace/sentry/ws/sentry_desicion/install/sentry_behavior_tree/share/sentry_behavior_tree/local_setup.dsv
[3.351s] -- Installing: /home/niuoruo/workspace/sentry/ws/sentry_desicion/install/sentry_behavior_tree/share/sentry_behavior_tree/package.dsv
[3.352s] -- Installing: /home/niuoruo/workspace/sentry/ws/sentry_desicion/install/sentry_behavior_tree/share/ament_index/resource_index/packages/sentry_behavior_tree
[3.352s] -- Installing: /home/niuoruo/workspace/sentry/ws/sentry_desicion/install/sentry_behavior_tree/share/sentry_behavior_tree/cmake/ament_cmake_export_include_directories-extras.cmake
[3.352s] -- Installing: /home/niuoruo/workspace/sentry/ws/sentry_desicion/install/sentry_behavior_tree/share/sentry_behavior_tree/cmake/ament_cmake_export_libraries-extras.cmake
[3.352s] -- Installing: /home/niuoruo/workspace/sentry/ws/sentry_desicion/install/sentry_behavior_tree/share/sentry_behavior_tree/cmake/ament_cmake_export_dependencies-extras.cmake
[3.352s] -- Installing: /home/niuoruo/workspace/sentry/ws/sentry_desicion/install/sentry_behavior_tree/share/sentry_behavior_tree/cmake/sentry_behavior_treeConfig.cmake
[3.352s] -- Installing: /home/niuoruo/workspace/sentry/ws/sentry_desicion/install/sentry_behavior_tree/share/sentry_behavior_tree/cmake/sentry_behavior_treeConfig-version.cmake
[3.352s] -- Installing: /home/niuoruo/workspace/sentry/ws/sentry_desicion/install/sentry_behavior_tree/share/sentry_behavior_tree/package.xml
[3.354s] Invoked command in '/home/niuoruo/workspace/sentry/ws/sentry_desicion/build/sentry_behavior_tree' returned '0': AMENT_PREFIX_PATH=/home/niuoruo/workspace/sentry/ws/sentry_desicion/install/sentry_srvs:/home/niuoruo/workspace/sentry/ws/sentry_desicion/install/sentry_interfaces:${AMENT_PREFIX_PATH} CMAKE_PREFIX_PATH=/home/niuoruo/workspace/sentry/ws/sentry_desicion/install/sentry_srvs:/home/niuoruo/workspace/sentry/ws/sentry_desicion/install/sentry_interfaces:/opt/ros/foxy LD_LIBRARY_PATH=/home/niuoruo/workspace/sentry/ws/sentry_desicion/install/sentry_srvs/lib:/home/niuoruo/workspace/sentry/ws/sentry_desicion/install/sentry_interfaces/lib:/opt/ros/foxy/opt/yaml_cpp_vendor/lib:/opt/ros/foxy/opt/rviz_ogre_vendor/lib:/opt/ros/foxy/lib/x86_64-linux-gnu:/opt/ros/foxy/lib:/usr/local/cuda-11.4/lib64:/usr/local/cuda-11.4/extras/CUPTI/lib64:/home/niuoruo/bag/TensorRT/TensorRT-8.2.3.0.Linux.x86_64-gnu.cuda-11.4.cudnn8.2/TensorRT-8.2.3.0/lib PYTHONPATH=/home/niuoruo/workspace/sentry/ws/sentry_desicion/install/sentry_srvs/lib/python3.8/site-packages:/home/niuoruo/workspace/sentry/ws/sentry_desicion/install/sentry_interfaces/lib/python3.8/site-packages:${PYTHONPATH} /usr/bin/cmake --install /home/niuoruo/workspace/sentry/ws/sentry_desicion/build/sentry_behavior_tree
