[0.441s] Invoking command in '/home/niuoruo/workspace/sentry/ws/desicion/build/sentry_interfaces': CMAKE_PREFIX_PATH=/opt/ros/foxy /usr/bin/cmake /home/niuoruo/workspace/sentry/ws/desicion/src/sentry_interfaces -DCMAKE_INSTALL_PREFIX=/home/niuoruo/workspace/sentry/ws/desicion/install/sentry_interfaces
[0.490s] -- The C compiler identification is GNU 9.4.0
[0.529s] -- The CXX compiler identification is GNU 9.4.0
[0.533s] -- Check for working C compiler: /usr/bin/cc
[0.588s] -- Check for working C compiler: /usr/bin/cc -- works
[0.588s] -- Detecting C compiler ABI info
[0.633s] -- Detecting C compiler ABI info - done
[0.641s] -- Detecting C compile features
[0.642s] -- Detecting C compile features - done
[0.643s] -- Check for working CXX compiler: /usr/bin/c++
[0.702s] -- Check for working CXX compiler: /usr/bin/c++ -- works
[0.703s] -- Detecting CXX compiler ABI info
[0.761s] -- Detecting CXX compiler ABI info - done
[0.769s] -- Detecting CXX compile features
[0.770s] -- Detecting CXX compile features - done
[0.771s] -- Found ament_cmake: 0.9.12 (/opt/ros/foxy/share/ament_cmake/cmake)
[0.793s] -- Found PythonInterp: /usr/bin/python3 (found suitable version "3.8.10", minimum required is "3") 
[0.793s] -- Using PYTHON_EXECUTABLE: /usr/bin/python3
[0.956s] -- Found rosidl_default_generators: 1.0.1 (/opt/ros/foxy/share/rosidl_default_generators/cmake)
[0.958s] -- Using all available rosidl_typesupport_c: rosidl_typesupport_fastrtps_c;rosidl_typesupport_introspection_c
[0.964s] -- Found rosidl_adapter: 1.3.1 (/opt/ros/foxy/share/rosidl_adapter/cmake)
[1.060s] -- Found OpenSSL: /usr/lib/x86_64-linux-gnu/libcrypto.so (found version "1.1.1f")  
[1.086s] -- Found FastRTPS: /opt/ros/foxy/include  
[1.148s] -- Using all available rosidl_typesupport_cpp: rosidl_typesupport_fastrtps_cpp;rosidl_typesupport_introspection_cpp
[1.167s] -- Found geometry_msgs: 2.0.5 (/opt/ros/foxy/share/geometry_msgs/cmake)
[1.238s] -- Found PythonInterp: /usr/bin/python3 (found version "3.8.10") 
[1.385s] -- Found ament_cmake_ros: 0.9.2 (/opt/ros/foxy/share/ament_cmake_ros/cmake)
[1.573s] -- Using all available rosidl_typesupport_c: rosidl_typesupport_fastrtps_c;rosidl_typesupport_introspection_c
[1.653s] -- Using all available rosidl_typesupport_cpp: rosidl_typesupport_fastrtps_cpp;rosidl_typesupport_introspection_cpp
[1.673s] -- Found PythonInterp: /usr/bin/python3 (found suitable version "3.8.10", minimum required is "3.5") 
[1.674s] -- Found python_cmake_module: 0.8.1 (/opt/ros/foxy/share/python_cmake_module/cmake)
[1.695s] -- Found PythonLibs: /usr/lib/x86_64-linux-gnu/libpython3.8.so (found suitable version "3.8.10", minimum required is "3.5") 
[1.695s] -- Using PYTHON_EXECUTABLE: /usr/bin/python3
[1.695s] -- Using PYTHON_INCLUDE_DIRS: /usr/include/python3.8
[1.695s] -- Using PYTHON_LIBRARIES: /usr/lib/x86_64-linux-gnu/libpython3.8.so
[1.723s] -- Found PythonExtra: .so  
[1.809s] -- Found ament_lint_auto: 0.9.8 (/opt/ros/foxy/share/ament_lint_auto/cmake)
[1.830s] -- Added test 'copyright' to check source files copyright and LICENSE
[1.833s] -- Added test 'lint_cmake' to check CMake code style
[1.836s] -- Added test 'xmllint' to check XML markup files
[1.839s] -- Configuring done
[1.893s] -- Generating done
[1.898s] -- Build files have been written to: /home/niuoruo/workspace/sentry/ws/desicion/build/sentry_interfaces
[2.048s] Invoked command in '/home/niuoruo/workspace/sentry/ws/desicion/build/sentry_interfaces' returned '0': CMAKE_PREFIX_PATH=/opt/ros/foxy /usr/bin/cmake /home/niuoruo/workspace/sentry/ws/desicion/src/sentry_interfaces -DCMAKE_INSTALL_PREFIX=/home/niuoruo/workspace/sentry/ws/desicion/install/sentry_interfaces
[2.050s] Invoking command in '/home/niuoruo/workspace/sentry/ws/desicion/build/sentry_interfaces': CMAKE_PREFIX_PATH=/opt/ros/foxy /usr/bin/cmake --build /home/niuoruo/workspace/sentry/ws/desicion/build/sentry_interfaces -- -j16 -l16
[2.086s] [35m[1mScanning dependencies of target sentry_interfaces__cpp[0m
[2.088s] [  3%] [34m[1mGenerating C code for ROS interfaces[0m
[2.112s] [  6%] [34m[1mGenerating C++ code for ROS interfaces[0m
[2.473s] [  6%] Built target sentry_interfaces__cpp
[2.479s] [35m[1mScanning dependencies of target sentry_interfaces__rosidl_generator_c[0m
[2.485s] [  9%] [34m[1mGenerating C++ introspection for ROS interfaces[0m
[2.485s] [ 12%] [34m[1mGenerating C++ type support dispatch for ROS interfaces[0m
[2.485s] [ 16%] [34m[1mGenerating C++ type support for eProsima Fast-RTPS[0m
[2.491s] [ 19%] [32mBuilding C object CMakeFiles/sentry_interfaces__rosidl_generator_c.dir/rosidl_generator_c/sentry_interfaces/msg/detail/referee_information__functions.c.o[0m
[2.555s] [ 22%] [32m[1mLinking C shared library libsentry_interfaces__rosidl_generator_c.so[0m
[2.619s] [ 22%] Built target sentry_interfaces__rosidl_generator_c
[2.645s] [ 25%] [34m[1mGenerating C type support dispatch for ROS interfaces[0m
[2.647s] [ 29%] [34m[1mGenerating C introspection for ROS interfaces[0m
[2.896s] [35m[1mScanning dependencies of target sentry_interfaces__rosidl_typesupport_introspection_cpp[0m
[2.903s] [35m[1mScanning dependencies of target sentry_interfaces__rosidl_typesupport_fastrtps_cpp[0m
[2.909s] [35m[1mScanning dependencies of target sentry_interfaces__rosidl_typesupport_cpp[0m
[2.926s] [ 32%] [32mBuilding CXX object CMakeFiles/sentry_interfaces__rosidl_typesupport_cpp.dir/rosidl_typesupport_cpp/sentry_interfaces/msg/referee_information__type_support.cpp.o[0m
[2.931s] [ 35%] [32mBuilding CXX object CMakeFiles/sentry_interfaces__rosidl_typesupport_fastrtps_cpp.dir/rosidl_typesupport_fastrtps_cpp/sentry_interfaces/msg/detail/dds_fastrtps/referee_information__type_support.cpp.o[0m
[2.944s] [ 38%] [32mBuilding CXX object CMakeFiles/sentry_interfaces__rosidl_typesupport_introspection_cpp.dir/rosidl_typesupport_introspection_cpp/sentry_interfaces/msg/detail/referee_information__type_support.cpp.o[0m
[3.100s] [35m[1mScanning dependencies of target sentry_interfaces__rosidl_typesupport_introspection_c[0m
[3.129s] [ 41%] [32mBuilding C object CMakeFiles/sentry_interfaces__rosidl_typesupport_introspection_c.dir/rosidl_typesupport_introspection_c/sentry_interfaces/msg/detail/referee_information__type_support.c.o[0m
[3.144s] [35m[1mScanning dependencies of target sentry_interfaces__rosidl_typesupport_c[0m
[3.160s] [ 45%] [32mBuilding CXX object CMakeFiles/sentry_interfaces__rosidl_typesupport_c.dir/rosidl_typesupport_c/sentry_interfaces/msg/referee_information__type_support.cpp.o[0m
[3.173s] [ 48%] [32m[1mLinking C shared library libsentry_interfaces__rosidl_typesupport_introspection_c.so[0m
[3.199s] [ 51%] [32m[1mLinking CXX shared library libsentry_interfaces__rosidl_typesupport_c.so[0m
[3.230s] [ 51%] Built target sentry_interfaces__rosidl_typesupport_introspection_c
[3.254s] [ 54%] [32m[1mLinking CXX shared library libsentry_interfaces__rosidl_typesupport_introspection_cpp.so[0m
[3.254s] [ 54%] Built target sentry_interfaces__rosidl_typesupport_c
[3.285s] [ 58%] [32m[1mLinking CXX shared library libsentry_interfaces__rosidl_typesupport_cpp.so[0m
[3.320s] [ 58%] Built target sentry_interfaces__rosidl_typesupport_introspection_cpp
[3.328s] [ 58%] Built target sentry_interfaces__rosidl_typesupport_cpp
[3.461s] [ 61%] [32m[1mLinking CXX shared library libsentry_interfaces__rosidl_typesupport_fastrtps_cpp.so[0m
[3.648s] [ 61%] Built target sentry_interfaces__rosidl_typesupport_fastrtps_cpp
[3.678s] [ 64%] [34m[1mGenerating C type support for eProsima Fast-RTPS[0m
[4.055s] [35m[1mScanning dependencies of target sentry_interfaces__rosidl_typesupport_fastrtps_c[0m
[4.077s] [ 67%] [32mBuilding CXX object CMakeFiles/sentry_interfaces__rosidl_typesupport_fastrtps_c.dir/rosidl_typesupport_fastrtps_c/sentry_interfaces/msg/detail/referee_information__type_support_c.cpp.o[0m
[4.398s] [ 70%] [32m[1mLinking CXX shared library libsentry_interfaces__rosidl_typesupport_fastrtps_c.so[0m
[4.483s] [ 70%] Built target sentry_interfaces__rosidl_typesupport_fastrtps_c
[4.493s] [35m[1mScanning dependencies of target sentry_interfaces[0m
[4.504s] [ 70%] Built target sentry_interfaces
[4.512s] [35m[1mScanning dependencies of target sentry_interfaces__py[0m
[4.522s] [ 74%] [34m[1mGenerating Python code for ROS interfaces[0m
[4.903s] [ 74%] Built target sentry_interfaces__py
[4.913s] [35m[1mScanning dependencies of target sentry_interfaces__python[0m
[4.929s] [ 77%] [32mBuilding C object CMakeFiles/sentry_interfaces__python.dir/rosidl_generator_py/sentry_interfaces/msg/_referee_information_s.c.o[0m
[5.012s] [ 80%] [32m[1mLinking C shared library rosidl_generator_py/sentry_interfaces/libsentry_interfaces__python.so[0m
[5.051s] [ 80%] Built target sentry_interfaces__python
[5.061s] [35m[1mScanning dependencies of target sentry_interfaces__rosidl_typesupport_introspection_c__pyext[0m
[5.063s] [35m[1mScanning dependencies of target sentry_interfaces__rosidl_typesupport_c__pyext[0m
[5.063s] [35m[1mScanning dependencies of target sentry_interfaces__rosidl_typesupport_fastrtps_c__pyext[0m
[5.080s] [ 83%] [32mBuilding C object CMakeFiles/sentry_interfaces__rosidl_typesupport_introspection_c__pyext.dir/rosidl_generator_py/sentry_interfaces/_sentry_interfaces_s.ep.rosidl_typesupport_introspection_c.c.o[0m
[5.083s] [ 87%] [32mBuilding C object CMakeFiles/sentry_interfaces__rosidl_typesupport_c__pyext.dir/rosidl_generator_py/sentry_interfaces/_sentry_interfaces_s.ep.rosidl_typesupport_c.c.o[0m
[5.092s] [ 90%] [32mBuilding C object CMakeFiles/sentry_interfaces__rosidl_typesupport_fastrtps_c__pyext.dir/rosidl_generator_py/sentry_interfaces/_sentry_interfaces_s.ep.rosidl_typesupport_fastrtps_c.c.o[0m
[5.176s] [ 93%] [32m[1mLinking C shared library rosidl_generator_py/sentry_interfaces/sentry_interfaces_s__rosidl_typesupport_introspection_c.cpython-38-x86_64-linux-gnu.so[0m
[5.177s] [ 96%] [32m[1mLinking C shared library rosidl_generator_py/sentry_interfaces/sentry_interfaces_s__rosidl_typesupport_c.cpython-38-x86_64-linux-gnu.so[0m
[5.194s] [100%] [32m[1mLinking CXX shared library rosidl_generator_py/sentry_interfaces/sentry_interfaces_s__rosidl_typesupport_fastrtps_c.cpython-38-x86_64-linux-gnu.so[0m
[5.221s] [100%] Built target sentry_interfaces__rosidl_typesupport_introspection_c__pyext
[5.227s] [100%] Built target sentry_interfaces__rosidl_typesupport_c__pyext
[5.270s] [100%] Built target sentry_interfaces__rosidl_typesupport_fastrtps_c__pyext
[5.282s] Invoked command in '/home/niuoruo/workspace/sentry/ws/desicion/build/sentry_interfaces' returned '0': CMAKE_PREFIX_PATH=/opt/ros/foxy /usr/bin/cmake --build /home/niuoruo/workspace/sentry/ws/desicion/build/sentry_interfaces -- -j16 -l16
[5.356s] Invoking command in '/home/niuoruo/workspace/sentry/ws/desicion/build/sentry_interfaces': CMAKE_PREFIX_PATH=/opt/ros/foxy /usr/bin/cmake --install /home/niuoruo/workspace/sentry/ws/desicion/build/sentry_interfaces
[5.366s] -- Install configuration: ""
[5.367s] -- Installing: /home/niuoruo/workspace/sentry/ws/desicion/install/sentry_interfaces/share/ament_index/resource_index/rosidl_interfaces/sentry_interfaces
[5.367s] -- Installing: /home/niuoruo/workspace/sentry/ws/desicion/install/sentry_interfaces/include/sentry_interfaces
[5.367s] -- Installing: /home/niuoruo/workspace/sentry/ws/desicion/install/sentry_interfaces/include/sentry_interfaces/msg
[5.367s] -- Installing: /home/niuoruo/workspace/sentry/ws/desicion/install/sentry_interfaces/include/sentry_interfaces/msg/referee_information.h
[5.367s] -- Installing: /home/niuoruo/workspace/sentry/ws/desicion/install/sentry_interfaces/include/sentry_interfaces/msg/detail
[5.367s] -- Installing: /home/niuoruo/workspace/sentry/ws/desicion/install/sentry_interfaces/include/sentry_interfaces/msg/detail/referee_information__struct.h
[5.367s] -- Installing: /home/niuoruo/workspace/sentry/ws/desicion/install/sentry_interfaces/include/sentry_interfaces/msg/detail/referee_information__functions.c
[5.368s] -- Installing: /home/niuoruo/workspace/sentry/ws/desicion/install/sentry_interfaces/include/sentry_interfaces/msg/detail/referee_information__type_support.h
[5.368s] -- Installing: /home/niuoruo/workspace/sentry/ws/desicion/install/sentry_interfaces/include/sentry_interfaces/msg/detail/referee_information__functions.h
[5.368s] -- Installing: /home/niuoruo/workspace/sentry/ws/desicion/install/sentry_interfaces/include/sentry_interfaces/msg/rosidl_generator_c__visibility_control.h
[5.368s] -- Installing: /home/niuoruo/workspace/sentry/ws/desicion/install/sentry_interfaces/share/sentry_interfaces/environment/library_path.sh
[5.368s] -- Installing: /home/niuoruo/workspace/sentry/ws/desicion/install/sentry_interfaces/share/sentry_interfaces/environment/library_path.dsv
[5.368s] -- Installing: /home/niuoruo/workspace/sentry/ws/desicion/install/sentry_interfaces/lib/libsentry_interfaces__rosidl_generator_c.so
[5.368s] -- Set runtime path of "/home/niuoruo/workspace/sentry/ws/desicion/install/sentry_interfaces/lib/libsentry_interfaces__rosidl_generator_c.so" to ""
[5.368s] -- Up-to-date: /home/niuoruo/workspace/sentry/ws/desicion/install/sentry_interfaces/include/sentry_interfaces
[5.368s] -- Up-to-date: /home/niuoruo/workspace/sentry/ws/desicion/install/sentry_interfaces/include/sentry_interfaces/msg
[5.368s] -- Up-to-date: /home/niuoruo/workspace/sentry/ws/desicion/install/sentry_interfaces/include/sentry_interfaces/msg/detail
[5.369s] -- Installing: /home/niuoruo/workspace/sentry/ws/desicion/install/sentry_interfaces/include/sentry_interfaces/msg/detail/referee_information__rosidl_typesupport_fastrtps_c.h
[5.369s] -- Installing: /home/niuoruo/workspace/sentry/ws/desicion/install/sentry_interfaces/include/sentry_interfaces/msg/rosidl_typesupport_fastrtps_c__visibility_control.h
[5.369s] -- Installing: /home/niuoruo/workspace/sentry/ws/desicion/install/sentry_interfaces/lib/libsentry_interfaces__rosidl_typesupport_fastrtps_c.so
[5.369s] -- Set runtime path of "/home/niuoruo/workspace/sentry/ws/desicion/install/sentry_interfaces/lib/libsentry_interfaces__rosidl_typesupport_fastrtps_c.so" to ""
[5.369s] -- Up-to-date: /home/niuoruo/workspace/sentry/ws/desicion/install/sentry_interfaces/include/sentry_interfaces
[5.369s] -- Up-to-date: /home/niuoruo/workspace/sentry/ws/desicion/install/sentry_interfaces/include/sentry_interfaces/msg
[5.369s] -- Installing: /home/niuoruo/workspace/sentry/ws/desicion/install/sentry_interfaces/include/sentry_interfaces/msg/rosidl_typesupport_fastrtps_cpp__visibility_control.h
[5.369s] -- Up-to-date: /home/niuoruo/workspace/sentry/ws/desicion/install/sentry_interfaces/include/sentry_interfaces/msg/detail
[5.369s] -- Installing: /home/niuoruo/workspace/sentry/ws/desicion/install/sentry_interfaces/include/sentry_interfaces/msg/detail/referee_information__rosidl_typesupport_fastrtps_cpp.hpp
[5.370s] -- Installing: /home/niuoruo/workspace/sentry/ws/desicion/install/sentry_interfaces/include/sentry_interfaces/msg/detail/dds_fastrtps
[5.370s] -- Installing: /home/niuoruo/workspace/sentry/ws/desicion/install/sentry_interfaces/lib/libsentry_interfaces__rosidl_typesupport_fastrtps_cpp.so
[5.370s] -- Set runtime path of "/home/niuoruo/workspace/sentry/ws/desicion/install/sentry_interfaces/lib/libsentry_interfaces__rosidl_typesupport_fastrtps_cpp.so" to ""
[5.370s] -- Up-to-date: /home/niuoruo/workspace/sentry/ws/desicion/install/sentry_interfaces/include/sentry_interfaces
[5.370s] -- Up-to-date: /home/niuoruo/workspace/sentry/ws/desicion/install/sentry_interfaces/include/sentry_interfaces/msg
[5.370s] -- Installing: /home/niuoruo/workspace/sentry/ws/desicion/install/sentry_interfaces/include/sentry_interfaces/msg/rosidl_typesupport_introspection_c__visibility_control.h
[5.370s] -- Up-to-date: /home/niuoruo/workspace/sentry/ws/desicion/install/sentry_interfaces/include/sentry_interfaces/msg/detail
[5.370s] -- Installing: /home/niuoruo/workspace/sentry/ws/desicion/install/sentry_interfaces/include/sentry_interfaces/msg/detail/referee_information__type_support.c
[5.370s] -- Installing: /home/niuoruo/workspace/sentry/ws/desicion/install/sentry_interfaces/include/sentry_interfaces/msg/detail/referee_information__rosidl_typesupport_introspection_c.h
[5.370s] -- Installing: /home/niuoruo/workspace/sentry/ws/desicion/install/sentry_interfaces/lib/libsentry_interfaces__rosidl_typesupport_introspection_c.so
[5.370s] -- Set runtime path of "/home/niuoruo/workspace/sentry/ws/desicion/install/sentry_interfaces/lib/libsentry_interfaces__rosidl_typesupport_introspection_c.so" to ""
[5.371s] -- Installing: /home/niuoruo/workspace/sentry/ws/desicion/install/sentry_interfaces/lib/libsentry_interfaces__rosidl_typesupport_c.so
[5.371s] -- Set runtime path of "/home/niuoruo/workspace/sentry/ws/desicion/install/sentry_interfaces/lib/libsentry_interfaces__rosidl_typesupport_c.so" to ""
[5.371s] -- Up-to-date: /home/niuoruo/workspace/sentry/ws/desicion/install/sentry_interfaces/include/sentry_interfaces
[5.371s] -- Up-to-date: /home/niuoruo/workspace/sentry/ws/desicion/install/sentry_interfaces/include/sentry_interfaces/msg
[5.371s] -- Installing: /home/niuoruo/workspace/sentry/ws/desicion/install/sentry_interfaces/include/sentry_interfaces/msg/rosidl_generator_cpp__visibility_control.hpp
[5.371s] -- Installing: /home/niuoruo/workspace/sentry/ws/desicion/install/sentry_interfaces/include/sentry_interfaces/msg/referee_information.hpp
[5.371s] -- Up-to-date: /home/niuoruo/workspace/sentry/ws/desicion/install/sentry_interfaces/include/sentry_interfaces/msg/detail
[5.371s] -- Installing: /home/niuoruo/workspace/sentry/ws/desicion/install/sentry_interfaces/include/sentry_interfaces/msg/detail/referee_information__traits.hpp
[5.371s] -- Installing: /home/niuoruo/workspace/sentry/ws/desicion/install/sentry_interfaces/include/sentry_interfaces/msg/detail/referee_information__struct.hpp
[5.372s] -- Installing: /home/niuoruo/workspace/sentry/ws/desicion/install/sentry_interfaces/include/sentry_interfaces/msg/detail/referee_information__type_support.hpp
[5.372s] -- Installing: /home/niuoruo/workspace/sentry/ws/desicion/install/sentry_interfaces/include/sentry_interfaces/msg/detail/referee_information__builder.hpp
[5.372s] -- Up-to-date: /home/niuoruo/workspace/sentry/ws/desicion/install/sentry_interfaces/include/sentry_interfaces
[5.372s] -- Up-to-date: /home/niuoruo/workspace/sentry/ws/desicion/install/sentry_interfaces/include/sentry_interfaces/msg
[5.372s] -- Up-to-date: /home/niuoruo/workspace/sentry/ws/desicion/install/sentry_interfaces/include/sentry_interfaces/msg/detail
[5.372s] -- Installing: /home/niuoruo/workspace/sentry/ws/desicion/install/sentry_interfaces/include/sentry_interfaces/msg/detail/referee_information__type_support.cpp
[5.372s] -- Installing: /home/niuoruo/workspace/sentry/ws/desicion/install/sentry_interfaces/include/sentry_interfaces/msg/detail/referee_information__rosidl_typesupport_introspection_cpp.hpp
[5.372s] -- Installing: /home/niuoruo/workspace/sentry/ws/desicion/install/sentry_interfaces/lib/libsentry_interfaces__rosidl_typesupport_introspection_cpp.so
[5.372s] -- Set runtime path of "/home/niuoruo/workspace/sentry/ws/desicion/install/sentry_interfaces/lib/libsentry_interfaces__rosidl_typesupport_introspection_cpp.so" to ""
[5.372s] -- Installing: /home/niuoruo/workspace/sentry/ws/desicion/install/sentry_interfaces/lib/libsentry_interfaces__rosidl_typesupport_cpp.so
[5.372s] -- Set runtime path of "/home/niuoruo/workspace/sentry/ws/desicion/install/sentry_interfaces/lib/libsentry_interfaces__rosidl_typesupport_cpp.so" to ""
[5.372s] -- Installing: /home/niuoruo/workspace/sentry/ws/desicion/install/sentry_interfaces/share/sentry_interfaces/environment/pythonpath.sh
[5.373s] -- Installing: /home/niuoruo/workspace/sentry/ws/desicion/install/sentry_interfaces/share/sentry_interfaces/environment/pythonpath.dsv
[5.373s] -- Installing: /home/niuoruo/workspace/sentry/ws/desicion/install/sentry_interfaces/lib/python3.8/site-packages/sentry_interfaces/__init__.py
[5.394s] Compiling '/home/niuoruo/workspace/sentry/ws/desicion/install/sentry_interfaces/lib/python3.8/site-packages/sentry_interfaces/__init__.py'...
[5.398s] -- Installing: /home/niuoruo/workspace/sentry/ws/desicion/install/sentry_interfaces/lib/python3.8/site-packages/sentry_interfaces/msg
[5.399s] -- Installing: /home/niuoruo/workspace/sentry/ws/desicion/install/sentry_interfaces/lib/python3.8/site-packages/sentry_interfaces/msg/__init__.py
[5.399s] -- Installing: /home/niuoruo/workspace/sentry/ws/desicion/install/sentry_interfaces/lib/python3.8/site-packages/sentry_interfaces/msg/_referee_information.py
[5.399s] -- Installing: /home/niuoruo/workspace/sentry/ws/desicion/install/sentry_interfaces/lib/python3.8/site-packages/sentry_interfaces/msg/_referee_information_s.c
[5.399s] -- Installing: /home/niuoruo/workspace/sentry/ws/desicion/install/sentry_interfaces/lib/python3.8/site-packages/sentry_interfaces/sentry_interfaces_s__rosidl_typesupport_fastrtps_c.cpython-38-x86_64-linux-gnu.so
[5.399s] -- Set runtime path of "/home/niuoruo/workspace/sentry/ws/desicion/install/sentry_interfaces/lib/python3.8/site-packages/sentry_interfaces/sentry_interfaces_s__rosidl_typesupport_fastrtps_c.cpython-38-x86_64-linux-gnu.so" to ""
[5.400s] -- Installing: /home/niuoruo/workspace/sentry/ws/desicion/install/sentry_interfaces/lib/python3.8/site-packages/sentry_interfaces/sentry_interfaces_s__rosidl_typesupport_introspection_c.cpython-38-x86_64-linux-gnu.so
[5.400s] -- Set runtime path of "/home/niuoruo/workspace/sentry/ws/desicion/install/sentry_interfaces/lib/python3.8/site-packages/sentry_interfaces/sentry_interfaces_s__rosidl_typesupport_introspection_c.cpython-38-x86_64-linux-gnu.so" to ""
[5.401s] -- Installing: /home/niuoruo/workspace/sentry/ws/desicion/install/sentry_interfaces/lib/python3.8/site-packages/sentry_interfaces/sentry_interfaces_s__rosidl_typesupport_c.cpython-38-x86_64-linux-gnu.so
[5.401s] -- Set runtime path of "/home/niuoruo/workspace/sentry/ws/desicion/install/sentry_interfaces/lib/python3.8/site-packages/sentry_interfaces/sentry_interfaces_s__rosidl_typesupport_c.cpython-38-x86_64-linux-gnu.so" to ""
[5.401s] -- Installing: /home/niuoruo/workspace/sentry/ws/desicion/install/sentry_interfaces/lib/libsentry_interfaces__python.so
[5.401s] -- Set runtime path of "/home/niuoruo/workspace/sentry/ws/desicion/install/sentry_interfaces/lib/libsentry_interfaces__python.so" to ""
[5.402s] -- Installing: /home/niuoruo/workspace/sentry/ws/desicion/install/sentry_interfaces/share/sentry_interfaces/msg/RefereeInformation.idl
[5.402s] -- Installing: /home/niuoruo/workspace/sentry/ws/desicion/install/sentry_interfaces/share/sentry_interfaces/msg/RefereeInformation.msg
[5.402s] -- Installing: /home/niuoruo/workspace/sentry/ws/desicion/install/sentry_interfaces/share/ament_index/resource_index/package_run_dependencies/sentry_interfaces
[5.402s] -- Installing: /home/niuoruo/workspace/sentry/ws/desicion/install/sentry_interfaces/share/ament_index/resource_index/parent_prefix_path/sentry_interfaces
[5.402s] -- Installing: /home/niuoruo/workspace/sentry/ws/desicion/install/sentry_interfaces/share/sentry_interfaces/environment/ament_prefix_path.sh
[5.402s] -- Installing: /home/niuoruo/workspace/sentry/ws/desicion/install/sentry_interfaces/share/sentry_interfaces/environment/ament_prefix_path.dsv
[5.403s] -- Installing: /home/niuoruo/workspace/sentry/ws/desicion/install/sentry_interfaces/share/sentry_interfaces/environment/path.sh
[5.403s] -- Installing: /home/niuoruo/workspace/sentry/ws/desicion/install/sentry_interfaces/share/sentry_interfaces/environment/path.dsv
[5.403s] -- Installing: /home/niuoruo/workspace/sentry/ws/desicion/install/sentry_interfaces/share/sentry_interfaces/local_setup.bash
[5.403s] -- Installing: /home/niuoruo/workspace/sentry/ws/desicion/install/sentry_interfaces/share/sentry_interfaces/local_setup.sh
[5.403s] -- Installing: /home/niuoruo/workspace/sentry/ws/desicion/install/sentry_interfaces/share/sentry_interfaces/local_setup.zsh
[5.403s] -- Installing: /home/niuoruo/workspace/sentry/ws/desicion/install/sentry_interfaces/share/sentry_interfaces/local_setup.dsv
[5.403s] -- Installing: /home/niuoruo/workspace/sentry/ws/desicion/install/sentry_interfaces/share/sentry_interfaces/package.dsv
[5.404s] -- Installing: /home/niuoruo/workspace/sentry/ws/desicion/install/sentry_interfaces/share/ament_index/resource_index/packages/sentry_interfaces
[5.404s] -- Installing: /home/niuoruo/workspace/sentry/ws/desicion/install/sentry_interfaces/share/sentry_interfaces/cmake/sentry_interfaces__rosidl_generator_cExport.cmake
[5.404s] -- Installing: /home/niuoruo/workspace/sentry/ws/desicion/install/sentry_interfaces/share/sentry_interfaces/cmake/sentry_interfaces__rosidl_generator_cExport-noconfig.cmake
[5.404s] -- Installing: /home/niuoruo/workspace/sentry/ws/desicion/install/sentry_interfaces/share/sentry_interfaces/cmake/sentry_interfaces__rosidl_typesupport_introspection_cExport.cmake
[5.404s] -- Installing: /home/niuoruo/workspace/sentry/ws/desicion/install/sentry_interfaces/share/sentry_interfaces/cmake/sentry_interfaces__rosidl_typesupport_introspection_cExport-noconfig.cmake
[5.405s] -- Installing: /home/niuoruo/workspace/sentry/ws/desicion/install/sentry_interfaces/share/sentry_interfaces/cmake/sentry_interfaces__rosidl_typesupport_cExport.cmake
[5.405s] -- Installing: /home/niuoruo/workspace/sentry/ws/desicion/install/sentry_interfaces/share/sentry_interfaces/cmake/sentry_interfaces__rosidl_typesupport_cExport-noconfig.cmake
[5.405s] -- Installing: /home/niuoruo/workspace/sentry/ws/desicion/install/sentry_interfaces/share/sentry_interfaces/cmake/sentry_interfaces__rosidl_generator_cppExport.cmake
[5.405s] -- Installing: /home/niuoruo/workspace/sentry/ws/desicion/install/sentry_interfaces/share/sentry_interfaces/cmake/sentry_interfaces__rosidl_typesupport_introspection_cppExport.cmake
[5.405s] -- Installing: /home/niuoruo/workspace/sentry/ws/desicion/install/sentry_interfaces/share/sentry_interfaces/cmake/sentry_interfaces__rosidl_typesupport_introspection_cppExport-noconfig.cmake
[5.406s] -- Installing: /home/niuoruo/workspace/sentry/ws/desicion/install/sentry_interfaces/share/sentry_interfaces/cmake/sentry_interfaces__rosidl_typesupport_cppExport.cmake
[5.406s] -- Installing: /home/niuoruo/workspace/sentry/ws/desicion/install/sentry_interfaces/share/sentry_interfaces/cmake/sentry_interfaces__rosidl_typesupport_cppExport-noconfig.cmake
[5.406s] -- Installing: /home/niuoruo/workspace/sentry/ws/desicion/install/sentry_interfaces/share/sentry_interfaces/cmake/rosidl_cmake-extras.cmake
[5.406s] -- Installing: /home/niuoruo/workspace/sentry/ws/desicion/install/sentry_interfaces/share/sentry_interfaces/cmake/ament_cmake_export_dependencies-extras.cmake
[5.406s] -- Installing: /home/niuoruo/workspace/sentry/ws/desicion/install/sentry_interfaces/share/sentry_interfaces/cmake/ament_cmake_export_libraries-extras.cmake
[5.406s] -- Installing: /home/niuoruo/workspace/sentry/ws/desicion/install/sentry_interfaces/share/sentry_interfaces/cmake/ament_cmake_export_targets-extras.cmake
[5.406s] -- Installing: /home/niuoruo/workspace/sentry/ws/desicion/install/sentry_interfaces/share/sentry_interfaces/cmake/ament_cmake_export_include_directories-extras.cmake
[5.407s] -- Installing: /home/niuoruo/workspace/sentry/ws/desicion/install/sentry_interfaces/share/sentry_interfaces/cmake/rosidl_cmake_export_typesupport_libraries-extras.cmake
[5.407s] -- Installing: /home/niuoruo/workspace/sentry/ws/desicion/install/sentry_interfaces/share/sentry_interfaces/cmake/rosidl_cmake_export_typesupport_targets-extras.cmake
[5.407s] -- Installing: /home/niuoruo/workspace/sentry/ws/desicion/install/sentry_interfaces/share/sentry_interfaces/cmake/sentry_interfacesConfig.cmake
[5.407s] -- Installing: /home/niuoruo/workspace/sentry/ws/desicion/install/sentry_interfaces/share/sentry_interfaces/cmake/sentry_interfacesConfig-version.cmake
[5.407s] -- Installing: /home/niuoruo/workspace/sentry/ws/desicion/install/sentry_interfaces/share/sentry_interfaces/package.xml
[5.409s] Invoked command in '/home/niuoruo/workspace/sentry/ws/desicion/build/sentry_interfaces' returned '0': CMAKE_PREFIX_PATH=/opt/ros/foxy /usr/bin/cmake --install /home/niuoruo/workspace/sentry/ws/desicion/build/sentry_interfaces
