[0.139s] Invoking command in '/home/niuoruo/workspace/sentry/ws/desicion/build/sentry_behavior_tree': AMENT_PREFIX_PATH=/home/niuoruo/workspace/sentry/ws/desicion/install/sentry_srvs:/home/niuoruo/workspace/sentry/ws/desicion/install/sentry_interfaces:${AMENT_PREFIX_PATH} CMAKE_PREFIX_PATH=/home/niuoruo/workspace/sentry/ws/desicion/install/sentry_srvs:/home/niuoruo/workspace/sentry/ws/desicion/install/sentry_interfaces:/opt/ros/foxy LD_LIBRARY_PATH=/home/niuoruo/workspace/sentry/ws/desicion/install/sentry_srvs/lib:/home/niuoruo/workspace/sentry/ws/desicion/install/sentry_interfaces/lib:/opt/ros/foxy/opt/yaml_cpp_vendor/lib:/opt/ros/foxy/opt/rviz_ogre_vendor/lib:/opt/ros/foxy/lib/x86_64-linux-gnu:/opt/ros/foxy/lib:/usr/local/cuda-11.4/lib64:/usr/local/cuda-11.4/extras/CUPTI/lib64:/home/niuoruo/bag/TensorRT/TensorRT-8.2.3.0.Linux.x86_64-gnu.cuda-11.4.cudnn8.2/TensorRT-8.2.3.0/lib PYTHONPATH=/home/niuoruo/workspace/sentry/ws/desicion/install/sentry_srvs/lib/python3.8/site-packages:/home/niuoruo/workspace/sentry/ws/desicion/install/sentry_interfaces/lib/python3.8/site-packages:${PYTHONPATH} /usr/bin/cmake /home/niuoruo/workspace/sentry/ws/desicion/src/sentry_behavior_tree -DCMAKE_INSTALL_PREFIX=/home/niuoruo/workspace/sentry/ws/desicion/install/sentry_behavior_tree
[0.180s] -- The C compiler identification is GNU 9.4.0
[0.222s] -- The CXX compiler identification is GNU 9.4.0
[0.226s] -- Check for working C compiler: /usr/bin/cc
[0.284s] -- Check for working C compiler: /usr/bin/cc -- works
[0.284s] -- Detecting C compiler ABI info
[0.341s] -- Detecting C compiler ABI info - done
[0.350s] -- Detecting C compile features
[0.350s] -- Detecting C compile features - done
[0.352s] -- Check for working CXX compiler: /usr/bin/c++
[0.415s] -- Check for working CXX compiler: /usr/bin/c++ -- works
[0.415s] -- Detecting CXX compiler ABI info
[0.486s] -- Detecting CXX compiler ABI info - done
[0.495s] -- Detecting CXX compile features
[0.496s] -- Detecting CXX compile features - done
[0.496s] -- Found ament_cmake: 0.9.12 (/opt/ros/foxy/share/ament_cmake/cmake)
[0.514s] -- Found PythonInterp: /usr/bin/python3 (found suitable version "3.8.10", minimum required is "3") 
[0.515s] -- Using PYTHON_EXECUTABLE: /usr/bin/python3
[0.684s] -- Found rclcpp: 2.4.3 (/opt/ros/foxy/share/rclcpp/cmake)
[0.718s] -- Using all available rosidl_typesupport_c: rosidl_typesupport_fastrtps_c;rosidl_typesupport_introspection_c
[0.724s] -- Found rosidl_adapter: 1.3.1 (/opt/ros/foxy/share/rosidl_adapter/cmake)
[0.796s] -- Found OpenSSL: /usr/lib/x86_64-linux-gnu/libcrypto.so (found version "1.1.1f")  
[0.825s] -- Found FastRTPS: /opt/ros/foxy/include  
[0.890s] -- Using all available rosidl_typesupport_cpp: rosidl_typesupport_fastrtps_cpp;rosidl_typesupport_introspection_cpp
[0.932s] -- Found rmw_implementation_cmake: 1.0.4 (/opt/ros/foxy/share/rmw_implementation_cmake/cmake)
[0.933s] -- Using RMW implementation 'rmw_fastrtps_cpp' as default
[0.934s] -- Looking for pthread.h
[0.991s] -- Looking for pthread.h - found
[0.991s] -- Performing Test CMAKE_HAVE_LIBC_PTHREAD
[1.050s] -- Performing Test CMAKE_HAVE_LIBC_PTHREAD - Failed
[1.050s] -- Looking for pthread_create in pthreads
[1.100s] -- Looking for pthread_create in pthreads - not found
[1.100s] -- Looking for pthread_create in pthread
[1.154s] -- Looking for pthread_create in pthread - found
[1.155s] -- Found Threads: TRUE  
[1.285s] -- Found nav2_util: 0.4.7 (/opt/ros/foxy/share/nav2_util/cmake)
[1.835s] -- Found eigen3_cmake_module: 0.1.1 (/opt/ros/foxy/share/eigen3_cmake_module/cmake)
[1.838s] -- Found Eigen3: TRUE (found version "3.3.7") 
[1.970s] -- Found sentry_interfaces: 0.0.0 (/home/niuoruo/workspace/sentry/ws/desicion/install/sentry_interfaces/share/sentry_interfaces/cmake)
[2.026s] -- Found sentry_srvs: 0.0.0 (/home/niuoruo/workspace/sentry/ws/desicion/install/sentry_srvs/share/sentry_srvs/cmake)
[2.845s] -- Found ament_lint_auto: 0.9.8 (/opt/ros/foxy/share/ament_lint_auto/cmake)
[2.909s] -- Added test 'copyright' to check source files copyright and LICENSE
[2.910s] -- Added test 'cppcheck' to perform static code analysis on C / C++ code
[2.911s] -- Configured cppcheck include dirs: /home/niuoruo/workspace/sentry/ws/desicion/src/sentry_behavior_tree/include
[2.911s] -- Configured cppcheck exclude dirs and/or files: 
[2.912s] -- Added test 'cpplint' to check C / C++ code against the Google style
[2.912s] -- Configured cpplint exclude dirs and/or files: 
[2.913s] -- Added test 'lint_cmake' to check CMake code style
[2.915s] -- Added test 'uncrustify' to check C / C++ code style
[2.915s] -- Configured uncrustify additional arguments: 
[2.915s] -- Added test 'xmllint' to check XML markup files
[2.919s] -- Configuring done
[3.066s] -- Generating done
[3.068s] -- Build files have been written to: /home/niuoruo/workspace/sentry/ws/desicion/build/sentry_behavior_tree
[3.077s] Invoked command in '/home/niuoruo/workspace/sentry/ws/desicion/build/sentry_behavior_tree' returned '0': AMENT_PREFIX_PATH=/home/niuoruo/workspace/sentry/ws/desicion/install/sentry_srvs:/home/niuoruo/workspace/sentry/ws/desicion/install/sentry_interfaces:${AMENT_PREFIX_PATH} CMAKE_PREFIX_PATH=/home/niuoruo/workspace/sentry/ws/desicion/install/sentry_srvs:/home/niuoruo/workspace/sentry/ws/desicion/install/sentry_interfaces:/opt/ros/foxy LD_LIBRARY_PATH=/home/niuoruo/workspace/sentry/ws/desicion/install/sentry_srvs/lib:/home/niuoruo/workspace/sentry/ws/desicion/install/sentry_interfaces/lib:/opt/ros/foxy/opt/yaml_cpp_vendor/lib:/opt/ros/foxy/opt/rviz_ogre_vendor/lib:/opt/ros/foxy/lib/x86_64-linux-gnu:/opt/ros/foxy/lib:/usr/local/cuda-11.4/lib64:/usr/local/cuda-11.4/extras/CUPTI/lib64:/home/niuoruo/bag/TensorRT/TensorRT-8.2.3.0.Linux.x86_64-gnu.cuda-11.4.cudnn8.2/TensorRT-8.2.3.0/lib PYTHONPATH=/home/niuoruo/workspace/sentry/ws/desicion/install/sentry_srvs/lib/python3.8/site-packages:/home/niuoruo/workspace/sentry/ws/desicion/install/sentry_interfaces/lib/python3.8/site-packages:${PYTHONPATH} /usr/bin/cmake /home/niuoruo/workspace/sentry/ws/desicion/src/sentry_behavior_tree -DCMAKE_INSTALL_PREFIX=/home/niuoruo/workspace/sentry/ws/desicion/install/sentry_behavior_tree
[3.080s] Invoking command in '/home/niuoruo/workspace/sentry/ws/desicion/build/sentry_behavior_tree': AMENT_PREFIX_PATH=/home/niuoruo/workspace/sentry/ws/desicion/install/sentry_srvs:/home/niuoruo/workspace/sentry/ws/desicion/install/sentry_interfaces:${AMENT_PREFIX_PATH} CMAKE_PREFIX_PATH=/home/niuoruo/workspace/sentry/ws/desicion/install/sentry_srvs:/home/niuoruo/workspace/sentry/ws/desicion/install/sentry_interfaces:/opt/ros/foxy LD_LIBRARY_PATH=/home/niuoruo/workspace/sentry/ws/desicion/install/sentry_srvs/lib:/home/niuoruo/workspace/sentry/ws/desicion/install/sentry_interfaces/lib:/opt/ros/foxy/opt/yaml_cpp_vendor/lib:/opt/ros/foxy/opt/rviz_ogre_vendor/lib:/opt/ros/foxy/lib/x86_64-linux-gnu:/opt/ros/foxy/lib:/usr/local/cuda-11.4/lib64:/usr/local/cuda-11.4/extras/CUPTI/lib64:/home/niuoruo/bag/TensorRT/TensorRT-8.2.3.0.Linux.x86_64-gnu.cuda-11.4.cudnn8.2/TensorRT-8.2.3.0/lib PYTHONPATH=/home/niuoruo/workspace/sentry/ws/desicion/install/sentry_srvs/lib/python3.8/site-packages:/home/niuoruo/workspace/sentry/ws/desicion/install/sentry_interfaces/lib/python3.8/site-packages:${PYTHONPATH} /usr/bin/cmake --build /home/niuoruo/workspace/sentry/ws/desicion/build/sentry_behavior_tree -- -j16 -l16
[3.117s] [35m[1mScanning dependencies of target air_force_condition_bt_node[0m
[3.117s] [35m[1mScanning dependencies of target game_start_condition_bt_node[0m
[3.117s] [35m[1mScanning dependencies of target rmul_patrol_bt_node[0m
[3.117s] [35m[1mScanning dependencies of target rmul_go_supply_bt_node[0m
[3.118s] [35m[1mScanning dependencies of target go_back_bt_node[0m
[3.118s] [35m[1mScanning dependencies of target low_hp_condition_bt_node[0m
[3.118s] [35m[1mScanning dependencies of target outpost_survives_condition_bt_node[0m
[3.119s] [35m[1mScanning dependencies of target base_unfolds_condition_bt_node[0m
[3.131s] [ 12%] [32mBuilding CXX object CMakeFiles/game_start_condition_bt_node.dir/plugins/condition/game_start_condition.cpp.o[0m
[3.131s] [ 12%] [32mBuilding CXX object CMakeFiles/air_force_condition_bt_node.dir/plugins/condition/air_force_condition.cpp.o[0m
[3.131s] [ 18%] [32mBuilding CXX object CMakeFiles/low_hp_condition_bt_node.dir/plugins/condition/game_start_condition.cpp.o[0m
[3.133s] [ 25%] [32mBuilding CXX object CMakeFiles/base_unfolds_condition_bt_node.dir/plugins/condition/base_unfolds_condition.cpp.o[0m
[3.133s] [ 31%] [32mBuilding CXX object CMakeFiles/outpost_survives_condition_bt_node.dir/plugins/condition/outpost_survives_condition.cpp.o[0m
[3.155s] [ 43%] [32mBuilding CXX object CMakeFiles/rmul_patrol_bt_node.dir/plugins/service/rmul_patrol_service.cpp.o[0m
[3.156s] [ 43%] [32mBuilding CXX object CMakeFiles/rmul_go_supply_bt_node.dir/plugins/service/rmul_go_supply_service.cpp.o[0m
[3.174s] [ 50%] [32mBuilding CXX object CMakeFiles/go_back_bt_node.dir/plugins/service/go_back_service.cpp.o[0m
[4.309s] [ 56%] [32m[1mLinking CXX shared library libair_force_condition_bt_node.so[0m
[4.440s] [ 56%] Built target air_force_condition_bt_node
[4.451s] [ 68%] [32m[1mLinking CXX shared library liblow_hp_condition_bt_node.so[0m
[4.451s] [ 68%] [32m[1mLinking CXX shared library libgame_start_condition_bt_node.so[0m
[4.541s] [ 75%] [32m[1mLinking CXX shared library liboutpost_survives_condition_bt_node.so[0m
[4.589s] [ 75%] Built target game_start_condition_bt_node
[4.591s] [ 75%] Built target low_hp_condition_bt_node
[4.660s] [ 75%] Built target outpost_survives_condition_bt_node
[4.764s] [ 81%] [32m[1mLinking CXX shared library libbase_unfolds_condition_bt_node.so[0m
[4.887s] [ 81%] Built target base_unfolds_condition_bt_node
[6.398s] [ 87%] [32m[1mLinking CXX shared library librmul_go_supply_bt_node.so[0m
[6.433s] [100%] [32m[1mLinking CXX shared library libgo_back_bt_node.so[0m
[6.433s] [100%] [32m[1mLinking CXX shared library librmul_patrol_bt_node.so[0m
[6.587s] [100%] Built target rmul_go_supply_bt_node
[6.615s] [100%] Built target go_back_bt_node
[6.618s] [100%] Built target rmul_patrol_bt_node
[6.635s] Invoked command in '/home/niuoruo/workspace/sentry/ws/desicion/build/sentry_behavior_tree' returned '0': AMENT_PREFIX_PATH=/home/niuoruo/workspace/sentry/ws/desicion/install/sentry_srvs:/home/niuoruo/workspace/sentry/ws/desicion/install/sentry_interfaces:${AMENT_PREFIX_PATH} CMAKE_PREFIX_PATH=/home/niuoruo/workspace/sentry/ws/desicion/install/sentry_srvs:/home/niuoruo/workspace/sentry/ws/desicion/install/sentry_interfaces:/opt/ros/foxy LD_LIBRARY_PATH=/home/niuoruo/workspace/sentry/ws/desicion/install/sentry_srvs/lib:/home/niuoruo/workspace/sentry/ws/desicion/install/sentry_interfaces/lib:/opt/ros/foxy/opt/yaml_cpp_vendor/lib:/opt/ros/foxy/opt/rviz_ogre_vendor/lib:/opt/ros/foxy/lib/x86_64-linux-gnu:/opt/ros/foxy/lib:/usr/local/cuda-11.4/lib64:/usr/local/cuda-11.4/extras/CUPTI/lib64:/home/niuoruo/bag/TensorRT/TensorRT-8.2.3.0.Linux.x86_64-gnu.cuda-11.4.cudnn8.2/TensorRT-8.2.3.0/lib PYTHONPATH=/home/niuoruo/workspace/sentry/ws/desicion/install/sentry_srvs/lib/python3.8/site-packages:/home/niuoruo/workspace/sentry/ws/desicion/install/sentry_interfaces/lib/python3.8/site-packages:${PYTHONPATH} /usr/bin/cmake --build /home/niuoruo/workspace/sentry/ws/desicion/build/sentry_behavior_tree -- -j16 -l16
[6.700s] Invoking command in '/home/niuoruo/workspace/sentry/ws/desicion/build/sentry_behavior_tree': AMENT_PREFIX_PATH=/home/niuoruo/workspace/sentry/ws/desicion/install/sentry_srvs:/home/niuoruo/workspace/sentry/ws/desicion/install/sentry_interfaces:${AMENT_PREFIX_PATH} CMAKE_PREFIX_PATH=/home/niuoruo/workspace/sentry/ws/desicion/install/sentry_srvs:/home/niuoruo/workspace/sentry/ws/desicion/install/sentry_interfaces:/opt/ros/foxy LD_LIBRARY_PATH=/home/niuoruo/workspace/sentry/ws/desicion/install/sentry_srvs/lib:/home/niuoruo/workspace/sentry/ws/desicion/install/sentry_interfaces/lib:/opt/ros/foxy/opt/yaml_cpp_vendor/lib:/opt/ros/foxy/opt/rviz_ogre_vendor/lib:/opt/ros/foxy/lib/x86_64-linux-gnu:/opt/ros/foxy/lib:/usr/local/cuda-11.4/lib64:/usr/local/cuda-11.4/extras/CUPTI/lib64:/home/niuoruo/bag/TensorRT/TensorRT-8.2.3.0.Linux.x86_64-gnu.cuda-11.4.cudnn8.2/TensorRT-8.2.3.0/lib PYTHONPATH=/home/niuoruo/workspace/sentry/ws/desicion/install/sentry_srvs/lib/python3.8/site-packages:/home/niuoruo/workspace/sentry/ws/desicion/install/sentry_interfaces/lib/python3.8/site-packages:${PYTHONPATH} /usr/bin/cmake --install /home/niuoruo/workspace/sentry/ws/desicion/build/sentry_behavior_tree
[6.712s] -- Install configuration: ""
[6.712s] -- Installing: /home/niuoruo/workspace/sentry/ws/desicion/install/sentry_behavior_tree/lib/libgo_back_bt_node.so
[6.713s] -- Set runtime path of "/home/niuoruo/workspace/sentry/ws/desicion/install/sentry_behavior_tree/lib/libgo_back_bt_node.so" to ""
[6.713s] -- Installing: /home/niuoruo/workspace/sentry/ws/desicion/install/sentry_behavior_tree/lib/librmul_patrol_bt_node.so
[6.714s] -- Set runtime path of "/home/niuoruo/workspace/sentry/ws/desicion/install/sentry_behavior_tree/lib/librmul_patrol_bt_node.so" to ""
[6.714s] -- Installing: /home/niuoruo/workspace/sentry/ws/desicion/install/sentry_behavior_tree/lib/librmul_go_supply_bt_node.so
[6.715s] -- Set runtime path of "/home/niuoruo/workspace/sentry/ws/desicion/install/sentry_behavior_tree/lib/librmul_go_supply_bt_node.so" to ""
[6.715s] -- Installing: /home/niuoruo/workspace/sentry/ws/desicion/install/sentry_behavior_tree/lib/libair_force_condition_bt_node.so
[6.716s] -- Set runtime path of "/home/niuoruo/workspace/sentry/ws/desicion/install/sentry_behavior_tree/lib/libair_force_condition_bt_node.so" to ""
[6.716s] -- Installing: /home/niuoruo/workspace/sentry/ws/desicion/install/sentry_behavior_tree/lib/libbase_unfolds_condition_bt_node.so
[6.716s] -- Set runtime path of "/home/niuoruo/workspace/sentry/ws/desicion/install/sentry_behavior_tree/lib/libbase_unfolds_condition_bt_node.so" to ""
[6.716s] -- Installing: /home/niuoruo/workspace/sentry/ws/desicion/install/sentry_behavior_tree/lib/libgame_start_condition_bt_node.so
[6.717s] -- Set runtime path of "/home/niuoruo/workspace/sentry/ws/desicion/install/sentry_behavior_tree/lib/libgame_start_condition_bt_node.so" to ""
[6.717s] -- Installing: /home/niuoruo/workspace/sentry/ws/desicion/install/sentry_behavior_tree/lib/liblow_hp_condition_bt_node.so
[6.717s] -- Set runtime path of "/home/niuoruo/workspace/sentry/ws/desicion/install/sentry_behavior_tree/lib/liblow_hp_condition_bt_node.so" to ""
[6.717s] -- Installing: /home/niuoruo/workspace/sentry/ws/desicion/install/sentry_behavior_tree/lib/liboutpost_survives_condition_bt_node.so
[6.718s] -- Set runtime path of "/home/niuoruo/workspace/sentry/ws/desicion/install/sentry_behavior_tree/lib/liboutpost_survives_condition_bt_node.so" to ""
[6.718s] -- Installing: /home/niuoruo/workspace/sentry/ws/desicion/install/sentry_behavior_tree/include/
[6.718s] -- Installing: /home/niuoruo/workspace/sentry/ws/desicion/install/sentry_behavior_tree/include//sentry_behavior_tree
[6.718s] -- Installing: /home/niuoruo/workspace/sentry/ws/desicion/install/sentry_behavior_tree/include//sentry_behavior_tree/plugins
[6.718s] -- Installing: /home/niuoruo/workspace/sentry/ws/desicion/install/sentry_behavior_tree/include//sentry_behavior_tree/plugins/service
[6.718s] -- Installing: /home/niuoruo/workspace/sentry/ws/desicion/install/sentry_behavior_tree/include//sentry_behavior_tree/plugins/service/rmul_go_supply_service.hpp
[6.718s] -- Installing: /home/niuoruo/workspace/sentry/ws/desicion/install/sentry_behavior_tree/include//sentry_behavior_tree/plugins/service/rmul_patrol_service.hpp
[6.718s] -- Installing: /home/niuoruo/workspace/sentry/ws/desicion/install/sentry_behavior_tree/include//sentry_behavior_tree/plugins/service/go_back_service.hpp
[6.718s] -- Installing: /home/niuoruo/workspace/sentry/ws/desicion/install/sentry_behavior_tree/include//sentry_behavior_tree/plugins/action
[6.718s] -- Installing: /home/niuoruo/workspace/sentry/ws/desicion/install/sentry_behavior_tree/include//sentry_behavior_tree/plugins/control
[6.719s] -- Installing: /home/niuoruo/workspace/sentry/ws/desicion/install/sentry_behavior_tree/include//sentry_behavior_tree/plugins/decorator
[6.719s] -- Installing: /home/niuoruo/workspace/sentry/ws/desicion/install/sentry_behavior_tree/include//sentry_behavior_tree/plugins/condition
[6.719s] -- Installing: /home/niuoruo/workspace/sentry/ws/desicion/install/sentry_behavior_tree/include//sentry_behavior_tree/plugins/condition/game_start_condition.hpp
[6.719s] -- Installing: /home/niuoruo/workspace/sentry/ws/desicion/install/sentry_behavior_tree/include//sentry_behavior_tree/plugins/condition/outpost_survives_condition.hpp
[6.719s] -- Installing: /home/niuoruo/workspace/sentry/ws/desicion/install/sentry_behavior_tree/include//sentry_behavior_tree/plugins/condition/air_force_condition.hpp
[6.719s] -- Installing: /home/niuoruo/workspace/sentry/ws/desicion/install/sentry_behavior_tree/include//sentry_behavior_tree/plugins/condition/base_unfolds_condition.hpp
[6.719s] -- Installing: /home/niuoruo/workspace/sentry/ws/desicion/install/sentry_behavior_tree/include//sentry_behavior_tree/plugins/condition/low_hp_condition.hpp
[6.719s] -- Installing: /home/niuoruo/workspace/sentry/ws/desicion/install/sentry_behavior_tree/include//bt_engine.hpp
[6.719s] -- Installing: /home/niuoruo/workspace/sentry/ws/desicion/install/sentry_behavior_tree/share/sentry_behavior_tree/sentry_tree_nodes.xml
[6.719s] -- Installing: /home/niuoruo/workspace/sentry/ws/desicion/install/sentry_behavior_tree/share/sentry_behavior_tree/environment/library_path.sh
[6.719s] -- Installing: /home/niuoruo/workspace/sentry/ws/desicion/install/sentry_behavior_tree/share/sentry_behavior_tree/environment/library_path.dsv
[6.719s] -- Installing: /home/niuoruo/workspace/sentry/ws/desicion/install/sentry_behavior_tree/share/ament_index/resource_index/package_run_dependencies/sentry_behavior_tree
[6.719s] -- Installing: /home/niuoruo/workspace/sentry/ws/desicion/install/sentry_behavior_tree/share/ament_index/resource_index/parent_prefix_path/sentry_behavior_tree
[6.719s] -- Installing: /home/niuoruo/workspace/sentry/ws/desicion/install/sentry_behavior_tree/share/sentry_behavior_tree/environment/ament_prefix_path.sh
[6.719s] -- Installing: /home/niuoruo/workspace/sentry/ws/desicion/install/sentry_behavior_tree/share/sentry_behavior_tree/environment/ament_prefix_path.dsv
[6.720s] -- Installing: /home/niuoruo/workspace/sentry/ws/desicion/install/sentry_behavior_tree/share/sentry_behavior_tree/environment/path.sh
[6.720s] -- Installing: /home/niuoruo/workspace/sentry/ws/desicion/install/sentry_behavior_tree/share/sentry_behavior_tree/environment/path.dsv
[6.720s] -- Installing: /home/niuoruo/workspace/sentry/ws/desicion/install/sentry_behavior_tree/share/sentry_behavior_tree/local_setup.bash
[6.720s] -- Installing: /home/niuoruo/workspace/sentry/ws/desicion/install/sentry_behavior_tree/share/sentry_behavior_tree/local_setup.sh
[6.720s] -- Installing: /home/niuoruo/workspace/sentry/ws/desicion/install/sentry_behavior_tree/share/sentry_behavior_tree/local_setup.zsh
[6.720s] -- Installing: /home/niuoruo/workspace/sentry/ws/desicion/install/sentry_behavior_tree/share/sentry_behavior_tree/local_setup.dsv
[6.720s] -- Installing: /home/niuoruo/workspace/sentry/ws/desicion/install/sentry_behavior_tree/share/sentry_behavior_tree/package.dsv
[6.720s] -- Installing: /home/niuoruo/workspace/sentry/ws/desicion/install/sentry_behavior_tree/share/ament_index/resource_index/packages/sentry_behavior_tree
[6.720s] -- Installing: /home/niuoruo/workspace/sentry/ws/desicion/install/sentry_behavior_tree/share/sentry_behavior_tree/cmake/ament_cmake_export_include_directories-extras.cmake
[6.720s] -- Installing: /home/niuoruo/workspace/sentry/ws/desicion/install/sentry_behavior_tree/share/sentry_behavior_tree/cmake/ament_cmake_export_libraries-extras.cmake
[6.720s] -- Installing: /home/niuoruo/workspace/sentry/ws/desicion/install/sentry_behavior_tree/share/sentry_behavior_tree/cmake/ament_cmake_export_dependencies-extras.cmake
[6.720s] -- Installing: /home/niuoruo/workspace/sentry/ws/desicion/install/sentry_behavior_tree/share/sentry_behavior_tree/cmake/sentry_behavior_treeConfig.cmake
[6.720s] -- Installing: /home/niuoruo/workspace/sentry/ws/desicion/install/sentry_behavior_tree/share/sentry_behavior_tree/cmake/sentry_behavior_treeConfig-version.cmake
[6.721s] -- Installing: /home/niuoruo/workspace/sentry/ws/desicion/install/sentry_behavior_tree/share/sentry_behavior_tree/package.xml
[6.722s] Invoked command in '/home/niuoruo/workspace/sentry/ws/desicion/build/sentry_behavior_tree' returned '0': AMENT_PREFIX_PATH=/home/niuoruo/workspace/sentry/ws/desicion/install/sentry_srvs:/home/niuoruo/workspace/sentry/ws/desicion/install/sentry_interfaces:${AMENT_PREFIX_PATH} CMAKE_PREFIX_PATH=/home/niuoruo/workspace/sentry/ws/desicion/install/sentry_srvs:/home/niuoruo/workspace/sentry/ws/desicion/install/sentry_interfaces:/opt/ros/foxy LD_LIBRARY_PATH=/home/niuoruo/workspace/sentry/ws/desicion/install/sentry_srvs/lib:/home/niuoruo/workspace/sentry/ws/desicion/install/sentry_interfaces/lib:/opt/ros/foxy/opt/yaml_cpp_vendor/lib:/opt/ros/foxy/opt/rviz_ogre_vendor/lib:/opt/ros/foxy/lib/x86_64-linux-gnu:/opt/ros/foxy/lib:/usr/local/cuda-11.4/lib64:/usr/local/cuda-11.4/extras/CUPTI/lib64:/home/niuoruo/bag/TensorRT/TensorRT-8.2.3.0.Linux.x86_64-gnu.cuda-11.4.cudnn8.2/TensorRT-8.2.3.0/lib PYTHONPATH=/home/niuoruo/workspace/sentry/ws/desicion/install/sentry_srvs/lib/python3.8/site-packages:/home/niuoruo/workspace/sentry/ws/desicion/install/sentry_interfaces/lib/python3.8/site-packages:${PYTHONPATH} /usr/bin/cmake --install /home/niuoruo/workspace/sentry/ws/desicion/build/sentry_behavior_tree
