[0.519s] Invoking command in '/home/niuoruo/workspace/sentry/ws/sentry_desicion/build/sentry_behavior_tree': CMAKE_PREFIX_PATH=/home/niuoruo/workspace/sentry/ws/sentry_desicion/install/sentry_srvs:/home/niuoruo/workspace/sentry/ws/sentry_desicion/install/sentry_interfaces:/home/niuoruo/workspace/sentry/ws/sentry_desicion/install/sentry_bt_executor:/home/niuoruo/workspace/sentry/ws/sentry_desicion/install/sentry_behavior_tree:/home/niuoruo/workspace/sentry/ws/sentry_desicion/install/sentry_comm:/home/niuoruo/workspace/sentry/ws/sentry_desicion/install/rmos_interfaces:/home/niuoruo/workspace/sentry/ws/sentry_desicion/install/bringup:/opt/ros/foxy LD_LIBRARY_PATH=/home/niuoruo/workspace/sentry/ws/sentry_desicion/install/sentry_srvs/lib:/home/niuoruo/workspace/sentry/ws/sentry_desicion/install/sentry_interfaces/lib:/home/niuoruo/workspace/sentry/ws/sentry_desicion/install/sentry_bt_executor/lib:/home/niuoruo/workspace/sentry/ws/sentry_desicion/install/sentry_behavior_tree/lib:/home/niuoruo/workspace/sentry/ws/sentry_desicion/install/sentry_comm/lib:/home/niuoruo/workspace/sentry/ws/sentry_desicion/install/rmos_interfaces/lib:/opt/ros/foxy/opt/yaml_cpp_vendor/lib:/opt/ros/foxy/opt/rviz_ogre_vendor/lib:/opt/ros/foxy/lib/x86_64-linux-gnu:/opt/ros/foxy/lib:/usr/local/cuda-11.4/lib64:/usr/local/cuda-11.4/extras/CUPTI/lib64:/home/niuoruo/bag/TensorRT/TensorRT-8.2.3.0.Linux.x86_64-gnu.cuda-11.4.cudnn8.2/TensorRT-8.2.3.0/lib /usr/bin/cmake --build /home/niuoruo/workspace/sentry/ws/sentry_desicion/build/sentry_behavior_tree -- -j16 -l16
[0.570s] [ 22%] Built target low_hp_condition_bt_node
[0.570s] [ 22%] Built target base_unfolds_condition_bt_node
[0.571s] [ 33%] Built target air_force_condition_bt_node
[0.573s] [ 44%] Built target game_start_condition_bt_node
[0.575s] [ 55%] Built target outpost_survives_condition_bt_node
[0.576s] [ 66%] Built target go_back_bt_node
[0.577s] [ 83%] Built target set_target_bt_node
[0.577s] [ 88%] Built target rmul_go_supply_bt_node
[0.577s] [100%] Built target rmul_patrol_bt_node
[0.585s] Invoked command in '/home/niuoruo/workspace/sentry/ws/sentry_desicion/build/sentry_behavior_tree' returned '0': CMAKE_PREFIX_PATH=/home/niuoruo/workspace/sentry/ws/sentry_desicion/install/sentry_srvs:/home/niuoruo/workspace/sentry/ws/sentry_desicion/install/sentry_interfaces:/home/niuoruo/workspace/sentry/ws/sentry_desicion/install/sentry_bt_executor:/home/niuoruo/workspace/sentry/ws/sentry_desicion/install/sentry_behavior_tree:/home/niuoruo/workspace/sentry/ws/sentry_desicion/install/sentry_comm:/home/niuoruo/workspace/sentry/ws/sentry_desicion/install/rmos_interfaces:/home/niuoruo/workspace/sentry/ws/sentry_desicion/install/bringup:/opt/ros/foxy LD_LIBRARY_PATH=/home/niuoruo/workspace/sentry/ws/sentry_desicion/install/sentry_srvs/lib:/home/niuoruo/workspace/sentry/ws/sentry_desicion/install/sentry_interfaces/lib:/home/niuoruo/workspace/sentry/ws/sentry_desicion/install/sentry_bt_executor/lib:/home/niuoruo/workspace/sentry/ws/sentry_desicion/install/sentry_behavior_tree/lib:/home/niuoruo/workspace/sentry/ws/sentry_desicion/install/sentry_comm/lib:/home/niuoruo/workspace/sentry/ws/sentry_desicion/install/rmos_interfaces/lib:/opt/ros/foxy/opt/yaml_cpp_vendor/lib:/opt/ros/foxy/opt/rviz_ogre_vendor/lib:/opt/ros/foxy/lib/x86_64-linux-gnu:/opt/ros/foxy/lib:/usr/local/cuda-11.4/lib64:/usr/local/cuda-11.4/extras/CUPTI/lib64:/home/niuoruo/bag/TensorRT/TensorRT-8.2.3.0.Linux.x86_64-gnu.cuda-11.4.cudnn8.2/TensorRT-8.2.3.0/lib /usr/bin/cmake --build /home/niuoruo/workspace/sentry/ws/sentry_desicion/build/sentry_behavior_tree -- -j16 -l16
[0.627s] Invoking command in '/home/niuoruo/workspace/sentry/ws/sentry_desicion/build/sentry_behavior_tree': CMAKE_PREFIX_PATH=/home/niuoruo/workspace/sentry/ws/sentry_desicion/install/sentry_srvs:/home/niuoruo/workspace/sentry/ws/sentry_desicion/install/sentry_interfaces:/home/niuoruo/workspace/sentry/ws/sentry_desicion/install/sentry_bt_executor:/home/niuoruo/workspace/sentry/ws/sentry_desicion/install/sentry_behavior_tree:/home/niuoruo/workspace/sentry/ws/sentry_desicion/install/sentry_comm:/home/niuoruo/workspace/sentry/ws/sentry_desicion/install/rmos_interfaces:/home/niuoruo/workspace/sentry/ws/sentry_desicion/install/bringup:/opt/ros/foxy LD_LIBRARY_PATH=/home/niuoruo/workspace/sentry/ws/sentry_desicion/install/sentry_srvs/lib:/home/niuoruo/workspace/sentry/ws/sentry_desicion/install/sentry_interfaces/lib:/home/niuoruo/workspace/sentry/ws/sentry_desicion/install/sentry_bt_executor/lib:/home/niuoruo/workspace/sentry/ws/sentry_desicion/install/sentry_behavior_tree/lib:/home/niuoruo/workspace/sentry/ws/sentry_desicion/install/sentry_comm/lib:/home/niuoruo/workspace/sentry/ws/sentry_desicion/install/rmos_interfaces/lib:/opt/ros/foxy/opt/yaml_cpp_vendor/lib:/opt/ros/foxy/opt/rviz_ogre_vendor/lib:/opt/ros/foxy/lib/x86_64-linux-gnu:/opt/ros/foxy/lib:/usr/local/cuda-11.4/lib64:/usr/local/cuda-11.4/extras/CUPTI/lib64:/home/niuoruo/bag/TensorRT/TensorRT-8.2.3.0.Linux.x86_64-gnu.cuda-11.4.cudnn8.2/TensorRT-8.2.3.0/lib /usr/bin/cmake --install /home/niuoruo/workspace/sentry/ws/sentry_desicion/build/sentry_behavior_tree
[0.635s] -- Install configuration: ""
[0.635s] -- Up-to-date: /home/niuoruo/workspace/sentry/ws/sentry_desicion/install/sentry_behavior_tree/lib/libgo_back_bt_node.so
[0.635s] -- Up-to-date: /home/niuoruo/workspace/sentry/ws/sentry_desicion/install/sentry_behavior_tree/lib/librmul_patrol_bt_node.so
[0.635s] -- Up-to-date: /home/niuoruo/workspace/sentry/ws/sentry_desicion/install/sentry_behavior_tree/lib/librmul_go_supply_bt_node.so
[0.636s] -- Up-to-date: /home/niuoruo/workspace/sentry/ws/sentry_desicion/install/sentry_behavior_tree/lib/libset_target_bt_node.so
[0.636s] -- Up-to-date: /home/niuoruo/workspace/sentry/ws/sentry_desicion/install/sentry_behavior_tree/lib/libair_force_condition_bt_node.so
[0.636s] -- Up-to-date: /home/niuoruo/workspace/sentry/ws/sentry_desicion/install/sentry_behavior_tree/lib/libbase_unfolds_condition_bt_node.so
[0.636s] -- Up-to-date: /home/niuoruo/workspace/sentry/ws/sentry_desicion/install/sentry_behavior_tree/lib/libgame_start_condition_bt_node.so
[0.636s] -- Up-to-date: /home/niuoruo/workspace/sentry/ws/sentry_desicion/install/sentry_behavior_tree/lib/liblow_hp_condition_bt_node.so
[0.636s] -- Up-to-date: /home/niuoruo/workspace/sentry/ws/sentry_desicion/install/sentry_behavior_tree/lib/liboutpost_survives_condition_bt_node.so
[0.637s] -- Up-to-date: /home/niuoruo/workspace/sentry/ws/sentry_desicion/install/sentry_behavior_tree/include/
[0.637s] -- Up-to-date: /home/niuoruo/workspace/sentry/ws/sentry_desicion/install/sentry_behavior_tree/include//sentry_behavior_tree
[0.637s] -- Up-to-date: /home/niuoruo/workspace/sentry/ws/sentry_desicion/install/sentry_behavior_tree/include//sentry_behavior_tree/plugins
[0.637s] -- Up-to-date: /home/niuoruo/workspace/sentry/ws/sentry_desicion/install/sentry_behavior_tree/include//sentry_behavior_tree/plugins/service
[0.637s] -- Up-to-date: /home/niuoruo/workspace/sentry/ws/sentry_desicion/install/sentry_behavior_tree/include//sentry_behavior_tree/plugins/service/rmul_go_supply_service.hpp
[0.637s] -- Up-to-date: /home/niuoruo/workspace/sentry/ws/sentry_desicion/install/sentry_behavior_tree/include//sentry_behavior_tree/plugins/service/set_target_service.hpp
[0.637s] -- Up-to-date: /home/niuoruo/workspace/sentry/ws/sentry_desicion/install/sentry_behavior_tree/include//sentry_behavior_tree/plugins/service/rmul_patrol_service.hpp
[0.637s] -- Up-to-date: /home/niuoruo/workspace/sentry/ws/sentry_desicion/install/sentry_behavior_tree/include//sentry_behavior_tree/plugins/service/go_back_service.hpp
[0.637s] -- Up-to-date: /home/niuoruo/workspace/sentry/ws/sentry_desicion/install/sentry_behavior_tree/include//sentry_behavior_tree/plugins/action
[0.637s] -- Up-to-date: /home/niuoruo/workspace/sentry/ws/sentry_desicion/install/sentry_behavior_tree/include//sentry_behavior_tree/plugins/control
[0.637s] -- Up-to-date: /home/niuoruo/workspace/sentry/ws/sentry_desicion/install/sentry_behavior_tree/include//sentry_behavior_tree/plugins/decorator
[0.638s] -- Up-to-date: /home/niuoruo/workspace/sentry/ws/sentry_desicion/install/sentry_behavior_tree/include//sentry_behavior_tree/plugins/condition
[0.638s] -- Up-to-date: /home/niuoruo/workspace/sentry/ws/sentry_desicion/install/sentry_behavior_tree/include//sentry_behavior_tree/plugins/condition/game_start_condition.hpp
[0.638s] -- Up-to-date: /home/niuoruo/workspace/sentry/ws/sentry_desicion/install/sentry_behavior_tree/include//sentry_behavior_tree/plugins/condition/outpost_survives_condition.hpp
[0.638s] -- Up-to-date: /home/niuoruo/workspace/sentry/ws/sentry_desicion/install/sentry_behavior_tree/include//sentry_behavior_tree/plugins/condition/air_force_condition.hpp
[0.638s] -- Up-to-date: /home/niuoruo/workspace/sentry/ws/sentry_desicion/install/sentry_behavior_tree/include//sentry_behavior_tree/plugins/condition/base_unfolds_condition.hpp
[0.638s] -- Up-to-date: /home/niuoruo/workspace/sentry/ws/sentry_desicion/install/sentry_behavior_tree/include//sentry_behavior_tree/plugins/condition/low_hp_condition.hpp
[0.638s] -- Up-to-date: /home/niuoruo/workspace/sentry/ws/sentry_desicion/install/sentry_behavior_tree/include//bt_engine.hpp
[0.638s] -- Up-to-date: /home/niuoruo/workspace/sentry/ws/sentry_desicion/install/sentry_behavior_tree/share/sentry_behavior_tree/sentry_tree_nodes.xml
[0.638s] -- Up-to-date: /home/niuoruo/workspace/sentry/ws/sentry_desicion/install/sentry_behavior_tree/share/sentry_behavior_tree/environment/library_path.sh
[0.638s] -- Up-to-date: /home/niuoruo/workspace/sentry/ws/sentry_desicion/install/sentry_behavior_tree/share/sentry_behavior_tree/environment/library_path.dsv
[0.638s] -- Up-to-date: /home/niuoruo/workspace/sentry/ws/sentry_desicion/install/sentry_behavior_tree/share/ament_index/resource_index/package_run_dependencies/sentry_behavior_tree
[0.638s] -- Up-to-date: /home/niuoruo/workspace/sentry/ws/sentry_desicion/install/sentry_behavior_tree/share/ament_index/resource_index/parent_prefix_path/sentry_behavior_tree
[0.639s] -- Up-to-date: /home/niuoruo/workspace/sentry/ws/sentry_desicion/install/sentry_behavior_tree/share/sentry_behavior_tree/environment/ament_prefix_path.sh
[0.639s] -- Up-to-date: /home/niuoruo/workspace/sentry/ws/sentry_desicion/install/sentry_behavior_tree/share/sentry_behavior_tree/environment/ament_prefix_path.dsv
[0.639s] -- Up-to-date: /home/niuoruo/workspace/sentry/ws/sentry_desicion/install/sentry_behavior_tree/share/sentry_behavior_tree/environment/path.sh
[0.639s] -- Up-to-date: /home/niuoruo/workspace/sentry/ws/sentry_desicion/install/sentry_behavior_tree/share/sentry_behavior_tree/environment/path.dsv
[0.639s] -- Up-to-date: /home/niuoruo/workspace/sentry/ws/sentry_desicion/install/sentry_behavior_tree/share/sentry_behavior_tree/local_setup.bash
[0.639s] -- Up-to-date: /home/niuoruo/workspace/sentry/ws/sentry_desicion/install/sentry_behavior_tree/share/sentry_behavior_tree/local_setup.sh
[0.639s] -- Up-to-date: /home/niuoruo/workspace/sentry/ws/sentry_desicion/install/sentry_behavior_tree/share/sentry_behavior_tree/local_setup.zsh
[0.639s] -- Up-to-date: /home/niuoruo/workspace/sentry/ws/sentry_desicion/install/sentry_behavior_tree/share/sentry_behavior_tree/local_setup.dsv
[0.639s] -- Installing: /home/niuoruo/workspace/sentry/ws/sentry_desicion/install/sentry_behavior_tree/share/sentry_behavior_tree/package.dsv
[0.639s] -- Up-to-date: /home/niuoruo/workspace/sentry/ws/sentry_desicion/install/sentry_behavior_tree/share/ament_index/resource_index/packages/sentry_behavior_tree
[0.639s] -- Up-to-date: /home/niuoruo/workspace/sentry/ws/sentry_desicion/install/sentry_behavior_tree/share/sentry_behavior_tree/cmake/ament_cmake_export_include_directories-extras.cmake
[0.639s] -- Up-to-date: /home/niuoruo/workspace/sentry/ws/sentry_desicion/install/sentry_behavior_tree/share/sentry_behavior_tree/cmake/ament_cmake_export_libraries-extras.cmake
[0.639s] -- Up-to-date: /home/niuoruo/workspace/sentry/ws/sentry_desicion/install/sentry_behavior_tree/share/sentry_behavior_tree/cmake/ament_cmake_export_dependencies-extras.cmake
[0.640s] -- Up-to-date: /home/niuoruo/workspace/sentry/ws/sentry_desicion/install/sentry_behavior_tree/share/sentry_behavior_tree/cmake/sentry_behavior_treeConfig.cmake
[0.640s] -- Up-to-date: /home/niuoruo/workspace/sentry/ws/sentry_desicion/install/sentry_behavior_tree/share/sentry_behavior_tree/cmake/sentry_behavior_treeConfig-version.cmake
[0.640s] -- Up-to-date: /home/niuoruo/workspace/sentry/ws/sentry_desicion/install/sentry_behavior_tree/share/sentry_behavior_tree/package.xml
[0.788s] Invoked command in '/home/niuoruo/workspace/sentry/ws/sentry_desicion/build/sentry_behavior_tree' returned '0': CMAKE_PREFIX_PATH=/home/niuoruo/workspace/sentry/ws/sentry_desicion/install/sentry_srvs:/home/niuoruo/workspace/sentry/ws/sentry_desicion/install/sentry_interfaces:/home/niuoruo/workspace/sentry/ws/sentry_desicion/install/sentry_bt_executor:/home/niuoruo/workspace/sentry/ws/sentry_desicion/install/sentry_behavior_tree:/home/niuoruo/workspace/sentry/ws/sentry_desicion/install/sentry_comm:/home/niuoruo/workspace/sentry/ws/sentry_desicion/install/rmos_interfaces:/home/niuoruo/workspace/sentry/ws/sentry_desicion/install/bringup:/opt/ros/foxy LD_LIBRARY_PATH=/home/niuoruo/workspace/sentry/ws/sentry_desicion/install/sentry_srvs/lib:/home/niuoruo/workspace/sentry/ws/sentry_desicion/install/sentry_interfaces/lib:/home/niuoruo/workspace/sentry/ws/sentry_desicion/install/sentry_bt_executor/lib:/home/niuoruo/workspace/sentry/ws/sentry_desicion/install/sentry_behavior_tree/lib:/home/niuoruo/workspace/sentry/ws/sentry_desicion/install/sentry_comm/lib:/home/niuoruo/workspace/sentry/ws/sentry_desicion/install/rmos_interfaces/lib:/opt/ros/foxy/opt/yaml_cpp_vendor/lib:/opt/ros/foxy/opt/rviz_ogre_vendor/lib:/opt/ros/foxy/lib/x86_64-linux-gnu:/opt/ros/foxy/lib:/usr/local/cuda-11.4/lib64:/usr/local/cuda-11.4/extras/CUPTI/lib64:/home/niuoruo/bag/TensorRT/TensorRT-8.2.3.0.Linux.x86_64-gnu.cuda-11.4.cudnn8.2/TensorRT-8.2.3.0/lib /usr/bin/cmake --install /home/niuoruo/workspace/sentry/ws/sentry_desicion/build/sentry_behavior_tree
