[35m[1mScanning dependencies of target set_target_bt_node[0m
[ 16%] Built target air_force_condition_bt_node
[ 22%] Built target outpost_survives_condition_bt_node
[ 33%] Built target base_unfolds_condition_bt_node
[ 44%] Built target game_start_condition_bt_node
[ 55%] Built target low_hp_condition_bt_node
[ 66%] Built target go_back_bt_node
[ 77%] Built target rmul_patrol_bt_node
[ 88%] Built target rmul_go_supply_bt_node
[ 94%] [32mBuilding CXX object CMakeFiles/set_target_bt_node.dir/plugins/service/set_target_service.cpp.o[0m
[100%] [32m[1mLinking CXX shared library libset_target_bt_node.so[0m
[100%] Built target set_target_bt_node
-- Install configuration: ""
-- Up-to-date: /home/niuoruo/workspace/sentry/ws/sentry_desicion/install/sentry_behavior_tree/lib/libgo_back_bt_node.so
-- Up-to-date: /home/niuoruo/workspace/sentry/ws/sentry_desicion/install/sentry_behavior_tree/lib/librmul_patrol_bt_node.so
-- Up-to-date: /home/niuoruo/workspace/sentry/ws/sentry_desicion/install/sentry_behavior_tree/lib/librmul_go_supply_bt_node.so
-- Installing: /home/niuoruo/workspace/sentry/ws/sentry_desicion/install/sentry_behavior_tree/lib/libset_target_bt_node.so
-- Set runtime path of "/home/niuoruo/workspace/sentry/ws/sentry_desicion/install/sentry_behavior_tree/lib/libset_target_bt_node.so" to ""
-- Up-to-date: /home/niuoruo/workspace/sentry/ws/sentry_desicion/install/sentry_behavior_tree/lib/libair_force_condition_bt_node.so
-- Up-to-date: /home/niuoruo/workspace/sentry/ws/sentry_desicion/install/sentry_behavior_tree/lib/libbase_unfolds_condition_bt_node.so
-- Up-to-date: /home/niuoruo/workspace/sentry/ws/sentry_desicion/install/sentry_behavior_tree/lib/libgame_start_condition_bt_node.so
-- Up-to-date: /home/niuoruo/workspace/sentry/ws/sentry_desicion/install/sentry_behavior_tree/lib/liblow_hp_condition_bt_node.so
-- Up-to-date: /home/niuoruo/workspace/sentry/ws/sentry_desicion/install/sentry_behavior_tree/lib/liboutpost_survives_condition_bt_node.so
-- Up-to-date: /home/niuoruo/workspace/sentry/ws/sentry_desicion/install/sentry_behavior_tree/include/
-- Up-to-date: /home/niuoruo/workspace/sentry/ws/sentry_desicion/install/sentry_behavior_tree/include//sentry_behavior_tree
-- Up-to-date: /home/niuoruo/workspace/sentry/ws/sentry_desicion/install/sentry_behavior_tree/include//sentry_behavior_tree/plugins
-- Up-to-date: /home/niuoruo/workspace/sentry/ws/sentry_desicion/install/sentry_behavior_tree/include//sentry_behavior_tree/plugins/service
-- Up-to-date: /home/niuoruo/workspace/sentry/ws/sentry_desicion/install/sentry_behavior_tree/include//sentry_behavior_tree/plugins/service/rmul_go_supply_service.hpp
-- Installing: /home/niuoruo/workspace/sentry/ws/sentry_desicion/install/sentry_behavior_tree/include//sentry_behavior_tree/plugins/service/set_target_service.hpp
-- Up-to-date: /home/niuoruo/workspace/sentry/ws/sentry_desicion/install/sentry_behavior_tree/include//sentry_behavior_tree/plugins/service/rmul_patrol_service.hpp
-- Up-to-date: /home/niuoruo/workspace/sentry/ws/sentry_desicion/install/sentry_behavior_tree/include//sentry_behavior_tree/plugins/service/go_back_service.hpp
-- Up-to-date: /home/niuoruo/workspace/sentry/ws/sentry_desicion/install/sentry_behavior_tree/include//sentry_behavior_tree/plugins/action
-- Up-to-date: /home/niuoruo/workspace/sentry/ws/sentry_desicion/install/sentry_behavior_tree/include//sentry_behavior_tree/plugins/control
-- Up-to-date: /home/niuoruo/workspace/sentry/ws/sentry_desicion/install/sentry_behavior_tree/include//sentry_behavior_tree/plugins/decorator
-- Up-to-date: /home/niuoruo/workspace/sentry/ws/sentry_desicion/install/sentry_behavior_tree/include//sentry_behavior_tree/plugins/condition
-- Up-to-date: /home/niuoruo/workspace/sentry/ws/sentry_desicion/install/sentry_behavior_tree/include//sentry_behavior_tree/plugins/condition/game_start_condition.hpp
-- Up-to-date: /home/niuoruo/workspace/sentry/ws/sentry_desicion/install/sentry_behavior_tree/include//sentry_behavior_tree/plugins/condition/outpost_survives_condition.hpp
-- Up-to-date: /home/niuoruo/workspace/sentry/ws/sentry_desicion/install/sentry_behavior_tree/include//sentry_behavior_tree/plugins/condition/air_force_condition.hpp
-- Up-to-date: /home/niuoruo/workspace/sentry/ws/sentry_desicion/install/sentry_behavior_tree/include//sentry_behavior_tree/plugins/condition/base_unfolds_condition.hpp
-- Up-to-date: /home/niuoruo/workspace/sentry/ws/sentry_desicion/install/sentry_behavior_tree/include//sentry_behavior_tree/plugins/condition/low_hp_condition.hpp
-- Up-to-date: /home/niuoruo/workspace/sentry/ws/sentry_desicion/install/sentry_behavior_tree/include//bt_engine.hpp
-- Up-to-date: /home/niuoruo/workspace/sentry/ws/sentry_desicion/install/sentry_behavior_tree/share/sentry_behavior_tree/sentry_tree_nodes.xml
-- Up-to-date: /home/niuoruo/workspace/sentry/ws/sentry_desicion/install/sentry_behavior_tree/share/sentry_behavior_tree/environment/library_path.sh
-- Up-to-date: /home/niuoruo/workspace/sentry/ws/sentry_desicion/install/sentry_behavior_tree/share/sentry_behavior_tree/environment/library_path.dsv
-- Up-to-date: /home/niuoruo/workspace/sentry/ws/sentry_desicion/install/sentry_behavior_tree/share/ament_index/resource_index/package_run_dependencies/sentry_behavior_tree
-- Up-to-date: /home/niuoruo/workspace/sentry/ws/sentry_desicion/install/sentry_behavior_tree/share/ament_index/resource_index/parent_prefix_path/sentry_behavior_tree
-- Up-to-date: /home/niuoruo/workspace/sentry/ws/sentry_desicion/install/sentry_behavior_tree/share/sentry_behavior_tree/environment/ament_prefix_path.sh
-- Up-to-date: /home/niuoruo/workspace/sentry/ws/sentry_desicion/install/sentry_behavior_tree/share/sentry_behavior_tree/environment/ament_prefix_path.dsv
-- Up-to-date: /home/niuoruo/workspace/sentry/ws/sentry_desicion/install/sentry_behavior_tree/share/sentry_behavior_tree/environment/path.sh
-- Up-to-date: /home/niuoruo/workspace/sentry/ws/sentry_desicion/install/sentry_behavior_tree/share/sentry_behavior_tree/environment/path.dsv
-- Up-to-date: /home/niuoruo/workspace/sentry/ws/sentry_desicion/install/sentry_behavior_tree/share/sentry_behavior_tree/local_setup.bash
-- Up-to-date: /home/niuoruo/workspace/sentry/ws/sentry_desicion/install/sentry_behavior_tree/share/sentry_behavior_tree/local_setup.sh
-- Up-to-date: /home/niuoruo/workspace/sentry/ws/sentry_desicion/install/sentry_behavior_tree/share/sentry_behavior_tree/local_setup.zsh
-- Up-to-date: /home/niuoruo/workspace/sentry/ws/sentry_desicion/install/sentry_behavior_tree/share/sentry_behavior_tree/local_setup.dsv
-- Installing: /home/niuoruo/workspace/sentry/ws/sentry_desicion/install/sentry_behavior_tree/share/sentry_behavior_tree/package.dsv
-- Up-to-date: /home/niuoruo/workspace/sentry/ws/sentry_desicion/install/sentry_behavior_tree/share/ament_index/resource_index/packages/sentry_behavior_tree
-- Up-to-date: /home/niuoruo/workspace/sentry/ws/sentry_desicion/install/sentry_behavior_tree/share/sentry_behavior_tree/cmake/ament_cmake_export_include_directories-extras.cmake
-- Up-to-date: /home/niuoruo/workspace/sentry/ws/sentry_desicion/install/sentry_behavior_tree/share/sentry_behavior_tree/cmake/ament_cmake_export_libraries-extras.cmake
-- Up-to-date: /home/niuoruo/workspace/sentry/ws/sentry_desicion/install/sentry_behavior_tree/share/sentry_behavior_tree/cmake/ament_cmake_export_dependencies-extras.cmake
-- Up-to-date: /home/niuoruo/workspace/sentry/ws/sentry_desicion/install/sentry_behavior_tree/share/sentry_behavior_tree/cmake/sentry_behavior_treeConfig.cmake
-- Up-to-date: /home/niuoruo/workspace/sentry/ws/sentry_desicion/install/sentry_behavior_tree/share/sentry_behavior_tree/cmake/sentry_behavior_treeConfig-version.cmake
-- Up-to-date: /home/niuoruo/workspace/sentry/ws/sentry_desicion/install/sentry_behavior_tree/share/sentry_behavior_tree/package.xml
