[35m[1mScanning dependencies of target sentry_bt_executor[0m
[ 50%] Built target bt_executor
[ 66%] Built target information_processor
[ 83%] [32mBuilding CXX object CMakeFiles/sentry_bt_executor.dir/src/bt_executor.cpp.o[0m
[01m[K/home/niuoruo/workspace/sentry/ws/sentry_desicion/src/sentry_bt_executor/src/bt_executor.cpp:[m[K In member function ‘[01m[Kvoid sentry_bt_executor::BtExecutor::refereeInformationCallback(sentry_interfaces::msg::RefereeInformation_<std::allocator<void> >::SharedPtr)[m[K’:
[01m[K/home/niuoruo/workspace/sentry/ws/sentry_desicion/src/sentry_bt_executor/src/bt_executor.cpp:212:105:[m[K [01;35m[Kwarning: [m[Kunused parameter ‘[01m[Kreferee_information[m[K’ [[01;35m[K-Wunused-parameter[m[K]
  212 | ([01;35m[Kconst sentry_interfaces::msg::RefereeInformation::SharedPtr referee_information[m[K)
      |  [01;35m[K~~~~~~~~~~~~~~~~~~~~~~~~~~~~~~~~~~~~~~~~~~~~~~~~~~~~~~~~~~~~^~~~~~~~~~~~~~~~~~~[m[K

[01m[K/home/niuoruo/workspace/sentry/ws/sentry_desicion/src/sentry_bt_executor/src/bt_executor.cpp:[m[K In member function ‘[01m[Kvoid sentry_bt_executor::BtExecutor::armorsCallback(rmos_interfaces::msg::Armors_<std::allocator<void> >::SharedPtr)[m[K’:
[01m[K/home/niuoruo/workspace/sentry/ws/sentry_desicion/src/sentry_bt_executor/src/bt_executor.cpp:218:79:[m[K [01;35m[Kwarning: [m[Kunused parameter ‘[01m[Karmors[m[K’ [[01;35m[K-Wunused-parameter[m[K]
  218 | armorsCallback([01;35m[Kconst rmos_interfaces::msg::Armors::SharedPtr armors[m[K)
      |                [01;35m[K~~~~~~~~~~~~~~~~~~~~~~~~~~~~~~~~~~~~~~~~~~~~~~^~~~~~[m[K

[100%] [32m[1mLinking CXX shared library libsentry_bt_executor.so[0m
[100%] Built target sentry_bt_executor
-- Install configuration: ""
-- Up-to-date: /home/niuoruo/workspace/sentry/ws/sentry_desicion/install/sentry_bt_executor/lib/sentry_bt_executor/information_processor
-- Up-to-date: /home/niuoruo/workspace/sentry/ws/sentry_desicion/install/sentry_bt_executor/lib/sentry_bt_executor/bt_executor
-- Up-to-date: /home/niuoruo/workspace/sentry/ws/sentry_desicion/install/sentry_bt_executor/include
-- Up-to-date: /home/niuoruo/workspace/sentry/ws/sentry_desicion/install/sentry_bt_executor/include/sentry_bt_executor
-- Up-to-date: /home/niuoruo/workspace/sentry/ws/sentry_desicion/install/sentry_bt_executor/include/sentry_bt_executor/bt_executor.hpp
-- Up-to-date: /home/niuoruo/workspace/sentry/ws/sentry_desicion/install/sentry_bt_executor/share/sentry_bt_executor/environment/library_path.sh
-- Up-to-date: /home/niuoruo/workspace/sentry/ws/sentry_desicion/install/sentry_bt_executor/share/sentry_bt_executor/environment/library_path.dsv
-- Installing: /home/niuoruo/workspace/sentry/ws/sentry_desicion/install/sentry_bt_executor/lib/libsentry_bt_executor.so
-- Set runtime path of "/home/niuoruo/workspace/sentry/ws/sentry_desicion/install/sentry_bt_executor/lib/libsentry_bt_executor.so" to ""
-- Up-to-date: /home/niuoruo/workspace/sentry/ws/sentry_desicion/install/sentry_bt_executor/share/ament_index/resource_index/package_run_dependencies/sentry_bt_executor
-- Up-to-date: /home/niuoruo/workspace/sentry/ws/sentry_desicion/install/sentry_bt_executor/share/ament_index/resource_index/parent_prefix_path/sentry_bt_executor
-- Up-to-date: /home/niuoruo/workspace/sentry/ws/sentry_desicion/install/sentry_bt_executor/share/sentry_bt_executor/environment/ament_prefix_path.sh
-- Up-to-date: /home/niuoruo/workspace/sentry/ws/sentry_desicion/install/sentry_bt_executor/share/sentry_bt_executor/environment/ament_prefix_path.dsv
-- Up-to-date: /home/niuoruo/workspace/sentry/ws/sentry_desicion/install/sentry_bt_executor/share/sentry_bt_executor/environment/path.sh
-- Up-to-date: /home/niuoruo/workspace/sentry/ws/sentry_desicion/install/sentry_bt_executor/share/sentry_bt_executor/environment/path.dsv
-- Up-to-date: /home/niuoruo/workspace/sentry/ws/sentry_desicion/install/sentry_bt_executor/share/sentry_bt_executor/local_setup.bash
-- Up-to-date: /home/niuoruo/workspace/sentry/ws/sentry_desicion/install/sentry_bt_executor/share/sentry_bt_executor/local_setup.sh
-- Up-to-date: /home/niuoruo/workspace/sentry/ws/sentry_desicion/install/sentry_bt_executor/share/sentry_bt_executor/local_setup.zsh
-- Up-to-date: /home/niuoruo/workspace/sentry/ws/sentry_desicion/install/sentry_bt_executor/share/sentry_bt_executor/local_setup.dsv
-- Installing: /home/niuoruo/workspace/sentry/ws/sentry_desicion/install/sentry_bt_executor/share/sentry_bt_executor/package.dsv
-- Up-to-date: /home/niuoruo/workspace/sentry/ws/sentry_desicion/install/sentry_bt_executor/share/ament_index/resource_index/packages/sentry_bt_executor
-- Up-to-date: /home/niuoruo/workspace/sentry/ws/sentry_desicion/install/sentry_bt_executor/share/ament_index/resource_index/rclcpp_components/sentry_bt_executor
-- Up-to-date: /home/niuoruo/workspace/sentry/ws/sentry_desicion/install/sentry_bt_executor/share/sentry_bt_executor/cmake/ament_cmake_export_dependencies-extras.cmake
-- Up-to-date: /home/niuoruo/workspace/sentry/ws/sentry_desicion/install/sentry_bt_executor/share/sentry_bt_executor/cmake/ament_cmake_export_include_directories-extras.cmake
-- Up-to-date: /home/niuoruo/workspace/sentry/ws/sentry_desicion/install/sentry_bt_executor/share/sentry_bt_executor/cmake/ament_cmake_export_libraries-extras.cmake
-- Up-to-date: /home/niuoruo/workspace/sentry/ws/sentry_desicion/install/sentry_bt_executor/share/sentry_bt_executor/cmake/sentry_bt_executorConfig.cmake
-- Up-to-date: /home/niuoruo/workspace/sentry/ws/sentry_desicion/install/sentry_bt_executor/share/sentry_bt_executor/cmake/sentry_bt_executorConfig-version.cmake
-- Up-to-date: /home/niuoruo/workspace/sentry/ws/sentry_desicion/install/sentry_bt_executor/share/sentry_bt_executor/package.xml
-- Up-to-date: /home/niuoruo/workspace/sentry/ws/sentry_desicion/install/sentry_bt_executor/share/sentry_bt_executor/launch
-- Up-to-date: /home/niuoruo/workspace/sentry/ws/sentry_desicion/install/sentry_bt_executor/share/sentry_bt_executor/launch/bt_executor.launch.py
-- Up-to-date: /home/niuoruo/workspace/sentry/ws/sentry_desicion/install/sentry_bt_executor/share/sentry_bt_executor/behavior_trees
-- Up-to-date: /home/niuoruo/workspace/sentry/ws/sentry_desicion/install/sentry_bt_executor/share/sentry_bt_executor/behavior_trees/README.md
-- Up-to-date: /home/niuoruo/workspace/sentry/ws/sentry_desicion/install/sentry_bt_executor/share/sentry_bt_executor/behavior_trees/test_rmul.xml
