[0.175s] Invoking command in '/home/niuoruo/workspace/sentry/ws/sentry_desicion/build/sentry_bt_executor': CMAKE_PREFIX_PATH=/home/niuoruo/workspace/sentry/ws/sentry_desicion/install/sentry_behavior_tree:/home/niuoruo/workspace/sentry/ws/sentry_desicion/install/sentry_srvs:/home/niuoruo/workspace/sentry/ws/sentry_desicion/install/sentry_interfaces:/home/niuoruo/workspace/sentry/ws/sentry_desicion/install/rmos_interfaces:/home/niuoruo/workspace/sentry/ws/sentry_desicion/install/sentry_bt_executor:/home/niuoruo/workspace/sentry/ws/sentry_desicion/install/sentry_comm:/home/niuoruo/workspace/sentry/ws/sentry_desicion/install/bringup:/opt/ros/foxy LD_LIBRARY_PATH=/home/niuoruo/workspace/sentry/ws/sentry_desicion/install/sentry_behavior_tree/lib:/home/niuoruo/workspace/sentry/ws/sentry_desicion/install/sentry_srvs/lib:/home/niuoruo/workspace/sentry/ws/sentry_desicion/install/sentry_interfaces/lib:/home/niuoruo/workspace/sentry/ws/sentry_desicion/install/rmos_interfaces/lib:/home/niuoruo/workspace/sentry/ws/sentry_desicion/install/sentry_bt_executor/lib:/home/niuoruo/workspace/sentry/ws/sentry_desicion/install/sentry_comm/lib:/opt/ros/foxy/opt/yaml_cpp_vendor/lib:/opt/ros/foxy/opt/rviz_ogre_vendor/lib:/opt/ros/foxy/lib/x86_64-linux-gnu:/opt/ros/foxy/lib:/usr/local/cuda-11.4/lib64:/usr/local/cuda-11.4/extras/CUPTI/lib64:/home/niuoruo/bag/TensorRT/TensorRT-8.2.3.0.Linux.x86_64-gnu.cuda-11.4.cudnn8.2/TensorRT-8.2.3.0/lib /usr/bin/cmake --build /home/niuoruo/workspace/sentry/ws/sentry_desicion/build/sentry_bt_executor -- -j16 -l16
[0.230s] [35m[1mScanning dependencies of target sentry_bt_executor[0m
[0.245s] [ 50%] Built target bt_executor
[0.245s] [ 66%] Built target information_processor
[0.263s] [ 83%] [32mBuilding CXX object CMakeFiles/sentry_bt_executor.dir/src/bt_executor.cpp.o[0m
[1.726s] [01m[K/home/niuoruo/workspace/sentry/ws/sentry_desicion/src/sentry_bt_executor/src/bt_executor.cpp:[m[K In member function ‘[01m[Kvoid sentry_bt_executor::BtExecutor::refereeInformationCallback(sentry_interfaces::msg::RefereeInformation_<std::allocator<void> >::SharedPtr)[m[K’:
[1.726s] [01m[K/home/niuoruo/workspace/sentry/ws/sentry_desicion/src/sentry_bt_executor/src/bt_executor.cpp:212:105:[m[K [01;35m[Kwarning: [m[Kunused parameter ‘[01m[Kreferee_information[m[K’ [[01;35m[K-Wunused-parameter[m[K]
[1.726s]   212 | ([01;35m[Kconst sentry_interfaces::msg::RefereeInformation::SharedPtr referee_information[m[K)
[1.726s]       |  [01;35m[K~~~~~~~~~~~~~~~~~~~~~~~~~~~~~~~~~~~~~~~~~~~~~~~~~~~~~~~~~~~~^~~~~~~~~~~~~~~~~~~[m[K
[1.726s] 
[1.727s] [01m[K/home/niuoruo/workspace/sentry/ws/sentry_desicion/src/sentry_bt_executor/src/bt_executor.cpp:[m[K In member function ‘[01m[Kvoid sentry_bt_executor::BtExecutor::armorsCallback(rmos_interfaces::msg::Armors_<std::allocator<void> >::SharedPtr)[m[K’:
[1.727s] [01m[K/home/niuoruo/workspace/sentry/ws/sentry_desicion/src/sentry_bt_executor/src/bt_executor.cpp:218:79:[m[K [01;35m[Kwarning: [m[Kunused parameter ‘[01m[Karmors[m[K’ [[01;35m[K-Wunused-parameter[m[K]
[1.727s]   218 | armorsCallback([01;35m[Kconst rmos_interfaces::msg::Armors::SharedPtr armors[m[K)
[1.727s]       |                [01;35m[K~~~~~~~~~~~~~~~~~~~~~~~~~~~~~~~~~~~~~~~~~~~~~~^~~~~~[m[K
[1.727s] 
[7.282s] [100%] [32m[1mLinking CXX shared library libsentry_bt_executor.so[0m
[7.741s] [100%] Built target sentry_bt_executor
[7.756s] Invoked command in '/home/niuoruo/workspace/sentry/ws/sentry_desicion/build/sentry_bt_executor' returned '0': CMAKE_PREFIX_PATH=/home/niuoruo/workspace/sentry/ws/sentry_desicion/install/sentry_behavior_tree:/home/niuoruo/workspace/sentry/ws/sentry_desicion/install/sentry_srvs:/home/niuoruo/workspace/sentry/ws/sentry_desicion/install/sentry_interfaces:/home/niuoruo/workspace/sentry/ws/sentry_desicion/install/rmos_interfaces:/home/niuoruo/workspace/sentry/ws/sentry_desicion/install/sentry_bt_executor:/home/niuoruo/workspace/sentry/ws/sentry_desicion/install/sentry_comm:/home/niuoruo/workspace/sentry/ws/sentry_desicion/install/bringup:/opt/ros/foxy LD_LIBRARY_PATH=/home/niuoruo/workspace/sentry/ws/sentry_desicion/install/sentry_behavior_tree/lib:/home/niuoruo/workspace/sentry/ws/sentry_desicion/install/sentry_srvs/lib:/home/niuoruo/workspace/sentry/ws/sentry_desicion/install/sentry_interfaces/lib:/home/niuoruo/workspace/sentry/ws/sentry_desicion/install/rmos_interfaces/lib:/home/niuoruo/workspace/sentry/ws/sentry_desicion/install/sentry_bt_executor/lib:/home/niuoruo/workspace/sentry/ws/sentry_desicion/install/sentry_comm/lib:/opt/ros/foxy/opt/yaml_cpp_vendor/lib:/opt/ros/foxy/opt/rviz_ogre_vendor/lib:/opt/ros/foxy/lib/x86_64-linux-gnu:/opt/ros/foxy/lib:/usr/local/cuda-11.4/lib64:/usr/local/cuda-11.4/extras/CUPTI/lib64:/home/niuoruo/bag/TensorRT/TensorRT-8.2.3.0.Linux.x86_64-gnu.cuda-11.4.cudnn8.2/TensorRT-8.2.3.0/lib /usr/bin/cmake --build /home/niuoruo/workspace/sentry/ws/sentry_desicion/build/sentry_bt_executor -- -j16 -l16
[7.798s] Invoking command in '/home/niuoruo/workspace/sentry/ws/sentry_desicion/build/sentry_bt_executor': CMAKE_PREFIX_PATH=/home/niuoruo/workspace/sentry/ws/sentry_desicion/install/sentry_behavior_tree:/home/niuoruo/workspace/sentry/ws/sentry_desicion/install/sentry_srvs:/home/niuoruo/workspace/sentry/ws/sentry_desicion/install/sentry_interfaces:/home/niuoruo/workspace/sentry/ws/sentry_desicion/install/rmos_interfaces:/home/niuoruo/workspace/sentry/ws/sentry_desicion/install/sentry_bt_executor:/home/niuoruo/workspace/sentry/ws/sentry_desicion/install/sentry_comm:/home/niuoruo/workspace/sentry/ws/sentry_desicion/install/bringup:/opt/ros/foxy LD_LIBRARY_PATH=/home/niuoruo/workspace/sentry/ws/sentry_desicion/install/sentry_behavior_tree/lib:/home/niuoruo/workspace/sentry/ws/sentry_desicion/install/sentry_srvs/lib:/home/niuoruo/workspace/sentry/ws/sentry_desicion/install/sentry_interfaces/lib:/home/niuoruo/workspace/sentry/ws/sentry_desicion/install/rmos_interfaces/lib:/home/niuoruo/workspace/sentry/ws/sentry_desicion/install/sentry_bt_executor/lib:/home/niuoruo/workspace/sentry/ws/sentry_desicion/install/sentry_comm/lib:/opt/ros/foxy/opt/yaml_cpp_vendor/lib:/opt/ros/foxy/opt/rviz_ogre_vendor/lib:/opt/ros/foxy/lib/x86_64-linux-gnu:/opt/ros/foxy/lib:/usr/local/cuda-11.4/lib64:/usr/local/cuda-11.4/extras/CUPTI/lib64:/home/niuoruo/bag/TensorRT/TensorRT-8.2.3.0.Linux.x86_64-gnu.cuda-11.4.cudnn8.2/TensorRT-8.2.3.0/lib /usr/bin/cmake --install /home/niuoruo/workspace/sentry/ws/sentry_desicion/build/sentry_bt_executor
[7.806s] -- Install configuration: ""
[7.806s] -- Up-to-date: /home/niuoruo/workspace/sentry/ws/sentry_desicion/install/sentry_bt_executor/lib/sentry_bt_executor/information_processor
[7.806s] -- Up-to-date: /home/niuoruo/workspace/sentry/ws/sentry_desicion/install/sentry_bt_executor/lib/sentry_bt_executor/bt_executor
[7.807s] -- Up-to-date: /home/niuoruo/workspace/sentry/ws/sentry_desicion/install/sentry_bt_executor/include
[7.807s] -- Up-to-date: /home/niuoruo/workspace/sentry/ws/sentry_desicion/install/sentry_bt_executor/include/sentry_bt_executor
[7.807s] -- Up-to-date: /home/niuoruo/workspace/sentry/ws/sentry_desicion/install/sentry_bt_executor/include/sentry_bt_executor/bt_executor.hpp
[7.808s] -- Up-to-date: /home/niuoruo/workspace/sentry/ws/sentry_desicion/install/sentry_bt_executor/share/sentry_bt_executor/environment/library_path.sh
[7.808s] -- Up-to-date: /home/niuoruo/workspace/sentry/ws/sentry_desicion/install/sentry_bt_executor/share/sentry_bt_executor/environment/library_path.dsv
[7.808s] -- Installing: /home/niuoruo/workspace/sentry/ws/sentry_desicion/install/sentry_bt_executor/lib/libsentry_bt_executor.so
[7.814s] -- Set runtime path of "/home/niuoruo/workspace/sentry/ws/sentry_desicion/install/sentry_bt_executor/lib/libsentry_bt_executor.so" to ""
[7.814s] -- Up-to-date: /home/niuoruo/workspace/sentry/ws/sentry_desicion/install/sentry_bt_executor/share/ament_index/resource_index/package_run_dependencies/sentry_bt_executor
[7.814s] -- Up-to-date: /home/niuoruo/workspace/sentry/ws/sentry_desicion/install/sentry_bt_executor/share/ament_index/resource_index/parent_prefix_path/sentry_bt_executor
[7.814s] -- Up-to-date: /home/niuoruo/workspace/sentry/ws/sentry_desicion/install/sentry_bt_executor/share/sentry_bt_executor/environment/ament_prefix_path.sh
[7.814s] -- Up-to-date: /home/niuoruo/workspace/sentry/ws/sentry_desicion/install/sentry_bt_executor/share/sentry_bt_executor/environment/ament_prefix_path.dsv
[7.814s] -- Up-to-date: /home/niuoruo/workspace/sentry/ws/sentry_desicion/install/sentry_bt_executor/share/sentry_bt_executor/environment/path.sh
[7.814s] -- Up-to-date: /home/niuoruo/workspace/sentry/ws/sentry_desicion/install/sentry_bt_executor/share/sentry_bt_executor/environment/path.dsv
[7.814s] -- Up-to-date: /home/niuoruo/workspace/sentry/ws/sentry_desicion/install/sentry_bt_executor/share/sentry_bt_executor/local_setup.bash
[7.815s] -- Up-to-date: /home/niuoruo/workspace/sentry/ws/sentry_desicion/install/sentry_bt_executor/share/sentry_bt_executor/local_setup.sh
[7.815s] -- Up-to-date: /home/niuoruo/workspace/sentry/ws/sentry_desicion/install/sentry_bt_executor/share/sentry_bt_executor/local_setup.zsh
[7.815s] -- Up-to-date: /home/niuoruo/workspace/sentry/ws/sentry_desicion/install/sentry_bt_executor/share/sentry_bt_executor/local_setup.dsv
[7.815s] -- Installing: /home/niuoruo/workspace/sentry/ws/sentry_desicion/install/sentry_bt_executor/share/sentry_bt_executor/package.dsv
[7.815s] -- Up-to-date: /home/niuoruo/workspace/sentry/ws/sentry_desicion/install/sentry_bt_executor/share/ament_index/resource_index/packages/sentry_bt_executor
[7.815s] -- Up-to-date: /home/niuoruo/workspace/sentry/ws/sentry_desicion/install/sentry_bt_executor/share/ament_index/resource_index/rclcpp_components/sentry_bt_executor
[7.815s] -- Up-to-date: /home/niuoruo/workspace/sentry/ws/sentry_desicion/install/sentry_bt_executor/share/sentry_bt_executor/cmake/ament_cmake_export_dependencies-extras.cmake
[7.815s] -- Up-to-date: /home/niuoruo/workspace/sentry/ws/sentry_desicion/install/sentry_bt_executor/share/sentry_bt_executor/cmake/ament_cmake_export_include_directories-extras.cmake
[7.815s] -- Up-to-date: /home/niuoruo/workspace/sentry/ws/sentry_desicion/install/sentry_bt_executor/share/sentry_bt_executor/cmake/ament_cmake_export_libraries-extras.cmake
[7.815s] -- Up-to-date: /home/niuoruo/workspace/sentry/ws/sentry_desicion/install/sentry_bt_executor/share/sentry_bt_executor/cmake/sentry_bt_executorConfig.cmake
[7.815s] -- Up-to-date: /home/niuoruo/workspace/sentry/ws/sentry_desicion/install/sentry_bt_executor/share/sentry_bt_executor/cmake/sentry_bt_executorConfig-version.cmake
[7.815s] -- Up-to-date: /home/niuoruo/workspace/sentry/ws/sentry_desicion/install/sentry_bt_executor/share/sentry_bt_executor/package.xml
[7.815s] -- Up-to-date: /home/niuoruo/workspace/sentry/ws/sentry_desicion/install/sentry_bt_executor/share/sentry_bt_executor/launch
[7.815s] -- Up-to-date: /home/niuoruo/workspace/sentry/ws/sentry_desicion/install/sentry_bt_executor/share/sentry_bt_executor/launch/bt_executor.launch.py
[7.815s] -- Up-to-date: /home/niuoruo/workspace/sentry/ws/sentry_desicion/install/sentry_bt_executor/share/sentry_bt_executor/behavior_trees
[7.815s] -- Up-to-date: /home/niuoruo/workspace/sentry/ws/sentry_desicion/install/sentry_bt_executor/share/sentry_bt_executor/behavior_trees/README.md
[7.816s] -- Up-to-date: /home/niuoruo/workspace/sentry/ws/sentry_desicion/install/sentry_bt_executor/share/sentry_bt_executor/behavior_trees/test_rmul.xml
[7.816s] Invoked command in '/home/niuoruo/workspace/sentry/ws/sentry_desicion/build/sentry_bt_executor' returned '0': CMAKE_PREFIX_PATH=/home/niuoruo/workspace/sentry/ws/sentry_desicion/install/sentry_behavior_tree:/home/niuoruo/workspace/sentry/ws/sentry_desicion/install/sentry_srvs:/home/niuoruo/workspace/sentry/ws/sentry_desicion/install/sentry_interfaces:/home/niuoruo/workspace/sentry/ws/sentry_desicion/install/rmos_interfaces:/home/niuoruo/workspace/sentry/ws/sentry_desicion/install/sentry_bt_executor:/home/niuoruo/workspace/sentry/ws/sentry_desicion/install/sentry_comm:/home/niuoruo/workspace/sentry/ws/sentry_desicion/install/bringup:/opt/ros/foxy LD_LIBRARY_PATH=/home/niuoruo/workspace/sentry/ws/sentry_desicion/install/sentry_behavior_tree/lib:/home/niuoruo/workspace/sentry/ws/sentry_desicion/install/sentry_srvs/lib:/home/niuoruo/workspace/sentry/ws/sentry_desicion/install/sentry_interfaces/lib:/home/niuoruo/workspace/sentry/ws/sentry_desicion/install/rmos_interfaces/lib:/home/niuoruo/workspace/sentry/ws/sentry_desicion/install/sentry_bt_executor/lib:/home/niuoruo/workspace/sentry/ws/sentry_desicion/install/sentry_comm/lib:/opt/ros/foxy/opt/yaml_cpp_vendor/lib:/opt/ros/foxy/opt/rviz_ogre_vendor/lib:/opt/ros/foxy/lib/x86_64-linux-gnu:/opt/ros/foxy/lib:/usr/local/cuda-11.4/lib64:/usr/local/cuda-11.4/extras/CUPTI/lib64:/home/niuoruo/bag/TensorRT/TensorRT-8.2.3.0.Linux.x86_64-gnu.cuda-11.4.cudnn8.2/TensorRT-8.2.3.0/lib /usr/bin/cmake --install /home/niuoruo/workspace/sentry/ws/sentry_desicion/build/sentry_bt_executor
