[0.338s] Invoking command in '/home/niuoruo/workspace/sentry/ws/desicion/build/rmos_interfaces': CMAKE_PREFIX_PATH=/opt/ros/foxy /usr/bin/cmake /home/niuoruo/workspace/sentry/ws/desicion/src/rmos_interfaces -DCMAKE_INSTALL_PREFIX=/home/niuoruo/workspace/sentry/ws/desicion/install/rmos_interfaces
[0.379s] -- The C compiler identification is GNU 9.4.0
[0.420s] -- The CXX compiler identification is GNU 9.4.0
[0.423s] -- Check for working C compiler: /usr/bin/cc
[0.474s] -- Check for working C compiler: /usr/bin/cc -- works
[0.475s] -- Detecting C compiler ABI info
[0.528s] -- Detecting C compiler ABI info - done
[0.535s] -- Detecting C compile features
[0.535s] -- Detecting C compile features - done
[0.537s] -- Check for working CXX compiler: /usr/bin/c++
[0.597s] -- Check for working CXX compiler: /usr/bin/c++ -- works
[0.598s] -- Detecting CXX compiler ABI info
[0.656s] -- Detecting CXX compiler ABI info - done
[0.671s] -- Detecting CXX compile features
[0.672s] -- Detecting CXX compile features - done
[0.674s] -- Found ament_cmake: 0.9.12 (/opt/ros/foxy/share/ament_cmake/cmake)
[0.693s] -- Found PythonInterp: /usr/bin/python3 (found suitable version "3.8.10", minimum required is "3") 
[0.693s] -- Using PYTHON_EXECUTABLE: /usr/bin/python3
[0.857s] -- Found rosidl_default_generators: 1.0.1 (/opt/ros/foxy/share/rosidl_default_generators/cmake)
[0.859s] -- Using all available rosidl_typesupport_c: rosidl_typesupport_fastrtps_c;rosidl_typesupport_introspection_c
[0.864s] -- Found rosidl_adapter: 1.3.1 (/opt/ros/foxy/share/rosidl_adapter/cmake)
[0.953s] -- Found OpenSSL: /usr/lib/x86_64-linux-gnu/libcrypto.so (found version "1.1.1f")  
[0.979s] -- Found FastRTPS: /opt/ros/foxy/include  
[1.042s] -- Using all available rosidl_typesupport_cpp: rosidl_typesupport_fastrtps_cpp;rosidl_typesupport_introspection_cpp
[1.063s] -- Found geometry_msgs: 2.0.5 (/opt/ros/foxy/share/geometry_msgs/cmake)
[1.116s] -- Found ament_lint_auto: 0.9.8 (/opt/ros/foxy/share/ament_lint_auto/cmake)
[1.196s] -- Found PythonInterp: /usr/bin/python3 (found version "3.8.10") 
[1.318s] -- Found ament_cmake_ros: 0.9.2 (/opt/ros/foxy/share/ament_cmake_ros/cmake)
[1.526s] -- Using all available rosidl_typesupport_c: rosidl_typesupport_fastrtps_c;rosidl_typesupport_introspection_c
[1.617s] -- Using all available rosidl_typesupport_cpp: rosidl_typesupport_fastrtps_cpp;rosidl_typesupport_introspection_cpp
[1.632s] -- Found PythonInterp: /usr/bin/python3 (found suitable version "3.8.10", minimum required is "3.5") 
[1.633s] -- Found python_cmake_module: 0.8.1 (/opt/ros/foxy/share/python_cmake_module/cmake)
[1.659s] -- Found PythonLibs: /usr/lib/x86_64-linux-gnu/libpython3.8.so (found suitable version "3.8.10", minimum required is "3.5") 
[1.659s] -- Using PYTHON_EXECUTABLE: /usr/bin/python3
[1.660s] -- Using PYTHON_INCLUDE_DIRS: /usr/include/python3.8
[1.660s] -- Using PYTHON_LIBRARIES: /usr/lib/x86_64-linux-gnu/libpython3.8.so
[1.677s] -- Found PythonExtra: .so  
[1.738s] -- Added test 'copyright' to check source files copyright and LICENSE
[1.739s] -- Added test 'lint_cmake' to check CMake code style
[1.739s] -- Added test 'xmllint' to check XML markup files
[1.744s] -- Configuring done
[1.792s] -- Generating done
[1.792s] -- Build files have been written to: /home/niuoruo/workspace/sentry/ws/desicion/build/rmos_interfaces
[1.946s] Invoked command in '/home/niuoruo/workspace/sentry/ws/desicion/build/rmos_interfaces' returned '0': CMAKE_PREFIX_PATH=/opt/ros/foxy /usr/bin/cmake /home/niuoruo/workspace/sentry/ws/desicion/src/rmos_interfaces -DCMAKE_INSTALL_PREFIX=/home/niuoruo/workspace/sentry/ws/desicion/install/rmos_interfaces
[1.948s] Invoking command in '/home/niuoruo/workspace/sentry/ws/desicion/build/rmos_interfaces': CMAKE_PREFIX_PATH=/opt/ros/foxy /usr/bin/cmake --build /home/niuoruo/workspace/sentry/ws/desicion/build/rmos_interfaces -- -j16 -l16
[1.987s] [35m[1mScanning dependencies of target rmos_interfaces__cpp[0m
[1.992s] [  1%] [34m[1mGenerating C code for ROS interfaces[0m
[2.001s] [  2%] [34m[1mGenerating C++ code for ROS interfaces[0m
[2.812s] [35m[1mScanning dependencies of target rmos_interfaces__rosidl_generator_c[0m
[2.834s] [  3%] [32mBuilding C object CMakeFiles/rmos_interfaces__rosidl_generator_c.dir/rosidl_generator_c/rmos_interfaces/msg/detail/armor__functions.c.o[0m
[2.834s] [  3%] Built target rmos_interfaces__cpp
[2.842s] [  4%] [32mBuilding C object CMakeFiles/rmos_interfaces__rosidl_generator_c.dir/rosidl_generator_c/rmos_interfaces/msg/detail/armors__functions.c.o[0m
[2.852s] [  5%] [32mBuilding C object CMakeFiles/rmos_interfaces__rosidl_generator_c.dir/rosidl_generator_c/rmos_interfaces/msg/detail/quaternion_time__functions.c.o[0m
[2.854s] [  8%] [32mBuilding C object CMakeFiles/rmos_interfaces__rosidl_generator_c.dir/rosidl_generator_c/rmos_interfaces/msg/detail/bullet_speed__functions.c.o[0m
[2.854s] [  8%] [34m[1mGenerating C++ type support dispatch for ROS interfaces[0m
[2.856s] [  9%] [34m[1mGenerating C++ introspection for ROS interfaces[0m
[2.863s] [ 10%] [32mBuilding C object CMakeFiles/rmos_interfaces__rosidl_generator_c.dir/rosidl_generator_c/rmos_interfaces/msg/detail/color__functions.c.o[0m
[2.864s] [ 11%] [32mBuilding C object CMakeFiles/rmos_interfaces__rosidl_generator_c.dir/rosidl_generator_c/rmos_interfaces/msg/detail/mode__functions.c.o[0m
[2.867s] [ 12%] [34m[1mGenerating C++ type support for eProsima Fast-RTPS[0m
[2.875s] [ 13%] [32mBuilding C object CMakeFiles/rmos_interfaces__rosidl_generator_c.dir/rosidl_generator_c/rmos_interfaces/msg/detail/autoaim_state__functions.c.o[0m
[2.924s] [ 14%] [32mBuilding C object CMakeFiles/rmos_interfaces__rosidl_generator_c.dir/rosidl_generator_c/rmos_interfaces/msg/detail/target__functions.c.o[0m
[2.997s] [ 16%] [32m[1mLinking C shared library librmos_interfaces__rosidl_generator_c.so[0m
[3.047s] [ 16%] Built target rmos_interfaces__rosidl_generator_c
[3.057s] [ 17%] [34m[1mGenerating C introspection for ROS interfaces[0m
[3.062s] [ 18%] [34m[1mGenerating C type support dispatch for ROS interfaces[0m
[3.237s] [35m[1mScanning dependencies of target rmos_interfaces__rosidl_typesupport_cpp[0m
[3.250s] [ 19%] [32mBuilding CXX object CMakeFiles/rmos_interfaces__rosidl_typesupport_cpp.dir/rosidl_typesupport_cpp/rmos_interfaces/msg/armor__type_support.cpp.o[0m
[3.252s] [ 20%] [32mBuilding CXX object CMakeFiles/rmos_interfaces__rosidl_typesupport_cpp.dir/rosidl_typesupport_cpp/rmos_interfaces/msg/color__type_support.cpp.o[0m
[3.252s] [ 21%] [32mBuilding CXX object CMakeFiles/rmos_interfaces__rosidl_typesupport_cpp.dir/rosidl_typesupport_cpp/rmos_interfaces/msg/quaternion_time__type_support.cpp.o[0m
[3.252s] [ 22%] [32mBuilding CXX object CMakeFiles/rmos_interfaces__rosidl_typesupport_cpp.dir/rosidl_typesupport_cpp/rmos_interfaces/msg/autoaim_state__type_support.cpp.o[0m
[3.252s] [ 24%] [32mBuilding CXX object CMakeFiles/rmos_interfaces__rosidl_typesupport_cpp.dir/rosidl_typesupport_cpp/rmos_interfaces/msg/mode__type_support.cpp.o[0m
[3.253s] [ 25%] [32mBuilding CXX object CMakeFiles/rmos_interfaces__rosidl_typesupport_cpp.dir/rosidl_typesupport_cpp/rmos_interfaces/msg/armors__type_support.cpp.o[0m
[3.253s] [ 26%] [32mBuilding CXX object CMakeFiles/rmos_interfaces__rosidl_typesupport_cpp.dir/rosidl_typesupport_cpp/rmos_interfaces/msg/bullet_speed__type_support.cpp.o[0m
[3.253s] [ 27%] [32mBuilding CXX object CMakeFiles/rmos_interfaces__rosidl_typesupport_cpp.dir/rosidl_typesupport_cpp/rmos_interfaces/msg/target__type_support.cpp.o[0m
[3.365s] [35m[1mScanning dependencies of target rmos_interfaces__rosidl_typesupport_introspection_cpp[0m
[3.393s] [ 29%] [32mBuilding CXX object CMakeFiles/rmos_interfaces__rosidl_typesupport_introspection_cpp.dir/rosidl_typesupport_introspection_cpp/rmos_interfaces/msg/detail/armors__type_support.cpp.o[0m
[3.393s] [ 29%] [32mBuilding CXX object CMakeFiles/rmos_interfaces__rosidl_typesupport_introspection_cpp.dir/rosidl_typesupport_introspection_cpp/rmos_interfaces/msg/detail/armor__type_support.cpp.o[0m
[3.404s] [ 31%] [32mBuilding CXX object CMakeFiles/rmos_interfaces__rosidl_typesupport_introspection_cpp.dir/rosidl_typesupport_introspection_cpp/rmos_interfaces/msg/detail/bullet_speed__type_support.cpp.o[0m
[3.407s] [ 32%] [32mBuilding CXX object CMakeFiles/rmos_interfaces__rosidl_typesupport_introspection_cpp.dir/rosidl_typesupport_introspection_cpp/rmos_interfaces/msg/detail/color__type_support.cpp.o[0m
[3.427s] [ 33%] [32mBuilding CXX object CMakeFiles/rmos_interfaces__rosidl_typesupport_introspection_cpp.dir/rosidl_typesupport_introspection_cpp/rmos_interfaces/msg/detail/quaternion_time__type_support.cpp.o[0m
[3.606s] [ 35%] [32mBuilding CXX object CMakeFiles/rmos_interfaces__rosidl_typesupport_introspection_cpp.dir/rosidl_typesupport_introspection_cpp/rmos_interfaces/msg/detail/mode__type_support.cpp.o[0m
[3.607s] [ 35%] [32mBuilding CXX object CMakeFiles/rmos_interfaces__rosidl_typesupport_introspection_cpp.dir/rosidl_typesupport_introspection_cpp/rmos_interfaces/msg/detail/autoaim_state__type_support.cpp.o[0m
[3.630s] [ 36%] [32mBuilding CXX object CMakeFiles/rmos_interfaces__rosidl_typesupport_introspection_cpp.dir/rosidl_typesupport_introspection_cpp/rmos_interfaces/msg/detail/target__type_support.cpp.o[0m
[3.642s] [35m[1mScanning dependencies of target rmos_interfaces__rosidl_typesupport_c[0m
[3.659s] [ 37%] [32m[1mLinking CXX shared library librmos_interfaces__rosidl_typesupport_cpp.so[0m
[3.661s] [ 39%] [32mBuilding CXX object CMakeFiles/rmos_interfaces__rosidl_typesupport_c.dir/rosidl_typesupport_c/rmos_interfaces/msg/armors__type_support.cpp.o[0m
[3.661s] [ 40%] [32mBuilding CXX object CMakeFiles/rmos_interfaces__rosidl_typesupport_c.dir/rosidl_typesupport_c/rmos_interfaces/msg/quaternion_time__type_support.cpp.o[0m
[3.666s] [35m[1mScanning dependencies of target rmos_interfaces__rosidl_typesupport_fastrtps_cpp[0m
[3.669s] [ 41%] [32mBuilding CXX object CMakeFiles/rmos_interfaces__rosidl_typesupport_c.dir/rosidl_typesupport_c/rmos_interfaces/msg/armor__type_support.cpp.o[0m
[3.682s] [ 42%] [32mBuilding CXX object CMakeFiles/rmos_interfaces__rosidl_typesupport_c.dir/rosidl_typesupport_c/rmos_interfaces/msg/color__type_support.cpp.o[0m
[3.715s] [ 43%] [32mBuilding CXX object CMakeFiles/rmos_interfaces__rosidl_typesupport_c.dir/rosidl_typesupport_c/rmos_interfaces/msg/bullet_speed__type_support.cpp.o[0m
[3.720s] [ 44%] [32mBuilding CXX object CMakeFiles/rmos_interfaces__rosidl_typesupport_c.dir/rosidl_typesupport_c/rmos_interfaces/msg/mode__type_support.cpp.o[0m
[3.720s] [ 44%] Built target rmos_interfaces__rosidl_typesupport_cpp
[3.722s] [ 45%] [32mBuilding CXX object CMakeFiles/rmos_interfaces__rosidl_typesupport_fastrtps_cpp.dir/rosidl_typesupport_fastrtps_cpp/rmos_interfaces/msg/detail/dds_fastrtps/armor__type_support.cpp.o[0m
[3.727s] [ 47%] [32mBuilding CXX object CMakeFiles/rmos_interfaces__rosidl_typesupport_fastrtps_cpp.dir/rosidl_typesupport_fastrtps_cpp/rmos_interfaces/msg/detail/dds_fastrtps/armors__type_support.cpp.o[0m
[3.732s] [ 48%] [32mBuilding CXX object CMakeFiles/rmos_interfaces__rosidl_typesupport_c.dir/rosidl_typesupport_c/rmos_interfaces/msg/autoaim_state__type_support.cpp.o[0m
[3.732s] [ 49%] [32mBuilding CXX object CMakeFiles/rmos_interfaces__rosidl_typesupport_fastrtps_cpp.dir/rosidl_typesupport_fastrtps_cpp/rmos_interfaces/msg/detail/dds_fastrtps/quaternion_time__type_support.cpp.o[0m
[3.735s] [35m[1mScanning dependencies of target rmos_interfaces__rosidl_typesupport_introspection_c[0m
[3.777s] [ 50%] [32mBuilding C object CMakeFiles/rmos_interfaces__rosidl_typesupport_introspection_c.dir/rosidl_typesupport_introspection_c/rmos_interfaces/msg/detail/armor__type_support.c.o[0m
[3.779s] [ 51%] [32mBuilding CXX object CMakeFiles/rmos_interfaces__rosidl_typesupport_c.dir/rosidl_typesupport_c/rmos_interfaces/msg/target__type_support.cpp.o[0m
[3.803s] [ 52%] [32mBuilding C object CMakeFiles/rmos_interfaces__rosidl_typesupport_introspection_c.dir/rosidl_typesupport_introspection_c/rmos_interfaces/msg/detail/armors__type_support.c.o[0m
[3.818s] [ 54%] [32mBuilding CXX object CMakeFiles/rmos_interfaces__rosidl_typesupport_fastrtps_cpp.dir/rosidl_typesupport_fastrtps_cpp/rmos_interfaces/msg/detail/dds_fastrtps/color__type_support.cpp.o[0m
[3.823s] [ 55%] [32mBuilding CXX object CMakeFiles/rmos_interfaces__rosidl_typesupport_fastrtps_cpp.dir/rosidl_typesupport_fastrtps_cpp/rmos_interfaces/msg/detail/dds_fastrtps/bullet_speed__type_support.cpp.o[0m
[3.836s] [ 56%] [32mBuilding C object CMakeFiles/rmos_interfaces__rosidl_typesupport_introspection_c.dir/rosidl_typesupport_introspection_c/rmos_interfaces/msg/detail/quaternion_time__type_support.c.o[0m
[3.836s] [ 57%] [32mBuilding C object CMakeFiles/rmos_interfaces__rosidl_typesupport_introspection_c.dir/rosidl_typesupport_introspection_c/rmos_interfaces/msg/detail/color__type_support.c.o[0m
[3.848s] [ 58%] [32mBuilding CXX object CMakeFiles/rmos_interfaces__rosidl_typesupport_fastrtps_cpp.dir/rosidl_typesupport_fastrtps_cpp/rmos_interfaces/msg/detail/dds_fastrtps/mode__type_support.cpp.o[0m
[3.862s] [ 59%] [32m[1mLinking CXX shared library librmos_interfaces__rosidl_typesupport_c.so[0m
[3.884s] [ 60%] [32mBuilding C object CMakeFiles/rmos_interfaces__rosidl_typesupport_introspection_c.dir/rosidl_typesupport_introspection_c/rmos_interfaces/msg/detail/bullet_speed__type_support.c.o[0m
[3.898s] [ 62%] [32mBuilding C object CMakeFiles/rmos_interfaces__rosidl_typesupport_introspection_c.dir/rosidl_typesupport_introspection_c/rmos_interfaces/msg/detail/mode__type_support.c.o[0m
[3.901s] [ 63%] [32mBuilding CXX object CMakeFiles/rmos_interfaces__rosidl_typesupport_fastrtps_cpp.dir/rosidl_typesupport_fastrtps_cpp/rmos_interfaces/msg/detail/dds_fastrtps/autoaim_state__type_support.cpp.o[0m
[3.922s] [ 64%] [32mBuilding CXX object CMakeFiles/rmos_interfaces__rosidl_typesupport_fastrtps_cpp.dir/rosidl_typesupport_fastrtps_cpp/rmos_interfaces/msg/detail/dds_fastrtps/target__type_support.cpp.o[0m
[3.938s] [ 65%] [32mBuilding C object CMakeFiles/rmos_interfaces__rosidl_typesupport_introspection_c.dir/rosidl_typesupport_introspection_c/rmos_interfaces/msg/detail/autoaim_state__type_support.c.o[0m
[3.944s] [ 66%] [32mBuilding C object CMakeFiles/rmos_interfaces__rosidl_typesupport_introspection_c.dir/rosidl_typesupport_introspection_c/rmos_interfaces/msg/detail/target__type_support.c.o[0m
[3.949s] [ 66%] Built target rmos_interfaces__rosidl_typesupport_c
[3.991s] [ 67%] [32m[1mLinking CXX shared library librmos_interfaces__rosidl_typesupport_introspection_cpp.so[0m
[4.000s] [ 68%] [32m[1mLinking C shared library librmos_interfaces__rosidl_typesupport_introspection_c.so[0m
[4.044s] [ 68%] Built target rmos_interfaces__rosidl_typesupport_introspection_c
[4.125s] [ 68%] Built target rmos_interfaces__rosidl_typesupport_introspection_cpp
[4.425s] [ 70%] [32m[1mLinking CXX shared library librmos_interfaces__rosidl_typesupport_fastrtps_cpp.so[0m
[4.498s] [ 70%] Built target rmos_interfaces__rosidl_typesupport_fastrtps_cpp
[4.507s] [ 71%] [34m[1mGenerating C type support for eProsima Fast-RTPS[0m
[4.845s] [35m[1mScanning dependencies of target rmos_interfaces__rosidl_typesupport_fastrtps_c[0m
[4.866s] [ 73%] [32mBuilding CXX object CMakeFiles/rmos_interfaces__rosidl_typesupport_fastrtps_c.dir/rosidl_typesupport_fastrtps_c/rmos_interfaces/msg/detail/quaternion_time__type_support_c.cpp.o[0m
[4.866s] [ 73%] [32mBuilding CXX object CMakeFiles/rmos_interfaces__rosidl_typesupport_fastrtps_c.dir/rosidl_typesupport_fastrtps_c/rmos_interfaces/msg/detail/color__type_support_c.cpp.o[0m
[4.866s] [ 74%] [32mBuilding CXX object CMakeFiles/rmos_interfaces__rosidl_typesupport_fastrtps_c.dir/rosidl_typesupport_fastrtps_c/rmos_interfaces/msg/detail/armor__type_support_c.cpp.o[0m
[4.866s] [ 75%] [32mBuilding CXX object CMakeFiles/rmos_interfaces__rosidl_typesupport_fastrtps_c.dir/rosidl_typesupport_fastrtps_c/rmos_interfaces/msg/detail/armors__type_support_c.cpp.o[0m
[4.867s] [ 77%] [32mBuilding CXX object CMakeFiles/rmos_interfaces__rosidl_typesupport_fastrtps_c.dir/rosidl_typesupport_fastrtps_c/rmos_interfaces/msg/detail/bullet_speed__type_support_c.cpp.o[0m
[4.867s] [ 79%] [32mBuilding CXX object CMakeFiles/rmos_interfaces__rosidl_typesupport_fastrtps_c.dir/rosidl_typesupport_fastrtps_c/rmos_interfaces/msg/detail/mode__type_support_c.cpp.o[0m
[4.867s] [ 79%] [32mBuilding CXX object CMakeFiles/rmos_interfaces__rosidl_typesupport_fastrtps_c.dir/rosidl_typesupport_fastrtps_c/rmos_interfaces/msg/detail/autoaim_state__type_support_c.cpp.o[0m
[4.868s] [ 80%] [32mBuilding CXX object CMakeFiles/rmos_interfaces__rosidl_typesupport_fastrtps_c.dir/rosidl_typesupport_fastrtps_c/rmos_interfaces/msg/detail/target__type_support_c.cpp.o[0m
[5.305s] [ 81%] [32m[1mLinking CXX shared library librmos_interfaces__rosidl_typesupport_fastrtps_c.so[0m
[5.388s] [ 81%] Built target rmos_interfaces__rosidl_typesupport_fastrtps_c
[5.398s] [35m[1mScanning dependencies of target rmos_interfaces[0m
[5.408s] [ 81%] Built target rmos_interfaces
[5.418s] [35m[1mScanning dependencies of target rmos_interfaces__py[0m
[5.427s] [ 82%] [34m[1mGenerating Python code for ROS interfaces[0m
[6.137s] [ 82%] Built target rmos_interfaces__py
[6.146s] [35m[1mScanning dependencies of target rmos_interfaces__python[0m
[6.171s] [ 85%] [32mBuilding C object CMakeFiles/rmos_interfaces__python.dir/rosidl_generator_py/rmos_interfaces/msg/_quaternion_time_s.c.o[0m
[6.171s] [ 85%] [32mBuilding C object CMakeFiles/rmos_interfaces__python.dir/rosidl_generator_py/rmos_interfaces/msg/_bullet_speed_s.c.o[0m
[6.172s] [ 86%] [32mBuilding C object CMakeFiles/rmos_interfaces__python.dir/rosidl_generator_py/rmos_interfaces/msg/_armor_s.c.o[0m
[6.172s] [ 89%] [32mBuilding C object CMakeFiles/rmos_interfaces__python.dir/rosidl_generator_py/rmos_interfaces/msg/_autoaim_state_s.c.o[0m
[6.172s] [ 89%] [32mBuilding C object CMakeFiles/rmos_interfaces__python.dir/rosidl_generator_py/rmos_interfaces/msg/_color_s.c.o[0m
[6.172s] [ 89%] [32mBuilding C object CMakeFiles/rmos_interfaces__python.dir/rosidl_generator_py/rmos_interfaces/msg/_armors_s.c.o[0m
[6.173s] [ 91%] [32mBuilding C object CMakeFiles/rmos_interfaces__python.dir/rosidl_generator_py/rmos_interfaces/msg/_target_s.c.o[0m
[6.173s] [ 91%] [32mBuilding C object CMakeFiles/rmos_interfaces__python.dir/rosidl_generator_py/rmos_interfaces/msg/_mode_s.c.o[0m
[6.279s] [ 93%] [32m[1mLinking C shared library rosidl_generator_py/rmos_interfaces/librmos_interfaces__python.so[0m
[6.315s] [ 93%] Built target rmos_interfaces__python
[6.324s] [35m[1mScanning dependencies of target rmos_interfaces__rosidl_typesupport_fastrtps_c__pyext[0m
[6.324s] [35m[1mScanning dependencies of target rmos_interfaces__rosidl_typesupport_c__pyext[0m
[6.324s] [35m[1mScanning dependencies of target rmos_interfaces__rosidl_typesupport_introspection_c__pyext[0m
[6.342s] [ 95%] [32mBuilding C object CMakeFiles/rmos_interfaces__rosidl_typesupport_introspection_c__pyext.dir/rosidl_generator_py/rmos_interfaces/_rmos_interfaces_s.ep.rosidl_typesupport_introspection_c.c.o[0m
[6.342s] [ 95%] [32mBuilding C object CMakeFiles/rmos_interfaces__rosidl_typesupport_c__pyext.dir/rosidl_generator_py/rmos_interfaces/_rmos_interfaces_s.ep.rosidl_typesupport_c.c.o[0m
[6.343s] [ 96%] [32mBuilding C object CMakeFiles/rmos_interfaces__rosidl_typesupport_fastrtps_c__pyext.dir/rosidl_generator_py/rmos_interfaces/_rmos_interfaces_s.ep.rosidl_typesupport_fastrtps_c.c.o[0m
[6.416s] [100%] [32m[1mLinking C shared library rosidl_generator_py/rmos_interfaces/rmos_interfaces_s__rosidl_typesupport_introspection_c.cpython-38-x86_64-linux-gnu.so[0m
[6.416s] [100%] [32m[1mLinking C shared library rosidl_generator_py/rmos_interfaces/rmos_interfaces_s__rosidl_typesupport_c.cpython-38-x86_64-linux-gnu.so[0m
[6.417s] [100%] [32m[1mLinking CXX shared library rosidl_generator_py/rmos_interfaces/rmos_interfaces_s__rosidl_typesupport_fastrtps_c.cpython-38-x86_64-linux-gnu.so[0m
[6.446s] [100%] Built target rmos_interfaces__rosidl_typesupport_c__pyext
[6.447s] [100%] Built target rmos_interfaces__rosidl_typesupport_introspection_c__pyext
[6.470s] [100%] Built target rmos_interfaces__rosidl_typesupport_fastrtps_c__pyext
[6.512s] Invoked command in '/home/niuoruo/workspace/sentry/ws/desicion/build/rmos_interfaces' returned '0': CMAKE_PREFIX_PATH=/opt/ros/foxy /usr/bin/cmake --build /home/niuoruo/workspace/sentry/ws/desicion/build/rmos_interfaces -- -j16 -l16
[6.615s] Invoking command in '/home/niuoruo/workspace/sentry/ws/desicion/build/rmos_interfaces': CMAKE_PREFIX_PATH=/opt/ros/foxy /usr/bin/cmake --install /home/niuoruo/workspace/sentry/ws/desicion/build/rmos_interfaces
[6.624s] -- Install configuration: ""
[6.624s] -- Installing: /home/niuoruo/workspace/sentry/ws/desicion/install/rmos_interfaces/share/ament_index/resource_index/rosidl_interfaces/rmos_interfaces
[6.624s] -- Installing: /home/niuoruo/workspace/sentry/ws/desicion/install/rmos_interfaces/include/rmos_interfaces
[6.624s] -- Installing: /home/niuoruo/workspace/sentry/ws/desicion/install/rmos_interfaces/include/rmos_interfaces/msg
[6.624s] -- Installing: /home/niuoruo/workspace/sentry/ws/desicion/install/rmos_interfaces/include/rmos_interfaces/msg/target.h
[6.625s] -- Installing: /home/niuoruo/workspace/sentry/ws/desicion/install/rmos_interfaces/include/rmos_interfaces/msg/color.h
[6.625s] -- Installing: /home/niuoruo/workspace/sentry/ws/desicion/install/rmos_interfaces/include/rmos_interfaces/msg/mode.h
[6.625s] -- Installing: /home/niuoruo/workspace/sentry/ws/desicion/install/rmos_interfaces/include/rmos_interfaces/msg/armors.h
[6.625s] -- Installing: /home/niuoruo/workspace/sentry/ws/desicion/install/rmos_interfaces/include/rmos_interfaces/msg/armor.h
[6.625s] -- Installing: /home/niuoruo/workspace/sentry/ws/desicion/install/rmos_interfaces/include/rmos_interfaces/msg/quaternion_time.h
[6.625s] -- Installing: /home/niuoruo/workspace/sentry/ws/desicion/install/rmos_interfaces/include/rmos_interfaces/msg/autoaim_state.h
[6.625s] -- Installing: /home/niuoruo/workspace/sentry/ws/desicion/install/rmos_interfaces/include/rmos_interfaces/msg/bullet_speed.h
[6.625s] -- Installing: /home/niuoruo/workspace/sentry/ws/desicion/install/rmos_interfaces/include/rmos_interfaces/msg/detail
[6.625s] -- Installing: /home/niuoruo/workspace/sentry/ws/desicion/install/rmos_interfaces/include/rmos_interfaces/msg/detail/target__struct.h
[6.625s] -- Installing: /home/niuoruo/workspace/sentry/ws/desicion/install/rmos_interfaces/include/rmos_interfaces/msg/detail/mode__functions.c
[6.625s] -- Installing: /home/niuoruo/workspace/sentry/ws/desicion/install/rmos_interfaces/include/rmos_interfaces/msg/detail/armor__functions.c
[6.625s] -- Installing: /home/niuoruo/workspace/sentry/ws/desicion/install/rmos_interfaces/include/rmos_interfaces/msg/detail/target__functions.h
[6.625s] -- Installing: /home/niuoruo/workspace/sentry/ws/desicion/install/rmos_interfaces/include/rmos_interfaces/msg/detail/quaternion_time__functions.c
[6.625s] -- Installing: /home/niuoruo/workspace/sentry/ws/desicion/install/rmos_interfaces/include/rmos_interfaces/msg/detail/armor__type_support.h
[6.626s] -- Installing: /home/niuoruo/workspace/sentry/ws/desicion/install/rmos_interfaces/include/rmos_interfaces/msg/detail/mode__type_support.h
[6.626s] -- Installing: /home/niuoruo/workspace/sentry/ws/desicion/install/rmos_interfaces/include/rmos_interfaces/msg/detail/armors__functions.c
[6.626s] -- Installing: /home/niuoruo/workspace/sentry/ws/desicion/install/rmos_interfaces/include/rmos_interfaces/msg/detail/bullet_speed__struct.h
[6.626s] -- Installing: /home/niuoruo/workspace/sentry/ws/desicion/install/rmos_interfaces/include/rmos_interfaces/msg/detail/color__struct.h
[6.626s] -- Installing: /home/niuoruo/workspace/sentry/ws/desicion/install/rmos_interfaces/include/rmos_interfaces/msg/detail/bullet_speed__type_support.h
[6.626s] -- Installing: /home/niuoruo/workspace/sentry/ws/desicion/install/rmos_interfaces/include/rmos_interfaces/msg/detail/bullet_speed__functions.h
[6.626s] -- Installing: /home/niuoruo/workspace/sentry/ws/desicion/install/rmos_interfaces/include/rmos_interfaces/msg/detail/autoaim_state__functions.c
[6.626s] -- Installing: /home/niuoruo/workspace/sentry/ws/desicion/install/rmos_interfaces/include/rmos_interfaces/msg/detail/armors__type_support.h
[6.626s] -- Installing: /home/niuoruo/workspace/sentry/ws/desicion/install/rmos_interfaces/include/rmos_interfaces/msg/detail/autoaim_state__functions.h
[6.626s] -- Installing: /home/niuoruo/workspace/sentry/ws/desicion/install/rmos_interfaces/include/rmos_interfaces/msg/detail/armor__struct.h
[6.626s] -- Installing: /home/niuoruo/workspace/sentry/ws/desicion/install/rmos_interfaces/include/rmos_interfaces/msg/detail/color__functions.c
[6.626s] -- Installing: /home/niuoruo/workspace/sentry/ws/desicion/install/rmos_interfaces/include/rmos_interfaces/msg/detail/quaternion_time__type_support.h
[6.626s] -- Installing: /home/niuoruo/workspace/sentry/ws/desicion/install/rmos_interfaces/include/rmos_interfaces/msg/detail/armors__struct.h
[6.626s] -- Installing: /home/niuoruo/workspace/sentry/ws/desicion/install/rmos_interfaces/include/rmos_interfaces/msg/detail/quaternion_time__struct.h
[6.627s] -- Installing: /home/niuoruo/workspace/sentry/ws/desicion/install/rmos_interfaces/include/rmos_interfaces/msg/detail/mode__functions.h
[6.627s] -- Installing: /home/niuoruo/workspace/sentry/ws/desicion/install/rmos_interfaces/include/rmos_interfaces/msg/detail/color__type_support.h
[6.627s] -- Installing: /home/niuoruo/workspace/sentry/ws/desicion/install/rmos_interfaces/include/rmos_interfaces/msg/detail/mode__struct.h
[6.627s] -- Installing: /home/niuoruo/workspace/sentry/ws/desicion/install/rmos_interfaces/include/rmos_interfaces/msg/detail/armor__functions.h
[6.627s] -- Installing: /home/niuoruo/workspace/sentry/ws/desicion/install/rmos_interfaces/include/rmos_interfaces/msg/detail/target__functions.c
[6.627s] -- Installing: /home/niuoruo/workspace/sentry/ws/desicion/install/rmos_interfaces/include/rmos_interfaces/msg/detail/autoaim_state__struct.h
[6.627s] -- Installing: /home/niuoruo/workspace/sentry/ws/desicion/install/rmos_interfaces/include/rmos_interfaces/msg/detail/armors__functions.h
[6.627s] -- Installing: /home/niuoruo/workspace/sentry/ws/desicion/install/rmos_interfaces/include/rmos_interfaces/msg/detail/quaternion_time__functions.h
[6.627s] -- Installing: /home/niuoruo/workspace/sentry/ws/desicion/install/rmos_interfaces/include/rmos_interfaces/msg/detail/bullet_speed__functions.c
[6.627s] -- Installing: /home/niuoruo/workspace/sentry/ws/desicion/install/rmos_interfaces/include/rmos_interfaces/msg/detail/target__type_support.h
[6.627s] -- Installing: /home/niuoruo/workspace/sentry/ws/desicion/install/rmos_interfaces/include/rmos_interfaces/msg/detail/color__functions.h
[6.627s] -- Installing: /home/niuoruo/workspace/sentry/ws/desicion/install/rmos_interfaces/include/rmos_interfaces/msg/detail/autoaim_state__type_support.h
[6.627s] -- Installing: /home/niuoruo/workspace/sentry/ws/desicion/install/rmos_interfaces/include/rmos_interfaces/msg/rosidl_generator_c__visibility_control.h
[6.627s] -- Installing: /home/niuoruo/workspace/sentry/ws/desicion/install/rmos_interfaces/share/rmos_interfaces/environment/library_path.sh
[6.628s] -- Installing: /home/niuoruo/workspace/sentry/ws/desicion/install/rmos_interfaces/share/rmos_interfaces/environment/library_path.dsv
[6.628s] -- Installing: /home/niuoruo/workspace/sentry/ws/desicion/install/rmos_interfaces/lib/librmos_interfaces__rosidl_generator_c.so
[6.628s] -- Set runtime path of "/home/niuoruo/workspace/sentry/ws/desicion/install/rmos_interfaces/lib/librmos_interfaces__rosidl_generator_c.so" to ""
[6.628s] -- Up-to-date: /home/niuoruo/workspace/sentry/ws/desicion/install/rmos_interfaces/include/rmos_interfaces
[6.628s] -- Up-to-date: /home/niuoruo/workspace/sentry/ws/desicion/install/rmos_interfaces/include/rmos_interfaces/msg
[6.629s] -- Up-to-date: /home/niuoruo/workspace/sentry/ws/desicion/install/rmos_interfaces/include/rmos_interfaces/msg/detail
[6.629s] -- Installing: /home/niuoruo/workspace/sentry/ws/desicion/install/rmos_interfaces/include/rmos_interfaces/msg/detail/target__rosidl_typesupport_fastrtps_c.h
[6.629s] -- Installing: /home/niuoruo/workspace/sentry/ws/desicion/install/rmos_interfaces/include/rmos_interfaces/msg/detail/autoaim_state__rosidl_typesupport_fastrtps_c.h
[6.629s] -- Installing: /home/niuoruo/workspace/sentry/ws/desicion/install/rmos_interfaces/include/rmos_interfaces/msg/detail/quaternion_time__rosidl_typesupport_fastrtps_c.h
[6.629s] -- Installing: /home/niuoruo/workspace/sentry/ws/desicion/install/rmos_interfaces/include/rmos_interfaces/msg/detail/mode__rosidl_typesupport_fastrtps_c.h
[6.629s] -- Installing: /home/niuoruo/workspace/sentry/ws/desicion/install/rmos_interfaces/include/rmos_interfaces/msg/detail/armor__rosidl_typesupport_fastrtps_c.h
[6.629s] -- Installing: /home/niuoruo/workspace/sentry/ws/desicion/install/rmos_interfaces/include/rmos_interfaces/msg/detail/bullet_speed__rosidl_typesupport_fastrtps_c.h
[6.629s] -- Installing: /home/niuoruo/workspace/sentry/ws/desicion/install/rmos_interfaces/include/rmos_interfaces/msg/detail/armors__rosidl_typesupport_fastrtps_c.h
[6.629s] -- Installing: /home/niuoruo/workspace/sentry/ws/desicion/install/rmos_interfaces/include/rmos_interfaces/msg/detail/color__rosidl_typesupport_fastrtps_c.h
[6.629s] -- Installing: /home/niuoruo/workspace/sentry/ws/desicion/install/rmos_interfaces/include/rmos_interfaces/msg/rosidl_typesupport_fastrtps_c__visibility_control.h
[6.629s] -- Installing: /home/niuoruo/workspace/sentry/ws/desicion/install/rmos_interfaces/lib/librmos_interfaces__rosidl_typesupport_fastrtps_c.so
[6.630s] -- Set runtime path of "/home/niuoruo/workspace/sentry/ws/desicion/install/rmos_interfaces/lib/librmos_interfaces__rosidl_typesupport_fastrtps_c.so" to ""
[6.630s] -- Up-to-date: /home/niuoruo/workspace/sentry/ws/desicion/install/rmos_interfaces/include/rmos_interfaces
[6.630s] -- Up-to-date: /home/niuoruo/workspace/sentry/ws/desicion/install/rmos_interfaces/include/rmos_interfaces/msg
[6.630s] -- Installing: /home/niuoruo/workspace/sentry/ws/desicion/install/rmos_interfaces/include/rmos_interfaces/msg/rosidl_typesupport_fastrtps_cpp__visibility_control.h
[6.630s] -- Up-to-date: /home/niuoruo/workspace/sentry/ws/desicion/install/rmos_interfaces/include/rmos_interfaces/msg/detail
[6.630s] -- Installing: /home/niuoruo/workspace/sentry/ws/desicion/install/rmos_interfaces/include/rmos_interfaces/msg/detail/armor__rosidl_typesupport_fastrtps_cpp.hpp
[6.630s] -- Installing: /home/niuoruo/workspace/sentry/ws/desicion/install/rmos_interfaces/include/rmos_interfaces/msg/detail/autoaim_state__rosidl_typesupport_fastrtps_cpp.hpp
[6.630s] -- Installing: /home/niuoruo/workspace/sentry/ws/desicion/install/rmos_interfaces/include/rmos_interfaces/msg/detail/mode__rosidl_typesupport_fastrtps_cpp.hpp
[6.630s] -- Installing: /home/niuoruo/workspace/sentry/ws/desicion/install/rmos_interfaces/include/rmos_interfaces/msg/detail/color__rosidl_typesupport_fastrtps_cpp.hpp
[6.630s] -- Installing: /home/niuoruo/workspace/sentry/ws/desicion/install/rmos_interfaces/include/rmos_interfaces/msg/detail/quaternion_time__rosidl_typesupport_fastrtps_cpp.hpp
[6.631s] -- Installing: /home/niuoruo/workspace/sentry/ws/desicion/install/rmos_interfaces/include/rmos_interfaces/msg/detail/target__rosidl_typesupport_fastrtps_cpp.hpp
[6.631s] -- Installing: /home/niuoruo/workspace/sentry/ws/desicion/install/rmos_interfaces/include/rmos_interfaces/msg/detail/dds_fastrtps
[6.631s] -- Installing: /home/niuoruo/workspace/sentry/ws/desicion/install/rmos_interfaces/include/rmos_interfaces/msg/detail/armors__rosidl_typesupport_fastrtps_cpp.hpp
[6.631s] -- Installing: /home/niuoruo/workspace/sentry/ws/desicion/install/rmos_interfaces/include/rmos_interfaces/msg/detail/bullet_speed__rosidl_typesupport_fastrtps_cpp.hpp
[6.631s] -- Installing: /home/niuoruo/workspace/sentry/ws/desicion/install/rmos_interfaces/lib/librmos_interfaces__rosidl_typesupport_fastrtps_cpp.so
[6.631s] -- Set runtime path of "/home/niuoruo/workspace/sentry/ws/desicion/install/rmos_interfaces/lib/librmos_interfaces__rosidl_typesupport_fastrtps_cpp.so" to ""
[6.632s] -- Up-to-date: /home/niuoruo/workspace/sentry/ws/desicion/install/rmos_interfaces/include/rmos_interfaces
[6.632s] -- Up-to-date: /home/niuoruo/workspace/sentry/ws/desicion/install/rmos_interfaces/include/rmos_interfaces/msg
[6.632s] -- Installing: /home/niuoruo/workspace/sentry/ws/desicion/install/rmos_interfaces/include/rmos_interfaces/msg/rosidl_typesupport_introspection_c__visibility_control.h
[6.632s] -- Up-to-date: /home/niuoruo/workspace/sentry/ws/desicion/install/rmos_interfaces/include/rmos_interfaces/msg/detail
[6.632s] -- Installing: /home/niuoruo/workspace/sentry/ws/desicion/install/rmos_interfaces/include/rmos_interfaces/msg/detail/quaternion_time__type_support.c
[6.632s] -- Installing: /home/niuoruo/workspace/sentry/ws/desicion/install/rmos_interfaces/include/rmos_interfaces/msg/detail/bullet_speed__rosidl_typesupport_introspection_c.h
[6.632s] -- Installing: /home/niuoruo/workspace/sentry/ws/desicion/install/rmos_interfaces/include/rmos_interfaces/msg/detail/armor__rosidl_typesupport_introspection_c.h
[6.632s] -- Installing: /home/niuoruo/workspace/sentry/ws/desicion/install/rmos_interfaces/include/rmos_interfaces/msg/detail/target__rosidl_typesupport_introspection_c.h
[6.632s] -- Installing: /home/niuoruo/workspace/sentry/ws/desicion/install/rmos_interfaces/include/rmos_interfaces/msg/detail/color__rosidl_typesupport_introspection_c.h
[6.632s] -- Installing: /home/niuoruo/workspace/sentry/ws/desicion/install/rmos_interfaces/include/rmos_interfaces/msg/detail/quaternion_time__rosidl_typesupport_introspection_c.h
[6.632s] -- Installing: /home/niuoruo/workspace/sentry/ws/desicion/install/rmos_interfaces/include/rmos_interfaces/msg/detail/armor__type_support.c
[6.633s] -- Installing: /home/niuoruo/workspace/sentry/ws/desicion/install/rmos_interfaces/include/rmos_interfaces/msg/detail/autoaim_state__type_support.c
[6.633s] -- Installing: /home/niuoruo/workspace/sentry/ws/desicion/install/rmos_interfaces/include/rmos_interfaces/msg/detail/armors__rosidl_typesupport_introspection_c.h
[6.633s] -- Installing: /home/niuoruo/workspace/sentry/ws/desicion/install/rmos_interfaces/include/rmos_interfaces/msg/detail/autoaim_state__rosidl_typesupport_introspection_c.h
[6.633s] -- Installing: /home/niuoruo/workspace/sentry/ws/desicion/install/rmos_interfaces/include/rmos_interfaces/msg/detail/mode__type_support.c
[6.633s] -- Installing: /home/niuoruo/workspace/sentry/ws/desicion/install/rmos_interfaces/include/rmos_interfaces/msg/detail/color__type_support.c
[6.633s] -- Installing: /home/niuoruo/workspace/sentry/ws/desicion/install/rmos_interfaces/include/rmos_interfaces/msg/detail/armors__type_support.c
[6.633s] -- Installing: /home/niuoruo/workspace/sentry/ws/desicion/install/rmos_interfaces/include/rmos_interfaces/msg/detail/bullet_speed__type_support.c
[6.633s] -- Installing: /home/niuoruo/workspace/sentry/ws/desicion/install/rmos_interfaces/include/rmos_interfaces/msg/detail/mode__rosidl_typesupport_introspection_c.h
[6.633s] -- Installing: /home/niuoruo/workspace/sentry/ws/desicion/install/rmos_interfaces/include/rmos_interfaces/msg/detail/target__type_support.c
[6.633s] -- Installing: /home/niuoruo/workspace/sentry/ws/desicion/install/rmos_interfaces/lib/librmos_interfaces__rosidl_typesupport_introspection_c.so
[6.634s] -- Set runtime path of "/home/niuoruo/workspace/sentry/ws/desicion/install/rmos_interfaces/lib/librmos_interfaces__rosidl_typesupport_introspection_c.so" to ""
[6.634s] -- Installing: /home/niuoruo/workspace/sentry/ws/desicion/install/rmos_interfaces/lib/librmos_interfaces__rosidl_typesupport_c.so
[6.634s] -- Set runtime path of "/home/niuoruo/workspace/sentry/ws/desicion/install/rmos_interfaces/lib/librmos_interfaces__rosidl_typesupport_c.so" to ""
[6.634s] -- Up-to-date: /home/niuoruo/workspace/sentry/ws/desicion/install/rmos_interfaces/include/rmos_interfaces
[6.634s] -- Up-to-date: /home/niuoruo/workspace/sentry/ws/desicion/install/rmos_interfaces/include/rmos_interfaces/msg
[6.634s] -- Installing: /home/niuoruo/workspace/sentry/ws/desicion/install/rmos_interfaces/include/rmos_interfaces/msg/bullet_speed.hpp
[6.634s] -- Installing: /home/niuoruo/workspace/sentry/ws/desicion/install/rmos_interfaces/include/rmos_interfaces/msg/armors.hpp
[6.635s] -- Installing: /home/niuoruo/workspace/sentry/ws/desicion/install/rmos_interfaces/include/rmos_interfaces/msg/color.hpp
[6.635s] -- Installing: /home/niuoruo/workspace/sentry/ws/desicion/install/rmos_interfaces/include/rmos_interfaces/msg/armor.hpp
[6.635s] -- Installing: /home/niuoruo/workspace/sentry/ws/desicion/install/rmos_interfaces/include/rmos_interfaces/msg/rosidl_generator_cpp__visibility_control.hpp
[6.635s] -- Installing: /home/niuoruo/workspace/sentry/ws/desicion/install/rmos_interfaces/include/rmos_interfaces/msg/quaternion_time.hpp
[6.635s] -- Installing: /home/niuoruo/workspace/sentry/ws/desicion/install/rmos_interfaces/include/rmos_interfaces/msg/autoaim_state.hpp
[6.635s] -- Installing: /home/niuoruo/workspace/sentry/ws/desicion/install/rmos_interfaces/include/rmos_interfaces/msg/target.hpp
[6.635s] -- Up-to-date: /home/niuoruo/workspace/sentry/ws/desicion/install/rmos_interfaces/include/rmos_interfaces/msg/detail
[6.635s] -- Installing: /home/niuoruo/workspace/sentry/ws/desicion/install/rmos_interfaces/include/rmos_interfaces/msg/detail/color__struct.hpp
[6.635s] -- Installing: /home/niuoruo/workspace/sentry/ws/desicion/install/rmos_interfaces/include/rmos_interfaces/msg/detail/mode__traits.hpp
[6.635s] -- Installing: /home/niuoruo/workspace/sentry/ws/desicion/install/rmos_interfaces/include/rmos_interfaces/msg/detail/bullet_speed__type_support.hpp
[6.635s] -- Installing: /home/niuoruo/workspace/sentry/ws/desicion/install/rmos_interfaces/include/rmos_interfaces/msg/detail/armors__builder.hpp
[6.635s] -- Installing: /home/niuoruo/workspace/sentry/ws/desicion/install/rmos_interfaces/include/rmos_interfaces/msg/detail/mode__type_support.hpp
[6.635s] -- Installing: /home/niuoruo/workspace/sentry/ws/desicion/install/rmos_interfaces/include/rmos_interfaces/msg/detail/armor__type_support.hpp
[6.636s] -- Installing: /home/niuoruo/workspace/sentry/ws/desicion/install/rmos_interfaces/include/rmos_interfaces/msg/detail/autoaim_state__type_support.hpp
[6.636s] -- Installing: /home/niuoruo/workspace/sentry/ws/desicion/install/rmos_interfaces/include/rmos_interfaces/msg/detail/armors__type_support.hpp
[6.636s] -- Installing: /home/niuoruo/workspace/sentry/ws/desicion/install/rmos_interfaces/include/rmos_interfaces/msg/detail/color__builder.hpp
[6.636s] -- Installing: /home/niuoruo/workspace/sentry/ws/desicion/install/rmos_interfaces/include/rmos_interfaces/msg/detail/mode__builder.hpp
[6.636s] -- Installing: /home/niuoruo/workspace/sentry/ws/desicion/install/rmos_interfaces/include/rmos_interfaces/msg/detail/autoaim_state__builder.hpp
[6.636s] -- Installing: /home/niuoruo/workspace/sentry/ws/desicion/install/rmos_interfaces/include/rmos_interfaces/msg/detail/color__type_support.hpp
[6.636s] -- Installing: /home/niuoruo/workspace/sentry/ws/desicion/install/rmos_interfaces/include/rmos_interfaces/msg/detail/bullet_speed__traits.hpp
[6.636s] -- Installing: /home/niuoruo/workspace/sentry/ws/desicion/install/rmos_interfaces/include/rmos_interfaces/msg/detail/armors__struct.hpp
[6.636s] -- Installing: /home/niuoruo/workspace/sentry/ws/desicion/install/rmos_interfaces/include/rmos_interfaces/msg/detail/color__traits.hpp
[6.636s] -- Installing: /home/niuoruo/workspace/sentry/ws/desicion/install/rmos_interfaces/include/rmos_interfaces/msg/detail/target__struct.hpp
[6.636s] -- Installing: /home/niuoruo/workspace/sentry/ws/desicion/install/rmos_interfaces/include/rmos_interfaces/msg/detail/autoaim_state__traits.hpp
[6.636s] -- Installing: /home/niuoruo/workspace/sentry/ws/desicion/install/rmos_interfaces/include/rmos_interfaces/msg/detail/target__builder.hpp
[6.636s] -- Installing: /home/niuoruo/workspace/sentry/ws/desicion/install/rmos_interfaces/include/rmos_interfaces/msg/detail/target__traits.hpp
[6.636s] -- Installing: /home/niuoruo/workspace/sentry/ws/desicion/install/rmos_interfaces/include/rmos_interfaces/msg/detail/bullet_speed__struct.hpp
[6.637s] -- Installing: /home/niuoruo/workspace/sentry/ws/desicion/install/rmos_interfaces/include/rmos_interfaces/msg/detail/autoaim_state__struct.hpp
[6.637s] -- Installing: /home/niuoruo/workspace/sentry/ws/desicion/install/rmos_interfaces/include/rmos_interfaces/msg/detail/armor__traits.hpp
[6.637s] -- Installing: /home/niuoruo/workspace/sentry/ws/desicion/install/rmos_interfaces/include/rmos_interfaces/msg/detail/armors__traits.hpp
[6.637s] -- Installing: /home/niuoruo/workspace/sentry/ws/desicion/install/rmos_interfaces/include/rmos_interfaces/msg/detail/quaternion_time__struct.hpp
[6.637s] -- Installing: /home/niuoruo/workspace/sentry/ws/desicion/install/rmos_interfaces/include/rmos_interfaces/msg/detail/armor__builder.hpp
[6.637s] -- Installing: /home/niuoruo/workspace/sentry/ws/desicion/install/rmos_interfaces/include/rmos_interfaces/msg/detail/quaternion_time__builder.hpp
[6.637s] -- Installing: /home/niuoruo/workspace/sentry/ws/desicion/install/rmos_interfaces/include/rmos_interfaces/msg/detail/quaternion_time__type_support.hpp
[6.637s] -- Installing: /home/niuoruo/workspace/sentry/ws/desicion/install/rmos_interfaces/include/rmos_interfaces/msg/detail/quaternion_time__traits.hpp
[6.637s] -- Installing: /home/niuoruo/workspace/sentry/ws/desicion/install/rmos_interfaces/include/rmos_interfaces/msg/detail/bullet_speed__builder.hpp
[6.637s] -- Installing: /home/niuoruo/workspace/sentry/ws/desicion/install/rmos_interfaces/include/rmos_interfaces/msg/detail/mode__struct.hpp
[6.637s] -- Installing: /home/niuoruo/workspace/sentry/ws/desicion/install/rmos_interfaces/include/rmos_interfaces/msg/detail/target__type_support.hpp
[6.637s] -- Installing: /home/niuoruo/workspace/sentry/ws/desicion/install/rmos_interfaces/include/rmos_interfaces/msg/detail/armor__struct.hpp
[6.637s] -- Installing: /home/niuoruo/workspace/sentry/ws/desicion/install/rmos_interfaces/include/rmos_interfaces/msg/mode.hpp
[6.638s] -- Up-to-date: /home/niuoruo/workspace/sentry/ws/desicion/install/rmos_interfaces/include/rmos_interfaces
[6.638s] -- Up-to-date: /home/niuoruo/workspace/sentry/ws/desicion/install/rmos_interfaces/include/rmos_interfaces/msg
[6.638s] -- Up-to-date: /home/niuoruo/workspace/sentry/ws/desicion/install/rmos_interfaces/include/rmos_interfaces/msg/detail
[6.638s] -- Installing: /home/niuoruo/workspace/sentry/ws/desicion/install/rmos_interfaces/include/rmos_interfaces/msg/detail/quaternion_time__type_support.cpp
[6.638s] -- Installing: /home/niuoruo/workspace/sentry/ws/desicion/install/rmos_interfaces/include/rmos_interfaces/msg/detail/armor__rosidl_typesupport_introspection_cpp.hpp
[6.638s] -- Installing: /home/niuoruo/workspace/sentry/ws/desicion/install/rmos_interfaces/include/rmos_interfaces/msg/detail/armors__type_support.cpp
[6.638s] -- Installing: /home/niuoruo/workspace/sentry/ws/desicion/install/rmos_interfaces/include/rmos_interfaces/msg/detail/armor__type_support.cpp
[6.638s] -- Installing: /home/niuoruo/workspace/sentry/ws/desicion/install/rmos_interfaces/include/rmos_interfaces/msg/detail/bullet_speed__type_support.cpp
[6.638s] -- Installing: /home/niuoruo/workspace/sentry/ws/desicion/install/rmos_interfaces/include/rmos_interfaces/msg/detail/armors__rosidl_typesupport_introspection_cpp.hpp
[6.638s] -- Installing: /home/niuoruo/workspace/sentry/ws/desicion/install/rmos_interfaces/include/rmos_interfaces/msg/detail/mode__type_support.cpp
[6.638s] -- Installing: /home/niuoruo/workspace/sentry/ws/desicion/install/rmos_interfaces/include/rmos_interfaces/msg/detail/quaternion_time__rosidl_typesupport_introspection_cpp.hpp
[6.638s] -- Installing: /home/niuoruo/workspace/sentry/ws/desicion/install/rmos_interfaces/include/rmos_interfaces/msg/detail/color__type_support.cpp
[6.638s] -- Installing: /home/niuoruo/workspace/sentry/ws/desicion/install/rmos_interfaces/include/rmos_interfaces/msg/detail/target__type_support.cpp
[6.638s] -- Installing: /home/niuoruo/workspace/sentry/ws/desicion/install/rmos_interfaces/include/rmos_interfaces/msg/detail/autoaim_state__type_support.cpp
[6.638s] -- Installing: /home/niuoruo/workspace/sentry/ws/desicion/install/rmos_interfaces/include/rmos_interfaces/msg/detail/mode__rosidl_typesupport_introspection_cpp.hpp
[6.638s] -- Installing: /home/niuoruo/workspace/sentry/ws/desicion/install/rmos_interfaces/include/rmos_interfaces/msg/detail/autoaim_state__rosidl_typesupport_introspection_cpp.hpp
[6.638s] -- Installing: /home/niuoruo/workspace/sentry/ws/desicion/install/rmos_interfaces/include/rmos_interfaces/msg/detail/bullet_speed__rosidl_typesupport_introspection_cpp.hpp
[6.638s] -- Installing: /home/niuoruo/workspace/sentry/ws/desicion/install/rmos_interfaces/include/rmos_interfaces/msg/detail/color__rosidl_typesupport_introspection_cpp.hpp
[6.638s] -- Installing: /home/niuoruo/workspace/sentry/ws/desicion/install/rmos_interfaces/include/rmos_interfaces/msg/detail/target__rosidl_typesupport_introspection_cpp.hpp
[6.638s] -- Installing: /home/niuoruo/workspace/sentry/ws/desicion/install/rmos_interfaces/lib/librmos_interfaces__rosidl_typesupport_introspection_cpp.so
[6.639s] -- Set runtime path of "/home/niuoruo/workspace/sentry/ws/desicion/install/rmos_interfaces/lib/librmos_interfaces__rosidl_typesupport_introspection_cpp.so" to ""
[6.639s] -- Installing: /home/niuoruo/workspace/sentry/ws/desicion/install/rmos_interfaces/lib/librmos_interfaces__rosidl_typesupport_cpp.so
[6.639s] -- Set runtime path of "/home/niuoruo/workspace/sentry/ws/desicion/install/rmos_interfaces/lib/librmos_interfaces__rosidl_typesupport_cpp.so" to ""
[6.639s] -- Installing: /home/niuoruo/workspace/sentry/ws/desicion/install/rmos_interfaces/share/rmos_interfaces/environment/pythonpath.sh
[6.639s] -- Installing: /home/niuoruo/workspace/sentry/ws/desicion/install/rmos_interfaces/share/rmos_interfaces/environment/pythonpath.dsv
[6.639s] -- Installing: /home/niuoruo/workspace/sentry/ws/desicion/install/rmos_interfaces/lib/python3.8/site-packages/rmos_interfaces/__init__.py
[6.662s] Compiling '/home/niuoruo/workspace/sentry/ws/desicion/install/rmos_interfaces/lib/python3.8/site-packages/rmos_interfaces/__init__.py'...
[6.665s] -- Installing: /home/niuoruo/workspace/sentry/ws/desicion/install/rmos_interfaces/lib/python3.8/site-packages/rmos_interfaces/msg
[6.665s] -- Installing: /home/niuoruo/workspace/sentry/ws/desicion/install/rmos_interfaces/lib/python3.8/site-packages/rmos_interfaces/msg/_bullet_speed_s.c
[6.665s] -- Installing: /home/niuoruo/workspace/sentry/ws/desicion/install/rmos_interfaces/lib/python3.8/site-packages/rmos_interfaces/msg/_autoaim_state_s.c
[6.666s] -- Installing: /home/niuoruo/workspace/sentry/ws/desicion/install/rmos_interfaces/lib/python3.8/site-packages/rmos_interfaces/msg/_bullet_speed.py
[6.666s] -- Installing: /home/niuoruo/workspace/sentry/ws/desicion/install/rmos_interfaces/lib/python3.8/site-packages/rmos_interfaces/msg/__init__.py
[6.666s] -- Installing: /home/niuoruo/workspace/sentry/ws/desicion/install/rmos_interfaces/lib/python3.8/site-packages/rmos_interfaces/msg/_target_s.c
[6.666s] -- Installing: /home/niuoruo/workspace/sentry/ws/desicion/install/rmos_interfaces/lib/python3.8/site-packages/rmos_interfaces/msg/_mode_s.c
[6.666s] -- Installing: /home/niuoruo/workspace/sentry/ws/desicion/install/rmos_interfaces/lib/python3.8/site-packages/rmos_interfaces/msg/_armors.py
[6.666s] -- Installing: /home/niuoruo/workspace/sentry/ws/desicion/install/rmos_interfaces/lib/python3.8/site-packages/rmos_interfaces/msg/_color.py
[6.666s] -- Installing: /home/niuoruo/workspace/sentry/ws/desicion/install/rmos_interfaces/lib/python3.8/site-packages/rmos_interfaces/msg/_armor.py
[6.666s] -- Installing: /home/niuoruo/workspace/sentry/ws/desicion/install/rmos_interfaces/lib/python3.8/site-packages/rmos_interfaces/msg/_quaternion_time_s.c
[6.666s] -- Installing: /home/niuoruo/workspace/sentry/ws/desicion/install/rmos_interfaces/lib/python3.8/site-packages/rmos_interfaces/msg/_armors_s.c
[6.666s] -- Installing: /home/niuoruo/workspace/sentry/ws/desicion/install/rmos_interfaces/lib/python3.8/site-packages/rmos_interfaces/msg/_mode.py
[6.666s] -- Installing: /home/niuoruo/workspace/sentry/ws/desicion/install/rmos_interfaces/lib/python3.8/site-packages/rmos_interfaces/msg/_target.py
[6.666s] -- Installing: /home/niuoruo/workspace/sentry/ws/desicion/install/rmos_interfaces/lib/python3.8/site-packages/rmos_interfaces/msg/_quaternion_time.py
[6.667s] -- Installing: /home/niuoruo/workspace/sentry/ws/desicion/install/rmos_interfaces/lib/python3.8/site-packages/rmos_interfaces/msg/_armor_s.c
[6.667s] -- Installing: /home/niuoruo/workspace/sentry/ws/desicion/install/rmos_interfaces/lib/python3.8/site-packages/rmos_interfaces/msg/_autoaim_state.py
[6.667s] -- Installing: /home/niuoruo/workspace/sentry/ws/desicion/install/rmos_interfaces/lib/python3.8/site-packages/rmos_interfaces/msg/_color_s.c
[6.667s] -- Installing: /home/niuoruo/workspace/sentry/ws/desicion/install/rmos_interfaces/lib/python3.8/site-packages/rmos_interfaces/rmos_interfaces_s__rosidl_typesupport_fastrtps_c.cpython-38-x86_64-linux-gnu.so
[6.667s] -- Set runtime path of "/home/niuoruo/workspace/sentry/ws/desicion/install/rmos_interfaces/lib/python3.8/site-packages/rmos_interfaces/rmos_interfaces_s__rosidl_typesupport_fastrtps_c.cpython-38-x86_64-linux-gnu.so" to ""
[6.668s] -- Installing: /home/niuoruo/workspace/sentry/ws/desicion/install/rmos_interfaces/lib/python3.8/site-packages/rmos_interfaces/rmos_interfaces_s__rosidl_typesupport_introspection_c.cpython-38-x86_64-linux-gnu.so
[6.668s] -- Set runtime path of "/home/niuoruo/workspace/sentry/ws/desicion/install/rmos_interfaces/lib/python3.8/site-packages/rmos_interfaces/rmos_interfaces_s__rosidl_typesupport_introspection_c.cpython-38-x86_64-linux-gnu.so" to ""
[6.668s] -- Installing: /home/niuoruo/workspace/sentry/ws/desicion/install/rmos_interfaces/lib/python3.8/site-packages/rmos_interfaces/rmos_interfaces_s__rosidl_typesupport_c.cpython-38-x86_64-linux-gnu.so
[6.669s] -- Set runtime path of "/home/niuoruo/workspace/sentry/ws/desicion/install/rmos_interfaces/lib/python3.8/site-packages/rmos_interfaces/rmos_interfaces_s__rosidl_typesupport_c.cpython-38-x86_64-linux-gnu.so" to ""
[6.669s] -- Installing: /home/niuoruo/workspace/sentry/ws/desicion/install/rmos_interfaces/lib/librmos_interfaces__python.so
[6.669s] -- Set runtime path of "/home/niuoruo/workspace/sentry/ws/desicion/install/rmos_interfaces/lib/librmos_interfaces__python.so" to ""
[6.669s] -- Installing: /home/niuoruo/workspace/sentry/ws/desicion/install/rmos_interfaces/share/rmos_interfaces/msg/Armor.idl
[6.670s] -- Installing: /home/niuoruo/workspace/sentry/ws/desicion/install/rmos_interfaces/share/rmos_interfaces/msg/Armors.idl
[6.670s] -- Installing: /home/niuoruo/workspace/sentry/ws/desicion/install/rmos_interfaces/share/rmos_interfaces/msg/QuaternionTime.idl
[6.670s] -- Installing: /home/niuoruo/workspace/sentry/ws/desicion/install/rmos_interfaces/share/rmos_interfaces/msg/Color.idl
[6.670s] -- Installing: /home/niuoruo/workspace/sentry/ws/desicion/install/rmos_interfaces/share/rmos_interfaces/msg/BulletSpeed.idl
[6.670s] -- Installing: /home/niuoruo/workspace/sentry/ws/desicion/install/rmos_interfaces/share/rmos_interfaces/msg/Mode.idl
[6.670s] -- Installing: /home/niuoruo/workspace/sentry/ws/desicion/install/rmos_interfaces/share/rmos_interfaces/msg/AutoaimState.idl
[6.670s] -- Installing: /home/niuoruo/workspace/sentry/ws/desicion/install/rmos_interfaces/share/rmos_interfaces/msg/Target.idl
[6.670s] -- Installing: /home/niuoruo/workspace/sentry/ws/desicion/install/rmos_interfaces/share/rmos_interfaces/msg/Armor.msg
[6.670s] -- Installing: /home/niuoruo/workspace/sentry/ws/desicion/install/rmos_interfaces/share/rmos_interfaces/msg/Armors.msg
[6.671s] -- Installing: /home/niuoruo/workspace/sentry/ws/desicion/install/rmos_interfaces/share/rmos_interfaces/msg/QuaternionTime.msg
[6.671s] -- Installing: /home/niuoruo/workspace/sentry/ws/desicion/install/rmos_interfaces/share/rmos_interfaces/msg/Color.msg
[6.671s] -- Installing: /home/niuoruo/workspace/sentry/ws/desicion/install/rmos_interfaces/share/rmos_interfaces/msg/BulletSpeed.msg
[6.671s] -- Installing: /home/niuoruo/workspace/sentry/ws/desicion/install/rmos_interfaces/share/rmos_interfaces/msg/Mode.msg
[6.671s] -- Installing: /home/niuoruo/workspace/sentry/ws/desicion/install/rmos_interfaces/share/rmos_interfaces/msg/AutoaimState.msg
[6.671s] -- Installing: /home/niuoruo/workspace/sentry/ws/desicion/install/rmos_interfaces/share/rmos_interfaces/msg/Target.msg
[6.671s] -- Installing: /home/niuoruo/workspace/sentry/ws/desicion/install/rmos_interfaces/share/ament_index/resource_index/package_run_dependencies/rmos_interfaces
[6.671s] -- Installing: /home/niuoruo/workspace/sentry/ws/desicion/install/rmos_interfaces/share/ament_index/resource_index/parent_prefix_path/rmos_interfaces
[6.672s] -- Installing: /home/niuoruo/workspace/sentry/ws/desicion/install/rmos_interfaces/share/rmos_interfaces/environment/ament_prefix_path.sh
[6.672s] -- Installing: /home/niuoruo/workspace/sentry/ws/desicion/install/rmos_interfaces/share/rmos_interfaces/environment/ament_prefix_path.dsv
[6.672s] -- Installing: /home/niuoruo/workspace/sentry/ws/desicion/install/rmos_interfaces/share/rmos_interfaces/environment/path.sh
[6.672s] -- Installing: /home/niuoruo/workspace/sentry/ws/desicion/install/rmos_interfaces/share/rmos_interfaces/environment/path.dsv
[6.672s] -- Installing: /home/niuoruo/workspace/sentry/ws/desicion/install/rmos_interfaces/share/rmos_interfaces/local_setup.bash
[6.672s] -- Installing: /home/niuoruo/workspace/sentry/ws/desicion/install/rmos_interfaces/share/rmos_interfaces/local_setup.sh
[6.672s] -- Installing: /home/niuoruo/workspace/sentry/ws/desicion/install/rmos_interfaces/share/rmos_interfaces/local_setup.zsh
[6.672s] -- Installing: /home/niuoruo/workspace/sentry/ws/desicion/install/rmos_interfaces/share/rmos_interfaces/local_setup.dsv
[6.673s] -- Installing: /home/niuoruo/workspace/sentry/ws/desicion/install/rmos_interfaces/share/rmos_interfaces/package.dsv
[6.673s] -- Installing: /home/niuoruo/workspace/sentry/ws/desicion/install/rmos_interfaces/share/ament_index/resource_index/packages/rmos_interfaces
[6.673s] -- Installing: /home/niuoruo/workspace/sentry/ws/desicion/install/rmos_interfaces/share/rmos_interfaces/cmake/rmos_interfaces__rosidl_generator_cExport.cmake
[6.673s] -- Installing: /home/niuoruo/workspace/sentry/ws/desicion/install/rmos_interfaces/share/rmos_interfaces/cmake/rmos_interfaces__rosidl_generator_cExport-noconfig.cmake
[6.673s] -- Installing: /home/niuoruo/workspace/sentry/ws/desicion/install/rmos_interfaces/share/rmos_interfaces/cmake/rmos_interfaces__rosidl_typesupport_introspection_cExport.cmake
[6.674s] -- Installing: /home/niuoruo/workspace/sentry/ws/desicion/install/rmos_interfaces/share/rmos_interfaces/cmake/rmos_interfaces__rosidl_typesupport_introspection_cExport-noconfig.cmake
[6.674s] -- Installing: /home/niuoruo/workspace/sentry/ws/desicion/install/rmos_interfaces/share/rmos_interfaces/cmake/rmos_interfaces__rosidl_typesupport_cExport.cmake
[6.674s] -- Installing: /home/niuoruo/workspace/sentry/ws/desicion/install/rmos_interfaces/share/rmos_interfaces/cmake/rmos_interfaces__rosidl_typesupport_cExport-noconfig.cmake
[6.674s] -- Installing: /home/niuoruo/workspace/sentry/ws/desicion/install/rmos_interfaces/share/rmos_interfaces/cmake/rmos_interfaces__rosidl_generator_cppExport.cmake
[6.674s] -- Installing: /home/niuoruo/workspace/sentry/ws/desicion/install/rmos_interfaces/share/rmos_interfaces/cmake/rmos_interfaces__rosidl_typesupport_introspection_cppExport.cmake
[6.674s] -- Installing: /home/niuoruo/workspace/sentry/ws/desicion/install/rmos_interfaces/share/rmos_interfaces/cmake/rmos_interfaces__rosidl_typesupport_introspection_cppExport-noconfig.cmake
[6.674s] -- Installing: /home/niuoruo/workspace/sentry/ws/desicion/install/rmos_interfaces/share/rmos_interfaces/cmake/rmos_interfaces__rosidl_typesupport_cppExport.cmake
[6.675s] -- Installing: /home/niuoruo/workspace/sentry/ws/desicion/install/rmos_interfaces/share/rmos_interfaces/cmake/rmos_interfaces__rosidl_typesupport_cppExport-noconfig.cmake
[6.675s] -- Installing: /home/niuoruo/workspace/sentry/ws/desicion/install/rmos_interfaces/share/rmos_interfaces/cmake/rosidl_cmake-extras.cmake
[6.675s] -- Installing: /home/niuoruo/workspace/sentry/ws/desicion/install/rmos_interfaces/share/rmos_interfaces/cmake/ament_cmake_export_dependencies-extras.cmake
[6.675s] -- Installing: /home/niuoruo/workspace/sentry/ws/desicion/install/rmos_interfaces/share/rmos_interfaces/cmake/ament_cmake_export_libraries-extras.cmake
[6.675s] -- Installing: /home/niuoruo/workspace/sentry/ws/desicion/install/rmos_interfaces/share/rmos_interfaces/cmake/ament_cmake_export_targets-extras.cmake
[6.675s] -- Installing: /home/niuoruo/workspace/sentry/ws/desicion/install/rmos_interfaces/share/rmos_interfaces/cmake/ament_cmake_export_include_directories-extras.cmake
[6.675s] -- Installing: /home/niuoruo/workspace/sentry/ws/desicion/install/rmos_interfaces/share/rmos_interfaces/cmake/rosidl_cmake_export_typesupport_libraries-extras.cmake
[6.676s] -- Installing: /home/niuoruo/workspace/sentry/ws/desicion/install/rmos_interfaces/share/rmos_interfaces/cmake/rosidl_cmake_export_typesupport_targets-extras.cmake
[6.676s] -- Installing: /home/niuoruo/workspace/sentry/ws/desicion/install/rmos_interfaces/share/rmos_interfaces/cmake/rmos_interfacesConfig.cmake
[6.676s] -- Installing: /home/niuoruo/workspace/sentry/ws/desicion/install/rmos_interfaces/share/rmos_interfaces/cmake/rmos_interfacesConfig-version.cmake
[6.676s] -- Installing: /home/niuoruo/workspace/sentry/ws/desicion/install/rmos_interfaces/share/rmos_interfaces/package.xml
[6.678s] Invoked command in '/home/niuoruo/workspace/sentry/ws/desicion/build/rmos_interfaces' returned '0': CMAKE_PREFIX_PATH=/opt/ros/foxy /usr/bin/cmake --install /home/niuoruo/workspace/sentry/ws/desicion/build/rmos_interfaces
