-- The C compiler identification is GNU 9.4.0
-- The CXX compiler identification is GNU 9.4.0
-- Check for working C compiler: /usr/bin/cc
-- Check for working C compiler: /usr/bin/cc -- works
-- Detecting C compiler ABI info
-- Detecting C compiler ABI info - done
-- Detecting C compile features
-- Detecting C compile features - done
-- Check for working CXX compiler: /usr/bin/c++
-- Check for working CXX compiler: /usr/bin/c++ -- works
-- Detecting CXX compiler ABI info
-- Detecting CXX compiler ABI info - done
-- Detecting CXX compile features
-- Detecting CXX compile features - done
-- Found ament_cmake: 0.9.12 (/opt/ros/foxy/share/ament_cmake/cmake)
-- Found PythonInterp: /usr/bin/python3 (found suitable version "3.8.10", minimum required is "3") 
-- Using PYTHON_EXECUTABLE: /usr/bin/python3
-- Found rosidl_default_generators: 1.0.1 (/opt/ros/foxy/share/rosidl_default_generators/cmake)
-- Using all available rosidl_typesupport_c: rosidl_typesupport_fastrtps_c;rosidl_typesupport_introspection_c
-- Found rosidl_adapter: 1.3.1 (/opt/ros/foxy/share/rosidl_adapter/cmake)
-- Found OpenSSL: /usr/lib/x86_64-linux-gnu/libcrypto.so (found version "1.1.1f")  
-- Found FastRTPS: /opt/ros/foxy/include  
-- Using all available rosidl_typesupport_cpp: rosidl_typesupport_fastrtps_cpp;rosidl_typesupport_introspection_cpp
-- Found geometry_msgs: 2.0.5 (/opt/ros/foxy/share/geometry_msgs/cmake)
-- Found PythonInterp: /usr/bin/python3 (found version "3.8.10") 
-- Found ament_cmake_ros: 0.9.2 (/opt/ros/foxy/share/ament_cmake_ros/cmake)
-- Using all available rosidl_typesupport_c: rosidl_typesupport_fastrtps_c;rosidl_typesupport_introspection_c
-- Using all available rosidl_typesupport_cpp: rosidl_typesupport_fastrtps_cpp;rosidl_typesupport_introspection_cpp
-- Found PythonInterp: /usr/bin/python3 (found suitable version "3.8.10", minimum required is "3.5") 
-- Found python_cmake_module: 0.8.1 (/opt/ros/foxy/share/python_cmake_module/cmake)
-- Found PythonLibs: /usr/lib/x86_64-linux-gnu/libpython3.8.so (found suitable version "3.8.10", minimum required is "3.5") 
-- Using PYTHON_EXECUTABLE: /usr/bin/python3
-- Using PYTHON_INCLUDE_DIRS: /usr/include/python3.8
-- Using PYTHON_LIBRARIES: /usr/lib/x86_64-linux-gnu/libpython3.8.so
-- Found PythonExtra: .so  
-- Found ament_lint_auto: 0.9.8 (/opt/ros/foxy/share/ament_lint_auto/cmake)
-- Added test 'copyright' to check source files copyright and LICENSE
-- Added test 'lint_cmake' to check CMake code style
-- Added test 'xmllint' to check XML markup files
-- Configuring done
-- Generating done
-- Build files have been written to: /home/niuoruo/workspace/sentry/ws/sentry_desicion/build/sentry_srvs
[  2%] [34m[1mGenerating C code for ROS interfaces[0m
[35m[1mScanning dependencies of target sentry_srvs__cpp[0m
[  4%] [34m[1mGenerating C++ code for ROS interfaces[0m
[  4%] Built target sentry_srvs__cpp
[  6%] [34m[1mGenerating C++ type support dispatch for ROS interfaces[0m
[  8%] [34m[1mGenerating C++ introspection for ROS interfaces[0m
[ 10%] [34m[1mGenerating C++ type support for eProsima Fast-RTPS[0m
[35m[1mScanning dependencies of target sentry_srvs__rosidl_generator_c[0m
[ 14%] [32mBuilding C object CMakeFiles/sentry_srvs__rosidl_generator_c.dir/rosidl_generator_c/sentry_srvs/srv/detail/nav_target__functions.c.o[0m
[ 14%] [32mBuilding C object CMakeFiles/sentry_srvs__rosidl_generator_c.dir/rosidl_generator_c/sentry_srvs/srv/detail/nav_goal__functions.c.o[0m
[ 17%] [32mBuilding C object CMakeFiles/sentry_srvs__rosidl_generator_c.dir/rosidl_generator_c/sentry_srvs/srv/detail/set_target__functions.c.o[0m
[ 19%] [32m[1mLinking C shared library libsentry_srvs__rosidl_generator_c.so[0m
[ 19%] Built target sentry_srvs__rosidl_generator_c
[ 23%] [34m[1mGenerating C introspection for ROS interfaces[0m
[ 23%] [34m[1mGenerating C type support dispatch for ROS interfaces[0m
[35m[1mScanning dependencies of target sentry_srvs__rosidl_typesupport_cpp[0m
[ 25%] [32mBuilding CXX object CMakeFiles/sentry_srvs__rosidl_typesupport_cpp.dir/rosidl_typesupport_cpp/sentry_srvs/srv/set_target__type_support.cpp.o[0m
[ 29%] [32mBuilding CXX object CMakeFiles/sentry_srvs__rosidl_typesupport_cpp.dir/rosidl_typesupport_cpp/sentry_srvs/srv/nav_goal__type_support.cpp.o[0m
[ 29%] [32mBuilding CXX object CMakeFiles/sentry_srvs__rosidl_typesupport_cpp.dir/rosidl_typesupport_cpp/sentry_srvs/srv/nav_target__type_support.cpp.o[0m
[35m[1mScanning dependencies of target sentry_srvs__rosidl_typesupport_introspection_cpp[0m
[ 31%] [32mBuilding CXX object CMakeFiles/sentry_srvs__rosidl_typesupport_introspection_cpp.dir/rosidl_typesupport_introspection_cpp/sentry_srvs/srv/detail/nav_target__type_support.cpp.o[0m
[ 34%] [32mBuilding CXX object CMakeFiles/sentry_srvs__rosidl_typesupport_introspection_cpp.dir/rosidl_typesupport_introspection_cpp/sentry_srvs/srv/detail/set_target__type_support.cpp.o[0m
[ 36%] [32mBuilding CXX object CMakeFiles/sentry_srvs__rosidl_typesupport_introspection_cpp.dir/rosidl_typesupport_introspection_cpp/sentry_srvs/srv/detail/nav_goal__type_support.cpp.o[0m
[35m[1mScanning dependencies of target sentry_srvs__rosidl_typesupport_fastrtps_cpp[0m
[ 38%] [32mBuilding CXX object CMakeFiles/sentry_srvs__rosidl_typesupport_fastrtps_cpp.dir/rosidl_typesupport_fastrtps_cpp/sentry_srvs/srv/detail/dds_fastrtps/nav_goal__type_support.cpp.o[0m
[ 40%] [32mBuilding CXX object CMakeFiles/sentry_srvs__rosidl_typesupport_fastrtps_cpp.dir/rosidl_typesupport_fastrtps_cpp/sentry_srvs/srv/detail/dds_fastrtps/set_target__type_support.cpp.o[0m
[ 42%] [32mBuilding CXX object CMakeFiles/sentry_srvs__rosidl_typesupport_fastrtps_cpp.dir/rosidl_typesupport_fastrtps_cpp/sentry_srvs/srv/detail/dds_fastrtps/nav_target__type_support.cpp.o[0m
[35m[1mScanning dependencies of target sentry_srvs__rosidl_typesupport_c[0m
[ 44%] [32mBuilding CXX object CMakeFiles/sentry_srvs__rosidl_typesupport_c.dir/rosidl_typesupport_c/sentry_srvs/srv/nav_goal__type_support.cpp.o[0m
[ 46%] [32mBuilding CXX object CMakeFiles/sentry_srvs__rosidl_typesupport_c.dir/rosidl_typesupport_c/sentry_srvs/srv/nav_target__type_support.cpp.o[0m
[ 48%] [32mBuilding CXX object CMakeFiles/sentry_srvs__rosidl_typesupport_c.dir/rosidl_typesupport_c/sentry_srvs/srv/set_target__type_support.cpp.o[0m
[35m[1mScanning dependencies of target sentry_srvs__rosidl_typesupport_introspection_c[0m
[ 51%] [32mBuilding C object CMakeFiles/sentry_srvs__rosidl_typesupport_introspection_c.dir/rosidl_typesupport_introspection_c/sentry_srvs/srv/detail/nav_goal__type_support.c.o[0m
[ 53%] [32m[1mLinking CXX shared library libsentry_srvs__rosidl_typesupport_c.so[0m
[ 55%] [32mBuilding C object CMakeFiles/sentry_srvs__rosidl_typesupport_introspection_c.dir/rosidl_typesupport_introspection_c/sentry_srvs/srv/detail/set_target__type_support.c.o[0m
[ 57%] [32mBuilding C object CMakeFiles/sentry_srvs__rosidl_typesupport_introspection_c.dir/rosidl_typesupport_introspection_c/sentry_srvs/srv/detail/nav_target__type_support.c.o[0m
[ 59%] [32m[1mLinking C shared library libsentry_srvs__rosidl_typesupport_introspection_c.so[0m
[ 59%] Built target sentry_srvs__rosidl_typesupport_c
[ 61%] [32m[1mLinking CXX shared library libsentry_srvs__rosidl_typesupport_cpp.so[0m
[ 61%] Built target sentry_srvs__rosidl_typesupport_introspection_c
[ 61%] Built target sentry_srvs__rosidl_typesupport_cpp
[ 63%] [32m[1mLinking CXX shared library libsentry_srvs__rosidl_typesupport_introspection_cpp.so[0m
[ 63%] Built target sentry_srvs__rosidl_typesupport_introspection_cpp
[ 65%] [32m[1mLinking CXX shared library libsentry_srvs__rosidl_typesupport_fastrtps_cpp.so[0m
[ 65%] Built target sentry_srvs__rosidl_typesupport_fastrtps_cpp
[ 68%] [34m[1mGenerating C type support for eProsima Fast-RTPS[0m
[35m[1mScanning dependencies of target sentry_srvs__rosidl_typesupport_fastrtps_c[0m
[ 74%] [32mBuilding CXX object CMakeFiles/sentry_srvs__rosidl_typesupport_fastrtps_c.dir/rosidl_typesupport_fastrtps_c/sentry_srvs/srv/detail/nav_goal__type_support_c.cpp.o[0m
[ 74%] [32mBuilding CXX object CMakeFiles/sentry_srvs__rosidl_typesupport_fastrtps_c.dir/rosidl_typesupport_fastrtps_c/sentry_srvs/srv/detail/set_target__type_support_c.cpp.o[0m
[ 74%] [32mBuilding CXX object CMakeFiles/sentry_srvs__rosidl_typesupport_fastrtps_c.dir/rosidl_typesupport_fastrtps_c/sentry_srvs/srv/detail/nav_target__type_support_c.cpp.o[0m
[ 76%] [32m[1mLinking CXX shared library libsentry_srvs__rosidl_typesupport_fastrtps_c.so[0m
[ 76%] Built target sentry_srvs__rosidl_typesupport_fastrtps_c
[35m[1mScanning dependencies of target sentry_srvs[0m
[ 76%] Built target sentry_srvs
[35m[1mScanning dependencies of target sentry_srvs__py[0m
[ 78%] [34m[1mGenerating Python code for ROS interfaces[0m
[ 78%] Built target sentry_srvs__py
[35m[1mScanning dependencies of target sentry_srvs__python[0m
[ 85%] [32mBuilding C object CMakeFiles/sentry_srvs__python.dir/rosidl_generator_py/sentry_srvs/srv/_nav_target_s.c.o[0m
[ 85%] [32mBuilding C object CMakeFiles/sentry_srvs__python.dir/rosidl_generator_py/sentry_srvs/srv/_nav_goal_s.c.o[0m
[ 85%] [32mBuilding C object CMakeFiles/sentry_srvs__python.dir/rosidl_generator_py/sentry_srvs/srv/_set_target_s.c.o[0m
[ 87%] [32m[1mLinking C shared library rosidl_generator_py/sentry_srvs/libsentry_srvs__python.so[0m
[ 87%] Built target sentry_srvs__python
[35m[1mScanning dependencies of target sentry_srvs__rosidl_typesupport_introspection_c__pyext[0m
[35m[1mScanning dependencies of target sentry_srvs__rosidl_typesupport_c__pyext[0m
[35m[1mScanning dependencies of target sentry_srvs__rosidl_typesupport_fastrtps_c__pyext[0m
[ 91%] [32mBuilding C object CMakeFiles/sentry_srvs__rosidl_typesupport_c__pyext.dir/rosidl_generator_py/sentry_srvs/_sentry_srvs_s.ep.rosidl_typesupport_c.c.o[0m
[ 91%] [32mBuilding C object CMakeFiles/sentry_srvs__rosidl_typesupport_introspection_c__pyext.dir/rosidl_generator_py/sentry_srvs/_sentry_srvs_s.ep.rosidl_typesupport_introspection_c.c.o[0m
[ 93%] [32mBuilding C object CMakeFiles/sentry_srvs__rosidl_typesupport_fastrtps_c__pyext.dir/rosidl_generator_py/sentry_srvs/_sentry_srvs_s.ep.rosidl_typesupport_fastrtps_c.c.o[0m
[ 95%] [32m[1mLinking C shared library rosidl_generator_py/sentry_srvs/sentry_srvs_s__rosidl_typesupport_introspection_c.cpython-38-x86_64-linux-gnu.so[0m
[ 97%] [32m[1mLinking CXX shared library rosidl_generator_py/sentry_srvs/sentry_srvs_s__rosidl_typesupport_fastrtps_c.cpython-38-x86_64-linux-gnu.so[0m
[100%] [32m[1mLinking C shared library rosidl_generator_py/sentry_srvs/sentry_srvs_s__rosidl_typesupport_c.cpython-38-x86_64-linux-gnu.so[0m
[100%] Built target sentry_srvs__rosidl_typesupport_introspection_c__pyext
[100%] Built target sentry_srvs__rosidl_typesupport_c__pyext
[100%] Built target sentry_srvs__rosidl_typesupport_fastrtps_c__pyext
-- Install configuration: ""
-- Installing: /home/niuoruo/workspace/sentry/ws/sentry_desicion/install/sentry_srvs/share/ament_index/resource_index/rosidl_interfaces/sentry_srvs
-- Installing: /home/niuoruo/workspace/sentry/ws/sentry_desicion/install/sentry_srvs/include/sentry_srvs
-- Installing: /home/niuoruo/workspace/sentry/ws/sentry_desicion/install/sentry_srvs/include/sentry_srvs/msg
-- Installing: /home/niuoruo/workspace/sentry/ws/sentry_desicion/install/sentry_srvs/include/sentry_srvs/msg/rosidl_generator_c__visibility_control.h
-- Installing: /home/niuoruo/workspace/sentry/ws/sentry_desicion/install/sentry_srvs/include/sentry_srvs/srv
-- Installing: /home/niuoruo/workspace/sentry/ws/sentry_desicion/install/sentry_srvs/include/sentry_srvs/srv/nav_target.h
-- Installing: /home/niuoruo/workspace/sentry/ws/sentry_desicion/install/sentry_srvs/include/sentry_srvs/srv/set_target.h
-- Installing: /home/niuoruo/workspace/sentry/ws/sentry_desicion/install/sentry_srvs/include/sentry_srvs/srv/nav_goal.h
-- Installing: /home/niuoruo/workspace/sentry/ws/sentry_desicion/install/sentry_srvs/include/sentry_srvs/srv/detail
-- Installing: /home/niuoruo/workspace/sentry/ws/sentry_desicion/install/sentry_srvs/include/sentry_srvs/srv/detail/nav_target__type_support.h
-- Installing: /home/niuoruo/workspace/sentry/ws/sentry_desicion/install/sentry_srvs/include/sentry_srvs/srv/detail/set_target__type_support.h
-- Installing: /home/niuoruo/workspace/sentry/ws/sentry_desicion/install/sentry_srvs/include/sentry_srvs/srv/detail/nav_goal__type_support.h
-- Installing: /home/niuoruo/workspace/sentry/ws/sentry_desicion/install/sentry_srvs/include/sentry_srvs/srv/detail/set_target__functions.c
-- Installing: /home/niuoruo/workspace/sentry/ws/sentry_desicion/install/sentry_srvs/include/sentry_srvs/srv/detail/set_target__functions.h
-- Installing: /home/niuoruo/workspace/sentry/ws/sentry_desicion/install/sentry_srvs/include/sentry_srvs/srv/detail/nav_target__functions.c
-- Installing: /home/niuoruo/workspace/sentry/ws/sentry_desicion/install/sentry_srvs/include/sentry_srvs/srv/detail/nav_goal__functions.c
-- Installing: /home/niuoruo/workspace/sentry/ws/sentry_desicion/install/sentry_srvs/include/sentry_srvs/srv/detail/nav_target__functions.h
-- Installing: /home/niuoruo/workspace/sentry/ws/sentry_desicion/install/sentry_srvs/include/sentry_srvs/srv/detail/set_target__struct.h
-- Installing: /home/niuoruo/workspace/sentry/ws/sentry_desicion/install/sentry_srvs/include/sentry_srvs/srv/detail/nav_goal__functions.h
-- Installing: /home/niuoruo/workspace/sentry/ws/sentry_desicion/install/sentry_srvs/include/sentry_srvs/srv/detail/nav_goal__struct.h
-- Installing: /home/niuoruo/workspace/sentry/ws/sentry_desicion/install/sentry_srvs/include/sentry_srvs/srv/detail/nav_target__struct.h
-- Installing: /home/niuoruo/workspace/sentry/ws/sentry_desicion/install/sentry_srvs/share/sentry_srvs/environment/library_path.sh
-- Installing: /home/niuoruo/workspace/sentry/ws/sentry_desicion/install/sentry_srvs/share/sentry_srvs/environment/library_path.dsv
-- Installing: /home/niuoruo/workspace/sentry/ws/sentry_desicion/install/sentry_srvs/lib/libsentry_srvs__rosidl_generator_c.so
-- Set runtime path of "/home/niuoruo/workspace/sentry/ws/sentry_desicion/install/sentry_srvs/lib/libsentry_srvs__rosidl_generator_c.so" to ""
-- Up-to-date: /home/niuoruo/workspace/sentry/ws/sentry_desicion/install/sentry_srvs/include/sentry_srvs
-- Up-to-date: /home/niuoruo/workspace/sentry/ws/sentry_desicion/install/sentry_srvs/include/sentry_srvs/msg
-- Installing: /home/niuoruo/workspace/sentry/ws/sentry_desicion/install/sentry_srvs/include/sentry_srvs/msg/rosidl_typesupport_fastrtps_c__visibility_control.h
-- Up-to-date: /home/niuoruo/workspace/sentry/ws/sentry_desicion/install/sentry_srvs/include/sentry_srvs/srv
-- Up-to-date: /home/niuoruo/workspace/sentry/ws/sentry_desicion/install/sentry_srvs/include/sentry_srvs/srv/detail
-- Installing: /home/niuoruo/workspace/sentry/ws/sentry_desicion/install/sentry_srvs/include/sentry_srvs/srv/detail/nav_target__rosidl_typesupport_fastrtps_c.h
-- Installing: /home/niuoruo/workspace/sentry/ws/sentry_desicion/install/sentry_srvs/include/sentry_srvs/srv/detail/set_target__rosidl_typesupport_fastrtps_c.h
-- Installing: /home/niuoruo/workspace/sentry/ws/sentry_desicion/install/sentry_srvs/include/sentry_srvs/srv/detail/nav_goal__rosidl_typesupport_fastrtps_c.h
-- Installing: /home/niuoruo/workspace/sentry/ws/sentry_desicion/install/sentry_srvs/lib/libsentry_srvs__rosidl_typesupport_fastrtps_c.so
-- Set runtime path of "/home/niuoruo/workspace/sentry/ws/sentry_desicion/install/sentry_srvs/lib/libsentry_srvs__rosidl_typesupport_fastrtps_c.so" to ""
-- Up-to-date: /home/niuoruo/workspace/sentry/ws/sentry_desicion/install/sentry_srvs/include/sentry_srvs
-- Up-to-date: /home/niuoruo/workspace/sentry/ws/sentry_desicion/install/sentry_srvs/include/sentry_srvs/msg
-- Installing: /home/niuoruo/workspace/sentry/ws/sentry_desicion/install/sentry_srvs/include/sentry_srvs/msg/rosidl_typesupport_fastrtps_cpp__visibility_control.h
-- Up-to-date: /home/niuoruo/workspace/sentry/ws/sentry_desicion/install/sentry_srvs/include/sentry_srvs/srv
-- Up-to-date: /home/niuoruo/workspace/sentry/ws/sentry_desicion/install/sentry_srvs/include/sentry_srvs/srv/detail
-- Installing: /home/niuoruo/workspace/sentry/ws/sentry_desicion/install/sentry_srvs/include/sentry_srvs/srv/detail/set_target__rosidl_typesupport_fastrtps_cpp.hpp
-- Installing: /home/niuoruo/workspace/sentry/ws/sentry_desicion/install/sentry_srvs/include/sentry_srvs/srv/detail/dds_fastrtps
-- Installing: /home/niuoruo/workspace/sentry/ws/sentry_desicion/install/sentry_srvs/include/sentry_srvs/srv/detail/nav_goal__rosidl_typesupport_fastrtps_cpp.hpp
-- Installing: /home/niuoruo/workspace/sentry/ws/sentry_desicion/install/sentry_srvs/include/sentry_srvs/srv/detail/nav_target__rosidl_typesupport_fastrtps_cpp.hpp
-- Installing: /home/niuoruo/workspace/sentry/ws/sentry_desicion/install/sentry_srvs/lib/libsentry_srvs__rosidl_typesupport_fastrtps_cpp.so
-- Set runtime path of "/home/niuoruo/workspace/sentry/ws/sentry_desicion/install/sentry_srvs/lib/libsentry_srvs__rosidl_typesupport_fastrtps_cpp.so" to ""
-- Up-to-date: /home/niuoruo/workspace/sentry/ws/sentry_desicion/install/sentry_srvs/include/sentry_srvs
-- Up-to-date: /home/niuoruo/workspace/sentry/ws/sentry_desicion/install/sentry_srvs/include/sentry_srvs/msg
-- Installing: /home/niuoruo/workspace/sentry/ws/sentry_desicion/install/sentry_srvs/include/sentry_srvs/msg/rosidl_typesupport_introspection_c__visibility_control.h
-- Up-to-date: /home/niuoruo/workspace/sentry/ws/sentry_desicion/install/sentry_srvs/include/sentry_srvs/srv
-- Up-to-date: /home/niuoruo/workspace/sentry/ws/sentry_desicion/install/sentry_srvs/include/sentry_srvs/srv/detail
-- Installing: /home/niuoruo/workspace/sentry/ws/sentry_desicion/install/sentry_srvs/include/sentry_srvs/srv/detail/nav_target__type_support.c
-- Installing: /home/niuoruo/workspace/sentry/ws/sentry_desicion/install/sentry_srvs/include/sentry_srvs/srv/detail/nav_goal__rosidl_typesupport_introspection_c.h
-- Installing: /home/niuoruo/workspace/sentry/ws/sentry_desicion/install/sentry_srvs/include/sentry_srvs/srv/detail/nav_goal__type_support.c
-- Installing: /home/niuoruo/workspace/sentry/ws/sentry_desicion/install/sentry_srvs/include/sentry_srvs/srv/detail/nav_target__rosidl_typesupport_introspection_c.h
-- Installing: /home/niuoruo/workspace/sentry/ws/sentry_desicion/install/sentry_srvs/include/sentry_srvs/srv/detail/set_target__type_support.c
-- Installing: /home/niuoruo/workspace/sentry/ws/sentry_desicion/install/sentry_srvs/include/sentry_srvs/srv/detail/set_target__rosidl_typesupport_introspection_c.h
-- Installing: /home/niuoruo/workspace/sentry/ws/sentry_desicion/install/sentry_srvs/lib/libsentry_srvs__rosidl_typesupport_introspection_c.so
-- Set runtime path of "/home/niuoruo/workspace/sentry/ws/sentry_desicion/install/sentry_srvs/lib/libsentry_srvs__rosidl_typesupport_introspection_c.so" to ""
-- Installing: /home/niuoruo/workspace/sentry/ws/sentry_desicion/install/sentry_srvs/lib/libsentry_srvs__rosidl_typesupport_c.so
-- Set runtime path of "/home/niuoruo/workspace/sentry/ws/sentry_desicion/install/sentry_srvs/lib/libsentry_srvs__rosidl_typesupport_c.so" to ""
-- Up-to-date: /home/niuoruo/workspace/sentry/ws/sentry_desicion/install/sentry_srvs/include/sentry_srvs
-- Up-to-date: /home/niuoruo/workspace/sentry/ws/sentry_desicion/install/sentry_srvs/include/sentry_srvs/msg
-- Installing: /home/niuoruo/workspace/sentry/ws/sentry_desicion/install/sentry_srvs/include/sentry_srvs/msg/rosidl_generator_cpp__visibility_control.hpp
-- Up-to-date: /home/niuoruo/workspace/sentry/ws/sentry_desicion/install/sentry_srvs/include/sentry_srvs/srv
-- Installing: /home/niuoruo/workspace/sentry/ws/sentry_desicion/install/sentry_srvs/include/sentry_srvs/srv/nav_target.hpp
-- Up-to-date: /home/niuoruo/workspace/sentry/ws/sentry_desicion/install/sentry_srvs/include/sentry_srvs/srv/detail
-- Installing: /home/niuoruo/workspace/sentry/ws/sentry_desicion/install/sentry_srvs/include/sentry_srvs/srv/detail/nav_goal__type_support.hpp
-- Installing: /home/niuoruo/workspace/sentry/ws/sentry_desicion/install/sentry_srvs/include/sentry_srvs/srv/detail/nav_goal__builder.hpp
-- Installing: /home/niuoruo/workspace/sentry/ws/sentry_desicion/install/sentry_srvs/include/sentry_srvs/srv/detail/set_target__type_support.hpp
-- Installing: /home/niuoruo/workspace/sentry/ws/sentry_desicion/install/sentry_srvs/include/sentry_srvs/srv/detail/set_target__builder.hpp
-- Installing: /home/niuoruo/workspace/sentry/ws/sentry_desicion/install/sentry_srvs/include/sentry_srvs/srv/detail/nav_target__traits.hpp
-- Installing: /home/niuoruo/workspace/sentry/ws/sentry_desicion/install/sentry_srvs/include/sentry_srvs/srv/detail/set_target__struct.hpp
-- Installing: /home/niuoruo/workspace/sentry/ws/sentry_desicion/install/sentry_srvs/include/sentry_srvs/srv/detail/nav_goal__traits.hpp
-- Installing: /home/niuoruo/workspace/sentry/ws/sentry_desicion/install/sentry_srvs/include/sentry_srvs/srv/detail/set_target__traits.hpp
-- Installing: /home/niuoruo/workspace/sentry/ws/sentry_desicion/install/sentry_srvs/include/sentry_srvs/srv/detail/nav_target__struct.hpp
-- Installing: /home/niuoruo/workspace/sentry/ws/sentry_desicion/install/sentry_srvs/include/sentry_srvs/srv/detail/nav_target__type_support.hpp
-- Installing: /home/niuoruo/workspace/sentry/ws/sentry_desicion/install/sentry_srvs/include/sentry_srvs/srv/detail/nav_target__builder.hpp
-- Installing: /home/niuoruo/workspace/sentry/ws/sentry_desicion/install/sentry_srvs/include/sentry_srvs/srv/detail/nav_goal__struct.hpp
-- Installing: /home/niuoruo/workspace/sentry/ws/sentry_desicion/install/sentry_srvs/include/sentry_srvs/srv/set_target.hpp
-- Installing: /home/niuoruo/workspace/sentry/ws/sentry_desicion/install/sentry_srvs/include/sentry_srvs/srv/nav_goal.hpp
-- Up-to-date: /home/niuoruo/workspace/sentry/ws/sentry_desicion/install/sentry_srvs/include/sentry_srvs
-- Up-to-date: /home/niuoruo/workspace/sentry/ws/sentry_desicion/install/sentry_srvs/include/sentry_srvs/srv
-- Up-to-date: /home/niuoruo/workspace/sentry/ws/sentry_desicion/install/sentry_srvs/include/sentry_srvs/srv/detail
-- Installing: /home/niuoruo/workspace/sentry/ws/sentry_desicion/install/sentry_srvs/include/sentry_srvs/srv/detail/set_target__type_support.cpp
-- Installing: /home/niuoruo/workspace/sentry/ws/sentry_desicion/install/sentry_srvs/include/sentry_srvs/srv/detail/nav_target__type_support.cpp
-- Installing: /home/niuoruo/workspace/sentry/ws/sentry_desicion/install/sentry_srvs/include/sentry_srvs/srv/detail/nav_target__rosidl_typesupport_introspection_cpp.hpp
-- Installing: /home/niuoruo/workspace/sentry/ws/sentry_desicion/install/sentry_srvs/include/sentry_srvs/srv/detail/set_target__rosidl_typesupport_introspection_cpp.hpp
-- Installing: /home/niuoruo/workspace/sentry/ws/sentry_desicion/install/sentry_srvs/include/sentry_srvs/srv/detail/nav_goal__rosidl_typesupport_introspection_cpp.hpp
-- Installing: /home/niuoruo/workspace/sentry/ws/sentry_desicion/install/sentry_srvs/include/sentry_srvs/srv/detail/nav_goal__type_support.cpp
-- Installing: /home/niuoruo/workspace/sentry/ws/sentry_desicion/install/sentry_srvs/lib/libsentry_srvs__rosidl_typesupport_introspection_cpp.so
-- Set runtime path of "/home/niuoruo/workspace/sentry/ws/sentry_desicion/install/sentry_srvs/lib/libsentry_srvs__rosidl_typesupport_introspection_cpp.so" to ""
-- Installing: /home/niuoruo/workspace/sentry/ws/sentry_desicion/install/sentry_srvs/lib/libsentry_srvs__rosidl_typesupport_cpp.so
-- Set runtime path of "/home/niuoruo/workspace/sentry/ws/sentry_desicion/install/sentry_srvs/lib/libsentry_srvs__rosidl_typesupport_cpp.so" to ""
-- Installing: /home/niuoruo/workspace/sentry/ws/sentry_desicion/install/sentry_srvs/share/sentry_srvs/environment/pythonpath.sh
-- Installing: /home/niuoruo/workspace/sentry/ws/sentry_desicion/install/sentry_srvs/share/sentry_srvs/environment/pythonpath.dsv
-- Installing: /home/niuoruo/workspace/sentry/ws/sentry_desicion/install/sentry_srvs/lib/python3.8/site-packages/sentry_srvs/__init__.py
Compiling '/home/niuoruo/workspace/sentry/ws/sentry_desicion/install/sentry_srvs/lib/python3.8/site-packages/sentry_srvs/__init__.py'...
-- Installing: /home/niuoruo/workspace/sentry/ws/sentry_desicion/install/sentry_srvs/lib/python3.8/site-packages/sentry_srvs/srv
-- Installing: /home/niuoruo/workspace/sentry/ws/sentry_desicion/install/sentry_srvs/lib/python3.8/site-packages/sentry_srvs/srv/__init__.py
-- Installing: /home/niuoruo/workspace/sentry/ws/sentry_desicion/install/sentry_srvs/lib/python3.8/site-packages/sentry_srvs/srv/_nav_goal_s.c
-- Installing: /home/niuoruo/workspace/sentry/ws/sentry_desicion/install/sentry_srvs/lib/python3.8/site-packages/sentry_srvs/srv/_set_target_s.c
-- Installing: /home/niuoruo/workspace/sentry/ws/sentry_desicion/install/sentry_srvs/lib/python3.8/site-packages/sentry_srvs/srv/_nav_goal.py
-- Installing: /home/niuoruo/workspace/sentry/ws/sentry_desicion/install/sentry_srvs/lib/python3.8/site-packages/sentry_srvs/srv/_nav_target_s.c
-- Installing: /home/niuoruo/workspace/sentry/ws/sentry_desicion/install/sentry_srvs/lib/python3.8/site-packages/sentry_srvs/srv/_set_target.py
-- Installing: /home/niuoruo/workspace/sentry/ws/sentry_desicion/install/sentry_srvs/lib/python3.8/site-packages/sentry_srvs/srv/_nav_target.py
-- Installing: /home/niuoruo/workspace/sentry/ws/sentry_desicion/install/sentry_srvs/lib/python3.8/site-packages/sentry_srvs/sentry_srvs_s__rosidl_typesupport_fastrtps_c.cpython-38-x86_64-linux-gnu.so
-- Set runtime path of "/home/niuoruo/workspace/sentry/ws/sentry_desicion/install/sentry_srvs/lib/python3.8/site-packages/sentry_srvs/sentry_srvs_s__rosidl_typesupport_fastrtps_c.cpython-38-x86_64-linux-gnu.so" to ""
-- Installing: /home/niuoruo/workspace/sentry/ws/sentry_desicion/install/sentry_srvs/lib/python3.8/site-packages/sentry_srvs/sentry_srvs_s__rosidl_typesupport_introspection_c.cpython-38-x86_64-linux-gnu.so
-- Set runtime path of "/home/niuoruo/workspace/sentry/ws/sentry_desicion/install/sentry_srvs/lib/python3.8/site-packages/sentry_srvs/sentry_srvs_s__rosidl_typesupport_introspection_c.cpython-38-x86_64-linux-gnu.so" to ""
-- Installing: /home/niuoruo/workspace/sentry/ws/sentry_desicion/install/sentry_srvs/lib/python3.8/site-packages/sentry_srvs/sentry_srvs_s__rosidl_typesupport_c.cpython-38-x86_64-linux-gnu.so
-- Set runtime path of "/home/niuoruo/workspace/sentry/ws/sentry_desicion/install/sentry_srvs/lib/python3.8/site-packages/sentry_srvs/sentry_srvs_s__rosidl_typesupport_c.cpython-38-x86_64-linux-gnu.so" to ""
-- Installing: /home/niuoruo/workspace/sentry/ws/sentry_desicion/install/sentry_srvs/lib/libsentry_srvs__python.so
-- Set runtime path of "/home/niuoruo/workspace/sentry/ws/sentry_desicion/install/sentry_srvs/lib/libsentry_srvs__python.so" to ""
-- Installing: /home/niuoruo/workspace/sentry/ws/sentry_desicion/install/sentry_srvs/share/sentry_srvs/srv/NavGoal.idl
-- Installing: /home/niuoruo/workspace/sentry/ws/sentry_desicion/install/sentry_srvs/share/sentry_srvs/srv/NavTarget.idl
-- Installing: /home/niuoruo/workspace/sentry/ws/sentry_desicion/install/sentry_srvs/share/sentry_srvs/srv/SetTarget.idl
-- Installing: /home/niuoruo/workspace/sentry/ws/sentry_desicion/install/sentry_srvs/share/sentry_srvs/srv/NavGoal.srv
-- Installing: /home/niuoruo/workspace/sentry/ws/sentry_desicion/install/sentry_srvs/share/sentry_srvs/srv/NavGoal_Request.msg
-- Installing: /home/niuoruo/workspace/sentry/ws/sentry_desicion/install/sentry_srvs/share/sentry_srvs/srv/NavGoal_Response.msg
-- Installing: /home/niuoruo/workspace/sentry/ws/sentry_desicion/install/sentry_srvs/share/sentry_srvs/srv/NavTarget.srv
-- Installing: /home/niuoruo/workspace/sentry/ws/sentry_desicion/install/sentry_srvs/share/sentry_srvs/srv/NavTarget_Request.msg
-- Installing: /home/niuoruo/workspace/sentry/ws/sentry_desicion/install/sentry_srvs/share/sentry_srvs/srv/NavTarget_Response.msg
-- Installing: /home/niuoruo/workspace/sentry/ws/sentry_desicion/install/sentry_srvs/share/sentry_srvs/srv/SetTarget.srv
-- Installing: /home/niuoruo/workspace/sentry/ws/sentry_desicion/install/sentry_srvs/share/sentry_srvs/srv/SetTarget_Request.msg
-- Installing: /home/niuoruo/workspace/sentry/ws/sentry_desicion/install/sentry_srvs/share/sentry_srvs/srv/SetTarget_Response.msg
-- Installing: /home/niuoruo/workspace/sentry/ws/sentry_desicion/install/sentry_srvs/share/ament_index/resource_index/package_run_dependencies/sentry_srvs
-- Installing: /home/niuoruo/workspace/sentry/ws/sentry_desicion/install/sentry_srvs/share/ament_index/resource_index/parent_prefix_path/sentry_srvs
-- Installing: /home/niuoruo/workspace/sentry/ws/sentry_desicion/install/sentry_srvs/share/sentry_srvs/environment/ament_prefix_path.sh
-- Installing: /home/niuoruo/workspace/sentry/ws/sentry_desicion/install/sentry_srvs/share/sentry_srvs/environment/ament_prefix_path.dsv
-- Installing: /home/niuoruo/workspace/sentry/ws/sentry_desicion/install/sentry_srvs/share/sentry_srvs/environment/path.sh
-- Installing: /home/niuoruo/workspace/sentry/ws/sentry_desicion/install/sentry_srvs/share/sentry_srvs/environment/path.dsv
-- Installing: /home/niuoruo/workspace/sentry/ws/sentry_desicion/install/sentry_srvs/share/sentry_srvs/local_setup.bash
-- Installing: /home/niuoruo/workspace/sentry/ws/sentry_desicion/install/sentry_srvs/share/sentry_srvs/local_setup.sh
-- Installing: /home/niuoruo/workspace/sentry/ws/sentry_desicion/install/sentry_srvs/share/sentry_srvs/local_setup.zsh
-- Installing: /home/niuoruo/workspace/sentry/ws/sentry_desicion/install/sentry_srvs/share/sentry_srvs/local_setup.dsv
-- Installing: /home/niuoruo/workspace/sentry/ws/sentry_desicion/install/sentry_srvs/share/sentry_srvs/package.dsv
-- Installing: /home/niuoruo/workspace/sentry/ws/sentry_desicion/install/sentry_srvs/share/ament_index/resource_index/packages/sentry_srvs
-- Installing: /home/niuoruo/workspace/sentry/ws/sentry_desicion/install/sentry_srvs/share/sentry_srvs/cmake/sentry_srvs__rosidl_generator_cExport.cmake
-- Installing: /home/niuoruo/workspace/sentry/ws/sentry_desicion/install/sentry_srvs/share/sentry_srvs/cmake/sentry_srvs__rosidl_generator_cExport-noconfig.cmake
-- Installing: /home/niuoruo/workspace/sentry/ws/sentry_desicion/install/sentry_srvs/share/sentry_srvs/cmake/sentry_srvs__rosidl_typesupport_introspection_cExport.cmake
-- Installing: /home/niuoruo/workspace/sentry/ws/sentry_desicion/install/sentry_srvs/share/sentry_srvs/cmake/sentry_srvs__rosidl_typesupport_introspection_cExport-noconfig.cmake
-- Installing: /home/niuoruo/workspace/sentry/ws/sentry_desicion/install/sentry_srvs/share/sentry_srvs/cmake/sentry_srvs__rosidl_typesupport_cExport.cmake
-- Installing: /home/niuoruo/workspace/sentry/ws/sentry_desicion/install/sentry_srvs/share/sentry_srvs/cmake/sentry_srvs__rosidl_typesupport_cExport-noconfig.cmake
-- Installing: /home/niuoruo/workspace/sentry/ws/sentry_desicion/install/sentry_srvs/share/sentry_srvs/cmake/sentry_srvs__rosidl_generator_cppExport.cmake
-- Installing: /home/niuoruo/workspace/sentry/ws/sentry_desicion/install/sentry_srvs/share/sentry_srvs/cmake/sentry_srvs__rosidl_typesupport_introspection_cppExport.cmake
-- Installing: /home/niuoruo/workspace/sentry/ws/sentry_desicion/install/sentry_srvs/share/sentry_srvs/cmake/sentry_srvs__rosidl_typesupport_introspection_cppExport-noconfig.cmake
-- Installing: /home/niuoruo/workspace/sentry/ws/sentry_desicion/install/sentry_srvs/share/sentry_srvs/cmake/sentry_srvs__rosidl_typesupport_cppExport.cmake
-- Installing: /home/niuoruo/workspace/sentry/ws/sentry_desicion/install/sentry_srvs/share/sentry_srvs/cmake/sentry_srvs__rosidl_typesupport_cppExport-noconfig.cmake
-- Installing: /home/niuoruo/workspace/sentry/ws/sentry_desicion/install/sentry_srvs/share/sentry_srvs/cmake/rosidl_cmake-extras.cmake
-- Installing: /home/niuoruo/workspace/sentry/ws/sentry_desicion/install/sentry_srvs/share/sentry_srvs/cmake/ament_cmake_export_dependencies-extras.cmake
-- Installing: /home/niuoruo/workspace/sentry/ws/sentry_desicion/install/sentry_srvs/share/sentry_srvs/cmake/ament_cmake_export_libraries-extras.cmake
-- Installing: /home/niuoruo/workspace/sentry/ws/sentry_desicion/install/sentry_srvs/share/sentry_srvs/cmake/ament_cmake_export_targets-extras.cmake
-- Installing: /home/niuoruo/workspace/sentry/ws/sentry_desicion/install/sentry_srvs/share/sentry_srvs/cmake/ament_cmake_export_include_directories-extras.cmake
-- Installing: /home/niuoruo/workspace/sentry/ws/sentry_desicion/install/sentry_srvs/share/sentry_srvs/cmake/rosidl_cmake_export_typesupport_libraries-extras.cmake
-- Installing: /home/niuoruo/workspace/sentry/ws/sentry_desicion/install/sentry_srvs/share/sentry_srvs/cmake/rosidl_cmake_export_typesupport_targets-extras.cmake
-- Installing: /home/niuoruo/workspace/sentry/ws/sentry_desicion/install/sentry_srvs/share/sentry_srvs/cmake/sentry_srvsConfig.cmake
-- Installing: /home/niuoruo/workspace/sentry/ws/sentry_desicion/install/sentry_srvs/share/sentry_srvs/cmake/sentry_srvsConfig-version.cmake
-- Installing: /home/niuoruo/workspace/sentry/ws/sentry_desicion/install/sentry_srvs/share/sentry_srvs/package.xml
