[0.236s] Invoking command in '/home/niuoruo/workspace/sentry/ws/sentry_desicion/build/sentry_srvs': CMAKE_PREFIX_PATH=/opt/ros/foxy /usr/bin/cmake /home/niuoruo/workspace/sentry/ws/sentry_desicion/src/sentry_srvs -DCMAKE_INSTALL_PREFIX=/home/niuoruo/workspace/sentry/ws/sentry_desicion/install/sentry_srvs
[0.272s] -- The C compiler identification is GNU 9.4.0
[0.312s] -- The CXX compiler identification is GNU 9.4.0
[0.315s] -- Check for working C compiler: /usr/bin/cc
[0.368s] -- Check for working C compiler: /usr/bin/cc -- works
[0.369s] -- Detecting C compiler ABI info
[0.419s] -- Detecting C compiler ABI info - done
[0.427s] -- Detecting C compile features
[0.427s] -- Detecting C compile features - done
[0.429s] -- Check for working CXX compiler: /usr/bin/c++
[0.490s] -- Check for working CXX compiler: /usr/bin/c++ -- works
[0.491s] -- Detecting CXX compiler ABI info
[0.552s] -- Detecting CXX compiler ABI info - done
[0.560s] -- Detecting CXX compile features
[0.560s] -- Detecting CXX compile features - done
[0.562s] -- Found ament_cmake: 0.9.12 (/opt/ros/foxy/share/ament_cmake/cmake)
[0.579s] -- Found PythonInterp: /usr/bin/python3 (found suitable version "3.8.10", minimum required is "3") 
[0.579s] -- Using PYTHON_EXECUTABLE: /usr/bin/python3
[0.751s] -- Found rosidl_default_generators: 1.0.1 (/opt/ros/foxy/share/rosidl_default_generators/cmake)
[0.755s] -- Using all available rosidl_typesupport_c: rosidl_typesupport_fastrtps_c;rosidl_typesupport_introspection_c
[0.762s] -- Found rosidl_adapter: 1.3.1 (/opt/ros/foxy/share/rosidl_adapter/cmake)
[0.850s] -- Found OpenSSL: /usr/lib/x86_64-linux-gnu/libcrypto.so (found version "1.1.1f")  
[0.877s] -- Found FastRTPS: /opt/ros/foxy/include  
[0.939s] -- Using all available rosidl_typesupport_cpp: rosidl_typesupport_fastrtps_cpp;rosidl_typesupport_introspection_cpp
[0.958s] -- Found geometry_msgs: 2.0.5 (/opt/ros/foxy/share/geometry_msgs/cmake)
[1.029s] -- Found PythonInterp: /usr/bin/python3 (found version "3.8.10") 
[1.183s] -- Found ament_cmake_ros: 0.9.2 (/opt/ros/foxy/share/ament_cmake_ros/cmake)
[1.364s] -- Using all available rosidl_typesupport_c: rosidl_typesupport_fastrtps_c;rosidl_typesupport_introspection_c
[1.462s] -- Using all available rosidl_typesupport_cpp: rosidl_typesupport_fastrtps_cpp;rosidl_typesupport_introspection_cpp
[1.482s] -- Found PythonInterp: /usr/bin/python3 (found suitable version "3.8.10", minimum required is "3.5") 
[1.482s] -- Found python_cmake_module: 0.8.1 (/opt/ros/foxy/share/python_cmake_module/cmake)
[1.506s] -- Found PythonLibs: /usr/lib/x86_64-linux-gnu/libpython3.8.so (found suitable version "3.8.10", minimum required is "3.5") 
[1.506s] -- Using PYTHON_EXECUTABLE: /usr/bin/python3
[1.506s] -- Using PYTHON_INCLUDE_DIRS: /usr/include/python3.8
[1.506s] -- Using PYTHON_LIBRARIES: /usr/lib/x86_64-linux-gnu/libpython3.8.so
[1.522s] -- Found PythonExtra: .so  
[1.583s] -- Found ament_lint_auto: 0.9.8 (/opt/ros/foxy/share/ament_lint_auto/cmake)
[1.605s] -- Added test 'copyright' to check source files copyright and LICENSE
[1.607s] -- Added test 'lint_cmake' to check CMake code style
[1.608s] -- Added test 'xmllint' to check XML markup files
[1.613s] -- Configuring done
[1.658s] -- Generating done
[1.659s] -- Build files have been written to: /home/niuoruo/workspace/sentry/ws/sentry_desicion/build/sentry_srvs
[1.671s] Invoked command in '/home/niuoruo/workspace/sentry/ws/sentry_desicion/build/sentry_srvs' returned '0': CMAKE_PREFIX_PATH=/opt/ros/foxy /usr/bin/cmake /home/niuoruo/workspace/sentry/ws/sentry_desicion/src/sentry_srvs -DCMAKE_INSTALL_PREFIX=/home/niuoruo/workspace/sentry/ws/sentry_desicion/install/sentry_srvs
[1.673s] Invoking command in '/home/niuoruo/workspace/sentry/ws/sentry_desicion/build/sentry_srvs': CMAKE_PREFIX_PATH=/opt/ros/foxy /usr/bin/cmake --build /home/niuoruo/workspace/sentry/ws/sentry_desicion/build/sentry_srvs -- -j16 -l16
[1.709s] [  2%] [34m[1mGenerating C code for ROS interfaces[0m
[1.710s] [35m[1mScanning dependencies of target sentry_srvs__cpp[0m
[1.718s] [  4%] [34m[1mGenerating C++ code for ROS interfaces[0m
[2.027s] [  4%] Built target sentry_srvs__cpp
[2.039s] [  6%] [34m[1mGenerating C++ type support dispatch for ROS interfaces[0m
[2.039s] [  8%] [34m[1mGenerating C++ introspection for ROS interfaces[0m
[2.041s] [ 10%] [34m[1mGenerating C++ type support for eProsima Fast-RTPS[0m
[2.081s] [35m[1mScanning dependencies of target sentry_srvs__rosidl_generator_c[0m
[2.099s] [ 14%] [32mBuilding C object CMakeFiles/sentry_srvs__rosidl_generator_c.dir/rosidl_generator_c/sentry_srvs/srv/detail/nav_target__functions.c.o[0m
[2.099s] [ 14%] [32mBuilding C object CMakeFiles/sentry_srvs__rosidl_generator_c.dir/rosidl_generator_c/sentry_srvs/srv/detail/nav_goal__functions.c.o[0m
[2.099s] [ 17%] [32mBuilding C object CMakeFiles/sentry_srvs__rosidl_generator_c.dir/rosidl_generator_c/sentry_srvs/srv/detail/set_target__functions.c.o[0m
[2.185s] [ 19%] [32m[1mLinking C shared library libsentry_srvs__rosidl_generator_c.so[0m
[2.239s] [ 19%] Built target sentry_srvs__rosidl_generator_c
[2.258s] [ 23%] [34m[1mGenerating C introspection for ROS interfaces[0m
[2.258s] [ 23%] [34m[1mGenerating C type support dispatch for ROS interfaces[0m
[2.357s] [35m[1mScanning dependencies of target sentry_srvs__rosidl_typesupport_cpp[0m
[2.418s] [ 25%] [32mBuilding CXX object CMakeFiles/sentry_srvs__rosidl_typesupport_cpp.dir/rosidl_typesupport_cpp/sentry_srvs/srv/set_target__type_support.cpp.o[0m
[2.432s] [ 29%] [32mBuilding CXX object CMakeFiles/sentry_srvs__rosidl_typesupport_cpp.dir/rosidl_typesupport_cpp/sentry_srvs/srv/nav_goal__type_support.cpp.o[0m
[2.432s] [ 29%] [32mBuilding CXX object CMakeFiles/sentry_srvs__rosidl_typesupport_cpp.dir/rosidl_typesupport_cpp/sentry_srvs/srv/nav_target__type_support.cpp.o[0m
[2.480s] [35m[1mScanning dependencies of target sentry_srvs__rosidl_typesupport_introspection_cpp[0m
[2.512s] [ 31%] [32mBuilding CXX object CMakeFiles/sentry_srvs__rosidl_typesupport_introspection_cpp.dir/rosidl_typesupport_introspection_cpp/sentry_srvs/srv/detail/nav_target__type_support.cpp.o[0m
[2.518s] [ 34%] [32mBuilding CXX object CMakeFiles/sentry_srvs__rosidl_typesupport_introspection_cpp.dir/rosidl_typesupport_introspection_cpp/sentry_srvs/srv/detail/set_target__type_support.cpp.o[0m
[2.524s] [ 36%] [32mBuilding CXX object CMakeFiles/sentry_srvs__rosidl_typesupport_introspection_cpp.dir/rosidl_typesupport_introspection_cpp/sentry_srvs/srv/detail/nav_goal__type_support.cpp.o[0m
[2.540s] [35m[1mScanning dependencies of target sentry_srvs__rosidl_typesupport_fastrtps_cpp[0m
[2.598s] [ 38%] [32mBuilding CXX object CMakeFiles/sentry_srvs__rosidl_typesupport_fastrtps_cpp.dir/rosidl_typesupport_fastrtps_cpp/sentry_srvs/srv/detail/dds_fastrtps/nav_goal__type_support.cpp.o[0m
[2.608s] [ 40%] [32mBuilding CXX object CMakeFiles/sentry_srvs__rosidl_typesupport_fastrtps_cpp.dir/rosidl_typesupport_fastrtps_cpp/sentry_srvs/srv/detail/dds_fastrtps/set_target__type_support.cpp.o[0m
[2.613s] [ 42%] [32mBuilding CXX object CMakeFiles/sentry_srvs__rosidl_typesupport_fastrtps_cpp.dir/rosidl_typesupport_fastrtps_cpp/sentry_srvs/srv/detail/dds_fastrtps/nav_target__type_support.cpp.o[0m
[2.627s] [35m[1mScanning dependencies of target sentry_srvs__rosidl_typesupport_c[0m
[2.645s] [ 44%] [32mBuilding CXX object CMakeFiles/sentry_srvs__rosidl_typesupport_c.dir/rosidl_typesupport_c/sentry_srvs/srv/nav_goal__type_support.cpp.o[0m
[2.661s] [ 46%] [32mBuilding CXX object CMakeFiles/sentry_srvs__rosidl_typesupport_c.dir/rosidl_typesupport_c/sentry_srvs/srv/nav_target__type_support.cpp.o[0m
[2.674s] [ 48%] [32mBuilding CXX object CMakeFiles/sentry_srvs__rosidl_typesupport_c.dir/rosidl_typesupport_c/sentry_srvs/srv/set_target__type_support.cpp.o[0m
[2.737s] [35m[1mScanning dependencies of target sentry_srvs__rosidl_typesupport_introspection_c[0m
[2.758s] [ 51%] [32mBuilding C object CMakeFiles/sentry_srvs__rosidl_typesupport_introspection_c.dir/rosidl_typesupport_introspection_c/sentry_srvs/srv/detail/nav_goal__type_support.c.o[0m
[2.768s] [ 53%] [32m[1mLinking CXX shared library libsentry_srvs__rosidl_typesupport_c.so[0m
[2.770s] [ 55%] [32mBuilding C object CMakeFiles/sentry_srvs__rosidl_typesupport_introspection_c.dir/rosidl_typesupport_introspection_c/sentry_srvs/srv/detail/set_target__type_support.c.o[0m
[2.784s] [ 57%] [32mBuilding C object CMakeFiles/sentry_srvs__rosidl_typesupport_introspection_c.dir/rosidl_typesupport_introspection_c/sentry_srvs/srv/detail/nav_target__type_support.c.o[0m
[2.852s] [ 59%] [32m[1mLinking C shared library libsentry_srvs__rosidl_typesupport_introspection_c.so[0m
[2.866s] [ 59%] Built target sentry_srvs__rosidl_typesupport_c
[2.896s] [ 61%] [32m[1mLinking CXX shared library libsentry_srvs__rosidl_typesupport_cpp.so[0m
[2.926s] [ 61%] Built target sentry_srvs__rosidl_typesupport_introspection_c
[2.951s] [ 61%] Built target sentry_srvs__rosidl_typesupport_cpp
[2.999s] [ 63%] [32m[1mLinking CXX shared library libsentry_srvs__rosidl_typesupport_introspection_cpp.so[0m
[3.140s] [ 63%] Built target sentry_srvs__rosidl_typesupport_introspection_cpp
[3.411s] [ 65%] [32m[1mLinking CXX shared library libsentry_srvs__rosidl_typesupport_fastrtps_cpp.so[0m
[3.710s] [ 65%] Built target sentry_srvs__rosidl_typesupport_fastrtps_cpp
[3.725s] [ 68%] [34m[1mGenerating C type support for eProsima Fast-RTPS[0m
[4.055s] [35m[1mScanning dependencies of target sentry_srvs__rosidl_typesupport_fastrtps_c[0m
[4.074s] [ 74%] [32mBuilding CXX object CMakeFiles/sentry_srvs__rosidl_typesupport_fastrtps_c.dir/rosidl_typesupport_fastrtps_c/sentry_srvs/srv/detail/nav_goal__type_support_c.cpp.o[0m
[4.074s] [ 74%] [32mBuilding CXX object CMakeFiles/sentry_srvs__rosidl_typesupport_fastrtps_c.dir/rosidl_typesupport_fastrtps_c/sentry_srvs/srv/detail/set_target__type_support_c.cpp.o[0m
[4.074s] [ 74%] [32mBuilding CXX object CMakeFiles/sentry_srvs__rosidl_typesupport_fastrtps_c.dir/rosidl_typesupport_fastrtps_c/sentry_srvs/srv/detail/nav_target__type_support_c.cpp.o[0m
[4.413s] [ 76%] [32m[1mLinking CXX shared library libsentry_srvs__rosidl_typesupport_fastrtps_c.so[0m
[4.501s] [ 76%] Built target sentry_srvs__rosidl_typesupport_fastrtps_c
[4.510s] [35m[1mScanning dependencies of target sentry_srvs[0m
[4.519s] [ 76%] Built target sentry_srvs
[4.529s] [35m[1mScanning dependencies of target sentry_srvs__py[0m
[4.538s] [ 78%] [34m[1mGenerating Python code for ROS interfaces[0m
[5.168s] [ 78%] Built target sentry_srvs__py
[5.176s] [35m[1mScanning dependencies of target sentry_srvs__python[0m
[5.195s] [ 85%] [32mBuilding C object CMakeFiles/sentry_srvs__python.dir/rosidl_generator_py/sentry_srvs/srv/_nav_target_s.c.o[0m
[5.196s] [ 85%] [32mBuilding C object CMakeFiles/sentry_srvs__python.dir/rosidl_generator_py/sentry_srvs/srv/_nav_goal_s.c.o[0m
[5.196s] [ 85%] [32mBuilding C object CMakeFiles/sentry_srvs__python.dir/rosidl_generator_py/sentry_srvs/srv/_set_target_s.c.o[0m
[5.267s] [ 87%] [32m[1mLinking C shared library rosidl_generator_py/sentry_srvs/libsentry_srvs__python.so[0m
[5.305s] [ 87%] Built target sentry_srvs__python
[5.314s] [35m[1mScanning dependencies of target sentry_srvs__rosidl_typesupport_introspection_c__pyext[0m
[5.314s] [35m[1mScanning dependencies of target sentry_srvs__rosidl_typesupport_c__pyext[0m
[5.314s] [35m[1mScanning dependencies of target sentry_srvs__rosidl_typesupport_fastrtps_c__pyext[0m
[5.330s] [ 91%] [32mBuilding C object CMakeFiles/sentry_srvs__rosidl_typesupport_c__pyext.dir/rosidl_generator_py/sentry_srvs/_sentry_srvs_s.ep.rosidl_typesupport_c.c.o[0m
[5.330s] [ 91%] [32mBuilding C object CMakeFiles/sentry_srvs__rosidl_typesupport_introspection_c__pyext.dir/rosidl_generator_py/sentry_srvs/_sentry_srvs_s.ep.rosidl_typesupport_introspection_c.c.o[0m
[5.332s] [ 93%] [32mBuilding C object CMakeFiles/sentry_srvs__rosidl_typesupport_fastrtps_c__pyext.dir/rosidl_generator_py/sentry_srvs/_sentry_srvs_s.ep.rosidl_typesupport_fastrtps_c.c.o[0m
[5.403s] [ 95%] [32m[1mLinking C shared library rosidl_generator_py/sentry_srvs/sentry_srvs_s__rosidl_typesupport_introspection_c.cpython-38-x86_64-linux-gnu.so[0m
[5.406s] [ 97%] [32m[1mLinking CXX shared library rosidl_generator_py/sentry_srvs/sentry_srvs_s__rosidl_typesupport_fastrtps_c.cpython-38-x86_64-linux-gnu.so[0m
[5.410s] [100%] [32m[1mLinking C shared library rosidl_generator_py/sentry_srvs/sentry_srvs_s__rosidl_typesupport_c.cpython-38-x86_64-linux-gnu.so[0m
[5.439s] [100%] Built target sentry_srvs__rosidl_typesupport_introspection_c__pyext
[5.446s] [100%] Built target sentry_srvs__rosidl_typesupport_c__pyext
[5.460s] [100%] Built target sentry_srvs__rosidl_typesupport_fastrtps_c__pyext
[5.633s] Invoked command in '/home/niuoruo/workspace/sentry/ws/sentry_desicion/build/sentry_srvs' returned '0': CMAKE_PREFIX_PATH=/opt/ros/foxy /usr/bin/cmake --build /home/niuoruo/workspace/sentry/ws/sentry_desicion/build/sentry_srvs -- -j16 -l16
[5.692s] Invoking command in '/home/niuoruo/workspace/sentry/ws/sentry_desicion/build/sentry_srvs': CMAKE_PREFIX_PATH=/opt/ros/foxy /usr/bin/cmake --install /home/niuoruo/workspace/sentry/ws/sentry_desicion/build/sentry_srvs
[5.700s] -- Install configuration: ""
[5.700s] -- Installing: /home/niuoruo/workspace/sentry/ws/sentry_desicion/install/sentry_srvs/share/ament_index/resource_index/rosidl_interfaces/sentry_srvs
[5.701s] -- Installing: /home/niuoruo/workspace/sentry/ws/sentry_desicion/install/sentry_srvs/include/sentry_srvs
[5.701s] -- Installing: /home/niuoruo/workspace/sentry/ws/sentry_desicion/install/sentry_srvs/include/sentry_srvs/msg
[5.701s] -- Installing: /home/niuoruo/workspace/sentry/ws/sentry_desicion/install/sentry_srvs/include/sentry_srvs/msg/rosidl_generator_c__visibility_control.h
[5.701s] -- Installing: /home/niuoruo/workspace/sentry/ws/sentry_desicion/install/sentry_srvs/include/sentry_srvs/srv
[5.701s] -- Installing: /home/niuoruo/workspace/sentry/ws/sentry_desicion/install/sentry_srvs/include/sentry_srvs/srv/nav_target.h
[5.701s] -- Installing: /home/niuoruo/workspace/sentry/ws/sentry_desicion/install/sentry_srvs/include/sentry_srvs/srv/set_target.h
[5.701s] -- Installing: /home/niuoruo/workspace/sentry/ws/sentry_desicion/install/sentry_srvs/include/sentry_srvs/srv/nav_goal.h
[5.701s] -- Installing: /home/niuoruo/workspace/sentry/ws/sentry_desicion/install/sentry_srvs/include/sentry_srvs/srv/detail
[5.701s] -- Installing: /home/niuoruo/workspace/sentry/ws/sentry_desicion/install/sentry_srvs/include/sentry_srvs/srv/detail/nav_target__type_support.h
[5.702s] -- Installing: /home/niuoruo/workspace/sentry/ws/sentry_desicion/install/sentry_srvs/include/sentry_srvs/srv/detail/set_target__type_support.h
[5.702s] -- Installing: /home/niuoruo/workspace/sentry/ws/sentry_desicion/install/sentry_srvs/include/sentry_srvs/srv/detail/nav_goal__type_support.h
[5.702s] -- Installing: /home/niuoruo/workspace/sentry/ws/sentry_desicion/install/sentry_srvs/include/sentry_srvs/srv/detail/set_target__functions.c
[5.702s] -- Installing: /home/niuoruo/workspace/sentry/ws/sentry_desicion/install/sentry_srvs/include/sentry_srvs/srv/detail/set_target__functions.h
[5.702s] -- Installing: /home/niuoruo/workspace/sentry/ws/sentry_desicion/install/sentry_srvs/include/sentry_srvs/srv/detail/nav_target__functions.c
[5.702s] -- Installing: /home/niuoruo/workspace/sentry/ws/sentry_desicion/install/sentry_srvs/include/sentry_srvs/srv/detail/nav_goal__functions.c
[5.702s] -- Installing: /home/niuoruo/workspace/sentry/ws/sentry_desicion/install/sentry_srvs/include/sentry_srvs/srv/detail/nav_target__functions.h
[5.702s] -- Installing: /home/niuoruo/workspace/sentry/ws/sentry_desicion/install/sentry_srvs/include/sentry_srvs/srv/detail/set_target__struct.h
[5.702s] -- Installing: /home/niuoruo/workspace/sentry/ws/sentry_desicion/install/sentry_srvs/include/sentry_srvs/srv/detail/nav_goal__functions.h
[5.702s] -- Installing: /home/niuoruo/workspace/sentry/ws/sentry_desicion/install/sentry_srvs/include/sentry_srvs/srv/detail/nav_goal__struct.h
[5.702s] -- Installing: /home/niuoruo/workspace/sentry/ws/sentry_desicion/install/sentry_srvs/include/sentry_srvs/srv/detail/nav_target__struct.h
[5.702s] -- Installing: /home/niuoruo/workspace/sentry/ws/sentry_desicion/install/sentry_srvs/share/sentry_srvs/environment/library_path.sh
[5.702s] -- Installing: /home/niuoruo/workspace/sentry/ws/sentry_desicion/install/sentry_srvs/share/sentry_srvs/environment/library_path.dsv
[5.702s] -- Installing: /home/niuoruo/workspace/sentry/ws/sentry_desicion/install/sentry_srvs/lib/libsentry_srvs__rosidl_generator_c.so
[5.703s] -- Set runtime path of "/home/niuoruo/workspace/sentry/ws/sentry_desicion/install/sentry_srvs/lib/libsentry_srvs__rosidl_generator_c.so" to ""
[5.703s] -- Up-to-date: /home/niuoruo/workspace/sentry/ws/sentry_desicion/install/sentry_srvs/include/sentry_srvs
[5.703s] -- Up-to-date: /home/niuoruo/workspace/sentry/ws/sentry_desicion/install/sentry_srvs/include/sentry_srvs/msg
[5.703s] -- Installing: /home/niuoruo/workspace/sentry/ws/sentry_desicion/install/sentry_srvs/include/sentry_srvs/msg/rosidl_typesupport_fastrtps_c__visibility_control.h
[5.703s] -- Up-to-date: /home/niuoruo/workspace/sentry/ws/sentry_desicion/install/sentry_srvs/include/sentry_srvs/srv
[5.703s] -- Up-to-date: /home/niuoruo/workspace/sentry/ws/sentry_desicion/install/sentry_srvs/include/sentry_srvs/srv/detail
[5.703s] -- Installing: /home/niuoruo/workspace/sentry/ws/sentry_desicion/install/sentry_srvs/include/sentry_srvs/srv/detail/nav_target__rosidl_typesupport_fastrtps_c.h
[5.703s] -- Installing: /home/niuoruo/workspace/sentry/ws/sentry_desicion/install/sentry_srvs/include/sentry_srvs/srv/detail/set_target__rosidl_typesupport_fastrtps_c.h
[5.703s] -- Installing: /home/niuoruo/workspace/sentry/ws/sentry_desicion/install/sentry_srvs/include/sentry_srvs/srv/detail/nav_goal__rosidl_typesupport_fastrtps_c.h
[5.703s] -- Installing: /home/niuoruo/workspace/sentry/ws/sentry_desicion/install/sentry_srvs/lib/libsentry_srvs__rosidl_typesupport_fastrtps_c.so
[5.703s] -- Set runtime path of "/home/niuoruo/workspace/sentry/ws/sentry_desicion/install/sentry_srvs/lib/libsentry_srvs__rosidl_typesupport_fastrtps_c.so" to ""
[5.703s] -- Up-to-date: /home/niuoruo/workspace/sentry/ws/sentry_desicion/install/sentry_srvs/include/sentry_srvs
[5.704s] -- Up-to-date: /home/niuoruo/workspace/sentry/ws/sentry_desicion/install/sentry_srvs/include/sentry_srvs/msg
[5.704s] -- Installing: /home/niuoruo/workspace/sentry/ws/sentry_desicion/install/sentry_srvs/include/sentry_srvs/msg/rosidl_typesupport_fastrtps_cpp__visibility_control.h
[5.704s] -- Up-to-date: /home/niuoruo/workspace/sentry/ws/sentry_desicion/install/sentry_srvs/include/sentry_srvs/srv
[5.704s] -- Up-to-date: /home/niuoruo/workspace/sentry/ws/sentry_desicion/install/sentry_srvs/include/sentry_srvs/srv/detail
[5.704s] -- Installing: /home/niuoruo/workspace/sentry/ws/sentry_desicion/install/sentry_srvs/include/sentry_srvs/srv/detail/set_target__rosidl_typesupport_fastrtps_cpp.hpp
[5.704s] -- Installing: /home/niuoruo/workspace/sentry/ws/sentry_desicion/install/sentry_srvs/include/sentry_srvs/srv/detail/dds_fastrtps
[5.704s] -- Installing: /home/niuoruo/workspace/sentry/ws/sentry_desicion/install/sentry_srvs/include/sentry_srvs/srv/detail/nav_goal__rosidl_typesupport_fastrtps_cpp.hpp
[5.704s] -- Installing: /home/niuoruo/workspace/sentry/ws/sentry_desicion/install/sentry_srvs/include/sentry_srvs/srv/detail/nav_target__rosidl_typesupport_fastrtps_cpp.hpp
[5.704s] -- Installing: /home/niuoruo/workspace/sentry/ws/sentry_desicion/install/sentry_srvs/lib/libsentry_srvs__rosidl_typesupport_fastrtps_cpp.so
[5.704s] -- Set runtime path of "/home/niuoruo/workspace/sentry/ws/sentry_desicion/install/sentry_srvs/lib/libsentry_srvs__rosidl_typesupport_fastrtps_cpp.so" to ""
[5.704s] -- Up-to-date: /home/niuoruo/workspace/sentry/ws/sentry_desicion/install/sentry_srvs/include/sentry_srvs
[5.704s] -- Up-to-date: /home/niuoruo/workspace/sentry/ws/sentry_desicion/install/sentry_srvs/include/sentry_srvs/msg
[5.704s] -- Installing: /home/niuoruo/workspace/sentry/ws/sentry_desicion/install/sentry_srvs/include/sentry_srvs/msg/rosidl_typesupport_introspection_c__visibility_control.h
[5.704s] -- Up-to-date: /home/niuoruo/workspace/sentry/ws/sentry_desicion/install/sentry_srvs/include/sentry_srvs/srv
[5.705s] -- Up-to-date: /home/niuoruo/workspace/sentry/ws/sentry_desicion/install/sentry_srvs/include/sentry_srvs/srv/detail
[5.705s] -- Installing: /home/niuoruo/workspace/sentry/ws/sentry_desicion/install/sentry_srvs/include/sentry_srvs/srv/detail/nav_target__type_support.c
[5.705s] -- Installing: /home/niuoruo/workspace/sentry/ws/sentry_desicion/install/sentry_srvs/include/sentry_srvs/srv/detail/nav_goal__rosidl_typesupport_introspection_c.h
[5.705s] -- Installing: /home/niuoruo/workspace/sentry/ws/sentry_desicion/install/sentry_srvs/include/sentry_srvs/srv/detail/nav_goal__type_support.c
[5.705s] -- Installing: /home/niuoruo/workspace/sentry/ws/sentry_desicion/install/sentry_srvs/include/sentry_srvs/srv/detail/nav_target__rosidl_typesupport_introspection_c.h
[5.705s] -- Installing: /home/niuoruo/workspace/sentry/ws/sentry_desicion/install/sentry_srvs/include/sentry_srvs/srv/detail/set_target__type_support.c
[5.705s] -- Installing: /home/niuoruo/workspace/sentry/ws/sentry_desicion/install/sentry_srvs/include/sentry_srvs/srv/detail/set_target__rosidl_typesupport_introspection_c.h
[5.705s] -- Installing: /home/niuoruo/workspace/sentry/ws/sentry_desicion/install/sentry_srvs/lib/libsentry_srvs__rosidl_typesupport_introspection_c.so
[5.705s] -- Set runtime path of "/home/niuoruo/workspace/sentry/ws/sentry_desicion/install/sentry_srvs/lib/libsentry_srvs__rosidl_typesupport_introspection_c.so" to ""
[5.705s] -- Installing: /home/niuoruo/workspace/sentry/ws/sentry_desicion/install/sentry_srvs/lib/libsentry_srvs__rosidl_typesupport_c.so
[5.705s] -- Set runtime path of "/home/niuoruo/workspace/sentry/ws/sentry_desicion/install/sentry_srvs/lib/libsentry_srvs__rosidl_typesupport_c.so" to ""
[5.705s] -- Up-to-date: /home/niuoruo/workspace/sentry/ws/sentry_desicion/install/sentry_srvs/include/sentry_srvs
[5.705s] -- Up-to-date: /home/niuoruo/workspace/sentry/ws/sentry_desicion/install/sentry_srvs/include/sentry_srvs/msg
[5.706s] -- Installing: /home/niuoruo/workspace/sentry/ws/sentry_desicion/install/sentry_srvs/include/sentry_srvs/msg/rosidl_generator_cpp__visibility_control.hpp
[5.706s] -- Up-to-date: /home/niuoruo/workspace/sentry/ws/sentry_desicion/install/sentry_srvs/include/sentry_srvs/srv
[5.706s] -- Installing: /home/niuoruo/workspace/sentry/ws/sentry_desicion/install/sentry_srvs/include/sentry_srvs/srv/nav_target.hpp
[5.706s] -- Up-to-date: /home/niuoruo/workspace/sentry/ws/sentry_desicion/install/sentry_srvs/include/sentry_srvs/srv/detail
[5.706s] -- Installing: /home/niuoruo/workspace/sentry/ws/sentry_desicion/install/sentry_srvs/include/sentry_srvs/srv/detail/nav_goal__type_support.hpp
[5.706s] -- Installing: /home/niuoruo/workspace/sentry/ws/sentry_desicion/install/sentry_srvs/include/sentry_srvs/srv/detail/nav_goal__builder.hpp
[5.706s] -- Installing: /home/niuoruo/workspace/sentry/ws/sentry_desicion/install/sentry_srvs/include/sentry_srvs/srv/detail/set_target__type_support.hpp
[5.706s] -- Installing: /home/niuoruo/workspace/sentry/ws/sentry_desicion/install/sentry_srvs/include/sentry_srvs/srv/detail/set_target__builder.hpp
[5.706s] -- Installing: /home/niuoruo/workspace/sentry/ws/sentry_desicion/install/sentry_srvs/include/sentry_srvs/srv/detail/nav_target__traits.hpp
[5.706s] -- Installing: /home/niuoruo/workspace/sentry/ws/sentry_desicion/install/sentry_srvs/include/sentry_srvs/srv/detail/set_target__struct.hpp
[5.706s] -- Installing: /home/niuoruo/workspace/sentry/ws/sentry_desicion/install/sentry_srvs/include/sentry_srvs/srv/detail/nav_goal__traits.hpp
[5.706s] -- Installing: /home/niuoruo/workspace/sentry/ws/sentry_desicion/install/sentry_srvs/include/sentry_srvs/srv/detail/set_target__traits.hpp
[5.707s] -- Installing: /home/niuoruo/workspace/sentry/ws/sentry_desicion/install/sentry_srvs/include/sentry_srvs/srv/detail/nav_target__struct.hpp
[5.707s] -- Installing: /home/niuoruo/workspace/sentry/ws/sentry_desicion/install/sentry_srvs/include/sentry_srvs/srv/detail/nav_target__type_support.hpp
[5.707s] -- Installing: /home/niuoruo/workspace/sentry/ws/sentry_desicion/install/sentry_srvs/include/sentry_srvs/srv/detail/nav_target__builder.hpp
[5.707s] -- Installing: /home/niuoruo/workspace/sentry/ws/sentry_desicion/install/sentry_srvs/include/sentry_srvs/srv/detail/nav_goal__struct.hpp
[5.707s] -- Installing: /home/niuoruo/workspace/sentry/ws/sentry_desicion/install/sentry_srvs/include/sentry_srvs/srv/set_target.hpp
[5.707s] -- Installing: /home/niuoruo/workspace/sentry/ws/sentry_desicion/install/sentry_srvs/include/sentry_srvs/srv/nav_goal.hpp
[5.707s] -- Up-to-date: /home/niuoruo/workspace/sentry/ws/sentry_desicion/install/sentry_srvs/include/sentry_srvs
[5.707s] -- Up-to-date: /home/niuoruo/workspace/sentry/ws/sentry_desicion/install/sentry_srvs/include/sentry_srvs/srv
[5.707s] -- Up-to-date: /home/niuoruo/workspace/sentry/ws/sentry_desicion/install/sentry_srvs/include/sentry_srvs/srv/detail
[5.707s] -- Installing: /home/niuoruo/workspace/sentry/ws/sentry_desicion/install/sentry_srvs/include/sentry_srvs/srv/detail/set_target__type_support.cpp
[5.707s] -- Installing: /home/niuoruo/workspace/sentry/ws/sentry_desicion/install/sentry_srvs/include/sentry_srvs/srv/detail/nav_target__type_support.cpp
[5.707s] -- Installing: /home/niuoruo/workspace/sentry/ws/sentry_desicion/install/sentry_srvs/include/sentry_srvs/srv/detail/nav_target__rosidl_typesupport_introspection_cpp.hpp
[5.707s] -- Installing: /home/niuoruo/workspace/sentry/ws/sentry_desicion/install/sentry_srvs/include/sentry_srvs/srv/detail/set_target__rosidl_typesupport_introspection_cpp.hpp
[5.707s] -- Installing: /home/niuoruo/workspace/sentry/ws/sentry_desicion/install/sentry_srvs/include/sentry_srvs/srv/detail/nav_goal__rosidl_typesupport_introspection_cpp.hpp
[5.707s] -- Installing: /home/niuoruo/workspace/sentry/ws/sentry_desicion/install/sentry_srvs/include/sentry_srvs/srv/detail/nav_goal__type_support.cpp
[5.708s] -- Installing: /home/niuoruo/workspace/sentry/ws/sentry_desicion/install/sentry_srvs/lib/libsentry_srvs__rosidl_typesupport_introspection_cpp.so
[5.708s] -- Set runtime path of "/home/niuoruo/workspace/sentry/ws/sentry_desicion/install/sentry_srvs/lib/libsentry_srvs__rosidl_typesupport_introspection_cpp.so" to ""
[5.708s] -- Installing: /home/niuoruo/workspace/sentry/ws/sentry_desicion/install/sentry_srvs/lib/libsentry_srvs__rosidl_typesupport_cpp.so
[5.708s] -- Set runtime path of "/home/niuoruo/workspace/sentry/ws/sentry_desicion/install/sentry_srvs/lib/libsentry_srvs__rosidl_typesupport_cpp.so" to ""
[5.708s] -- Installing: /home/niuoruo/workspace/sentry/ws/sentry_desicion/install/sentry_srvs/share/sentry_srvs/environment/pythonpath.sh
[5.708s] -- Installing: /home/niuoruo/workspace/sentry/ws/sentry_desicion/install/sentry_srvs/share/sentry_srvs/environment/pythonpath.dsv
[5.708s] -- Installing: /home/niuoruo/workspace/sentry/ws/sentry_desicion/install/sentry_srvs/lib/python3.8/site-packages/sentry_srvs/__init__.py
[5.730s] Compiling '/home/niuoruo/workspace/sentry/ws/sentry_desicion/install/sentry_srvs/lib/python3.8/site-packages/sentry_srvs/__init__.py'...
[5.735s] -- Installing: /home/niuoruo/workspace/sentry/ws/sentry_desicion/install/sentry_srvs/lib/python3.8/site-packages/sentry_srvs/srv
[5.735s] -- Installing: /home/niuoruo/workspace/sentry/ws/sentry_desicion/install/sentry_srvs/lib/python3.8/site-packages/sentry_srvs/srv/__init__.py
[5.735s] -- Installing: /home/niuoruo/workspace/sentry/ws/sentry_desicion/install/sentry_srvs/lib/python3.8/site-packages/sentry_srvs/srv/_nav_goal_s.c
[5.735s] -- Installing: /home/niuoruo/workspace/sentry/ws/sentry_desicion/install/sentry_srvs/lib/python3.8/site-packages/sentry_srvs/srv/_set_target_s.c
[5.735s] -- Installing: /home/niuoruo/workspace/sentry/ws/sentry_desicion/install/sentry_srvs/lib/python3.8/site-packages/sentry_srvs/srv/_nav_goal.py
[5.735s] -- Installing: /home/niuoruo/workspace/sentry/ws/sentry_desicion/install/sentry_srvs/lib/python3.8/site-packages/sentry_srvs/srv/_nav_target_s.c
[5.736s] -- Installing: /home/niuoruo/workspace/sentry/ws/sentry_desicion/install/sentry_srvs/lib/python3.8/site-packages/sentry_srvs/srv/_set_target.py
[5.736s] -- Installing: /home/niuoruo/workspace/sentry/ws/sentry_desicion/install/sentry_srvs/lib/python3.8/site-packages/sentry_srvs/srv/_nav_target.py
[5.736s] -- Installing: /home/niuoruo/workspace/sentry/ws/sentry_desicion/install/sentry_srvs/lib/python3.8/site-packages/sentry_srvs/sentry_srvs_s__rosidl_typesupport_fastrtps_c.cpython-38-x86_64-linux-gnu.so
[5.736s] -- Set runtime path of "/home/niuoruo/workspace/sentry/ws/sentry_desicion/install/sentry_srvs/lib/python3.8/site-packages/sentry_srvs/sentry_srvs_s__rosidl_typesupport_fastrtps_c.cpython-38-x86_64-linux-gnu.so" to ""
[5.736s] -- Installing: /home/niuoruo/workspace/sentry/ws/sentry_desicion/install/sentry_srvs/lib/python3.8/site-packages/sentry_srvs/sentry_srvs_s__rosidl_typesupport_introspection_c.cpython-38-x86_64-linux-gnu.so
[5.737s] -- Set runtime path of "/home/niuoruo/workspace/sentry/ws/sentry_desicion/install/sentry_srvs/lib/python3.8/site-packages/sentry_srvs/sentry_srvs_s__rosidl_typesupport_introspection_c.cpython-38-x86_64-linux-gnu.so" to ""
[5.737s] -- Installing: /home/niuoruo/workspace/sentry/ws/sentry_desicion/install/sentry_srvs/lib/python3.8/site-packages/sentry_srvs/sentry_srvs_s__rosidl_typesupport_c.cpython-38-x86_64-linux-gnu.so
[5.737s] -- Set runtime path of "/home/niuoruo/workspace/sentry/ws/sentry_desicion/install/sentry_srvs/lib/python3.8/site-packages/sentry_srvs/sentry_srvs_s__rosidl_typesupport_c.cpython-38-x86_64-linux-gnu.so" to ""
[5.738s] -- Installing: /home/niuoruo/workspace/sentry/ws/sentry_desicion/install/sentry_srvs/lib/libsentry_srvs__python.so
[5.738s] -- Set runtime path of "/home/niuoruo/workspace/sentry/ws/sentry_desicion/install/sentry_srvs/lib/libsentry_srvs__python.so" to ""
[5.738s] -- Installing: /home/niuoruo/workspace/sentry/ws/sentry_desicion/install/sentry_srvs/share/sentry_srvs/srv/NavGoal.idl
[5.738s] -- Installing: /home/niuoruo/workspace/sentry/ws/sentry_desicion/install/sentry_srvs/share/sentry_srvs/srv/NavTarget.idl
[5.738s] -- Installing: /home/niuoruo/workspace/sentry/ws/sentry_desicion/install/sentry_srvs/share/sentry_srvs/srv/SetTarget.idl
[5.738s] -- Installing: /home/niuoruo/workspace/sentry/ws/sentry_desicion/install/sentry_srvs/share/sentry_srvs/srv/NavGoal.srv
[5.738s] -- Installing: /home/niuoruo/workspace/sentry/ws/sentry_desicion/install/sentry_srvs/share/sentry_srvs/srv/NavGoal_Request.msg
[5.738s] -- Installing: /home/niuoruo/workspace/sentry/ws/sentry_desicion/install/sentry_srvs/share/sentry_srvs/srv/NavGoal_Response.msg
[5.739s] -- Installing: /home/niuoruo/workspace/sentry/ws/sentry_desicion/install/sentry_srvs/share/sentry_srvs/srv/NavTarget.srv
[5.739s] -- Installing: /home/niuoruo/workspace/sentry/ws/sentry_desicion/install/sentry_srvs/share/sentry_srvs/srv/NavTarget_Request.msg
[5.739s] -- Installing: /home/niuoruo/workspace/sentry/ws/sentry_desicion/install/sentry_srvs/share/sentry_srvs/srv/NavTarget_Response.msg
[5.739s] -- Installing: /home/niuoruo/workspace/sentry/ws/sentry_desicion/install/sentry_srvs/share/sentry_srvs/srv/SetTarget.srv
[5.739s] -- Installing: /home/niuoruo/workspace/sentry/ws/sentry_desicion/install/sentry_srvs/share/sentry_srvs/srv/SetTarget_Request.msg
[5.739s] -- Installing: /home/niuoruo/workspace/sentry/ws/sentry_desicion/install/sentry_srvs/share/sentry_srvs/srv/SetTarget_Response.msg
[5.739s] -- Installing: /home/niuoruo/workspace/sentry/ws/sentry_desicion/install/sentry_srvs/share/ament_index/resource_index/package_run_dependencies/sentry_srvs
[5.739s] -- Installing: /home/niuoruo/workspace/sentry/ws/sentry_desicion/install/sentry_srvs/share/ament_index/resource_index/parent_prefix_path/sentry_srvs
[5.740s] -- Installing: /home/niuoruo/workspace/sentry/ws/sentry_desicion/install/sentry_srvs/share/sentry_srvs/environment/ament_prefix_path.sh
[5.740s] -- Installing: /home/niuoruo/workspace/sentry/ws/sentry_desicion/install/sentry_srvs/share/sentry_srvs/environment/ament_prefix_path.dsv
[5.740s] -- Installing: /home/niuoruo/workspace/sentry/ws/sentry_desicion/install/sentry_srvs/share/sentry_srvs/environment/path.sh
[5.740s] -- Installing: /home/niuoruo/workspace/sentry/ws/sentry_desicion/install/sentry_srvs/share/sentry_srvs/environment/path.dsv
[5.740s] -- Installing: /home/niuoruo/workspace/sentry/ws/sentry_desicion/install/sentry_srvs/share/sentry_srvs/local_setup.bash
[5.740s] -- Installing: /home/niuoruo/workspace/sentry/ws/sentry_desicion/install/sentry_srvs/share/sentry_srvs/local_setup.sh
[5.740s] -- Installing: /home/niuoruo/workspace/sentry/ws/sentry_desicion/install/sentry_srvs/share/sentry_srvs/local_setup.zsh
[5.740s] -- Installing: /home/niuoruo/workspace/sentry/ws/sentry_desicion/install/sentry_srvs/share/sentry_srvs/local_setup.dsv
[5.740s] -- Installing: /home/niuoruo/workspace/sentry/ws/sentry_desicion/install/sentry_srvs/share/sentry_srvs/package.dsv
[5.741s] -- Installing: /home/niuoruo/workspace/sentry/ws/sentry_desicion/install/sentry_srvs/share/ament_index/resource_index/packages/sentry_srvs
[5.741s] -- Installing: /home/niuoruo/workspace/sentry/ws/sentry_desicion/install/sentry_srvs/share/sentry_srvs/cmake/sentry_srvs__rosidl_generator_cExport.cmake
[5.741s] -- Installing: /home/niuoruo/workspace/sentry/ws/sentry_desicion/install/sentry_srvs/share/sentry_srvs/cmake/sentry_srvs__rosidl_generator_cExport-noconfig.cmake
[5.741s] -- Installing: /home/niuoruo/workspace/sentry/ws/sentry_desicion/install/sentry_srvs/share/sentry_srvs/cmake/sentry_srvs__rosidl_typesupport_introspection_cExport.cmake
[5.741s] -- Installing: /home/niuoruo/workspace/sentry/ws/sentry_desicion/install/sentry_srvs/share/sentry_srvs/cmake/sentry_srvs__rosidl_typesupport_introspection_cExport-noconfig.cmake
[5.742s] -- Installing: /home/niuoruo/workspace/sentry/ws/sentry_desicion/install/sentry_srvs/share/sentry_srvs/cmake/sentry_srvs__rosidl_typesupport_cExport.cmake
[5.742s] -- Installing: /home/niuoruo/workspace/sentry/ws/sentry_desicion/install/sentry_srvs/share/sentry_srvs/cmake/sentry_srvs__rosidl_typesupport_cExport-noconfig.cmake
[5.742s] -- Installing: /home/niuoruo/workspace/sentry/ws/sentry_desicion/install/sentry_srvs/share/sentry_srvs/cmake/sentry_srvs__rosidl_generator_cppExport.cmake
[5.742s] -- Installing: /home/niuoruo/workspace/sentry/ws/sentry_desicion/install/sentry_srvs/share/sentry_srvs/cmake/sentry_srvs__rosidl_typesupport_introspection_cppExport.cmake
[5.742s] -- Installing: /home/niuoruo/workspace/sentry/ws/sentry_desicion/install/sentry_srvs/share/sentry_srvs/cmake/sentry_srvs__rosidl_typesupport_introspection_cppExport-noconfig.cmake
[5.742s] -- Installing: /home/niuoruo/workspace/sentry/ws/sentry_desicion/install/sentry_srvs/share/sentry_srvs/cmake/sentry_srvs__rosidl_typesupport_cppExport.cmake
[5.743s] -- Installing: /home/niuoruo/workspace/sentry/ws/sentry_desicion/install/sentry_srvs/share/sentry_srvs/cmake/sentry_srvs__rosidl_typesupport_cppExport-noconfig.cmake
[5.743s] -- Installing: /home/niuoruo/workspace/sentry/ws/sentry_desicion/install/sentry_srvs/share/sentry_srvs/cmake/rosidl_cmake-extras.cmake
[5.743s] -- Installing: /home/niuoruo/workspace/sentry/ws/sentry_desicion/install/sentry_srvs/share/sentry_srvs/cmake/ament_cmake_export_dependencies-extras.cmake
[5.743s] -- Installing: /home/niuoruo/workspace/sentry/ws/sentry_desicion/install/sentry_srvs/share/sentry_srvs/cmake/ament_cmake_export_libraries-extras.cmake
[5.743s] -- Installing: /home/niuoruo/workspace/sentry/ws/sentry_desicion/install/sentry_srvs/share/sentry_srvs/cmake/ament_cmake_export_targets-extras.cmake
[5.743s] -- Installing: /home/niuoruo/workspace/sentry/ws/sentry_desicion/install/sentry_srvs/share/sentry_srvs/cmake/ament_cmake_export_include_directories-extras.cmake
[5.743s] -- Installing: /home/niuoruo/workspace/sentry/ws/sentry_desicion/install/sentry_srvs/share/sentry_srvs/cmake/rosidl_cmake_export_typesupport_libraries-extras.cmake
[5.743s] -- Installing: /home/niuoruo/workspace/sentry/ws/sentry_desicion/install/sentry_srvs/share/sentry_srvs/cmake/rosidl_cmake_export_typesupport_targets-extras.cmake
[5.743s] -- Installing: /home/niuoruo/workspace/sentry/ws/sentry_desicion/install/sentry_srvs/share/sentry_srvs/cmake/sentry_srvsConfig.cmake
[5.744s] -- Installing: /home/niuoruo/workspace/sentry/ws/sentry_desicion/install/sentry_srvs/share/sentry_srvs/cmake/sentry_srvsConfig-version.cmake
[5.744s] -- Installing: /home/niuoruo/workspace/sentry/ws/sentry_desicion/install/sentry_srvs/share/sentry_srvs/package.xml
[5.746s] Invoked command in '/home/niuoruo/workspace/sentry/ws/sentry_desicion/build/sentry_srvs' returned '0': CMAKE_PREFIX_PATH=/opt/ros/foxy /usr/bin/cmake --install /home/niuoruo/workspace/sentry/ws/sentry_desicion/build/sentry_srvs
