[  2%] Built target rmos_interfaces__cpp
[ 12%] Built target rmos_interfaces__rosidl_generator_c
[ 24%] Built target rmos_interfaces__rosidl_typesupport_c
[ 35%] Built target rmos_interfaces__rosidl_typesupport_introspection_c
[ 47%] Built target rmos_interfaces__rosidl_typesupport_cpp
[ 58%] Built target rmos_interfaces__rosidl_typesupport_introspection_cpp
[ 70%] Built target rmos_interfaces__rosidl_typesupport_fastrtps_cpp
[ 81%] Built target rmos_interfaces__rosidl_typesupport_fastrtps_c
[ 81%] Built target rmos_interfaces
[ 82%] Built target rmos_interfaces__py
[ 93%] Built target rmos_interfaces__python
[ 97%] Built target rmos_interfaces__rosidl_typesupport_fastrtps_c__pyext
[ 97%] Built target rmos_interfaces__rosidl_typesupport_introspection_c__pyext
[100%] Built target rmos_interfaces__rosidl_typesupport_c__pyext
-- Install configuration: ""
-- Up-to-date: /home/niuoruo/workspace/sentry/ws/desicion/install/rmos_interfaces/share/ament_index/resource_index/rosidl_interfaces/rmos_interfaces
-- Up-to-date: /home/niuoruo/workspace/sentry/ws/desicion/install/rmos_interfaces/include/rmos_interfaces
-- Up-to-date: /home/niuoruo/workspace/sentry/ws/desicion/install/rmos_interfaces/include/rmos_interfaces/msg
-- Up-to-date: /home/niuoruo/workspace/sentry/ws/desicion/install/rmos_interfaces/include/rmos_interfaces/msg/target.h
-- Up-to-date: /home/niuoruo/workspace/sentry/ws/desicion/install/rmos_interfaces/include/rmos_interfaces/msg/color.h
-- Up-to-date: /home/niuoruo/workspace/sentry/ws/desicion/install/rmos_interfaces/include/rmos_interfaces/msg/mode.h
-- Up-to-date: /home/niuoruo/workspace/sentry/ws/desicion/install/rmos_interfaces/include/rmos_interfaces/msg/armors.h
-- Up-to-date: /home/niuoruo/workspace/sentry/ws/desicion/install/rmos_interfaces/include/rmos_interfaces/msg/armor.h
-- Up-to-date: /home/niuoruo/workspace/sentry/ws/desicion/install/rmos_interfaces/include/rmos_interfaces/msg/quaternion_time.h
-- Up-to-date: /home/niuoruo/workspace/sentry/ws/desicion/install/rmos_interfaces/include/rmos_interfaces/msg/autoaim_state.h
-- Up-to-date: /home/niuoruo/workspace/sentry/ws/desicion/install/rmos_interfaces/include/rmos_interfaces/msg/bullet_speed.h
-- Up-to-date: /home/niuoruo/workspace/sentry/ws/desicion/install/rmos_interfaces/include/rmos_interfaces/msg/detail
-- Up-to-date: /home/niuoruo/workspace/sentry/ws/desicion/install/rmos_interfaces/include/rmos_interfaces/msg/detail/target__struct.h
-- Up-to-date: /home/niuoruo/workspace/sentry/ws/desicion/install/rmos_interfaces/include/rmos_interfaces/msg/detail/mode__functions.c
-- Up-to-date: /home/niuoruo/workspace/sentry/ws/desicion/install/rmos_interfaces/include/rmos_interfaces/msg/detail/armor__functions.c
-- Up-to-date: /home/niuoruo/workspace/sentry/ws/desicion/install/rmos_interfaces/include/rmos_interfaces/msg/detail/target__functions.h
-- Up-to-date: /home/niuoruo/workspace/sentry/ws/desicion/install/rmos_interfaces/include/rmos_interfaces/msg/detail/quaternion_time__functions.c
-- Up-to-date: /home/niuoruo/workspace/sentry/ws/desicion/install/rmos_interfaces/include/rmos_interfaces/msg/detail/armor__type_support.h
-- Up-to-date: /home/niuoruo/workspace/sentry/ws/desicion/install/rmos_interfaces/include/rmos_interfaces/msg/detail/mode__type_support.h
-- Up-to-date: /home/niuoruo/workspace/sentry/ws/desicion/install/rmos_interfaces/include/rmos_interfaces/msg/detail/armors__functions.c
-- Up-to-date: /home/niuoruo/workspace/sentry/ws/desicion/install/rmos_interfaces/include/rmos_interfaces/msg/detail/bullet_speed__struct.h
-- Up-to-date: /home/niuoruo/workspace/sentry/ws/desicion/install/rmos_interfaces/include/rmos_interfaces/msg/detail/color__struct.h
-- Up-to-date: /home/niuoruo/workspace/sentry/ws/desicion/install/rmos_interfaces/include/rmos_interfaces/msg/detail/bullet_speed__type_support.h
-- Up-to-date: /home/niuoruo/workspace/sentry/ws/desicion/install/rmos_interfaces/include/rmos_interfaces/msg/detail/bullet_speed__functions.h
-- Up-to-date: /home/niuoruo/workspace/sentry/ws/desicion/install/rmos_interfaces/include/rmos_interfaces/msg/detail/autoaim_state__functions.c
-- Up-to-date: /home/niuoruo/workspace/sentry/ws/desicion/install/rmos_interfaces/include/rmos_interfaces/msg/detail/armors__type_support.h
-- Up-to-date: /home/niuoruo/workspace/sentry/ws/desicion/install/rmos_interfaces/include/rmos_interfaces/msg/detail/autoaim_state__functions.h
-- Up-to-date: /home/niuoruo/workspace/sentry/ws/desicion/install/rmos_interfaces/include/rmos_interfaces/msg/detail/armor__struct.h
-- Up-to-date: /home/niuoruo/workspace/sentry/ws/desicion/install/rmos_interfaces/include/rmos_interfaces/msg/detail/color__functions.c
-- Up-to-date: /home/niuoruo/workspace/sentry/ws/desicion/install/rmos_interfaces/include/rmos_interfaces/msg/detail/quaternion_time__type_support.h
-- Up-to-date: /home/niuoruo/workspace/sentry/ws/desicion/install/rmos_interfaces/include/rmos_interfaces/msg/detail/armors__struct.h
-- Up-to-date: /home/niuoruo/workspace/sentry/ws/desicion/install/rmos_interfaces/include/rmos_interfaces/msg/detail/quaternion_time__struct.h
-- Up-to-date: /home/niuoruo/workspace/sentry/ws/desicion/install/rmos_interfaces/include/rmos_interfaces/msg/detail/mode__functions.h
-- Up-to-date: /home/niuoruo/workspace/sentry/ws/desicion/install/rmos_interfaces/include/rmos_interfaces/msg/detail/color__type_support.h
-- Up-to-date: /home/niuoruo/workspace/sentry/ws/desicion/install/rmos_interfaces/include/rmos_interfaces/msg/detail/mode__struct.h
-- Up-to-date: /home/niuoruo/workspace/sentry/ws/desicion/install/rmos_interfaces/include/rmos_interfaces/msg/detail/armor__functions.h
-- Up-to-date: /home/niuoruo/workspace/sentry/ws/desicion/install/rmos_interfaces/include/rmos_interfaces/msg/detail/target__functions.c
-- Up-to-date: /home/niuoruo/workspace/sentry/ws/desicion/install/rmos_interfaces/include/rmos_interfaces/msg/detail/autoaim_state__struct.h
-- Up-to-date: /home/niuoruo/workspace/sentry/ws/desicion/install/rmos_interfaces/include/rmos_interfaces/msg/detail/armors__functions.h
-- Up-to-date: /home/niuoruo/workspace/sentry/ws/desicion/install/rmos_interfaces/include/rmos_interfaces/msg/detail/quaternion_time__functions.h
-- Up-to-date: /home/niuoruo/workspace/sentry/ws/desicion/install/rmos_interfaces/include/rmos_interfaces/msg/detail/bullet_speed__functions.c
-- Up-to-date: /home/niuoruo/workspace/sentry/ws/desicion/install/rmos_interfaces/include/rmos_interfaces/msg/detail/target__type_support.h
-- Up-to-date: /home/niuoruo/workspace/sentry/ws/desicion/install/rmos_interfaces/include/rmos_interfaces/msg/detail/color__functions.h
-- Up-to-date: /home/niuoruo/workspace/sentry/ws/desicion/install/rmos_interfaces/include/rmos_interfaces/msg/detail/autoaim_state__type_support.h
-- Up-to-date: /home/niuoruo/workspace/sentry/ws/desicion/install/rmos_interfaces/include/rmos_interfaces/msg/rosidl_generator_c__visibility_control.h
-- Up-to-date: /home/niuoruo/workspace/sentry/ws/desicion/install/rmos_interfaces/share/rmos_interfaces/environment/library_path.sh
-- Up-to-date: /home/niuoruo/workspace/sentry/ws/desicion/install/rmos_interfaces/share/rmos_interfaces/environment/library_path.dsv
-- Up-to-date: /home/niuoruo/workspace/sentry/ws/desicion/install/rmos_interfaces/lib/librmos_interfaces__rosidl_generator_c.so
-- Up-to-date: /home/niuoruo/workspace/sentry/ws/desicion/install/rmos_interfaces/include/rmos_interfaces
-- Up-to-date: /home/niuoruo/workspace/sentry/ws/desicion/install/rmos_interfaces/include/rmos_interfaces/msg
-- Up-to-date: /home/niuoruo/workspace/sentry/ws/desicion/install/rmos_interfaces/include/rmos_interfaces/msg/detail
-- Up-to-date: /home/niuoruo/workspace/sentry/ws/desicion/install/rmos_interfaces/include/rmos_interfaces/msg/detail/target__rosidl_typesupport_fastrtps_c.h
-- Up-to-date: /home/niuoruo/workspace/sentry/ws/desicion/install/rmos_interfaces/include/rmos_interfaces/msg/detail/autoaim_state__rosidl_typesupport_fastrtps_c.h
-- Up-to-date: /home/niuoruo/workspace/sentry/ws/desicion/install/rmos_interfaces/include/rmos_interfaces/msg/detail/quaternion_time__rosidl_typesupport_fastrtps_c.h
-- Up-to-date: /home/niuoruo/workspace/sentry/ws/desicion/install/rmos_interfaces/include/rmos_interfaces/msg/detail/mode__rosidl_typesupport_fastrtps_c.h
-- Up-to-date: /home/niuoruo/workspace/sentry/ws/desicion/install/rmos_interfaces/include/rmos_interfaces/msg/detail/armor__rosidl_typesupport_fastrtps_c.h
-- Up-to-date: /home/niuoruo/workspace/sentry/ws/desicion/install/rmos_interfaces/include/rmos_interfaces/msg/detail/bullet_speed__rosidl_typesupport_fastrtps_c.h
-- Up-to-date: /home/niuoruo/workspace/sentry/ws/desicion/install/rmos_interfaces/include/rmos_interfaces/msg/detail/armors__rosidl_typesupport_fastrtps_c.h
-- Up-to-date: /home/niuoruo/workspace/sentry/ws/desicion/install/rmos_interfaces/include/rmos_interfaces/msg/detail/color__rosidl_typesupport_fastrtps_c.h
-- Up-to-date: /home/niuoruo/workspace/sentry/ws/desicion/install/rmos_interfaces/include/rmos_interfaces/msg/rosidl_typesupport_fastrtps_c__visibility_control.h
-- Up-to-date: /home/niuoruo/workspace/sentry/ws/desicion/install/rmos_interfaces/lib/librmos_interfaces__rosidl_typesupport_fastrtps_c.so
-- Up-to-date: /home/niuoruo/workspace/sentry/ws/desicion/install/rmos_interfaces/include/rmos_interfaces
-- Up-to-date: /home/niuoruo/workspace/sentry/ws/desicion/install/rmos_interfaces/include/rmos_interfaces/msg
-- Up-to-date: /home/niuoruo/workspace/sentry/ws/desicion/install/rmos_interfaces/include/rmos_interfaces/msg/rosidl_typesupport_fastrtps_cpp__visibility_control.h
-- Up-to-date: /home/niuoruo/workspace/sentry/ws/desicion/install/rmos_interfaces/include/rmos_interfaces/msg/detail
-- Up-to-date: /home/niuoruo/workspace/sentry/ws/desicion/install/rmos_interfaces/include/rmos_interfaces/msg/detail/armor__rosidl_typesupport_fastrtps_cpp.hpp
-- Up-to-date: /home/niuoruo/workspace/sentry/ws/desicion/install/rmos_interfaces/include/rmos_interfaces/msg/detail/autoaim_state__rosidl_typesupport_fastrtps_cpp.hpp
-- Up-to-date: /home/niuoruo/workspace/sentry/ws/desicion/install/rmos_interfaces/include/rmos_interfaces/msg/detail/mode__rosidl_typesupport_fastrtps_cpp.hpp
-- Up-to-date: /home/niuoruo/workspace/sentry/ws/desicion/install/rmos_interfaces/include/rmos_interfaces/msg/detail/color__rosidl_typesupport_fastrtps_cpp.hpp
-- Up-to-date: /home/niuoruo/workspace/sentry/ws/desicion/install/rmos_interfaces/include/rmos_interfaces/msg/detail/quaternion_time__rosidl_typesupport_fastrtps_cpp.hpp
-- Up-to-date: /home/niuoruo/workspace/sentry/ws/desicion/install/rmos_interfaces/include/rmos_interfaces/msg/detail/target__rosidl_typesupport_fastrtps_cpp.hpp
-- Up-to-date: /home/niuoruo/workspace/sentry/ws/desicion/install/rmos_interfaces/include/rmos_interfaces/msg/detail/dds_fastrtps
-- Up-to-date: /home/niuoruo/workspace/sentry/ws/desicion/install/rmos_interfaces/include/rmos_interfaces/msg/detail/armors__rosidl_typesupport_fastrtps_cpp.hpp
-- Up-to-date: /home/niuoruo/workspace/sentry/ws/desicion/install/rmos_interfaces/include/rmos_interfaces/msg/detail/bullet_speed__rosidl_typesupport_fastrtps_cpp.hpp
-- Up-to-date: /home/niuoruo/workspace/sentry/ws/desicion/install/rmos_interfaces/lib/librmos_interfaces__rosidl_typesupport_fastrtps_cpp.so
-- Up-to-date: /home/niuoruo/workspace/sentry/ws/desicion/install/rmos_interfaces/include/rmos_interfaces
-- Up-to-date: /home/niuoruo/workspace/sentry/ws/desicion/install/rmos_interfaces/include/rmos_interfaces/msg
-- Up-to-date: /home/niuoruo/workspace/sentry/ws/desicion/install/rmos_interfaces/include/rmos_interfaces/msg/rosidl_typesupport_introspection_c__visibility_control.h
-- Up-to-date: /home/niuoruo/workspace/sentry/ws/desicion/install/rmos_interfaces/include/rmos_interfaces/msg/detail
-- Up-to-date: /home/niuoruo/workspace/sentry/ws/desicion/install/rmos_interfaces/include/rmos_interfaces/msg/detail/quaternion_time__type_support.c
-- Up-to-date: /home/niuoruo/workspace/sentry/ws/desicion/install/rmos_interfaces/include/rmos_interfaces/msg/detail/bullet_speed__rosidl_typesupport_introspection_c.h
-- Up-to-date: /home/niuoruo/workspace/sentry/ws/desicion/install/rmos_interfaces/include/rmos_interfaces/msg/detail/armor__rosidl_typesupport_introspection_c.h
-- Up-to-date: /home/niuoruo/workspace/sentry/ws/desicion/install/rmos_interfaces/include/rmos_interfaces/msg/detail/target__rosidl_typesupport_introspection_c.h
-- Up-to-date: /home/niuoruo/workspace/sentry/ws/desicion/install/rmos_interfaces/include/rmos_interfaces/msg/detail/color__rosidl_typesupport_introspection_c.h
-- Up-to-date: /home/niuoruo/workspace/sentry/ws/desicion/install/rmos_interfaces/include/rmos_interfaces/msg/detail/quaternion_time__rosidl_typesupport_introspection_c.h
-- Up-to-date: /home/niuoruo/workspace/sentry/ws/desicion/install/rmos_interfaces/include/rmos_interfaces/msg/detail/armor__type_support.c
-- Up-to-date: /home/niuoruo/workspace/sentry/ws/desicion/install/rmos_interfaces/include/rmos_interfaces/msg/detail/autoaim_state__type_support.c
-- Up-to-date: /home/niuoruo/workspace/sentry/ws/desicion/install/rmos_interfaces/include/rmos_interfaces/msg/detail/armors__rosidl_typesupport_introspection_c.h
-- Up-to-date: /home/niuoruo/workspace/sentry/ws/desicion/install/rmos_interfaces/include/rmos_interfaces/msg/detail/autoaim_state__rosidl_typesupport_introspection_c.h
-- Up-to-date: /home/niuoruo/workspace/sentry/ws/desicion/install/rmos_interfaces/include/rmos_interfaces/msg/detail/mode__type_support.c
-- Up-to-date: /home/niuoruo/workspace/sentry/ws/desicion/install/rmos_interfaces/include/rmos_interfaces/msg/detail/color__type_support.c
-- Up-to-date: /home/niuoruo/workspace/sentry/ws/desicion/install/rmos_interfaces/include/rmos_interfaces/msg/detail/armors__type_support.c
-- Up-to-date: /home/niuoruo/workspace/sentry/ws/desicion/install/rmos_interfaces/include/rmos_interfaces/msg/detail/bullet_speed__type_support.c
-- Up-to-date: /home/niuoruo/workspace/sentry/ws/desicion/install/rmos_interfaces/include/rmos_interfaces/msg/detail/mode__rosidl_typesupport_introspection_c.h
-- Up-to-date: /home/niuoruo/workspace/sentry/ws/desicion/install/rmos_interfaces/include/rmos_interfaces/msg/detail/target__type_support.c
-- Up-to-date: /home/niuoruo/workspace/sentry/ws/desicion/install/rmos_interfaces/lib/librmos_interfaces__rosidl_typesupport_introspection_c.so
-- Up-to-date: /home/niuoruo/workspace/sentry/ws/desicion/install/rmos_interfaces/lib/librmos_interfaces__rosidl_typesupport_c.so
-- Up-to-date: /home/niuoruo/workspace/sentry/ws/desicion/install/rmos_interfaces/include/rmos_interfaces
-- Up-to-date: /home/niuoruo/workspace/sentry/ws/desicion/install/rmos_interfaces/include/rmos_interfaces/msg
-- Up-to-date: /home/niuoruo/workspace/sentry/ws/desicion/install/rmos_interfaces/include/rmos_interfaces/msg/bullet_speed.hpp
-- Up-to-date: /home/niuoruo/workspace/sentry/ws/desicion/install/rmos_interfaces/include/rmos_interfaces/msg/armors.hpp
-- Up-to-date: /home/niuoruo/workspace/sentry/ws/desicion/install/rmos_interfaces/include/rmos_interfaces/msg/color.hpp
-- Up-to-date: /home/niuoruo/workspace/sentry/ws/desicion/install/rmos_interfaces/include/rmos_interfaces/msg/armor.hpp
-- Up-to-date: /home/niuoruo/workspace/sentry/ws/desicion/install/rmos_interfaces/include/rmos_interfaces/msg/rosidl_generator_cpp__visibility_control.hpp
-- Up-to-date: /home/niuoruo/workspace/sentry/ws/desicion/install/rmos_interfaces/include/rmos_interfaces/msg/quaternion_time.hpp
-- Up-to-date: /home/niuoruo/workspace/sentry/ws/desicion/install/rmos_interfaces/include/rmos_interfaces/msg/autoaim_state.hpp
-- Up-to-date: /home/niuoruo/workspace/sentry/ws/desicion/install/rmos_interfaces/include/rmos_interfaces/msg/target.hpp
-- Up-to-date: /home/niuoruo/workspace/sentry/ws/desicion/install/rmos_interfaces/include/rmos_interfaces/msg/detail
-- Up-to-date: /home/niuoruo/workspace/sentry/ws/desicion/install/rmos_interfaces/include/rmos_interfaces/msg/detail/color__struct.hpp
-- Up-to-date: /home/niuoruo/workspace/sentry/ws/desicion/install/rmos_interfaces/include/rmos_interfaces/msg/detail/mode__traits.hpp
-- Up-to-date: /home/niuoruo/workspace/sentry/ws/desicion/install/rmos_interfaces/include/rmos_interfaces/msg/detail/bullet_speed__type_support.hpp
-- Up-to-date: /home/niuoruo/workspace/sentry/ws/desicion/install/rmos_interfaces/include/rmos_interfaces/msg/detail/armors__builder.hpp
-- Up-to-date: /home/niuoruo/workspace/sentry/ws/desicion/install/rmos_interfaces/include/rmos_interfaces/msg/detail/mode__type_support.hpp
-- Up-to-date: /home/niuoruo/workspace/sentry/ws/desicion/install/rmos_interfaces/include/rmos_interfaces/msg/detail/armor__type_support.hpp
-- Up-to-date: /home/niuoruo/workspace/sentry/ws/desicion/install/rmos_interfaces/include/rmos_interfaces/msg/detail/autoaim_state__type_support.hpp
-- Up-to-date: /home/niuoruo/workspace/sentry/ws/desicion/install/rmos_interfaces/include/rmos_interfaces/msg/detail/armors__type_support.hpp
-- Up-to-date: /home/niuoruo/workspace/sentry/ws/desicion/install/rmos_interfaces/include/rmos_interfaces/msg/detail/color__builder.hpp
-- Up-to-date: /home/niuoruo/workspace/sentry/ws/desicion/install/rmos_interfaces/include/rmos_interfaces/msg/detail/mode__builder.hpp
-- Up-to-date: /home/niuoruo/workspace/sentry/ws/desicion/install/rmos_interfaces/include/rmos_interfaces/msg/detail/autoaim_state__builder.hpp
-- Up-to-date: /home/niuoruo/workspace/sentry/ws/desicion/install/rmos_interfaces/include/rmos_interfaces/msg/detail/color__type_support.hpp
-- Up-to-date: /home/niuoruo/workspace/sentry/ws/desicion/install/rmos_interfaces/include/rmos_interfaces/msg/detail/bullet_speed__traits.hpp
-- Up-to-date: /home/niuoruo/workspace/sentry/ws/desicion/install/rmos_interfaces/include/rmos_interfaces/msg/detail/armors__struct.hpp
-- Up-to-date: /home/niuoruo/workspace/sentry/ws/desicion/install/rmos_interfaces/include/rmos_interfaces/msg/detail/color__traits.hpp
-- Up-to-date: /home/niuoruo/workspace/sentry/ws/desicion/install/rmos_interfaces/include/rmos_interfaces/msg/detail/target__struct.hpp
-- Up-to-date: /home/niuoruo/workspace/sentry/ws/desicion/install/rmos_interfaces/include/rmos_interfaces/msg/detail/autoaim_state__traits.hpp
-- Up-to-date: /home/niuoruo/workspace/sentry/ws/desicion/install/rmos_interfaces/include/rmos_interfaces/msg/detail/target__builder.hpp
-- Up-to-date: /home/niuoruo/workspace/sentry/ws/desicion/install/rmos_interfaces/include/rmos_interfaces/msg/detail/target__traits.hpp
-- Up-to-date: /home/niuoruo/workspace/sentry/ws/desicion/install/rmos_interfaces/include/rmos_interfaces/msg/detail/bullet_speed__struct.hpp
-- Up-to-date: /home/niuoruo/workspace/sentry/ws/desicion/install/rmos_interfaces/include/rmos_interfaces/msg/detail/autoaim_state__struct.hpp
-- Up-to-date: /home/niuoruo/workspace/sentry/ws/desicion/install/rmos_interfaces/include/rmos_interfaces/msg/detail/armor__traits.hpp
-- Up-to-date: /home/niuoruo/workspace/sentry/ws/desicion/install/rmos_interfaces/include/rmos_interfaces/msg/detail/armors__traits.hpp
-- Up-to-date: /home/niuoruo/workspace/sentry/ws/desicion/install/rmos_interfaces/include/rmos_interfaces/msg/detail/quaternion_time__struct.hpp
-- Up-to-date: /home/niuoruo/workspace/sentry/ws/desicion/install/rmos_interfaces/include/rmos_interfaces/msg/detail/armor__builder.hpp
-- Up-to-date: /home/niuoruo/workspace/sentry/ws/desicion/install/rmos_interfaces/include/rmos_interfaces/msg/detail/quaternion_time__builder.hpp
-- Up-to-date: /home/niuoruo/workspace/sentry/ws/desicion/install/rmos_interfaces/include/rmos_interfaces/msg/detail/quaternion_time__type_support.hpp
-- Up-to-date: /home/niuoruo/workspace/sentry/ws/desicion/install/rmos_interfaces/include/rmos_interfaces/msg/detail/quaternion_time__traits.hpp
-- Up-to-date: /home/niuoruo/workspace/sentry/ws/desicion/install/rmos_interfaces/include/rmos_interfaces/msg/detail/bullet_speed__builder.hpp
-- Up-to-date: /home/niuoruo/workspace/sentry/ws/desicion/install/rmos_interfaces/include/rmos_interfaces/msg/detail/mode__struct.hpp
-- Up-to-date: /home/niuoruo/workspace/sentry/ws/desicion/install/rmos_interfaces/include/rmos_interfaces/msg/detail/target__type_support.hpp
-- Up-to-date: /home/niuoruo/workspace/sentry/ws/desicion/install/rmos_interfaces/include/rmos_interfaces/msg/detail/armor__struct.hpp
-- Up-to-date: /home/niuoruo/workspace/sentry/ws/desicion/install/rmos_interfaces/include/rmos_interfaces/msg/mode.hpp
-- Up-to-date: /home/niuoruo/workspace/sentry/ws/desicion/install/rmos_interfaces/include/rmos_interfaces
-- Up-to-date: /home/niuoruo/workspace/sentry/ws/desicion/install/rmos_interfaces/include/rmos_interfaces/msg
-- Up-to-date: /home/niuoruo/workspace/sentry/ws/desicion/install/rmos_interfaces/include/rmos_interfaces/msg/detail
-- Up-to-date: /home/niuoruo/workspace/sentry/ws/desicion/install/rmos_interfaces/include/rmos_interfaces/msg/detail/quaternion_time__type_support.cpp
-- Up-to-date: /home/niuoruo/workspace/sentry/ws/desicion/install/rmos_interfaces/include/rmos_interfaces/msg/detail/armor__rosidl_typesupport_introspection_cpp.hpp
-- Up-to-date: /home/niuoruo/workspace/sentry/ws/desicion/install/rmos_interfaces/include/rmos_interfaces/msg/detail/armors__type_support.cpp
-- Up-to-date: /home/niuoruo/workspace/sentry/ws/desicion/install/rmos_interfaces/include/rmos_interfaces/msg/detail/armor__type_support.cpp
-- Up-to-date: /home/niuoruo/workspace/sentry/ws/desicion/install/rmos_interfaces/include/rmos_interfaces/msg/detail/bullet_speed__type_support.cpp
-- Up-to-date: /home/niuoruo/workspace/sentry/ws/desicion/install/rmos_interfaces/include/rmos_interfaces/msg/detail/armors__rosidl_typesupport_introspection_cpp.hpp
-- Up-to-date: /home/niuoruo/workspace/sentry/ws/desicion/install/rmos_interfaces/include/rmos_interfaces/msg/detail/mode__type_support.cpp
-- Up-to-date: /home/niuoruo/workspace/sentry/ws/desicion/install/rmos_interfaces/include/rmos_interfaces/msg/detail/quaternion_time__rosidl_typesupport_introspection_cpp.hpp
-- Up-to-date: /home/niuoruo/workspace/sentry/ws/desicion/install/rmos_interfaces/include/rmos_interfaces/msg/detail/color__type_support.cpp
-- Up-to-date: /home/niuoruo/workspace/sentry/ws/desicion/install/rmos_interfaces/include/rmos_interfaces/msg/detail/target__type_support.cpp
-- Up-to-date: /home/niuoruo/workspace/sentry/ws/desicion/install/rmos_interfaces/include/rmos_interfaces/msg/detail/autoaim_state__type_support.cpp
-- Up-to-date: /home/niuoruo/workspace/sentry/ws/desicion/install/rmos_interfaces/include/rmos_interfaces/msg/detail/mode__rosidl_typesupport_introspection_cpp.hpp
-- Up-to-date: /home/niuoruo/workspace/sentry/ws/desicion/install/rmos_interfaces/include/rmos_interfaces/msg/detail/autoaim_state__rosidl_typesupport_introspection_cpp.hpp
-- Up-to-date: /home/niuoruo/workspace/sentry/ws/desicion/install/rmos_interfaces/include/rmos_interfaces/msg/detail/bullet_speed__rosidl_typesupport_introspection_cpp.hpp
-- Up-to-date: /home/niuoruo/workspace/sentry/ws/desicion/install/rmos_interfaces/include/rmos_interfaces/msg/detail/color__rosidl_typesupport_introspection_cpp.hpp
-- Up-to-date: /home/niuoruo/workspace/sentry/ws/desicion/install/rmos_interfaces/include/rmos_interfaces/msg/detail/target__rosidl_typesupport_introspection_cpp.hpp
-- Up-to-date: /home/niuoruo/workspace/sentry/ws/desicion/install/rmos_interfaces/lib/librmos_interfaces__rosidl_typesupport_introspection_cpp.so
-- Up-to-date: /home/niuoruo/workspace/sentry/ws/desicion/install/rmos_interfaces/lib/librmos_interfaces__rosidl_typesupport_cpp.so
-- Up-to-date: /home/niuoruo/workspace/sentry/ws/desicion/install/rmos_interfaces/share/rmos_interfaces/environment/pythonpath.sh
-- Up-to-date: /home/niuoruo/workspace/sentry/ws/desicion/install/rmos_interfaces/share/rmos_interfaces/environment/pythonpath.dsv
-- Up-to-date: /home/niuoruo/workspace/sentry/ws/desicion/install/rmos_interfaces/lib/python3.8/site-packages/rmos_interfaces/__init__.py
-- Up-to-date: /home/niuoruo/workspace/sentry/ws/desicion/install/rmos_interfaces/lib/python3.8/site-packages/rmos_interfaces/msg
-- Up-to-date: /home/niuoruo/workspace/sentry/ws/desicion/install/rmos_interfaces/lib/python3.8/site-packages/rmos_interfaces/msg/_bullet_speed_s.c
-- Up-to-date: /home/niuoruo/workspace/sentry/ws/desicion/install/rmos_interfaces/lib/python3.8/site-packages/rmos_interfaces/msg/_autoaim_state_s.c
-- Up-to-date: /home/niuoruo/workspace/sentry/ws/desicion/install/rmos_interfaces/lib/python3.8/site-packages/rmos_interfaces/msg/_bullet_speed.py
-- Up-to-date: /home/niuoruo/workspace/sentry/ws/desicion/install/rmos_interfaces/lib/python3.8/site-packages/rmos_interfaces/msg/__init__.py
-- Up-to-date: /home/niuoruo/workspace/sentry/ws/desicion/install/rmos_interfaces/lib/python3.8/site-packages/rmos_interfaces/msg/_target_s.c
-- Up-to-date: /home/niuoruo/workspace/sentry/ws/desicion/install/rmos_interfaces/lib/python3.8/site-packages/rmos_interfaces/msg/_mode_s.c
-- Up-to-date: /home/niuoruo/workspace/sentry/ws/desicion/install/rmos_interfaces/lib/python3.8/site-packages/rmos_interfaces/msg/_armors.py
-- Up-to-date: /home/niuoruo/workspace/sentry/ws/desicion/install/rmos_interfaces/lib/python3.8/site-packages/rmos_interfaces/msg/_color.py
-- Up-to-date: /home/niuoruo/workspace/sentry/ws/desicion/install/rmos_interfaces/lib/python3.8/site-packages/rmos_interfaces/msg/_armor.py
-- Up-to-date: /home/niuoruo/workspace/sentry/ws/desicion/install/rmos_interfaces/lib/python3.8/site-packages/rmos_interfaces/msg/_quaternion_time_s.c
-- Up-to-date: /home/niuoruo/workspace/sentry/ws/desicion/install/rmos_interfaces/lib/python3.8/site-packages/rmos_interfaces/msg/_armors_s.c
-- Up-to-date: /home/niuoruo/workspace/sentry/ws/desicion/install/rmos_interfaces/lib/python3.8/site-packages/rmos_interfaces/msg/_mode.py
-- Up-to-date: /home/niuoruo/workspace/sentry/ws/desicion/install/rmos_interfaces/lib/python3.8/site-packages/rmos_interfaces/msg/_target.py
-- Up-to-date: /home/niuoruo/workspace/sentry/ws/desicion/install/rmos_interfaces/lib/python3.8/site-packages/rmos_interfaces/msg/_quaternion_time.py
-- Up-to-date: /home/niuoruo/workspace/sentry/ws/desicion/install/rmos_interfaces/lib/python3.8/site-packages/rmos_interfaces/msg/_armor_s.c
-- Up-to-date: /home/niuoruo/workspace/sentry/ws/desicion/install/rmos_interfaces/lib/python3.8/site-packages/rmos_interfaces/msg/_autoaim_state.py
-- Up-to-date: /home/niuoruo/workspace/sentry/ws/desicion/install/rmos_interfaces/lib/python3.8/site-packages/rmos_interfaces/msg/_color_s.c
-- Up-to-date: /home/niuoruo/workspace/sentry/ws/desicion/install/rmos_interfaces/lib/python3.8/site-packages/rmos_interfaces/rmos_interfaces_s__rosidl_typesupport_fastrtps_c.cpython-38-x86_64-linux-gnu.so
-- Up-to-date: /home/niuoruo/workspace/sentry/ws/desicion/install/rmos_interfaces/lib/python3.8/site-packages/rmos_interfaces/rmos_interfaces_s__rosidl_typesupport_introspection_c.cpython-38-x86_64-linux-gnu.so
-- Up-to-date: /home/niuoruo/workspace/sentry/ws/desicion/install/rmos_interfaces/lib/python3.8/site-packages/rmos_interfaces/rmos_interfaces_s__rosidl_typesupport_c.cpython-38-x86_64-linux-gnu.so
-- Up-to-date: /home/niuoruo/workspace/sentry/ws/desicion/install/rmos_interfaces/lib/librmos_interfaces__python.so
-- Up-to-date: /home/niuoruo/workspace/sentry/ws/desicion/install/rmos_interfaces/share/rmos_interfaces/msg/Armor.idl
-- Up-to-date: /home/niuoruo/workspace/sentry/ws/desicion/install/rmos_interfaces/share/rmos_interfaces/msg/Armors.idl
-- Up-to-date: /home/niuoruo/workspace/sentry/ws/desicion/install/rmos_interfaces/share/rmos_interfaces/msg/QuaternionTime.idl
-- Up-to-date: /home/niuoruo/workspace/sentry/ws/desicion/install/rmos_interfaces/share/rmos_interfaces/msg/Color.idl
-- Up-to-date: /home/niuoruo/workspace/sentry/ws/desicion/install/rmos_interfaces/share/rmos_interfaces/msg/BulletSpeed.idl
-- Up-to-date: /home/niuoruo/workspace/sentry/ws/desicion/install/rmos_interfaces/share/rmos_interfaces/msg/Mode.idl
-- Up-to-date: /home/niuoruo/workspace/sentry/ws/desicion/install/rmos_interfaces/share/rmos_interfaces/msg/AutoaimState.idl
-- Up-to-date: /home/niuoruo/workspace/sentry/ws/desicion/install/rmos_interfaces/share/rmos_interfaces/msg/Target.idl
-- Up-to-date: /home/niuoruo/workspace/sentry/ws/desicion/install/rmos_interfaces/share/rmos_interfaces/msg/Armor.msg
-- Up-to-date: /home/niuoruo/workspace/sentry/ws/desicion/install/rmos_interfaces/share/rmos_interfaces/msg/Armors.msg
-- Up-to-date: /home/niuoruo/workspace/sentry/ws/desicion/install/rmos_interfaces/share/rmos_interfaces/msg/QuaternionTime.msg
-- Up-to-date: /home/niuoruo/workspace/sentry/ws/desicion/install/rmos_interfaces/share/rmos_interfaces/msg/Color.msg
-- Up-to-date: /home/niuoruo/workspace/sentry/ws/desicion/install/rmos_interfaces/share/rmos_interfaces/msg/BulletSpeed.msg
-- Up-to-date: /home/niuoruo/workspace/sentry/ws/desicion/install/rmos_interfaces/share/rmos_interfaces/msg/Mode.msg
-- Up-to-date: /home/niuoruo/workspace/sentry/ws/desicion/install/rmos_interfaces/share/rmos_interfaces/msg/AutoaimState.msg
-- Up-to-date: /home/niuoruo/workspace/sentry/ws/desicion/install/rmos_interfaces/share/rmos_interfaces/msg/Target.msg
-- Up-to-date: /home/niuoruo/workspace/sentry/ws/desicion/install/rmos_interfaces/share/ament_index/resource_index/package_run_dependencies/rmos_interfaces
-- Up-to-date: /home/niuoruo/workspace/sentry/ws/desicion/install/rmos_interfaces/share/ament_index/resource_index/parent_prefix_path/rmos_interfaces
-- Up-to-date: /home/niuoruo/workspace/sentry/ws/desicion/install/rmos_interfaces/share/rmos_interfaces/environment/ament_prefix_path.sh
-- Up-to-date: /home/niuoruo/workspace/sentry/ws/desicion/install/rmos_interfaces/share/rmos_interfaces/environment/ament_prefix_path.dsv
-- Up-to-date: /home/niuoruo/workspace/sentry/ws/desicion/install/rmos_interfaces/share/rmos_interfaces/environment/path.sh
-- Up-to-date: /home/niuoruo/workspace/sentry/ws/desicion/install/rmos_interfaces/share/rmos_interfaces/environment/path.dsv
-- Up-to-date: /home/niuoruo/workspace/sentry/ws/desicion/install/rmos_interfaces/share/rmos_interfaces/local_setup.bash
-- Up-to-date: /home/niuoruo/workspace/sentry/ws/desicion/install/rmos_interfaces/share/rmos_interfaces/local_setup.sh
-- Up-to-date: /home/niuoruo/workspace/sentry/ws/desicion/install/rmos_interfaces/share/rmos_interfaces/local_setup.zsh
-- Up-to-date: /home/niuoruo/workspace/sentry/ws/desicion/install/rmos_interfaces/share/rmos_interfaces/local_setup.dsv
-- Installing: /home/niuoruo/workspace/sentry/ws/desicion/install/rmos_interfaces/share/rmos_interfaces/package.dsv
-- Up-to-date: /home/niuoruo/workspace/sentry/ws/desicion/install/rmos_interfaces/share/ament_index/resource_index/packages/rmos_interfaces
-- Up-to-date: /home/niuoruo/workspace/sentry/ws/desicion/install/rmos_interfaces/share/rmos_interfaces/cmake/rmos_interfaces__rosidl_generator_cExport.cmake
-- Up-to-date: /home/niuoruo/workspace/sentry/ws/desicion/install/rmos_interfaces/share/rmos_interfaces/cmake/rmos_interfaces__rosidl_generator_cExport-noconfig.cmake
-- Up-to-date: /home/niuoruo/workspace/sentry/ws/desicion/install/rmos_interfaces/share/rmos_interfaces/cmake/rmos_interfaces__rosidl_typesupport_introspection_cExport.cmake
-- Up-to-date: /home/niuoruo/workspace/sentry/ws/desicion/install/rmos_interfaces/share/rmos_interfaces/cmake/rmos_interfaces__rosidl_typesupport_introspection_cExport-noconfig.cmake
-- Up-to-date: /home/niuoruo/workspace/sentry/ws/desicion/install/rmos_interfaces/share/rmos_interfaces/cmake/rmos_interfaces__rosidl_typesupport_cExport.cmake
-- Up-to-date: /home/niuoruo/workspace/sentry/ws/desicion/install/rmos_interfaces/share/rmos_interfaces/cmake/rmos_interfaces__rosidl_typesupport_cExport-noconfig.cmake
-- Up-to-date: /home/niuoruo/workspace/sentry/ws/desicion/install/rmos_interfaces/share/rmos_interfaces/cmake/rmos_interfaces__rosidl_generator_cppExport.cmake
-- Up-to-date: /home/niuoruo/workspace/sentry/ws/desicion/install/rmos_interfaces/share/rmos_interfaces/cmake/rmos_interfaces__rosidl_typesupport_introspection_cppExport.cmake
-- Up-to-date: /home/niuoruo/workspace/sentry/ws/desicion/install/rmos_interfaces/share/rmos_interfaces/cmake/rmos_interfaces__rosidl_typesupport_introspection_cppExport-noconfig.cmake
-- Up-to-date: /home/niuoruo/workspace/sentry/ws/desicion/install/rmos_interfaces/share/rmos_interfaces/cmake/rmos_interfaces__rosidl_typesupport_cppExport.cmake
-- Up-to-date: /home/niuoruo/workspace/sentry/ws/desicion/install/rmos_interfaces/share/rmos_interfaces/cmake/rmos_interfaces__rosidl_typesupport_cppExport-noconfig.cmake
-- Up-to-date: /home/niuoruo/workspace/sentry/ws/desicion/install/rmos_interfaces/share/rmos_interfaces/cmake/rosidl_cmake-extras.cmake
-- Up-to-date: /home/niuoruo/workspace/sentry/ws/desicion/install/rmos_interfaces/share/rmos_interfaces/cmake/ament_cmake_export_dependencies-extras.cmake
-- Up-to-date: /home/niuoruo/workspace/sentry/ws/desicion/install/rmos_interfaces/share/rmos_interfaces/cmake/ament_cmake_export_libraries-extras.cmake
-- Up-to-date: /home/niuoruo/workspace/sentry/ws/desicion/install/rmos_interfaces/share/rmos_interfaces/cmake/ament_cmake_export_targets-extras.cmake
-- Up-to-date: /home/niuoruo/workspace/sentry/ws/desicion/install/rmos_interfaces/share/rmos_interfaces/cmake/ament_cmake_export_include_directories-extras.cmake
-- Up-to-date: /home/niuoruo/workspace/sentry/ws/desicion/install/rmos_interfaces/share/rmos_interfaces/cmake/rosidl_cmake_export_typesupport_libraries-extras.cmake
-- Up-to-date: /home/niuoruo/workspace/sentry/ws/desicion/install/rmos_interfaces/share/rmos_interfaces/cmake/rosidl_cmake_export_typesupport_targets-extras.cmake
-- Up-to-date: /home/niuoruo/workspace/sentry/ws/desicion/install/rmos_interfaces/share/rmos_interfaces/cmake/rmos_interfacesConfig.cmake
-- Up-to-date: /home/niuoruo/workspace/sentry/ws/desicion/install/rmos_interfaces/share/rmos_interfaces/cmake/rmos_interfacesConfig-version.cmake
-- Up-to-date: /home/niuoruo/workspace/sentry/ws/desicion/install/rmos_interfaces/share/rmos_interfaces/package.xml
